INFO - 2026-03-30 07:25:07 --> Session: Class initialized using 'CodeIgniter\Session\Handlers\DatabaseHandler' driver.
INFO - 2026-03-30 07:25:17 --> Session: Class initialized using 'CodeIgniter\Session\Handlers\DatabaseHandler' driver.
INFO - 2026-03-30 07:25:18 --> Session: Class initialized using 'CodeIgniter\Session\Handlers\DatabaseHandler' driver.
INFO - 2026-03-30 07:25:21 --> Session: Class initialized using 'CodeIgniter\Session\Handlers\DatabaseHandler' driver.
INFO - 2026-03-30 07:25:26 --> Session: Class initialized using 'CodeIgniter\Session\Handlers\DatabaseHandler' driver.
CRITICAL - 2026-03-30 07:25:26 --> ErrorException: Undefined variable $db
in APPPATH\Controllers\Ventes\Ventes.php on line 16.
 1 APPPATH\Controllers\Ventes\Ventes.php(16): CodeIgniter\Debug\Exceptions->errorHandler(2, 'Undefined variable $db', 'C:\\xampp\\htdocs\\sa_maria\\app\\Controllers\\Ventes\\Ventes.php', 16)
 2 SYSTEMPATH\CodeIgniter.php(941): App\Controllers\Ventes\Ventes->get_view()
 3 SYSTEMPATH\CodeIgniter.php(502): CodeIgniter\CodeIgniter->runController(Object(App\Controllers\Ventes\Ventes))
 4 SYSTEMPATH\CodeIgniter.php(361): CodeIgniter\CodeIgniter->handleRequest(null, Object(Config\Cache), false)
 5 FCPATH\index.php(79): CodeIgniter\CodeIgniter->run()
 6 SYSTEMPATH\Commands\Server\rewrite.php(47): require_once('C:\\xampp\\htdocs\\sa_maria\\public\\index.php')
INFO - 2026-03-30 07:25:57 --> Session: Class initialized using 'CodeIgniter\Session\Handlers\DatabaseHandler' driver.
INFO - 2026-03-30 07:25:59 --> Session: Class initialized using 'CodeIgniter\Session\Handlers\DatabaseHandler' driver.
INFO - 2026-03-30 07:41:46 --> Session: Class initialized using 'CodeIgniter\Session\Handlers\DatabaseHandler' driver.
CRITICAL - 2026-03-30 07:41:46 --> ErrorException: Undefined variable $db
in APPPATH\Controllers\Ventes\Ventes.php on line 16.
 1 APPPATH\Controllers\Ventes\Ventes.php(16): CodeIgniter\Debug\Exceptions->errorHandler(2, 'Undefined variable $db', 'C:\\xampp\\htdocs\\sa_maria\\app\\Controllers\\Ventes\\Ventes.php', 16)
 2 SYSTEMPATH\CodeIgniter.php(941): App\Controllers\Ventes\Ventes->get_view()
 3 SYSTEMPATH\CodeIgniter.php(502): CodeIgniter\CodeIgniter->runController(Object(App\Controllers\Ventes\Ventes))
 4 SYSTEMPATH\CodeIgniter.php(361): CodeIgniter\CodeIgniter->handleRequest(null, Object(Config\Cache), false)
 5 FCPATH\index.php(79): CodeIgniter\CodeIgniter->run()
 6 SYSTEMPATH\Commands\Server\rewrite.php(47): require_once('C:\\xampp\\htdocs\\sa_maria\\public\\index.php')
INFO - 2026-03-30 07:41:48 --> Session: Class initialized using 'CodeIgniter\Session\Handlers\DatabaseHandler' driver.
INFO - 2026-03-30 07:41:50 --> Session: Class initialized using 'CodeIgniter\Session\Handlers\DatabaseHandler' driver.
INFO - 2026-03-30 07:48:43 --> Session: Class initialized using 'CodeIgniter\Session\Handlers\DatabaseHandler' driver.
ERROR - 2026-03-30 07:48:43 --> mysqli_sql_exception: Unknown column 'p.EST_ACTIVE' in 'where clause' in C:\xampp\htdocs\sa_maria\system\Database\MySQLi\Connection.php:306
Stack trace:
#0 C:\xampp\htdocs\sa_maria\system\Database\MySQLi\Connection.php(306): mysqli->query('SELECT SUM(l.QT...', 0)
#1 C:\xampp\htdocs\sa_maria\system\Database\BaseConnection.php(693): CodeIgniter\Database\MySQLi\Connection->execute('SELECT SUM(l.QT...')
#2 C:\xampp\htdocs\sa_maria\system\Database\BaseConnection.php(607): CodeIgniter\Database\BaseConnection->simpleQuery('SELECT SUM(l.QT...')
#3 C:\xampp\htdocs\sa_maria\app\Controllers\Ventes\Ventes.php(20): CodeIgniter\Database\BaseConnection->query('SELECT SUM(l.QT...')
#4 C:\xampp\htdocs\sa_maria\system\CodeIgniter.php(941): App\Controllers\Ventes\Ventes->get_view()
#5 C:\xampp\htdocs\sa_maria\system\CodeIgniter.php(502): CodeIgniter\CodeIgniter->runController(Object(App\Controllers\Ventes\Ventes))
#6 C:\xampp\htdocs\sa_maria\system\CodeIgniter.php(361): CodeIgniter\CodeIgniter->handleRequest(NULL, Object(Config\Cache), false)
#7 C:\xampp\htdocs\sa_maria\public\index.php(79): CodeIgniter\CodeIgniter->run()
#8 C:\xampp\htdocs\sa_maria\system\Commands\Server\rewrite.php(47): require_once('C:\\xampp\\htdocs...')
#9 {main}
CRITICAL - 2026-03-30 07:48:43 --> CodeIgniter\Database\Exceptions\DatabaseException: Unknown column 'p.EST_ACTIVE' in 'where clause'
in SYSTEMPATH\Database\BaseConnection.php on line 647.
 1 APPPATH\Controllers\Ventes\Ventes.php(20): CodeIgniter\Database\BaseConnection->query('SELECT SUM(l.QTE_RESTANT),l.PU_VENTE FROM produits_lot l WHERE p.EST_ACTIVE=1 AND l.ID_PRODUIT=1')
 2 SYSTEMPATH\CodeIgniter.php(941): App\Controllers\Ventes\Ventes->get_view()
 3 SYSTEMPATH\CodeIgniter.php(502): CodeIgniter\CodeIgniter->runController(Object(App\Controllers\Ventes\Ventes))
 4 SYSTEMPATH\CodeIgniter.php(361): CodeIgniter\CodeIgniter->handleRequest(null, Object(Config\Cache), false)
 5 FCPATH\index.php(79): CodeIgniter\CodeIgniter->run()
 6 SYSTEMPATH\Commands\Server\rewrite.php(47): require_once('C:\\xampp\\htdocs\\sa_maria\\public\\index.php')
CRITICAL - 2026-03-30 07:48:43 --> [Caused by] CodeIgniter\Database\Exceptions\DatabaseException: Unknown column 'p.EST_ACTIVE' in 'where clause'
in SYSTEMPATH\Database\MySQLi\Connection.php on line 311.
 1 SYSTEMPATH\Database\BaseConnection.php(693): CodeIgniter\Database\MySQLi\Connection->execute('SELECT SUM(l.QTE_RESTANT),l.PU_VENTE FROM produits_lot l WHERE p.EST_ACTIVE=1 AND l.ID_PRODUIT=1')
 2 SYSTEMPATH\Database\BaseConnection.php(607): CodeIgniter\Database\BaseConnection->simpleQuery('SELECT SUM(l.QTE_RESTANT),l.PU_VENTE FROM produits_lot l WHERE p.EST_ACTIVE=1 AND l.ID_PRODUIT=1')
 3 APPPATH\Controllers\Ventes\Ventes.php(20): CodeIgniter\Database\BaseConnection->query('SELECT SUM(l.QTE_RESTANT),l.PU_VENTE FROM produits_lot l WHERE p.EST_ACTIVE=1 AND l.ID_PRODUIT=1')
 4 SYSTEMPATH\CodeIgniter.php(941): App\Controllers\Ventes\Ventes->get_view()
 5 SYSTEMPATH\CodeIgniter.php(502): CodeIgniter\CodeIgniter->runController(Object(App\Controllers\Ventes\Ventes))
 6 SYSTEMPATH\CodeIgniter.php(361): CodeIgniter\CodeIgniter->handleRequest(null, Object(Config\Cache), false)
 7 FCPATH\index.php(79): CodeIgniter\CodeIgniter->run()
 8 SYSTEMPATH\Commands\Server\rewrite.php(47): require_once('C:\\xampp\\htdocs\\sa_maria\\public\\index.php')
CRITICAL - 2026-03-30 07:48:43 --> [Caused by] mysqli_sql_exception: Unknown column 'p.EST_ACTIVE' in 'where clause'
in SYSTEMPATH\Database\MySQLi\Connection.php on line 306.
 1 SYSTEMPATH\Database\MySQLi\Connection.php(306): mysqli->query('SELECT SUM(l.QTE_RESTANT),l.PU_VENTE FROM produits_lot l WHERE p.EST_ACTIVE=1 AND l.ID_PRODUIT=1', 0)
 2 SYSTEMPATH\Database\BaseConnection.php(693): CodeIgniter\Database\MySQLi\Connection->execute('SELECT SUM(l.QTE_RESTANT),l.PU_VENTE FROM produits_lot l WHERE p.EST_ACTIVE=1 AND l.ID_PRODUIT=1')
 3 SYSTEMPATH\Database\BaseConnection.php(607): CodeIgniter\Database\BaseConnection->simpleQuery('SELECT SUM(l.QTE_RESTANT),l.PU_VENTE FROM produits_lot l WHERE p.EST_ACTIVE=1 AND l.ID_PRODUIT=1')
 4 APPPATH\Controllers\Ventes\Ventes.php(20): CodeIgniter\Database\BaseConnection->query('SELECT SUM(l.QTE_RESTANT),l.PU_VENTE FROM produits_lot l WHERE p.EST_ACTIVE=1 AND l.ID_PRODUIT=1')
 5 SYSTEMPATH\CodeIgniter.php(941): App\Controllers\Ventes\Ventes->get_view()
 6 SYSTEMPATH\CodeIgniter.php(502): CodeIgniter\CodeIgniter->runController(Object(App\Controllers\Ventes\Ventes))
 7 SYSTEMPATH\CodeIgniter.php(361): CodeIgniter\CodeIgniter->handleRequest(null, Object(Config\Cache), false)
 8 FCPATH\index.php(79): CodeIgniter\CodeIgniter->run()
 9 SYSTEMPATH\Commands\Server\rewrite.php(47): require_once('C:\\xampp\\htdocs\\sa_maria\\public\\index.php')
INFO - 2026-03-30 07:48:46 --> Session: Class initialized using 'CodeIgniter\Session\Handlers\DatabaseHandler' driver.
ERROR - 2026-03-30 07:48:46 --> mysqli_sql_exception: Unknown column 'p.EST_ACTIVE' in 'where clause' in C:\xampp\htdocs\sa_maria\system\Database\MySQLi\Connection.php:306
Stack trace:
#0 C:\xampp\htdocs\sa_maria\system\Database\MySQLi\Connection.php(306): mysqli->query('SELECT SUM(l.QT...', 0)
#1 C:\xampp\htdocs\sa_maria\system\Database\BaseConnection.php(693): CodeIgniter\Database\MySQLi\Connection->execute('SELECT SUM(l.QT...')
#2 C:\xampp\htdocs\sa_maria\system\Database\BaseConnection.php(607): CodeIgniter\Database\BaseConnection->simpleQuery('SELECT SUM(l.QT...')
#3 C:\xampp\htdocs\sa_maria\app\Controllers\Ventes\Ventes.php(20): CodeIgniter\Database\BaseConnection->query('SELECT SUM(l.QT...')
#4 C:\xampp\htdocs\sa_maria\system\CodeIgniter.php(941): App\Controllers\Ventes\Ventes->get_view()
#5 C:\xampp\htdocs\sa_maria\system\CodeIgniter.php(502): CodeIgniter\CodeIgniter->runController(Object(App\Controllers\Ventes\Ventes))
#6 C:\xampp\htdocs\sa_maria\system\CodeIgniter.php(361): CodeIgniter\CodeIgniter->handleRequest(NULL, Object(Config\Cache), false)
#7 C:\xampp\htdocs\sa_maria\public\index.php(79): CodeIgniter\CodeIgniter->run()
#8 C:\xampp\htdocs\sa_maria\system\Commands\Server\rewrite.php(47): require_once('C:\\xampp\\htdocs...')
#9 {main}
CRITICAL - 2026-03-30 07:48:46 --> CodeIgniter\Database\Exceptions\DatabaseException: Unknown column 'p.EST_ACTIVE' in 'where clause'
in SYSTEMPATH\Database\BaseConnection.php on line 647.
 1 APPPATH\Controllers\Ventes\Ventes.php(20): CodeIgniter\Database\BaseConnection->query('SELECT SUM(l.QTE_RESTANT),l.PU_VENTE FROM produits_lot l WHERE p.EST_ACTIVE=1 AND l.ID_PRODUIT=1')
 2 SYSTEMPATH\CodeIgniter.php(941): App\Controllers\Ventes\Ventes->get_view()
 3 SYSTEMPATH\CodeIgniter.php(502): CodeIgniter\CodeIgniter->runController(Object(App\Controllers\Ventes\Ventes))
 4 SYSTEMPATH\CodeIgniter.php(361): CodeIgniter\CodeIgniter->handleRequest(null, Object(Config\Cache), false)
 5 FCPATH\index.php(79): CodeIgniter\CodeIgniter->run()
 6 SYSTEMPATH\Commands\Server\rewrite.php(47): require_once('C:\\xampp\\htdocs\\sa_maria\\public\\index.php')
CRITICAL - 2026-03-30 07:48:46 --> [Caused by] CodeIgniter\Database\Exceptions\DatabaseException: Unknown column 'p.EST_ACTIVE' in 'where clause'
in SYSTEMPATH\Database\MySQLi\Connection.php on line 311.
 1 SYSTEMPATH\Database\BaseConnection.php(693): CodeIgniter\Database\MySQLi\Connection->execute('SELECT SUM(l.QTE_RESTANT),l.PU_VENTE FROM produits_lot l WHERE p.EST_ACTIVE=1 AND l.ID_PRODUIT=1')
 2 SYSTEMPATH\Database\BaseConnection.php(607): CodeIgniter\Database\BaseConnection->simpleQuery('SELECT SUM(l.QTE_RESTANT),l.PU_VENTE FROM produits_lot l WHERE p.EST_ACTIVE=1 AND l.ID_PRODUIT=1')
 3 APPPATH\Controllers\Ventes\Ventes.php(20): CodeIgniter\Database\BaseConnection->query('SELECT SUM(l.QTE_RESTANT),l.PU_VENTE FROM produits_lot l WHERE p.EST_ACTIVE=1 AND l.ID_PRODUIT=1')
 4 SYSTEMPATH\CodeIgniter.php(941): App\Controllers\Ventes\Ventes->get_view()
 5 SYSTEMPATH\CodeIgniter.php(502): CodeIgniter\CodeIgniter->runController(Object(App\Controllers\Ventes\Ventes))
 6 SYSTEMPATH\CodeIgniter.php(361): CodeIgniter\CodeIgniter->handleRequest(null, Object(Config\Cache), false)
 7 FCPATH\index.php(79): CodeIgniter\CodeIgniter->run()
 8 SYSTEMPATH\Commands\Server\rewrite.php(47): require_once('C:\\xampp\\htdocs\\sa_maria\\public\\index.php')
CRITICAL - 2026-03-30 07:48:46 --> [Caused by] mysqli_sql_exception: Unknown column 'p.EST_ACTIVE' in 'where clause'
in SYSTEMPATH\Database\MySQLi\Connection.php on line 306.
 1 SYSTEMPATH\Database\MySQLi\Connection.php(306): mysqli->query('SELECT SUM(l.QTE_RESTANT),l.PU_VENTE FROM produits_lot l WHERE p.EST_ACTIVE=1 AND l.ID_PRODUIT=1', 0)
 2 SYSTEMPATH\Database\BaseConnection.php(693): CodeIgniter\Database\MySQLi\Connection->execute('SELECT SUM(l.QTE_RESTANT),l.PU_VENTE FROM produits_lot l WHERE p.EST_ACTIVE=1 AND l.ID_PRODUIT=1')
 3 SYSTEMPATH\Database\BaseConnection.php(607): CodeIgniter\Database\BaseConnection->simpleQuery('SELECT SUM(l.QTE_RESTANT),l.PU_VENTE FROM produits_lot l WHERE p.EST_ACTIVE=1 AND l.ID_PRODUIT=1')
 4 APPPATH\Controllers\Ventes\Ventes.php(20): CodeIgniter\Database\BaseConnection->query('SELECT SUM(l.QTE_RESTANT),l.PU_VENTE FROM produits_lot l WHERE p.EST_ACTIVE=1 AND l.ID_PRODUIT=1')
 5 SYSTEMPATH\CodeIgniter.php(941): App\Controllers\Ventes\Ventes->get_view()
 6 SYSTEMPATH\CodeIgniter.php(502): CodeIgniter\CodeIgniter->runController(Object(App\Controllers\Ventes\Ventes))
 7 SYSTEMPATH\CodeIgniter.php(361): CodeIgniter\CodeIgniter->handleRequest(null, Object(Config\Cache), false)
 8 FCPATH\index.php(79): CodeIgniter\CodeIgniter->run()
 9 SYSTEMPATH\Commands\Server\rewrite.php(47): require_once('C:\\xampp\\htdocs\\sa_maria\\public\\index.php')
INFO - 2026-03-30 07:49:51 --> Session: Class initialized using 'CodeIgniter\Session\Handlers\DatabaseHandler' driver.
INFO - 2026-03-30 08:01:49 --> Session: Class initialized using 'CodeIgniter\Session\Handlers\DatabaseHandler' driver.
INFO - 2026-03-30 08:02:20 --> Session: Class initialized using 'CodeIgniter\Session\Handlers\DatabaseHandler' driver.
INFO - 2026-03-30 08:02:22 --> Session: Class initialized using 'CodeIgniter\Session\Handlers\DatabaseHandler' driver.
INFO - 2026-03-30 08:02:27 --> Session: Class initialized using 'CodeIgniter\Session\Handlers\DatabaseHandler' driver.
INFO - 2026-03-30 08:02:46 --> Session: Class initialized using 'CodeIgniter\Session\Handlers\DatabaseHandler' driver.
INFO - 2026-03-30 08:06:03 --> Session: Class initialized using 'CodeIgniter\Session\Handlers\DatabaseHandler' driver.
INFO - 2026-03-30 08:45:01 --> Session: Class initialized using 'CodeIgniter\Session\Handlers\DatabaseHandler' driver.
INFO - 2026-03-30 08:51:16 --> Session: Class initialized using 'CodeIgniter\Session\Handlers\DatabaseHandler' driver.
INFO - 2026-03-30 08:52:43 --> Session: Class initialized using 'CodeIgniter\Session\Handlers\DatabaseHandler' driver.
INFO - 2026-03-30 08:53:43 --> Session: Class initialized using 'CodeIgniter\Session\Handlers\DatabaseHandler' driver.
INFO - 2026-03-30 08:54:15 --> Session: Class initialized using 'CodeIgniter\Session\Handlers\DatabaseHandler' driver.
INFO - 2026-03-30 08:54:37 --> Session: Class initialized using 'CodeIgniter\Session\Handlers\DatabaseHandler' driver.
INFO - 2026-03-30 08:55:26 --> Session: Class initialized using 'CodeIgniter\Session\Handlers\DatabaseHandler' driver.
INFO - 2026-03-30 08:57:04 --> Session: Class initialized using 'CodeIgniter\Session\Handlers\DatabaseHandler' driver.
INFO - 2026-03-30 08:57:21 --> Session: Class initialized using 'CodeIgniter\Session\Handlers\DatabaseHandler' driver.
INFO - 2026-03-30 09:05:55 --> Session: Class initialized using 'CodeIgniter\Session\Handlers\DatabaseHandler' driver.
INFO - 2026-03-30 09:07:05 --> Session: Class initialized using 'CodeIgniter\Session\Handlers\DatabaseHandler' driver.
INFO - 2026-03-30 09:48:19 --> Session: Class initialized using 'CodeIgniter\Session\Handlers\DatabaseHandler' driver.
INFO - 2026-03-30 10:36:47 --> Session: Class initialized using 'CodeIgniter\Session\Handlers\DatabaseHandler' driver.
INFO - 2026-03-30 10:38:32 --> Session: Class initialized using 'CodeIgniter\Session\Handlers\DatabaseHandler' driver.
INFO - 2026-03-30 10:46:36 --> Session: Class initialized using 'CodeIgniter\Session\Handlers\DatabaseHandler' driver.
INFO - 2026-03-30 10:49:45 --> Session: Class initialized using 'CodeIgniter\Session\Handlers\DatabaseHandler' driver.
INFO - 2026-03-30 10:51:51 --> Session: Class initialized using 'CodeIgniter\Session\Handlers\DatabaseHandler' driver.
INFO - 2026-03-30 10:55:18 --> Session: Class initialized using 'CodeIgniter\Session\Handlers\DatabaseHandler' driver.
INFO - 2026-03-30 10:56:40 --> Session: Class initialized using 'CodeIgniter\Session\Handlers\DatabaseHandler' driver.
INFO - 2026-03-30 10:58:21 --> Session: Class initialized using 'CodeIgniter\Session\Handlers\DatabaseHandler' driver.
INFO - 2026-03-30 11:03:04 --> Session: Class initialized using 'CodeIgniter\Session\Handlers\DatabaseHandler' driver.
INFO - 2026-03-30 11:03:40 --> Session: Class initialized using 'CodeIgniter\Session\Handlers\DatabaseHandler' driver.
INFO - 2026-03-30 11:04:28 --> Session: Class initialized using 'CodeIgniter\Session\Handlers\DatabaseHandler' driver.
INFO - 2026-03-30 11:05:39 --> Session: Class initialized using 'CodeIgniter\Session\Handlers\DatabaseHandler' driver.
INFO - 2026-03-30 11:06:03 --> Session: Class initialized using 'CodeIgniter\Session\Handlers\DatabaseHandler' driver.
INFO - 2026-03-30 11:07:43 --> Session: Class initialized using 'CodeIgniter\Session\Handlers\DatabaseHandler' driver.
INFO - 2026-03-30 11:08:41 --> Session: Class initialized using 'CodeIgniter\Session\Handlers\DatabaseHandler' driver.
INFO - 2026-03-30 11:09:39 --> Session: Class initialized using 'CodeIgniter\Session\Handlers\DatabaseHandler' driver.
INFO - 2026-03-30 11:10:17 --> Session: Class initialized using 'CodeIgniter\Session\Handlers\DatabaseHandler' driver.
INFO - 2026-03-30 11:10:46 --> Session: Class initialized using 'CodeIgniter\Session\Handlers\DatabaseHandler' driver.
INFO - 2026-03-30 11:13:31 --> Session: Class initialized using 'CodeIgniter\Session\Handlers\DatabaseHandler' driver.
INFO - 2026-03-30 11:15:26 --> Session: Class initialized using 'CodeIgniter\Session\Handlers\DatabaseHandler' driver.
INFO - 2026-03-30 11:16:08 --> Session: Class initialized using 'CodeIgniter\Session\Handlers\DatabaseHandler' driver.
INFO - 2026-03-30 11:17:11 --> Session: Class initialized using 'CodeIgniter\Session\Handlers\DatabaseHandler' driver.
INFO - 2026-03-30 11:18:41 --> Session: Class initialized using 'CodeIgniter\Session\Handlers\DatabaseHandler' driver.
INFO - 2026-03-30 11:19:44 --> Session: Class initialized using 'CodeIgniter\Session\Handlers\DatabaseHandler' driver.
INFO - 2026-03-30 11:20:30 --> Session: Class initialized using 'CodeIgniter\Session\Handlers\DatabaseHandler' driver.
INFO - 2026-03-30 11:31:10 --> Session: Class initialized using 'CodeIgniter\Session\Handlers\DatabaseHandler' driver.
INFO - 2026-03-30 11:31:21 --> Session: Class initialized using 'CodeIgniter\Session\Handlers\DatabaseHandler' driver.
INFO - 2026-03-30 11:33:27 --> Session: Class initialized using 'CodeIgniter\Session\Handlers\DatabaseHandler' driver.
INFO - 2026-03-30 11:36:59 --> Session: Class initialized using 'CodeIgniter\Session\Handlers\DatabaseHandler' driver.
INFO - 2026-03-30 11:38:27 --> Session: Class initialized using 'CodeIgniter\Session\Handlers\DatabaseHandler' driver.
INFO - 2026-03-30 11:41:03 --> Session: Class initialized using 'CodeIgniter\Session\Handlers\DatabaseHandler' driver.
INFO - 2026-03-30 11:42:29 --> Session: Class initialized using 'CodeIgniter\Session\Handlers\DatabaseHandler' driver.
INFO - 2026-03-30 11:44:07 --> Session: Class initialized using 'CodeIgniter\Session\Handlers\DatabaseHandler' driver.
INFO - 2026-03-30 11:46:07 --> Session: Class initialized using 'CodeIgniter\Session\Handlers\DatabaseHandler' driver.
INFO - 2026-03-30 11:48:19 --> Session: Class initialized using 'CodeIgniter\Session\Handlers\DatabaseHandler' driver.
INFO - 2026-03-30 14:36:06 --> Session: Class initialized using 'CodeIgniter\Session\Handlers\DatabaseHandler' driver.
INFO - 2026-03-30 14:36:14 --> Session: Class initialized using 'CodeIgniter\Session\Handlers\DatabaseHandler' driver.
CRITICAL - 2026-03-30 14:36:14 --> TypeError: json_decode(): Argument #1 ($json) must be of type string, array given
in APPPATH\Controllers\Ventes\Ventes.php on line 42.
 1 APPPATH\Controllers\Ventes\Ventes.php(42): json_decode([...], true)
 2 SYSTEMPATH\CodeIgniter.php(941): App\Controllers\Ventes\Ventes->save_commande()
 3 SYSTEMPATH\CodeIgniter.php(502): CodeIgniter\CodeIgniter->runController(Object(App\Controllers\Ventes\Ventes))
 4 SYSTEMPATH\CodeIgniter.php(361): CodeIgniter\CodeIgniter->handleRequest(null, Object(Config\Cache), false)
 5 FCPATH\index.php(79): CodeIgniter\CodeIgniter->run()
 6 SYSTEMPATH\Commands\Server\rewrite.php(47): require_once('C:\\xampp\\htdocs\\sa_maria\\public\\index.php')
INFO - 2026-03-30 14:36:26 --> Session: Class initialized using 'CodeIgniter\Session\Handlers\DatabaseHandler' driver.
CRITICAL - 2026-03-30 14:36:26 --> TypeError: json_decode(): Argument #1 ($json) must be of type string, array given
in APPPATH\Controllers\Ventes\Ventes.php on line 42.
 1 APPPATH\Controllers\Ventes\Ventes.php(42): json_decode([...], true)
 2 SYSTEMPATH\CodeIgniter.php(941): App\Controllers\Ventes\Ventes->save_commande()
 3 SYSTEMPATH\CodeIgniter.php(502): CodeIgniter\CodeIgniter->runController(Object(App\Controllers\Ventes\Ventes))
 4 SYSTEMPATH\CodeIgniter.php(361): CodeIgniter\CodeIgniter->handleRequest(null, Object(Config\Cache), false)
 5 FCPATH\index.php(79): CodeIgniter\CodeIgniter->run()
 6 SYSTEMPATH\Commands\Server\rewrite.php(47): require_once('C:\\xampp\\htdocs\\sa_maria\\public\\index.php')
INFO - 2026-03-30 14:37:09 --> Session: Class initialized using 'CodeIgniter\Session\Handlers\DatabaseHandler' driver.
INFO - 2026-03-30 14:37:15 --> Session: Class initialized using 'CodeIgniter\Session\Handlers\DatabaseHandler' driver.
CRITICAL - 2026-03-30 14:37:15 --> TypeError: json_decode(): Argument #1 ($json) must be of type string, array given
in APPPATH\Controllers\Ventes\Ventes.php on line 42.
 1 APPPATH\Controllers\Ventes\Ventes.php(42): json_decode([...], true)
 2 SYSTEMPATH\CodeIgniter.php(941): App\Controllers\Ventes\Ventes->save_commande()
 3 SYSTEMPATH\CodeIgniter.php(502): CodeIgniter\CodeIgniter->runController(Object(App\Controllers\Ventes\Ventes))
 4 SYSTEMPATH\CodeIgniter.php(361): CodeIgniter\CodeIgniter->handleRequest(null, Object(Config\Cache), false)
 5 FCPATH\index.php(79): CodeIgniter\CodeIgniter->run()
 6 SYSTEMPATH\Commands\Server\rewrite.php(47): require_once('C:\\xampp\\htdocs\\sa_maria\\public\\index.php')
INFO - 2026-03-30 14:37:57 --> Session: Class initialized using 'CodeIgniter\Session\Handlers\DatabaseHandler' driver.
CRITICAL - 2026-03-30 14:37:57 --> TypeError: json_decode(): Argument #1 ($json) must be of type string, array given
in APPPATH\Controllers\Ventes\Ventes.php on line 42.
 1 APPPATH\Controllers\Ventes\Ventes.php(42): json_decode([...], true)
 2 SYSTEMPATH\CodeIgniter.php(941): App\Controllers\Ventes\Ventes->save_commande()
 3 SYSTEMPATH\CodeIgniter.php(502): CodeIgniter\CodeIgniter->runController(Object(App\Controllers\Ventes\Ventes))
 4 SYSTEMPATH\CodeIgniter.php(361): CodeIgniter\CodeIgniter->handleRequest(null, Object(Config\Cache), false)
 5 FCPATH\index.php(79): CodeIgniter\CodeIgniter->run()
 6 SYSTEMPATH\Commands\Server\rewrite.php(47): require_once('C:\\xampp\\htdocs\\sa_maria\\public\\index.php')
INFO - 2026-03-30 14:39:32 --> Session: Class initialized using 'CodeIgniter\Session\Handlers\DatabaseHandler' driver.
INFO - 2026-03-30 14:39:50 --> Session: Class initialized using 'CodeIgniter\Session\Handlers\DatabaseHandler' driver.
INFO - 2026-03-30 14:39:55 --> Session: Class initialized using 'CodeIgniter\Session\Handlers\DatabaseHandler' driver.
CRITICAL - 2026-03-30 14:39:55 --> ErrorException: Undefined property: App\Controllers\Ventes\Ventes::$My_Model
in APPPATH\Controllers\BaseController.php on line 49.
 1 APPPATH\Controllers\BaseController.php(49): CodeIgniter\Debug\Exceptions->errorHandler(2, 'Undefined property: App\\Controllers\\Ventes\\Ventes::$My_Model', 'C:\\xampp\\htdocs\\sa_maria\\app\\Controllers\\BaseController.php', 49)
 2 APPPATH\Controllers\Ventes\Ventes.php(55): App\Controllers\BaseController->update('produits_lot', [...], [...])
 3 SYSTEMPATH\CodeIgniter.php(941): App\Controllers\Ventes\Ventes->save_commande()
 4 SYSTEMPATH\CodeIgniter.php(502): CodeIgniter\CodeIgniter->runController(Object(App\Controllers\Ventes\Ventes))
 5 SYSTEMPATH\CodeIgniter.php(361): CodeIgniter\CodeIgniter->handleRequest(null, Object(Config\Cache), false)
 6 FCPATH\index.php(79): CodeIgniter\CodeIgniter->run()
 7 SYSTEMPATH\Commands\Server\rewrite.php(47): require_once('C:\\xampp\\htdocs\\sa_maria\\public\\index.php')
INFO - 2026-03-30 14:43:19 --> Session: Class initialized using 'CodeIgniter\Session\Handlers\DatabaseHandler' driver.
ERROR - 2026-03-30 14:43:20 --> mysqli_sql_exception: Table 'sa_maria.sorties' doesn't exist in C:\xampp\htdocs\sa_maria\system\Database\MySQLi\Connection.php:306
Stack trace:
#0 C:\xampp\htdocs\sa_maria\system\Database\MySQLi\Connection.php(306): mysqli->query('INSERT INTO `so...', 0)
#1 C:\xampp\htdocs\sa_maria\system\Database\BaseConnection.php(693): CodeIgniter\Database\MySQLi\Connection->execute('INSERT INTO `so...')
#2 C:\xampp\htdocs\sa_maria\system\Database\BaseConnection.php(607): CodeIgniter\Database\BaseConnection->simpleQuery('INSERT INTO `so...')
#3 C:\xampp\htdocs\sa_maria\system\Database\BaseBuilder.php(2307): CodeIgniter\Database\BaseConnection->query('INSERT INTO `so...', Array, false)
#4 C:\xampp\htdocs\sa_maria\app\Models\My_Model.php(21): CodeIgniter\Database\BaseBuilder->insert(Array)
#5 C:\xampp\htdocs\sa_maria\app\Controllers\BaseController.php(46): App\Models\My_Model->create('sorties', Array)
#6 C:\xampp\htdocs\sa_maria\app\Controllers\Ventes\Ventes.php(65): App\Controllers\BaseController->save('sorties', Array)
#7 C:\xampp\htdocs\sa_maria\system\CodeIgniter.php(941): App\Controllers\Ventes\Ventes->save_commande()
#8 C:\xampp\htdocs\sa_maria\system\CodeIgniter.php(502): CodeIgniter\CodeIgniter->runController(Object(App\Controllers\Ventes\Ventes))
#9 C:\xampp\htdocs\sa_maria\system\CodeIgniter.php(361): CodeIgniter\CodeIgniter->handleRequest(NULL, Object(Config\Cache), false)
#10 C:\xampp\htdocs\sa_maria\public\index.php(79): CodeIgniter\CodeIgniter->run()
#11 C:\xampp\htdocs\sa_maria\system\Commands\Server\rewrite.php(47): require_once('C:\\xampp\\htdocs...')
#12 {main}
CRITICAL - 2026-03-30 14:43:20 --> CodeIgniter\Database\Exceptions\DatabaseException: Table 'sa_maria.sorties' doesn't exist
in SYSTEMPATH\Database\BaseConnection.php on line 647.
 1 SYSTEMPATH\Database\BaseBuilder.php(2307): CodeIgniter\Database\BaseConnection->query('INSERT INTO `sorties` (`ID_PRODUIT_LOT`, `QTE`, `ID_RAISON_SORTIE`, `PU`, `DATE_INSERTION`) VALUES (:ID_PRODUIT_LOT:, :QTE:, :ID_RAISON_SORTIE:, :PU:, :DATE_INSERTION:)', [...], false)
 2 APPPATH\Models\My_Model.php(21): CodeIgniter\Database\BaseBuilder->insert([...])
 3 APPPATH\Controllers\BaseController.php(46): App\Models\My_Model->create('sorties', [...])
 4 APPPATH\Controllers\Ventes\Ventes.php(65): App\Controllers\BaseController->save('sorties', [...])
 5 SYSTEMPATH\CodeIgniter.php(941): App\Controllers\Ventes\Ventes->save_commande()
 6 SYSTEMPATH\CodeIgniter.php(502): CodeIgniter\CodeIgniter->runController(Object(App\Controllers\Ventes\Ventes))
 7 SYSTEMPATH\CodeIgniter.php(361): CodeIgniter\CodeIgniter->handleRequest(null, Object(Config\Cache), false)
 8 FCPATH\index.php(79): CodeIgniter\CodeIgniter->run()
 9 SYSTEMPATH\Commands\Server\rewrite.php(47): require_once('C:\\xampp\\htdocs\\sa_maria\\public\\index.php')
CRITICAL - 2026-03-30 14:43:20 --> [Caused by] CodeIgniter\Database\Exceptions\DatabaseException: Table 'sa_maria.sorties' doesn't exist
in SYSTEMPATH\Database\MySQLi\Connection.php on line 311.
 1 SYSTEMPATH\Database\BaseConnection.php(693): CodeIgniter\Database\MySQLi\Connection->execute('INSERT INTO `sorties` (`ID_PRODUIT_LOT`, `QTE`, `ID_RAISON_SORTIE`, `PU`, `DATE_INSERTION`) VALUES (\'4\', 2, 1, 5000, \'2026-03-30 14:43:20\')')
 2 SYSTEMPATH\Database\BaseConnection.php(607): CodeIgniter\Database\BaseConnection->simpleQuery('INSERT INTO `sorties` (`ID_PRODUIT_LOT`, `QTE`, `ID_RAISON_SORTIE`, `PU`, `DATE_INSERTION`) VALUES (\'4\', 2, 1, 5000, \'2026-03-30 14:43:20\')')
 3 SYSTEMPATH\Database\BaseBuilder.php(2307): CodeIgniter\Database\BaseConnection->query('INSERT INTO `sorties` (`ID_PRODUIT_LOT`, `QTE`, `ID_RAISON_SORTIE`, `PU`, `DATE_INSERTION`) VALUES (:ID_PRODUIT_LOT:, :QTE:, :ID_RAISON_SORTIE:, :PU:, :DATE_INSERTION:)', [...], false)
 4 APPPATH\Models\My_Model.php(21): CodeIgniter\Database\BaseBuilder->insert([...])
 5 APPPATH\Controllers\BaseController.php(46): App\Models\My_Model->create('sorties', [...])
 6 APPPATH\Controllers\Ventes\Ventes.php(65): App\Controllers\BaseController->save('sorties', [...])
 7 SYSTEMPATH\CodeIgniter.php(941): App\Controllers\Ventes\Ventes->save_commande()
 8 SYSTEMPATH\CodeIgniter.php(502): CodeIgniter\CodeIgniter->runController(Object(App\Controllers\Ventes\Ventes))
 9 SYSTEMPATH\CodeIgniter.php(361): CodeIgniter\CodeIgniter->handleRequest(null, Object(Config\Cache), false)
10 FCPATH\index.php(79): CodeIgniter\CodeIgniter->run()
11 SYSTEMPATH\Commands\Server\rewrite.php(47): require_once('C:\\xampp\\htdocs\\sa_maria\\public\\index.php')
CRITICAL - 2026-03-30 14:43:20 --> [Caused by] mysqli_sql_exception: Table 'sa_maria.sorties' doesn't exist
in SYSTEMPATH\Database\MySQLi\Connection.php on line 306.
 1 SYSTEMPATH\Database\MySQLi\Connection.php(306): mysqli->query('INSERT INTO `sorties` (`ID_PRODUIT_LOT`, `QTE`, `ID_RAISON_SORTIE`, `PU`, `DATE_INSERTION`) VALUES (\'4\', 2, 1, 5000, \'2026-03-30 14:43:20\')', 0)
 2 SYSTEMPATH\Database\BaseConnection.php(693): CodeIgniter\Database\MySQLi\Connection->execute('INSERT INTO `sorties` (`ID_PRODUIT_LOT`, `QTE`, `ID_RAISON_SORTIE`, `PU`, `DATE_INSERTION`) VALUES (\'4\', 2, 1, 5000, \'2026-03-30 14:43:20\')')
 3 SYSTEMPATH\Database\BaseConnection.php(607): CodeIgniter\Database\BaseConnection->simpleQuery('INSERT INTO `sorties` (`ID_PRODUIT_LOT`, `QTE`, `ID_RAISON_SORTIE`, `PU`, `DATE_INSERTION`) VALUES (\'4\', 2, 1, 5000, \'2026-03-30 14:43:20\')')
 4 SYSTEMPATH\Database\BaseBuilder.php(2307): CodeIgniter\Database\BaseConnection->query('INSERT INTO `sorties` (`ID_PRODUIT_LOT`, `QTE`, `ID_RAISON_SORTIE`, `PU`, `DATE_INSERTION`) VALUES (:ID_PRODUIT_LOT:, :QTE:, :ID_RAISON_SORTIE:, :PU:, :DATE_INSERTION:)', [...], false)
 5 APPPATH\Models\My_Model.php(21): CodeIgniter\Database\BaseBuilder->insert([...])
 6 APPPATH\Controllers\BaseController.php(46): App\Models\My_Model->create('sorties', [...])
 7 APPPATH\Controllers\Ventes\Ventes.php(65): App\Controllers\BaseController->save('sorties', [...])
 8 SYSTEMPATH\CodeIgniter.php(941): App\Controllers\Ventes\Ventes->save_commande()
 9 SYSTEMPATH\CodeIgniter.php(502): CodeIgniter\CodeIgniter->runController(Object(App\Controllers\Ventes\Ventes))
10 SYSTEMPATH\CodeIgniter.php(361): CodeIgniter\CodeIgniter->handleRequest(null, Object(Config\Cache), false)
11 FCPATH\index.php(79): CodeIgniter\CodeIgniter->run()
12 SYSTEMPATH\Commands\Server\rewrite.php(47): require_once('C:\\xampp\\htdocs\\sa_maria\\public\\index.php')
INFO - 2026-03-30 14:44:32 --> Session: Class initialized using 'CodeIgniter\Session\Handlers\DatabaseHandler' driver.
INFO - 2026-03-30 14:44:35 --> Session: Class initialized using 'CodeIgniter\Session\Handlers\DatabaseHandler' driver.
INFO - 2026-03-30 14:47:15 --> Session: Class initialized using 'CodeIgniter\Session\Handlers\DatabaseHandler' driver.
INFO - 2026-03-30 14:47:18 --> Session: Class initialized using 'CodeIgniter\Session\Handlers\DatabaseHandler' driver.
INFO - 2026-03-30 14:48:10 --> Session: Class initialized using 'CodeIgniter\Session\Handlers\DatabaseHandler' driver.
INFO - 2026-03-30 14:48:11 --> Session: Class initialized using 'CodeIgniter\Session\Handlers\DatabaseHandler' driver.
INFO - 2026-03-30 14:48:32 --> Session: Class initialized using 'CodeIgniter\Session\Handlers\DatabaseHandler' driver.
INFO - 2026-03-30 14:48:35 --> Session: Class initialized using 'CodeIgniter\Session\Handlers\DatabaseHandler' driver.
INFO - 2026-03-30 14:48:36 --> Session: Class initialized using 'CodeIgniter\Session\Handlers\DatabaseHandler' driver.
INFO - 2026-03-30 14:48:39 --> Session: Class initialized using 'CodeIgniter\Session\Handlers\DatabaseHandler' driver.
INFO - 2026-03-30 14:50:59 --> Session: Class initialized using 'CodeIgniter\Session\Handlers\DatabaseHandler' driver.
INFO - 2026-03-30 14:51:15 --> Session: Class initialized using 'CodeIgniter\Session\Handlers\DatabaseHandler' driver.
INFO - 2026-03-30 14:51:33 --> Session: Class initialized using 'CodeIgniter\Session\Handlers\DatabaseHandler' driver.
INFO - 2026-03-30 14:52:07 --> Session: Class initialized using 'CodeIgniter\Session\Handlers\DatabaseHandler' driver.
INFO - 2026-03-30 14:52:25 --> Session: Class initialized using 'CodeIgniter\Session\Handlers\DatabaseHandler' driver.
INFO - 2026-03-30 14:53:09 --> Session: Class initialized using 'CodeIgniter\Session\Handlers\DatabaseHandler' driver.
INFO - 2026-03-30 14:54:18 --> Session: Class initialized using 'CodeIgniter\Session\Handlers\DatabaseHandler' driver.
INFO - 2026-03-30 14:54:32 --> Session: Class initialized using 'CodeIgniter\Session\Handlers\DatabaseHandler' driver.
INFO - 2026-03-30 14:54:46 --> Session: Class initialized using 'CodeIgniter\Session\Handlers\DatabaseHandler' driver.
INFO - 2026-03-30 14:55:04 --> Session: Class initialized using 'CodeIgniter\Session\Handlers\DatabaseHandler' driver.
INFO - 2026-03-30 14:55:26 --> Session: Class initialized using 'CodeIgniter\Session\Handlers\DatabaseHandler' driver.
INFO - 2026-03-30 14:55:54 --> Session: Class initialized using 'CodeIgniter\Session\Handlers\DatabaseHandler' driver.
INFO - 2026-03-30 14:56:11 --> Session: Class initialized using 'CodeIgniter\Session\Handlers\DatabaseHandler' driver.
INFO - 2026-03-30 14:56:22 --> Session: Class initialized using 'CodeIgniter\Session\Handlers\DatabaseHandler' driver.
INFO - 2026-03-30 14:56:47 --> Session: Class initialized using 'CodeIgniter\Session\Handlers\DatabaseHandler' driver.
INFO - 2026-03-30 14:56:59 --> Session: Class initialized using 'CodeIgniter\Session\Handlers\DatabaseHandler' driver.
INFO - 2026-03-30 14:57:07 --> Session: Class initialized using 'CodeIgniter\Session\Handlers\DatabaseHandler' driver.
INFO - 2026-03-30 14:57:23 --> Session: Class initialized using 'CodeIgniter\Session\Handlers\DatabaseHandler' driver.
INFO - 2026-03-30 14:57:30 --> Session: Class initialized using 'CodeIgniter\Session\Handlers\DatabaseHandler' driver.
INFO - 2026-03-30 14:57:52 --> Session: Class initialized using 'CodeIgniter\Session\Handlers\DatabaseHandler' driver.
INFO - 2026-03-30 14:58:33 --> Session: Class initialized using 'CodeIgniter\Session\Handlers\DatabaseHandler' driver.
INFO - 2026-03-30 14:58:45 --> Session: Class initialized using 'CodeIgniter\Session\Handlers\DatabaseHandler' driver.
INFO - 2026-03-30 14:59:11 --> Session: Class initialized using 'CodeIgniter\Session\Handlers\DatabaseHandler' driver.
INFO - 2026-03-30 15:00:31 --> Session: Class initialized using 'CodeIgniter\Session\Handlers\DatabaseHandler' driver.
INFO - 2026-03-30 15:00:52 --> Session: Class initialized using 'CodeIgniter\Session\Handlers\DatabaseHandler' driver.
INFO - 2026-03-30 15:01:26 --> Session: Class initialized using 'CodeIgniter\Session\Handlers\DatabaseHandler' driver.
INFO - 2026-03-30 15:01:46 --> Session: Class initialized using 'CodeIgniter\Session\Handlers\DatabaseHandler' driver.
INFO - 2026-03-30 15:02:09 --> Session: Class initialized using 'CodeIgniter\Session\Handlers\DatabaseHandler' driver.
INFO - 2026-03-30 15:02:37 --> Session: Class initialized using 'CodeIgniter\Session\Handlers\DatabaseHandler' driver.
INFO - 2026-03-30 15:02:56 --> Session: Class initialized using 'CodeIgniter\Session\Handlers\DatabaseHandler' driver.
INFO - 2026-03-30 15:05:58 --> Session: Class initialized using 'CodeIgniter\Session\Handlers\DatabaseHandler' driver.
INFO - 2026-03-30 15:09:20 --> Session: Class initialized using 'CodeIgniter\Session\Handlers\DatabaseHandler' driver.
INFO - 2026-03-30 15:50:09 --> Session: Class initialized using 'CodeIgniter\Session\Handlers\DatabaseHandler' driver.
INFO - 2026-03-30 15:50:33 --> Session: Class initialized using 'CodeIgniter\Session\Handlers\DatabaseHandler' driver.
INFO - 2026-03-30 15:51:32 --> Session: Class initialized using 'CodeIgniter\Session\Handlers\DatabaseHandler' driver.
INFO - 2026-03-30 15:51:34 --> Session: Class initialized using 'CodeIgniter\Session\Handlers\DatabaseHandler' driver.
INFO - 2026-03-30 15:51:38 --> Session: Class initialized using 'CodeIgniter\Session\Handlers\DatabaseHandler' driver.
INFO - 2026-03-30 15:51:39 --> Session: Class initialized using 'CodeIgniter\Session\Handlers\DatabaseHandler' driver.
INFO - 2026-03-30 16:03:14 --> Session: Class initialized using 'CodeIgniter\Session\Handlers\DatabaseHandler' driver.
INFO - 2026-03-30 16:03:24 --> Session: Class initialized using 'CodeIgniter\Session\Handlers\DatabaseHandler' driver.
INFO - 2026-03-30 16:20:00 --> Session: Class initialized using 'CodeIgniter\Session\Handlers\DatabaseHandler' driver.
INFO - 2026-03-30 16:20:02 --> Session: Class initialized using 'CodeIgniter\Session\Handlers\DatabaseHandler' driver.
INFO - 2026-03-30 16:21:49 --> Session: Class initialized using 'CodeIgniter\Session\Handlers\DatabaseHandler' driver.
INFO - 2026-03-30 16:21:51 --> Session: Class initialized using 'CodeIgniter\Session\Handlers\DatabaseHandler' driver.
INFO - 2026-03-30 16:22:01 --> Session: Class initialized using 'CodeIgniter\Session\Handlers\DatabaseHandler' driver.
INFO - 2026-03-30 16:22:56 --> Session: Class initialized using 'CodeIgniter\Session\Handlers\DatabaseHandler' driver.
INFO - 2026-03-30 16:22:59 --> Session: Class initialized using 'CodeIgniter\Session\Handlers\DatabaseHandler' driver.
INFO - 2026-03-30 16:23:01 --> Session: Class initialized using 'CodeIgniter\Session\Handlers\DatabaseHandler' driver.
INFO - 2026-03-30 16:25:19 --> Session: Class initialized using 'CodeIgniter\Session\Handlers\DatabaseHandler' driver.
INFO - 2026-03-30 16:25:21 --> Session: Class initialized using 'CodeIgniter\Session\Handlers\DatabaseHandler' driver.
INFO - 2026-03-30 16:26:26 --> Session: Class initialized using 'CodeIgniter\Session\Handlers\DatabaseHandler' driver.
INFO - 2026-03-30 16:26:27 --> Session: Class initialized using 'CodeIgniter\Session\Handlers\DatabaseHandler' driver.
INFO - 2026-03-30 16:26:39 --> Session: Class initialized using 'CodeIgniter\Session\Handlers\DatabaseHandler' driver.
INFO - 2026-03-30 16:26:47 --> Session: Class initialized using 'CodeIgniter\Session\Handlers\DatabaseHandler' driver.
INFO - 2026-03-30 16:26:50 --> Session: Class initialized using 'CodeIgniter\Session\Handlers\DatabaseHandler' driver.
INFO - 2026-03-30 16:36:20 --> Session: Class initialized using 'CodeIgniter\Session\Handlers\DatabaseHandler' driver.
INFO - 2026-03-30 16:36:21 --> Session: Class initialized using 'CodeIgniter\Session\Handlers\DatabaseHandler' driver.
INFO - 2026-03-30 16:36:25 --> Session: Class initialized using 'CodeIgniter\Session\Handlers\DatabaseHandler' driver.
INFO - 2026-03-30 16:36:29 --> Session: Class initialized using 'CodeIgniter\Session\Handlers\DatabaseHandler' driver.
INFO - 2026-03-30 16:36:30 --> Session: Class initialized using 'CodeIgniter\Session\Handlers\DatabaseHandler' driver.
INFO - 2026-03-30 16:37:02 --> Session: Class initialized using 'CodeIgniter\Session\Handlers\DatabaseHandler' driver.
INFO - 2026-03-30 16:40:28 --> Session: Class initialized using 'CodeIgniter\Session\Handlers\DatabaseHandler' driver.
INFO - 2026-03-30 16:40:44 --> Session: Class initialized using 'CodeIgniter\Session\Handlers\DatabaseHandler' driver.
INFO - 2026-03-30 16:40:46 --> Session: Class initialized using 'CodeIgniter\Session\Handlers\DatabaseHandler' driver.
INFO - 2026-03-30 16:40:57 --> Session: Class initialized using 'CodeIgniter\Session\Handlers\DatabaseHandler' driver.
INFO - 2026-03-30 16:40:59 --> Session: Class initialized using 'CodeIgniter\Session\Handlers\DatabaseHandler' driver.
INFO - 2026-03-30 16:41:37 --> Session: Class initialized using 'CodeIgniter\Session\Handlers\DatabaseHandler' driver.
INFO - 2026-03-30 16:41:40 --> Session: Class initialized using 'CodeIgniter\Session\Handlers\DatabaseHandler' driver.
