CRITICAL - 2024-06-29 14:46:44 --> ArgumentCountError: Too few arguments to function App\Models\My_Model::__construct(), 0 passed in C:\xampp\htdocs\geco\app\Controllers\login\login.php on line 10 and exactly 1 expected
in APPPATH\Models\My_Model.php on line 9.
 1 APPPATH\Controllers\login\login.php(10): App\Models\My_Model->__construct()
 2 SYSTEMPATH\CodeIgniter.php(913): App\Controllers\login\login->__construct()
 3 SYSTEMPATH\CodeIgniter.php(493): CodeIgniter\CodeIgniter->createController()
 4 SYSTEMPATH\CodeIgniter.php(361): CodeIgniter\CodeIgniter->handleRequest(null, Object(Config\Cache), false)
 5 FCPATH\index.php(79): CodeIgniter\CodeIgniter->run()
 6 SYSTEMPATH\Commands\Server\rewrite.php(47): require_once('C:\\xampp\\htdocs\\geco\\public\\index.php')
CRITICAL - 2024-06-29 14:48:24 --> ArgumentCountError: Too few arguments to function App\Models\My_Model::__construct(), 0 passed in C:\xampp\htdocs\geco\app\Controllers\login\login.php on line 10 and exactly 1 expected
in APPPATH\Models\My_Model.php on line 9.
 1 APPPATH\Controllers\login\login.php(10): App\Models\My_Model->__construct()
 2 SYSTEMPATH\CodeIgniter.php(913): App\Controllers\login\login->__construct()
 3 SYSTEMPATH\CodeIgniter.php(493): CodeIgniter\CodeIgniter->createController()
 4 SYSTEMPATH\CodeIgniter.php(361): CodeIgniter\CodeIgniter->handleRequest(null, Object(Config\Cache), false)
 5 FCPATH\index.php(79): CodeIgniter\CodeIgniter->run()
 6 SYSTEMPATH\Commands\Server\rewrite.php(47): require_once('C:\\xampp\\htdocs\\geco\\public\\index.php')
CRITICAL - 2024-06-29 14:48:28 --> ArgumentCountError: Too few arguments to function App\Models\My_Model::__construct(), 0 passed in C:\xampp\htdocs\geco\app\Controllers\login\login.php on line 10 and exactly 1 expected
in APPPATH\Models\My_Model.php on line 9.
 1 APPPATH\Controllers\login\login.php(10): App\Models\My_Model->__construct()
 2 SYSTEMPATH\CodeIgniter.php(913): App\Controllers\login\login->__construct()
 3 SYSTEMPATH\CodeIgniter.php(493): CodeIgniter\CodeIgniter->createController()
 4 SYSTEMPATH\CodeIgniter.php(361): CodeIgniter\CodeIgniter->handleRequest(null, Object(Config\Cache), false)
 5 FCPATH\index.php(79): CodeIgniter\CodeIgniter->run()
 6 SYSTEMPATH\Commands\Server\rewrite.php(47): require_once('C:\\xampp\\htdocs\\geco\\public\\index.php')
CRITICAL - 2024-06-29 14:49:37 --> ArgumentCountError: Too few arguments to function App\Models\My_Model::__construct(), 0 passed in C:\xampp\htdocs\geco\app\Controllers\login\login.php on line 10 and exactly 1 expected
in APPPATH\Models\My_Model.php on line 9.
 1 APPPATH\Controllers\login\login.php(10): App\Models\My_Model->__construct()
 2 SYSTEMPATH\CodeIgniter.php(913): App\Controllers\login\login->__construct()
 3 SYSTEMPATH\CodeIgniter.php(493): CodeIgniter\CodeIgniter->createController()
 4 SYSTEMPATH\CodeIgniter.php(361): CodeIgniter\CodeIgniter->handleRequest(null, Object(Config\Cache), false)
 5 FCPATH\index.php(79): CodeIgniter\CodeIgniter->run()
 6 SYSTEMPATH\Commands\Server\rewrite.php(47): require_once('C:\\xampp\\htdocs\\geco\\public\\index.php')
CRITICAL - 2024-06-29 14:49:40 --> ArgumentCountError: Too few arguments to function App\Models\My_Model::__construct(), 0 passed in C:\xampp\htdocs\geco\app\Controllers\login\login.php on line 10 and exactly 1 expected
in APPPATH\Models\My_Model.php on line 9.
 1 APPPATH\Controllers\login\login.php(10): App\Models\My_Model->__construct()
 2 SYSTEMPATH\CodeIgniter.php(913): App\Controllers\login\login->__construct()
 3 SYSTEMPATH\CodeIgniter.php(493): CodeIgniter\CodeIgniter->createController()
 4 SYSTEMPATH\CodeIgniter.php(361): CodeIgniter\CodeIgniter->handleRequest(null, Object(Config\Cache), false)
 5 FCPATH\index.php(79): CodeIgniter\CodeIgniter->run()
 6 SYSTEMPATH\Commands\Server\rewrite.php(47): require_once('C:\\xampp\\htdocs\\geco\\public\\index.php')
CRITICAL - 2024-06-29 14:49:49 --> ArgumentCountError: Too few arguments to function App\Models\My_Model::__construct(), 0 passed in C:\xampp\htdocs\geco\app\Controllers\login\login.php on line 10 and exactly 1 expected
in APPPATH\Models\My_Model.php on line 9.
 1 APPPATH\Controllers\login\login.php(10): App\Models\My_Model->__construct()
 2 SYSTEMPATH\CodeIgniter.php(913): App\Controllers\login\login->__construct()
 3 SYSTEMPATH\CodeIgniter.php(493): CodeIgniter\CodeIgniter->createController()
 4 SYSTEMPATH\CodeIgniter.php(361): CodeIgniter\CodeIgniter->handleRequest(null, Object(Config\Cache), false)
 5 FCPATH\index.php(79): CodeIgniter\CodeIgniter->run()
 6 SYSTEMPATH\Commands\Server\rewrite.php(47): require_once('C:\\xampp\\htdocs\\geco\\public\\index.php')
CRITICAL - 2024-06-29 14:49:50 --> ArgumentCountError: Too few arguments to function App\Models\My_Model::__construct(), 0 passed in C:\xampp\htdocs\geco\app\Controllers\login\login.php on line 10 and exactly 1 expected
in APPPATH\Models\My_Model.php on line 9.
 1 APPPATH\Controllers\login\login.php(10): App\Models\My_Model->__construct()
 2 SYSTEMPATH\CodeIgniter.php(913): App\Controllers\login\login->__construct()
 3 SYSTEMPATH\CodeIgniter.php(493): CodeIgniter\CodeIgniter->createController()
 4 SYSTEMPATH\CodeIgniter.php(361): CodeIgniter\CodeIgniter->handleRequest(null, Object(Config\Cache), false)
 5 FCPATH\index.php(79): CodeIgniter\CodeIgniter->run()
 6 SYSTEMPATH\Commands\Server\rewrite.php(47): require_once('C:\\xampp\\htdocs\\geco\\public\\index.php')
CRITICAL - 2024-06-29 14:51:46 --> ArgumentCountError: Too few arguments to function App\Models\My_Model::__construct(), 0 passed in C:\xampp\htdocs\geco\app\Controllers\login\login.php on line 10 and exactly 1 expected
in APPPATH\Models\My_Model.php on line 9.
 1 APPPATH\Controllers\login\login.php(10): App\Models\My_Model->__construct()
 2 SYSTEMPATH\CodeIgniter.php(913): App\Controllers\login\login->__construct()
 3 SYSTEMPATH\CodeIgniter.php(493): CodeIgniter\CodeIgniter->createController()
 4 SYSTEMPATH\CodeIgniter.php(361): CodeIgniter\CodeIgniter->handleRequest(null, Object(Config\Cache), false)
 5 FCPATH\index.php(79): CodeIgniter\CodeIgniter->run()
 6 SYSTEMPATH\Commands\Server\rewrite.php(47): require_once('C:\\xampp\\htdocs\\geco\\public\\index.php')
CRITICAL - 2024-06-29 14:53:16 --> ArgumentCountError: Too few arguments to function App\Models\My_Model::__construct(), 0 passed in C:\xampp\htdocs\geco\app\Controllers\login\login.php on line 10 and exactly 1 expected
in APPPATH\Models\My_Model.php on line 9.
 1 APPPATH\Controllers\login\login.php(10): App\Models\My_Model->__construct()
 2 SYSTEMPATH\CodeIgniter.php(913): App\Controllers\login\login->__construct()
 3 SYSTEMPATH\CodeIgniter.php(493): CodeIgniter\CodeIgniter->createController()
 4 SYSTEMPATH\CodeIgniter.php(361): CodeIgniter\CodeIgniter->handleRequest(null, Object(Config\Cache), false)
 5 FCPATH\index.php(79): CodeIgniter\CodeIgniter->run()
 6 SYSTEMPATH\Commands\Server\rewrite.php(47): require_once('C:\\xampp\\htdocs\\geco\\public\\index.php')
CRITICAL - 2024-06-29 14:56:46 --> Error: Cannot pass parameter 1 by reference
in APPPATH\Controllers\login\login.php on line 10.
 1 SYSTEMPATH\CodeIgniter.php(913): App\Controllers\login\login->__construct()
 2 SYSTEMPATH\CodeIgniter.php(493): CodeIgniter\CodeIgniter->createController()
 3 SYSTEMPATH\CodeIgniter.php(361): CodeIgniter\CodeIgniter->handleRequest(null, Object(Config\Cache), false)
 4 FCPATH\index.php(79): CodeIgniter\CodeIgniter->run()
 5 SYSTEMPATH\Commands\Server\rewrite.php(47): require_once('C:\\xampp\\htdocs\\geco\\public\\index.php')
CRITICAL - 2024-06-29 15:04:09 --> ErrorException: Undefined variable: My_Model
in APPPATH\Controllers\login\login.php on line 23.
 1 APPPATH\Controllers\login\login.php(23): CodeIgniter\Debug\Exceptions->errorHandler(8, 'Undefined variable: My_Model', 'C:\\xampp\\htdocs\\geco\\app\\Controllers\\login\\login.php', 23, [...])
 2 SYSTEMPATH\CodeIgniter.php(941): App\Controllers\login\login->login()
 3 SYSTEMPATH\CodeIgniter.php(502): CodeIgniter\CodeIgniter->runController(Object(App\Controllers\login\login))
 4 SYSTEMPATH\CodeIgniter.php(361): CodeIgniter\CodeIgniter->handleRequest(null, Object(Config\Cache), false)
 5 FCPATH\index.php(79): CodeIgniter\CodeIgniter->run()
 6 SYSTEMPATH\Commands\Server\rewrite.php(47): require_once('C:\\xampp\\htdocs\\geco\\public\\index.php')
ERROR - 2024-06-29 15:06:02 --> mysqli_sql_exception: Unknown column 'alain' in 'where clause' in C:\xampp\htdocs\geco\system\Database\MySQLi\Connection.php:306
Stack trace:
#0 C:\xampp\htdocs\geco\system\Database\MySQLi\Connection.php(306): mysqli->query('SELECT *\nFROM `...', 0)
#1 C:\xampp\htdocs\geco\system\Database\BaseConnection.php(693): CodeIgniter\Database\MySQLi\Connection->execute('SELECT *\nFROM `...')
#2 C:\xampp\htdocs\geco\system\Database\BaseConnection.php(607): CodeIgniter\Database\BaseConnection->simpleQuery('SELECT *\nFROM `...')
#3 C:\xampp\htdocs\geco\system\Database\BaseBuilder.php(1616): CodeIgniter\Database\BaseConnection->query('SELECT *\nFROM `...', Array, false)
#4 C:\xampp\htdocs\geco\app\Models\My_Model.php(24): CodeIgniter\Database\BaseBuilder->get()
#5 C:\xampp\htdocs\geco\app\Controllers\login\login.php(24): App\Models\My_Model->getOne('users', 'USERNAME=alain')
#6 C:\xampp\htdocs\geco\system\CodeIgniter.php(941): App\Controllers\login\login->login()
#7 C:\xampp\htdocs\geco\system\CodeIgniter.php(502): CodeIgniter\CodeIgniter->runController(Object(App\Controllers\login\login))
#8 C:\xampp\htdocs\geco\system\CodeIgniter.php(361): CodeIgniter\CodeIgniter->handleRequest(NULL, Object(Config\Cache), false)
#9 C:\xampp\htdocs\geco\public\index.php(79): CodeIgniter\CodeIgniter->run()
#10 C:\xampp\htdocs\geco\system\Commands\Server\rewrite.php(47): require_once('C:\\xampp\\htdocs...')
#11 {main}
CRITICAL - 2024-06-29 15:06:02 --> CodeIgniter\Database\Exceptions\DatabaseException: Unknown column 'alain' in 'where clause'
in SYSTEMPATH\Database\BaseConnection.php on line 647.
 1 SYSTEMPATH\Database\BaseBuilder.php(1616): CodeIgniter\Database\BaseConnection->query('SELECT *
FROM `users`
WHERE `USERNAME` = alain', [], false)
 2 APPPATH\Models\My_Model.php(24): CodeIgniter\Database\BaseBuilder->get()
 3 APPPATH\Controllers\login\login.php(24): App\Models\My_Model->getOne('users', 'USERNAME=alain')
 4 SYSTEMPATH\CodeIgniter.php(941): App\Controllers\login\login->login()
 5 SYSTEMPATH\CodeIgniter.php(502): CodeIgniter\CodeIgniter->runController(Object(App\Controllers\login\login))
 6 SYSTEMPATH\CodeIgniter.php(361): CodeIgniter\CodeIgniter->handleRequest(null, Object(Config\Cache), false)
 7 FCPATH\index.php(79): CodeIgniter\CodeIgniter->run()
 8 SYSTEMPATH\Commands\Server\rewrite.php(47): require_once('C:\\xampp\\htdocs\\geco\\public\\index.php')
CRITICAL - 2024-06-29 15:06:02 --> [Caused by] CodeIgniter\Database\Exceptions\DatabaseException: Unknown column 'alain' in 'where clause'
in SYSTEMPATH\Database\MySQLi\Connection.php on line 311.
 1 SYSTEMPATH\Database\BaseConnection.php(693): CodeIgniter\Database\MySQLi\Connection->execute('SELECT *
FROM `users`
WHERE `USERNAME` = alain')
 2 SYSTEMPATH\Database\BaseConnection.php(607): CodeIgniter\Database\BaseConnection->simpleQuery('SELECT *
FROM `users`
WHERE `USERNAME` = alain')
 3 SYSTEMPATH\Database\BaseBuilder.php(1616): CodeIgniter\Database\BaseConnection->query('SELECT *
FROM `users`
WHERE `USERNAME` = alain', [], false)
 4 APPPATH\Models\My_Model.php(24): CodeIgniter\Database\BaseBuilder->get()
 5 APPPATH\Controllers\login\login.php(24): App\Models\My_Model->getOne('users', 'USERNAME=alain')
 6 SYSTEMPATH\CodeIgniter.php(941): App\Controllers\login\login->login()
 7 SYSTEMPATH\CodeIgniter.php(502): CodeIgniter\CodeIgniter->runController(Object(App\Controllers\login\login))
 8 SYSTEMPATH\CodeIgniter.php(361): CodeIgniter\CodeIgniter->handleRequest(null, Object(Config\Cache), false)
 9 FCPATH\index.php(79): CodeIgniter\CodeIgniter->run()
10 SYSTEMPATH\Commands\Server\rewrite.php(47): require_once('C:\\xampp\\htdocs\\geco\\public\\index.php')
CRITICAL - 2024-06-29 15:06:02 --> [Caused by] mysqli_sql_exception: Unknown column 'alain' in 'where clause'
in SYSTEMPATH\Database\MySQLi\Connection.php on line 306.
 1 SYSTEMPATH\Database\MySQLi\Connection.php(306): mysqli->query('SELECT *
FROM `users`
WHERE `USERNAME` = alain', 0)
 2 SYSTEMPATH\Database\BaseConnection.php(693): CodeIgniter\Database\MySQLi\Connection->execute('SELECT *
FROM `users`
WHERE `USERNAME` = alain')
 3 SYSTEMPATH\Database\BaseConnection.php(607): CodeIgniter\Database\BaseConnection->simpleQuery('SELECT *
FROM `users`
WHERE `USERNAME` = alain')
 4 SYSTEMPATH\Database\BaseBuilder.php(1616): CodeIgniter\Database\BaseConnection->query('SELECT *
FROM `users`
WHERE `USERNAME` = alain', [], false)
 5 APPPATH\Models\My_Model.php(24): CodeIgniter\Database\BaseBuilder->get()
 6 APPPATH\Controllers\login\login.php(24): App\Models\My_Model->getOne('users', 'USERNAME=alain')
 7 SYSTEMPATH\CodeIgniter.php(941): App\Controllers\login\login->login()
 8 SYSTEMPATH\CodeIgniter.php(502): CodeIgniter\CodeIgniter->runController(Object(App\Controllers\login\login))
 9 SYSTEMPATH\CodeIgniter.php(361): CodeIgniter\CodeIgniter->handleRequest(null, Object(Config\Cache), false)
10 FCPATH\index.php(79): CodeIgniter\CodeIgniter->run()
11 SYSTEMPATH\Commands\Server\rewrite.php(47): require_once('C:\\xampp\\htdocs\\geco\\public\\index.php')
