ERROR - 2026-03-16 18:11:08 --> mysqli_sql_exception: Table 'sa_maria.ci_sessions' doesn't exist in C:\xampp\htdocs\sa_maria\system\Database\MySQLi\Connection.php:306
Stack trace:
#0 C:\xampp\htdocs\sa_maria\system\Database\MySQLi\Connection.php(306): mysqli->query('SELECT `data`\nF...', 0)
#1 C:\xampp\htdocs\sa_maria\system\Database\BaseConnection.php(693): CodeIgniter\Database\MySQLi\Connection->execute('SELECT `data`\nF...')
#2 C:\xampp\htdocs\sa_maria\system\Database\BaseConnection.php(607): CodeIgniter\Database\BaseConnection->simpleQuery('SELECT `data`\nF...')
#3 C:\xampp\htdocs\sa_maria\system\Database\BaseBuilder.php(1616): CodeIgniter\Database\BaseConnection->query('SELECT `data`\nF...', Array, false)
#4 C:\xampp\htdocs\sa_maria\system\Session\Handlers\DatabaseHandler.php(133): CodeIgniter\Database\BaseBuilder->get()
#5 [internal function]: CodeIgniter\Session\Handlers\DatabaseHandler->read('2n674c9b6olanmc...')
#6 C:\xampp\htdocs\sa_maria\system\Session\Session.php(919): session_start()
#7 C:\xampp\htdocs\sa_maria\system\Session\Session.php(241): CodeIgniter\Session\Session->startSession()
#8 C:\xampp\htdocs\sa_maria\system\Config\Services.php(693): CodeIgniter\Session\Session->start()
#9 C:\xampp\htdocs\sa_maria\system\Config\BaseService.php(258): CodeIgniter\Config\Services::session(Object(Config\Session), false)
#10 C:\xampp\htdocs\sa_maria\system\Config\BaseService.php(199): CodeIgniter\Config\BaseService::__callStatic('session', Array)
#11 C:\xampp\htdocs\sa_maria\system\Config\Services.php(664): CodeIgniter\Config\BaseService::getSharedInstance('session', NULL)
#12 C:\xampp\htdocs\sa_maria\system\Config\BaseService.php(258): CodeIgniter\Config\Services::session()
#13 C:\xampp\htdocs\sa_maria\app\Controllers\BaseController.php(31): CodeIgniter\Config\BaseService::__callStatic('session', Array)
#14 C:\xampp\htdocs\sa_maria\system\CodeIgniter.php(914): App\Controllers\BaseController->initController(Object(CodeIgniter\HTTP\IncomingRequest), Object(CodeIgniter\HTTP\Response), Object(CodeIgniter\Log\Logger))
#15 C:\xampp\htdocs\sa_maria\system\CodeIgniter.php(493): CodeIgniter\CodeIgniter->createController()
#16 C:\xampp\htdocs\sa_maria\system\CodeIgniter.php(361): CodeIgniter\CodeIgniter->handleRequest(NULL, Object(Config\Cache), false)
#17 C:\xampp\htdocs\sa_maria\public\index.php(79): CodeIgniter\CodeIgniter->run()
#18 C:\xampp\htdocs\sa_maria\system\Commands\Server\rewrite.php(47): require_once('C:\\xampp\\htdocs...')
#19 {main}
CRITICAL - 2026-03-16 18:11:08 --> CodeIgniter\Database\Exceptions\DatabaseException: Table 'sa_maria.ci_sessions' doesn't exist
in SYSTEMPATH\Database\BaseConnection.php on line 647.
 1 SYSTEMPATH\Database\BaseBuilder.php(1616): CodeIgniter\Database\BaseConnection->query('SELECT `data`
FROM `ci_sessions`
WHERE `id` = :id:', [...], false)
 2 SYSTEMPATH\Session\Handlers\DatabaseHandler.php(133): CodeIgniter\Database\BaseBuilder->get()
 3 [internal function]: CodeIgniter\Session\Handlers\DatabaseHandler->read('2n674c9b6olanmcicsf2jnsubke6pak0')
 4 SYSTEMPATH\Session\Session.php(919): session_start()
 5 SYSTEMPATH\Session\Session.php(241): CodeIgniter\Session\Session->startSession()
 6 SYSTEMPATH\Config\Services.php(693): CodeIgniter\Session\Session->start()
 7 SYSTEMPATH\Config\BaseService.php(258): CodeIgniter\Config\Services::session(Object(Config\Session), false)
 8 SYSTEMPATH\Config\BaseService.php(199): CodeIgniter\Config\BaseService::__callStatic('session', [...])
 9 SYSTEMPATH\Config\Services.php(664): CodeIgniter\Config\BaseService::getSharedInstance('session', null)
10 SYSTEMPATH\Config\BaseService.php(258): CodeIgniter\Config\Services::session()
11 APPPATH\Controllers\BaseController.php(31): CodeIgniter\Config\BaseService::__callStatic('session', [])
12 SYSTEMPATH\CodeIgniter.php(914): App\Controllers\BaseController->initController(Object(CodeIgniter\HTTP\IncomingRequest), Object(CodeIgniter\HTTP\Response), Object(CodeIgniter\Log\Logger))
13 SYSTEMPATH\CodeIgniter.php(493): CodeIgniter\CodeIgniter->createController()
14 SYSTEMPATH\CodeIgniter.php(361): CodeIgniter\CodeIgniter->handleRequest(null, Object(Config\Cache), false)
15 FCPATH\index.php(79): CodeIgniter\CodeIgniter->run()
16 SYSTEMPATH\Commands\Server\rewrite.php(47): require_once('C:\\xampp\\htdocs\\sa_maria\\public\\index.php')
CRITICAL - 2026-03-16 18:11:08 --> [Caused by] CodeIgniter\Database\Exceptions\DatabaseException: Table 'sa_maria.ci_sessions' doesn't exist
in SYSTEMPATH\Database\MySQLi\Connection.php on line 311.
 1 SYSTEMPATH\Database\BaseConnection.php(693): CodeIgniter\Database\MySQLi\Connection->execute('SELECT `data`
FROM `ci_sessions`
WHERE `id` = \'ci_session:2n674c9b6olanmcicsf2jnsubke6pak0\'')
 2 SYSTEMPATH\Database\BaseConnection.php(607): CodeIgniter\Database\BaseConnection->simpleQuery('SELECT `data`
FROM `ci_sessions`
WHERE `id` = \'ci_session:2n674c9b6olanmcicsf2jnsubke6pak0\'')
 3 SYSTEMPATH\Database\BaseBuilder.php(1616): CodeIgniter\Database\BaseConnection->query('SELECT `data`
FROM `ci_sessions`
WHERE `id` = :id:', [...], false)
 4 SYSTEMPATH\Session\Handlers\DatabaseHandler.php(133): CodeIgniter\Database\BaseBuilder->get()
 5 [internal function]: CodeIgniter\Session\Handlers\DatabaseHandler->read('2n674c9b6olanmcicsf2jnsubke6pak0')
 6 SYSTEMPATH\Session\Session.php(919): session_start()
 7 SYSTEMPATH\Session\Session.php(241): CodeIgniter\Session\Session->startSession()
 8 SYSTEMPATH\Config\Services.php(693): CodeIgniter\Session\Session->start()
 9 SYSTEMPATH\Config\BaseService.php(258): CodeIgniter\Config\Services::session(Object(Config\Session), false)
10 SYSTEMPATH\Config\BaseService.php(199): CodeIgniter\Config\BaseService::__callStatic('session', [...])
11 SYSTEMPATH\Config\Services.php(664): CodeIgniter\Config\BaseService::getSharedInstance('session', null)
12 SYSTEMPATH\Config\BaseService.php(258): CodeIgniter\Config\Services::session()
13 APPPATH\Controllers\BaseController.php(31): CodeIgniter\Config\BaseService::__callStatic('session', [])
14 SYSTEMPATH\CodeIgniter.php(914): App\Controllers\BaseController->initController(Object(CodeIgniter\HTTP\IncomingRequest), Object(CodeIgniter\HTTP\Response), Object(CodeIgniter\Log\Logger))
15 SYSTEMPATH\CodeIgniter.php(493): CodeIgniter\CodeIgniter->createController()
16 SYSTEMPATH\CodeIgniter.php(361): CodeIgniter\CodeIgniter->handleRequest(null, Object(Config\Cache), false)
17 FCPATH\index.php(79): CodeIgniter\CodeIgniter->run()
18 SYSTEMPATH\Commands\Server\rewrite.php(47): require_once('C:\\xampp\\htdocs\\sa_maria\\public\\index.php')
CRITICAL - 2026-03-16 18:11:08 --> [Caused by] mysqli_sql_exception: Table 'sa_maria.ci_sessions' doesn't exist
in SYSTEMPATH\Database\MySQLi\Connection.php on line 306.
 1 SYSTEMPATH\Database\MySQLi\Connection.php(306): mysqli->query('SELECT `data`
FROM `ci_sessions`
WHERE `id` = \'ci_session:2n674c9b6olanmcicsf2jnsubke6pak0\'', 0)
 2 SYSTEMPATH\Database\BaseConnection.php(693): CodeIgniter\Database\MySQLi\Connection->execute('SELECT `data`
FROM `ci_sessions`
WHERE `id` = \'ci_session:2n674c9b6olanmcicsf2jnsubke6pak0\'')
 3 SYSTEMPATH\Database\BaseConnection.php(607): CodeIgniter\Database\BaseConnection->simpleQuery('SELECT `data`
FROM `ci_sessions`
WHERE `id` = \'ci_session:2n674c9b6olanmcicsf2jnsubke6pak0\'')
 4 SYSTEMPATH\Database\BaseBuilder.php(1616): CodeIgniter\Database\BaseConnection->query('SELECT `data`
FROM `ci_sessions`
WHERE `id` = :id:', [...], false)
 5 SYSTEMPATH\Session\Handlers\DatabaseHandler.php(133): CodeIgniter\Database\BaseBuilder->get()
 6 [internal function]: CodeIgniter\Session\Handlers\DatabaseHandler->read('2n674c9b6olanmcicsf2jnsubke6pak0')
 7 SYSTEMPATH\Session\Session.php(919): session_start()
 8 SYSTEMPATH\Session\Session.php(241): CodeIgniter\Session\Session->startSession()
 9 SYSTEMPATH\Config\Services.php(693): CodeIgniter\Session\Session->start()
10 SYSTEMPATH\Config\BaseService.php(258): CodeIgniter\Config\Services::session(Object(Config\Session), false)
11 SYSTEMPATH\Config\BaseService.php(199): CodeIgniter\Config\BaseService::__callStatic('session', [...])
12 SYSTEMPATH\Config\Services.php(664): CodeIgniter\Config\BaseService::getSharedInstance('session', null)
13 SYSTEMPATH\Config\BaseService.php(258): CodeIgniter\Config\Services::session()
14 APPPATH\Controllers\BaseController.php(31): CodeIgniter\Config\BaseService::__callStatic('session', [])
15 SYSTEMPATH\CodeIgniter.php(914): App\Controllers\BaseController->initController(Object(CodeIgniter\HTTP\IncomingRequest), Object(CodeIgniter\HTTP\Response), Object(CodeIgniter\Log\Logger))
16 SYSTEMPATH\CodeIgniter.php(493): CodeIgniter\CodeIgniter->createController()
17 SYSTEMPATH\CodeIgniter.php(361): CodeIgniter\CodeIgniter->handleRequest(null, Object(Config\Cache), false)
18 FCPATH\index.php(79): CodeIgniter\CodeIgniter->run()
19 SYSTEMPATH\Commands\Server\rewrite.php(47): require_once('C:\\xampp\\htdocs\\sa_maria\\public\\index.php')
INFO - 2026-03-16 18:11:45 --> Session: Class initialized using 'CodeIgniter\Session\Handlers\DatabaseHandler' driver.
INFO - 2026-03-16 18:11:55 --> Session: Class initialized using 'CodeIgniter\Session\Handlers\DatabaseHandler' driver.
ERROR - 2026-03-16 18:11:55 --> mysqli_sql_exception: Table 'sa_maria.fonction_poste' doesn't exist in C:\xampp\htdocs\sa_maria\system\Database\MySQLi\Connection.php:306
Stack trace:
#0 C:\xampp\htdocs\sa_maria\system\Database\MySQLi\Connection.php(306): mysqli->query('SELECT * FROM u...', 0)
#1 C:\xampp\htdocs\sa_maria\system\Database\BaseConnection.php(693): CodeIgniter\Database\MySQLi\Connection->execute('SELECT * FROM u...')
#2 C:\xampp\htdocs\sa_maria\system\Database\BaseConnection.php(607): CodeIgniter\Database\BaseConnection->simpleQuery('SELECT * FROM u...')
#3 C:\xampp\htdocs\sa_maria\app\Controllers\login\login.php(22): CodeIgniter\Database\BaseConnection->query('SELECT * FROM u...')
#4 C:\xampp\htdocs\sa_maria\system\CodeIgniter.php(941): App\Controllers\login\login->login()
#5 C:\xampp\htdocs\sa_maria\system\CodeIgniter.php(502): CodeIgniter\CodeIgniter->runController(Object(App\Controllers\login\login))
#6 C:\xampp\htdocs\sa_maria\system\CodeIgniter.php(361): CodeIgniter\CodeIgniter->handleRequest(NULL, Object(Config\Cache), false)
#7 C:\xampp\htdocs\sa_maria\public\index.php(79): CodeIgniter\CodeIgniter->run()
#8 C:\xampp\htdocs\sa_maria\system\Commands\Server\rewrite.php(47): require_once('C:\\xampp\\htdocs...')
#9 {main}
CRITICAL - 2026-03-16 18:11:55 --> CodeIgniter\Database\Exceptions\DatabaseException: Table 'sa_maria.fonction_poste' doesn't exist
in SYSTEMPATH\Database\BaseConnection.php on line 647.
 1 APPPATH\Controllers\login\login.php(22): CodeIgniter\Database\BaseConnection->query('SELECT * FROM users AS `user` join `fonction_poste` AS `poste` on poste.ID_FONCTION=user.ID_FONCTION join `agence` AS `ag` ON ag.ID_AGENCE=user.ID_AGENCE where USERNAME=\'Alain\' AND PASSWORD=12 AND user.EST_ACTIVE=1')
 2 SYSTEMPATH\CodeIgniter.php(941): App\Controllers\login\login->login()
 3 SYSTEMPATH\CodeIgniter.php(502): CodeIgniter\CodeIgniter->runController(Object(App\Controllers\login\login))
 4 SYSTEMPATH\CodeIgniter.php(361): CodeIgniter\CodeIgniter->handleRequest(null, Object(Config\Cache), false)
 5 FCPATH\index.php(79): CodeIgniter\CodeIgniter->run()
 6 SYSTEMPATH\Commands\Server\rewrite.php(47): require_once('C:\\xampp\\htdocs\\sa_maria\\public\\index.php')
CRITICAL - 2026-03-16 18:11:55 --> [Caused by] CodeIgniter\Database\Exceptions\DatabaseException: Table 'sa_maria.fonction_poste' doesn't exist
in SYSTEMPATH\Database\MySQLi\Connection.php on line 311.
 1 SYSTEMPATH\Database\BaseConnection.php(693): CodeIgniter\Database\MySQLi\Connection->execute('SELECT * FROM users AS `user` join `fonction_poste` AS `poste` on poste.ID_FONCTION=user.ID_FONCTION join `agence` AS `ag` ON ag.ID_AGENCE=user.ID_AGENCE where USERNAME=\'Alain\' AND PASSWORD=12 AND user.EST_ACTIVE=1')
 2 SYSTEMPATH\Database\BaseConnection.php(607): CodeIgniter\Database\BaseConnection->simpleQuery('SELECT * FROM users AS `user` join `fonction_poste` AS `poste` on poste.ID_FONCTION=user.ID_FONCTION join `agence` AS `ag` ON ag.ID_AGENCE=user.ID_AGENCE where USERNAME=\'Alain\' AND PASSWORD=12 AND user.EST_ACTIVE=1')
 3 APPPATH\Controllers\login\login.php(22): CodeIgniter\Database\BaseConnection->query('SELECT * FROM users AS `user` join `fonction_poste` AS `poste` on poste.ID_FONCTION=user.ID_FONCTION join `agence` AS `ag` ON ag.ID_AGENCE=user.ID_AGENCE where USERNAME=\'Alain\' AND PASSWORD=12 AND user.EST_ACTIVE=1')
 4 SYSTEMPATH\CodeIgniter.php(941): App\Controllers\login\login->login()
 5 SYSTEMPATH\CodeIgniter.php(502): CodeIgniter\CodeIgniter->runController(Object(App\Controllers\login\login))
 6 SYSTEMPATH\CodeIgniter.php(361): CodeIgniter\CodeIgniter->handleRequest(null, Object(Config\Cache), false)
 7 FCPATH\index.php(79): CodeIgniter\CodeIgniter->run()
 8 SYSTEMPATH\Commands\Server\rewrite.php(47): require_once('C:\\xampp\\htdocs\\sa_maria\\public\\index.php')
CRITICAL - 2026-03-16 18:11:55 --> [Caused by] mysqli_sql_exception: Table 'sa_maria.fonction_poste' doesn't exist
in SYSTEMPATH\Database\MySQLi\Connection.php on line 306.
 1 SYSTEMPATH\Database\MySQLi\Connection.php(306): mysqli->query('SELECT * FROM users AS `user` join `fonction_poste` AS `poste` on poste.ID_FONCTION=user.ID_FONCTION join `agence` AS `ag` ON ag.ID_AGENCE=user.ID_AGENCE where USERNAME=\'Alain\' AND PASSWORD=12 AND user.EST_ACTIVE=1', 0)
 2 SYSTEMPATH\Database\BaseConnection.php(693): CodeIgniter\Database\MySQLi\Connection->execute('SELECT * FROM users AS `user` join `fonction_poste` AS `poste` on poste.ID_FONCTION=user.ID_FONCTION join `agence` AS `ag` ON ag.ID_AGENCE=user.ID_AGENCE where USERNAME=\'Alain\' AND PASSWORD=12 AND user.EST_ACTIVE=1')
 3 SYSTEMPATH\Database\BaseConnection.php(607): CodeIgniter\Database\BaseConnection->simpleQuery('SELECT * FROM users AS `user` join `fonction_poste` AS `poste` on poste.ID_FONCTION=user.ID_FONCTION join `agence` AS `ag` ON ag.ID_AGENCE=user.ID_AGENCE where USERNAME=\'Alain\' AND PASSWORD=12 AND user.EST_ACTIVE=1')
 4 APPPATH\Controllers\login\login.php(22): CodeIgniter\Database\BaseConnection->query('SELECT * FROM users AS `user` join `fonction_poste` AS `poste` on poste.ID_FONCTION=user.ID_FONCTION join `agence` AS `ag` ON ag.ID_AGENCE=user.ID_AGENCE where USERNAME=\'Alain\' AND PASSWORD=12 AND user.EST_ACTIVE=1')
 5 SYSTEMPATH\CodeIgniter.php(941): App\Controllers\login\login->login()
 6 SYSTEMPATH\CodeIgniter.php(502): CodeIgniter\CodeIgniter->runController(Object(App\Controllers\login\login))
 7 SYSTEMPATH\CodeIgniter.php(361): CodeIgniter\CodeIgniter->handleRequest(null, Object(Config\Cache), false)
 8 FCPATH\index.php(79): CodeIgniter\CodeIgniter->run()
 9 SYSTEMPATH\Commands\Server\rewrite.php(47): require_once('C:\\xampp\\htdocs\\sa_maria\\public\\index.php')
INFO - 2026-03-16 18:15:27 --> Session: Class initialized using 'CodeIgniter\Session\Handlers\DatabaseHandler' driver.
ERROR - 2026-03-16 18:15:27 --> mysqli_sql_exception: Unknown column 'c20ad4d76fe97759aa27a0c99bff6710' in 'where clause' in C:\xampp\htdocs\sa_maria\system\Database\MySQLi\Connection.php:306
Stack trace:
#0 C:\xampp\htdocs\sa_maria\system\Database\MySQLi\Connection.php(306): mysqli->query('SELECT * FROM u...', 0)
#1 C:\xampp\htdocs\sa_maria\system\Database\BaseConnection.php(693): CodeIgniter\Database\MySQLi\Connection->execute('SELECT * FROM u...')
#2 C:\xampp\htdocs\sa_maria\system\Database\BaseConnection.php(607): CodeIgniter\Database\BaseConnection->simpleQuery('SELECT * FROM u...')
#3 C:\xampp\htdocs\sa_maria\app\Controllers\login\login.php(22): CodeIgniter\Database\BaseConnection->query('SELECT * FROM u...')
#4 C:\xampp\htdocs\sa_maria\system\CodeIgniter.php(941): App\Controllers\login\login->login()
#5 C:\xampp\htdocs\sa_maria\system\CodeIgniter.php(502): CodeIgniter\CodeIgniter->runController(Object(App\Controllers\login\login))
#6 C:\xampp\htdocs\sa_maria\system\CodeIgniter.php(361): CodeIgniter\CodeIgniter->handleRequest(NULL, Object(Config\Cache), false)
#7 C:\xampp\htdocs\sa_maria\public\index.php(79): CodeIgniter\CodeIgniter->run()
#8 C:\xampp\htdocs\sa_maria\system\Commands\Server\rewrite.php(47): require_once('C:\\xampp\\htdocs...')
#9 {main}
CRITICAL - 2026-03-16 18:15:27 --> CodeIgniter\Database\Exceptions\DatabaseException: Unknown column 'c20ad4d76fe97759aa27a0c99bff6710' in 'where clause'
in SYSTEMPATH\Database\BaseConnection.php on line 647.
 1 APPPATH\Controllers\login\login.php(22): CodeIgniter\Database\BaseConnection->query('SELECT * FROM users AS `user` where USERNAME=\'Alain\' AND MD5(PASSWORD)=c20ad4d76fe97759aa27a0c99bff6710 AND user.EST_ACTIVE=1')
 2 SYSTEMPATH\CodeIgniter.php(941): App\Controllers\login\login->login()
 3 SYSTEMPATH\CodeIgniter.php(502): CodeIgniter\CodeIgniter->runController(Object(App\Controllers\login\login))
 4 SYSTEMPATH\CodeIgniter.php(361): CodeIgniter\CodeIgniter->handleRequest(null, Object(Config\Cache), false)
 5 FCPATH\index.php(79): CodeIgniter\CodeIgniter->run()
 6 SYSTEMPATH\Commands\Server\rewrite.php(47): require_once('C:\\xampp\\htdocs\\sa_maria\\public\\index.php')
CRITICAL - 2026-03-16 18:15:27 --> [Caused by] CodeIgniter\Database\Exceptions\DatabaseException: Unknown column 'c20ad4d76fe97759aa27a0c99bff6710' in 'where clause'
in SYSTEMPATH\Database\MySQLi\Connection.php on line 311.
 1 SYSTEMPATH\Database\BaseConnection.php(693): CodeIgniter\Database\MySQLi\Connection->execute('SELECT * FROM users AS `user` where USERNAME=\'Alain\' AND MD5(PASSWORD)=c20ad4d76fe97759aa27a0c99bff6710 AND user.EST_ACTIVE=1')
 2 SYSTEMPATH\Database\BaseConnection.php(607): CodeIgniter\Database\BaseConnection->simpleQuery('SELECT * FROM users AS `user` where USERNAME=\'Alain\' AND MD5(PASSWORD)=c20ad4d76fe97759aa27a0c99bff6710 AND user.EST_ACTIVE=1')
 3 APPPATH\Controllers\login\login.php(22): CodeIgniter\Database\BaseConnection->query('SELECT * FROM users AS `user` where USERNAME=\'Alain\' AND MD5(PASSWORD)=c20ad4d76fe97759aa27a0c99bff6710 AND user.EST_ACTIVE=1')
 4 SYSTEMPATH\CodeIgniter.php(941): App\Controllers\login\login->login()
 5 SYSTEMPATH\CodeIgniter.php(502): CodeIgniter\CodeIgniter->runController(Object(App\Controllers\login\login))
 6 SYSTEMPATH\CodeIgniter.php(361): CodeIgniter\CodeIgniter->handleRequest(null, Object(Config\Cache), false)
 7 FCPATH\index.php(79): CodeIgniter\CodeIgniter->run()
 8 SYSTEMPATH\Commands\Server\rewrite.php(47): require_once('C:\\xampp\\htdocs\\sa_maria\\public\\index.php')
CRITICAL - 2026-03-16 18:15:27 --> [Caused by] mysqli_sql_exception: Unknown column 'c20ad4d76fe97759aa27a0c99bff6710' in 'where clause'
in SYSTEMPATH\Database\MySQLi\Connection.php on line 306.
 1 SYSTEMPATH\Database\MySQLi\Connection.php(306): mysqli->query('SELECT * FROM users AS `user` where USERNAME=\'Alain\' AND MD5(PASSWORD)=c20ad4d76fe97759aa27a0c99bff6710 AND user.EST_ACTIVE=1', 0)
 2 SYSTEMPATH\Database\BaseConnection.php(693): CodeIgniter\Database\MySQLi\Connection->execute('SELECT * FROM users AS `user` where USERNAME=\'Alain\' AND MD5(PASSWORD)=c20ad4d76fe97759aa27a0c99bff6710 AND user.EST_ACTIVE=1')
 3 SYSTEMPATH\Database\BaseConnection.php(607): CodeIgniter\Database\BaseConnection->simpleQuery('SELECT * FROM users AS `user` where USERNAME=\'Alain\' AND MD5(PASSWORD)=c20ad4d76fe97759aa27a0c99bff6710 AND user.EST_ACTIVE=1')
 4 APPPATH\Controllers\login\login.php(22): CodeIgniter\Database\BaseConnection->query('SELECT * FROM users AS `user` where USERNAME=\'Alain\' AND MD5(PASSWORD)=c20ad4d76fe97759aa27a0c99bff6710 AND user.EST_ACTIVE=1')
 5 SYSTEMPATH\CodeIgniter.php(941): App\Controllers\login\login->login()
 6 SYSTEMPATH\CodeIgniter.php(502): CodeIgniter\CodeIgniter->runController(Object(App\Controllers\login\login))
 7 SYSTEMPATH\CodeIgniter.php(361): CodeIgniter\CodeIgniter->handleRequest(null, Object(Config\Cache), false)
 8 FCPATH\index.php(79): CodeIgniter\CodeIgniter->run()
 9 SYSTEMPATH\Commands\Server\rewrite.php(47): require_once('C:\\xampp\\htdocs\\sa_maria\\public\\index.php')
INFO - 2026-03-16 18:15:47 --> Session: Class initialized using 'CodeIgniter\Session\Handlers\DatabaseHandler' driver.
INFO - 2026-03-16 18:16:03 --> Session: Class initialized using 'CodeIgniter\Session\Handlers\DatabaseHandler' driver.
INFO - 2026-03-16 18:16:47 --> Session: Class initialized using 'CodeIgniter\Session\Handlers\DatabaseHandler' driver.
INFO - 2026-03-16 18:20:45 --> Session: Class initialized using 'CodeIgniter\Session\Handlers\DatabaseHandler' driver.
INFO - 2026-03-16 18:20:56 --> Session: Class initialized using 'CodeIgniter\Session\Handlers\DatabaseHandler' driver.
INFO - 2026-03-16 18:22:46 --> Session: Class initialized using 'CodeIgniter\Session\Handlers\DatabaseHandler' driver.
INFO - 2026-03-16 18:22:47 --> Session: Class initialized using 'CodeIgniter\Session\Handlers\DatabaseHandler' driver.
INFO - 2026-03-16 18:22:47 --> Session: Class initialized using 'CodeIgniter\Session\Handlers\DatabaseHandler' driver.
INFO - 2026-03-16 18:22:48 --> Session: Class initialized using 'CodeIgniter\Session\Handlers\DatabaseHandler' driver.
ERROR - 2026-03-16 18:22:48 --> mysqli_sql_exception: Table 'sa_maria.demande_conge' doesn't exist in C:\xampp\htdocs\sa_maria\system\Database\MySQLi\Connection.php:306
Stack trace:
#0 C:\xampp\htdocs\sa_maria\system\Database\MySQLi\Connection.php(306): mysqli->query('SELECT * FROM d...', 0)
#1 C:\xampp\htdocs\sa_maria\system\Database\BaseConnection.php(693): CodeIgniter\Database\MySQLi\Connection->execute('SELECT * FROM d...')
#2 C:\xampp\htdocs\sa_maria\system\Database\BaseConnection.php(607): CodeIgniter\Database\BaseConnection->simpleQuery('SELECT * FROM d...')
#3 C:\xampp\htdocs\sa_maria\app\Controllers\dashbord\Dashbord.php(68): CodeIgniter\Database\BaseConnection->query('SELECT * FROM d...')
#4 C:\xampp\htdocs\sa_maria\app\Controllers\dashbord\Dashbord.php(21): App\Controllers\dashbord\Dashbord->get_data(3)
#5 C:\xampp\htdocs\sa_maria\system\CodeIgniter.php(941): App\Controllers\dashbord\Dashbord->index()
#6 C:\xampp\htdocs\sa_maria\system\CodeIgniter.php(502): CodeIgniter\CodeIgniter->runController(Object(App\Controllers\dashbord\Dashbord))
#7 C:\xampp\htdocs\sa_maria\system\CodeIgniter.php(361): CodeIgniter\CodeIgniter->handleRequest(NULL, Object(Config\Cache), false)
#8 C:\xampp\htdocs\sa_maria\public\index.php(79): CodeIgniter\CodeIgniter->run()
#9 C:\xampp\htdocs\sa_maria\system\Commands\Server\rewrite.php(47): require_once('C:\\xampp\\htdocs...')
#10 {main}
CRITICAL - 2026-03-16 18:22:48 --> CodeIgniter\Database\Exceptions\DatabaseException: Table 'sa_maria.demande_conge' doesn't exist
in SYSTEMPATH\Database\BaseConnection.php on line 647.
 1 APPPATH\Controllers\dashbord\Dashbord.php(68): CodeIgniter\Database\BaseConnection->query('SELECT * FROM demande_conge JOIN type_conge ON type_conge.ID_TYPE_CONGE =demande_conge.ID_TYPE_CONGE JOIN users ON users.USER_ID=demande_conge.ID_USER WHERE  YEAR(DATE_INSERTION)=YEAR(CURDATE()) ORDER BY ID_DEMANDE DESC')
 2 APPPATH\Controllers\dashbord\Dashbord.php(21): App\Controllers\dashbord\Dashbord->get_data(3)
 3 SYSTEMPATH\CodeIgniter.php(941): App\Controllers\dashbord\Dashbord->index()
 4 SYSTEMPATH\CodeIgniter.php(502): CodeIgniter\CodeIgniter->runController(Object(App\Controllers\dashbord\Dashbord))
 5 SYSTEMPATH\CodeIgniter.php(361): CodeIgniter\CodeIgniter->handleRequest(null, Object(Config\Cache), false)
 6 FCPATH\index.php(79): CodeIgniter\CodeIgniter->run()
 7 SYSTEMPATH\Commands\Server\rewrite.php(47): require_once('C:\\xampp\\htdocs\\sa_maria\\public\\index.php')
CRITICAL - 2026-03-16 18:22:48 --> [Caused by] CodeIgniter\Database\Exceptions\DatabaseException: Table 'sa_maria.demande_conge' doesn't exist
in SYSTEMPATH\Database\MySQLi\Connection.php on line 311.
 1 SYSTEMPATH\Database\BaseConnection.php(693): CodeIgniter\Database\MySQLi\Connection->execute('SELECT * FROM demande_conge JOIN type_conge ON type_conge.ID_TYPE_CONGE =demande_conge.ID_TYPE_CONGE JOIN users ON users.USER_ID=demande_conge.ID_USER WHERE  YEAR(DATE_INSERTION)=YEAR(CURDATE()) ORDER BY ID_DEMANDE DESC')
 2 SYSTEMPATH\Database\BaseConnection.php(607): CodeIgniter\Database\BaseConnection->simpleQuery('SELECT * FROM demande_conge JOIN type_conge ON type_conge.ID_TYPE_CONGE =demande_conge.ID_TYPE_CONGE JOIN users ON users.USER_ID=demande_conge.ID_USER WHERE  YEAR(DATE_INSERTION)=YEAR(CURDATE()) ORDER BY ID_DEMANDE DESC')
 3 APPPATH\Controllers\dashbord\Dashbord.php(68): CodeIgniter\Database\BaseConnection->query('SELECT * FROM demande_conge JOIN type_conge ON type_conge.ID_TYPE_CONGE =demande_conge.ID_TYPE_CONGE JOIN users ON users.USER_ID=demande_conge.ID_USER WHERE  YEAR(DATE_INSERTION)=YEAR(CURDATE()) ORDER BY ID_DEMANDE DESC')
 4 APPPATH\Controllers\dashbord\Dashbord.php(21): App\Controllers\dashbord\Dashbord->get_data(3)
 5 SYSTEMPATH\CodeIgniter.php(941): App\Controllers\dashbord\Dashbord->index()
 6 SYSTEMPATH\CodeIgniter.php(502): CodeIgniter\CodeIgniter->runController(Object(App\Controllers\dashbord\Dashbord))
 7 SYSTEMPATH\CodeIgniter.php(361): CodeIgniter\CodeIgniter->handleRequest(null, Object(Config\Cache), false)
 8 FCPATH\index.php(79): CodeIgniter\CodeIgniter->run()
 9 SYSTEMPATH\Commands\Server\rewrite.php(47): require_once('C:\\xampp\\htdocs\\sa_maria\\public\\index.php')
CRITICAL - 2026-03-16 18:22:48 --> [Caused by] mysqli_sql_exception: Table 'sa_maria.demande_conge' doesn't exist
in SYSTEMPATH\Database\MySQLi\Connection.php on line 306.
 1 SYSTEMPATH\Database\MySQLi\Connection.php(306): mysqli->query('SELECT * FROM demande_conge JOIN type_conge ON type_conge.ID_TYPE_CONGE =demande_conge.ID_TYPE_CONGE JOIN users ON users.USER_ID=demande_conge.ID_USER WHERE  YEAR(DATE_INSERTION)=YEAR(CURDATE()) ORDER BY ID_DEMANDE DESC', 0)
 2 SYSTEMPATH\Database\BaseConnection.php(693): CodeIgniter\Database\MySQLi\Connection->execute('SELECT * FROM demande_conge JOIN type_conge ON type_conge.ID_TYPE_CONGE =demande_conge.ID_TYPE_CONGE JOIN users ON users.USER_ID=demande_conge.ID_USER WHERE  YEAR(DATE_INSERTION)=YEAR(CURDATE()) ORDER BY ID_DEMANDE DESC')
 3 SYSTEMPATH\Database\BaseConnection.php(607): CodeIgniter\Database\BaseConnection->simpleQuery('SELECT * FROM demande_conge JOIN type_conge ON type_conge.ID_TYPE_CONGE =demande_conge.ID_TYPE_CONGE JOIN users ON users.USER_ID=demande_conge.ID_USER WHERE  YEAR(DATE_INSERTION)=YEAR(CURDATE()) ORDER BY ID_DEMANDE DESC')
 4 APPPATH\Controllers\dashbord\Dashbord.php(68): CodeIgniter\Database\BaseConnection->query('SELECT * FROM demande_conge JOIN type_conge ON type_conge.ID_TYPE_CONGE =demande_conge.ID_TYPE_CONGE JOIN users ON users.USER_ID=demande_conge.ID_USER WHERE  YEAR(DATE_INSERTION)=YEAR(CURDATE()) ORDER BY ID_DEMANDE DESC')
 5 APPPATH\Controllers\dashbord\Dashbord.php(21): App\Controllers\dashbord\Dashbord->get_data(3)
 6 SYSTEMPATH\CodeIgniter.php(941): App\Controllers\dashbord\Dashbord->index()
 7 SYSTEMPATH\CodeIgniter.php(502): CodeIgniter\CodeIgniter->runController(Object(App\Controllers\dashbord\Dashbord))
 8 SYSTEMPATH\CodeIgniter.php(361): CodeIgniter\CodeIgniter->handleRequest(null, Object(Config\Cache), false)
 9 FCPATH\index.php(79): CodeIgniter\CodeIgniter->run()
10 SYSTEMPATH\Commands\Server\rewrite.php(47): require_once('C:\\xampp\\htdocs\\sa_maria\\public\\index.php')
