ERROR - 2024-10-06 17:29:04 --> Error connecting to the database: mysqli_sql_exception: Aucune connexion n’a pu être établie car l’ordinateur cible l’a expressément refusée.
 in C:\xampp\htdocs\geco\system\Database\MySQLi\Connection.php:185
Stack trace:
#0 C:\xampp\htdocs\geco\system\Database\MySQLi\Connection.php(185): mysqli->real_connect('localhost', 'root', '', 'geco', 3306, '', 0)
#1 C:\xampp\htdocs\geco\system\Database\BaseConnection.php(392): CodeIgniter\Database\MySQLi\Connection->connect(false)
#2 C:\xampp\htdocs\geco\system\Database\BaseConnection.php(575): CodeIgniter\Database\BaseConnection->initialize()
#3 C:\xampp\htdocs\geco\app\Controllers\login\login.php(21): CodeIgniter\Database\BaseConnection->query('SELECT * FROM `...')
#4 C:\xampp\htdocs\geco\system\CodeIgniter.php(941): App\Controllers\login\login->login()
#5 C:\xampp\htdocs\geco\system\CodeIgniter.php(502): CodeIgniter\CodeIgniter->runController(Object(App\Controllers\login\login))
#6 C:\xampp\htdocs\geco\system\CodeIgniter.php(361): CodeIgniter\CodeIgniter->handleRequest(NULL, Object(Config\Cache), false)
#7 C:\xampp\htdocs\geco\public\index.php(79): CodeIgniter\CodeIgniter->run()
#8 C:\xampp\htdocs\geco\system\Commands\Server\rewrite.php(47): require_once('C:\\xampp\\htdocs...')
#9 {main}

Next CodeIgniter\Database\Exceptions\DatabaseException: Aucune connexion n’a pu être établie car l’ordinateur cible l’a expressément refusée.
 in C:\xampp\htdocs\geco\system\Database\MySQLi\Connection.php:229
Stack trace:
#0 C:\xampp\htdocs\geco\system\Database\BaseConnection.php(392): CodeIgniter\Database\MySQLi\Connection->connect(false)
#1 C:\xampp\htdocs\geco\system\Database\BaseConnection.php(575): CodeIgniter\Database\BaseConnection->initialize()
#2 C:\xampp\htdocs\geco\app\Controllers\login\login.php(21): CodeIgniter\Database\BaseConnection->query('SELECT * FROM `...')
#3 C:\xampp\htdocs\geco\system\CodeIgniter.php(941): App\Controllers\login\login->login()
#4 C:\xampp\htdocs\geco\system\CodeIgniter.php(502): CodeIgniter\CodeIgniter->runController(Object(App\Controllers\login\login))
#5 C:\xampp\htdocs\geco\system\CodeIgniter.php(361): CodeIgniter\CodeIgniter->handleRequest(NULL, Object(Config\Cache), false)
#6 C:\xampp\htdocs\geco\public\index.php(79): CodeIgniter\CodeIgniter->run()
#7 C:\xampp\htdocs\geco\system\Commands\Server\rewrite.php(47): require_once('C:\\xampp\\htdocs...')
#8 {main}
CRITICAL - 2024-10-06 17:29:04 --> CodeIgniter\Database\Exceptions\DatabaseException: Unable to connect to the database.
Main connection [MySQLi]: Aucune connexion n’a pu être établie car l’ordinateur cible l’a expressément refusée.

in SYSTEMPATH\Database\BaseConnection.php on line 428.
 1 SYSTEMPATH\Database\BaseConnection.php(575): CodeIgniter\Database\BaseConnection->initialize()
 2 APPPATH\Controllers\login\login.php(21): CodeIgniter\Database\BaseConnection->query('SELECT * FROM `users` AS `user` join `fonction_poste` AS `poste` on poste.ID_FONCTION=user.ID_FONCTION join `lieu_affectation` AS `affect` ON affect.ID_LIEU_AFFECTATION=user.ID_LIEU_AFFECTATION where USERNAME=\'admin@suiviptba.bi\' AND PASSWORD=987654321')
 3 SYSTEMPATH\CodeIgniter.php(941): App\Controllers\login\login->login()
 4 SYSTEMPATH\CodeIgniter.php(502): CodeIgniter\CodeIgniter->runController(Object(App\Controllers\login\login))
 5 SYSTEMPATH\CodeIgniter.php(361): CodeIgniter\CodeIgniter->handleRequest(null, Object(Config\Cache), false)
 6 FCPATH\index.php(79): CodeIgniter\CodeIgniter->run()
 7 SYSTEMPATH\Commands\Server\rewrite.php(47): require_once('C:\\xampp\\htdocs\\geco\\public\\index.php')
INFO - 2024-10-06 17:32:02 --> Session: Class initialized using 'CodeIgniter\Session\Handlers\FileHandler' driver.
INFO - 2024-10-06 17:32:13 --> Session: Class initialized using 'CodeIgniter\Session\Handlers\FileHandler' driver.
INFO - 2024-10-06 17:35:35 --> Session: Class initialized using 'CodeIgniter\Session\Handlers\FileHandler' driver.
INFO - 2024-10-06 17:35:47 --> Session: Class initialized using 'CodeIgniter\Session\Handlers\FileHandler' driver.
INFO - 2024-10-06 17:37:16 --> Session: Class initialized using 'CodeIgniter\Session\Handlers\FileHandler' driver.
INFO - 2024-10-06 18:28:14 --> Session: Class initialized using 'CodeIgniter\Session\Handlers\FileHandler' driver.
INFO - 2024-10-06 18:28:54 --> Session: Class initialized using 'CodeIgniter\Session\Handlers\FileHandler' driver.
INFO - 2024-10-06 18:29:35 --> Session: Class initialized using 'CodeIgniter\Session\Handlers\FileHandler' driver.
INFO - 2024-10-06 18:42:35 --> Session: Class initialized using 'CodeIgniter\Session\Handlers\FileHandler' driver.
INFO - 2024-10-06 18:45:17 --> Session: Class initialized using 'CodeIgniter\Session\Handlers\FileHandler' driver.
INFO - 2024-10-06 18:47:24 --> Session: Class initialized using 'CodeIgniter\Session\Handlers\FileHandler' driver.
INFO - 2024-10-06 18:47:56 --> Session: Class initialized using 'CodeIgniter\Session\Handlers\FileHandler' driver.
INFO - 2024-10-06 18:48:15 --> Session: Class initialized using 'CodeIgniter\Session\Handlers\FileHandler' driver.
INFO - 2024-10-06 18:49:09 --> Session: Class initialized using 'CodeIgniter\Session\Handlers\FileHandler' driver.
INFO - 2024-10-06 18:49:47 --> Session: Class initialized using 'CodeIgniter\Session\Handlers\FileHandler' driver.
INFO - 2024-10-06 18:54:13 --> Session: Class initialized using 'CodeIgniter\Session\Handlers\FileHandler' driver.
INFO - 2024-10-06 18:55:01 --> Session: Class initialized using 'CodeIgniter\Session\Handlers\FileHandler' driver.
CRITICAL - 2024-10-06 19:22:44 --> ParseError: syntax error, unexpected '}'
in APPPATH\Controllers\BaseController.php on line 38.
 1 SYSTEMPATH\Autoloader\Autoloader.php(288): CodeIgniter\Autoloader\Autoloader->includeFile('C:\\xampp\\htdocs\\geco\\app\\Controllers\\BaseController.php')
 2 SYSTEMPATH\Autoloader\Autoloader.php(266): CodeIgniter\Autoloader\Autoloader->loadInNamespace('App\\Controllers\\BaseController')
 3 [internal function]: CodeIgniter\Autoloader\Autoloader->loadClass('App\\Controllers\\BaseController')
 4 APPPATH\Controllers\users\users.php(6): spl_autoload_call('App\\Controllers\\BaseController')
 5 SYSTEMPATH\Autoloader\Autoloader.php(309): include_once('C:\\xampp\\htdocs\\geco\\app\\Controllers\\users\\users.php')
 6 SYSTEMPATH\Autoloader\Autoloader.php(288): CodeIgniter\Autoloader\Autoloader->includeFile('C:\\xampp\\htdocs\\geco\\app\\Controllers\\users\\users.php')
 7 SYSTEMPATH\Autoloader\Autoloader.php(266): CodeIgniter\Autoloader\Autoloader->loadInNamespace('App\\Controllers\\users\\users')
 8 [internal function]: CodeIgniter\Autoloader\Autoloader->loadClass('App\\Controllers\\users\\users')
 9 [internal function]: spl_autoload_call('App\\Controllers\\users\\users')
10 SYSTEMPATH\CodeIgniter.php(899): class_exists('\\App\\Controllers\\users\\users', true)
11 SYSTEMPATH\CodeIgniter.php(489): CodeIgniter\CodeIgniter->startController()
12 SYSTEMPATH\CodeIgniter.php(361): CodeIgniter\CodeIgniter->handleRequest(null, Object(Config\Cache), false)
13 FCPATH\index.php(79): CodeIgniter\CodeIgniter->run()
14 SYSTEMPATH\Commands\Server\rewrite.php(47): require_once('C:\\xampp\\htdocs\\geco\\public\\index.php')
CRITICAL - 2024-10-06 19:23:01 --> ErrorException: Declaration of App\Controllers\users\users::save() should be compatible with App\Controllers\BaseController::save($table, $datacolumsinsert)
in APPPATH\Controllers\users\users.php on line 17.
 1 APPPATH\Controllers\users\users.php(6): CodeIgniter\Debug\Exceptions->errorHandler(2, 'Declaration of App\\Controllers\\users\\users::save() should be compatible with App\\Controllers\\BaseController::save($table, $datacolumsinsert)', 'C:\\xampp\\htdocs\\geco\\app\\Controllers\\users\\users.php', 17, [...])
 2 SYSTEMPATH\Autoloader\Autoloader.php(309): include_once('C:\\xampp\\htdocs\\geco\\app\\Controllers\\users\\users.php')
 3 SYSTEMPATH\Autoloader\Autoloader.php(288): CodeIgniter\Autoloader\Autoloader->includeFile('C:\\xampp\\htdocs\\geco\\app\\Controllers\\users\\users.php')
 4 SYSTEMPATH\Autoloader\Autoloader.php(266): CodeIgniter\Autoloader\Autoloader->loadInNamespace('App\\Controllers\\users\\users')
 5 [internal function]: CodeIgniter\Autoloader\Autoloader->loadClass('App\\Controllers\\users\\users')
 6 [internal function]: spl_autoload_call('App\\Controllers\\users\\users')
 7 SYSTEMPATH\CodeIgniter.php(899): class_exists('\\App\\Controllers\\users\\users', true)
 8 SYSTEMPATH\CodeIgniter.php(489): CodeIgniter\CodeIgniter->startController()
 9 SYSTEMPATH\CodeIgniter.php(361): CodeIgniter\CodeIgniter->handleRequest(null, Object(Config\Cache), false)
10 FCPATH\index.php(79): CodeIgniter\CodeIgniter->run()
11 SYSTEMPATH\Commands\Server\rewrite.php(47): require_once('C:\\xampp\\htdocs\\geco\\public\\index.php')
INFO - 2024-10-06 19:23:48 --> Session: Class initialized using 'CodeIgniter\Session\Handlers\FileHandler' driver.
INFO - 2024-10-06 19:25:24 --> Session: Class initialized using 'CodeIgniter\Session\Handlers\FileHandler' driver.
INFO - 2024-10-06 19:25:38 --> Session: Class initialized using 'CodeIgniter\Session\Handlers\FileHandler' driver.
INFO - 2024-10-06 19:27:12 --> Session: Class initialized using 'CodeIgniter\Session\Handlers\FileHandler' driver.
INFO - 2024-10-06 20:35:54 --> Session: Class initialized using 'CodeIgniter\Session\Handlers\FileHandler' driver.
INFO - 2024-10-06 20:35:58 --> Session: Class initialized using 'CodeIgniter\Session\Handlers\FileHandler' driver.
INFO - 2024-10-06 20:38:16 --> Session: Class initialized using 'CodeIgniter\Session\Handlers\FileHandler' driver.
INFO - 2024-10-06 20:38:19 --> Session: Class initialized using 'CodeIgniter\Session\Handlers\FileHandler' driver.
INFO - 2024-10-06 20:38:27 --> Session: Class initialized using 'CodeIgniter\Session\Handlers\FileHandler' driver.
INFO - 2024-10-06 20:41:36 --> Session: Class initialized using 'CodeIgniter\Session\Handlers\FileHandler' driver.
INFO - 2024-10-06 20:49:29 --> Session: Class initialized using 'CodeIgniter\Session\Handlers\FileHandler' driver.
CRITICAL - 2024-10-06 20:49:29 --> ParseError: syntax error, unexpected '.', expecting identifier (T_STRING) or variable (T_VARIABLE) or '{' or '$'
in APPPATH\Views\users\user_list.php on line 37.
 1 SYSTEMPATH\View\View.php(231): CodeIgniter\View\View->CodeIgniter\View\{closure}()
 2 SYSTEMPATH\Common.php(1178): CodeIgniter\View\View->render('App\\Views\\users\\user_list', [], true)
 3 APPPATH\Controllers\users\users.php(17): view('App\\Views\\users\\user_list', [...])
 4 SYSTEMPATH\CodeIgniter.php(941): App\Controllers\users\users->liste()
 5 SYSTEMPATH\CodeIgniter.php(502): CodeIgniter\CodeIgniter->runController(Object(App\Controllers\users\users))
 6 SYSTEMPATH\CodeIgniter.php(361): CodeIgniter\CodeIgniter->handleRequest(null, Object(Config\Cache), false)
 7 FCPATH\index.php(79): CodeIgniter\CodeIgniter->run()
 8 SYSTEMPATH\Commands\Server\rewrite.php(47): require_once('C:\\xampp\\htdocs\\geco\\public\\index.php')
INFO - 2024-10-06 20:49:53 --> Session: Class initialized using 'CodeIgniter\Session\Handlers\FileHandler' driver.
INFO - 2024-10-06 20:50:18 --> Session: Class initialized using 'CodeIgniter\Session\Handlers\FileHandler' driver.
INFO - 2024-10-06 20:50:41 --> Session: Class initialized using 'CodeIgniter\Session\Handlers\FileHandler' driver.
CRITICAL - 2024-10-06 20:50:41 --> ErrorException: Trying to get property 'NOM_USER' of non-object
in APPPATH\Views\users\user_list.php on line 39.
 1 APPPATH\Views\users\user_list.php(39): CodeIgniter\Debug\Exceptions->errorHandler(8, 'Trying to get property \'NOM_USER\' of non-object', 'C:\\xampp\\htdocs\\geco\\app\\Views\\users\\user_list.php', 39, [...])
 2 SYSTEMPATH\View\View.php(228): include('C:\\xampp\\htdocs\\geco\\app\\Views\\users\\user_list.php')
 3 SYSTEMPATH\View\View.php(231): CodeIgniter\View\View->CodeIgniter\View\{closure}()
 4 SYSTEMPATH\Common.php(1178): CodeIgniter\View\View->render('App\\Views\\users\\user_list', [], true)
 5 APPPATH\Controllers\users\users.php(17): view('App\\Views\\users\\user_list', [...])
 6 SYSTEMPATH\CodeIgniter.php(941): App\Controllers\users\users->liste()
 7 SYSTEMPATH\CodeIgniter.php(502): CodeIgniter\CodeIgniter->runController(Object(App\Controllers\users\users))
 8 SYSTEMPATH\CodeIgniter.php(361): CodeIgniter\CodeIgniter->handleRequest(null, Object(Config\Cache), false)
 9 FCPATH\index.php(79): CodeIgniter\CodeIgniter->run()
10 SYSTEMPATH\Commands\Server\rewrite.php(47): require_once('C:\\xampp\\htdocs\\geco\\public\\index.php')
INFO - 2024-10-06 20:51:17 --> Session: Class initialized using 'CodeIgniter\Session\Handlers\FileHandler' driver.
CRITICAL - 2024-10-06 20:51:17 --> ErrorException: Illegal string offset 'NOM_USER'
in APPPATH\Views\users\user_list.php on line 39.
 1 APPPATH\Views\users\user_list.php(39): CodeIgniter\Debug\Exceptions->errorHandler(2, 'Illegal string offset \'NOM_USER\'', 'C:\\xampp\\htdocs\\geco\\app\\Views\\users\\user_list.php', 39, [...])
 2 SYSTEMPATH\View\View.php(228): include('C:\\xampp\\htdocs\\geco\\app\\Views\\users\\user_list.php')
 3 SYSTEMPATH\View\View.php(231): CodeIgniter\View\View->CodeIgniter\View\{closure}()
 4 SYSTEMPATH\Common.php(1178): CodeIgniter\View\View->render('App\\Views\\users\\user_list', [], true)
 5 APPPATH\Controllers\users\users.php(17): view('App\\Views\\users\\user_list', [...])
 6 SYSTEMPATH\CodeIgniter.php(941): App\Controllers\users\users->liste()
 7 SYSTEMPATH\CodeIgniter.php(502): CodeIgniter\CodeIgniter->runController(Object(App\Controllers\users\users))
 8 SYSTEMPATH\CodeIgniter.php(361): CodeIgniter\CodeIgniter->handleRequest(null, Object(Config\Cache), false)
 9 FCPATH\index.php(79): CodeIgniter\CodeIgniter->run()
10 SYSTEMPATH\Commands\Server\rewrite.php(47): require_once('C:\\xampp\\htdocs\\geco\\public\\index.php')
INFO - 2024-10-06 20:52:19 --> Session: Class initialized using 'CodeIgniter\Session\Handlers\FileHandler' driver.
CRITICAL - 2024-10-06 20:52:19 --> ErrorException: Trying to get property 'NOM_USER' of non-object
in APPPATH\Views\users\user_list.php on line 39.
 1 APPPATH\Views\users\user_list.php(39): CodeIgniter\Debug\Exceptions->errorHandler(8, 'Trying to get property \'NOM_USER\' of non-object', 'C:\\xampp\\htdocs\\geco\\app\\Views\\users\\user_list.php', 39, [...])
 2 SYSTEMPATH\View\View.php(228): include('C:\\xampp\\htdocs\\geco\\app\\Views\\users\\user_list.php')
 3 SYSTEMPATH\View\View.php(231): CodeIgniter\View\View->CodeIgniter\View\{closure}()
 4 SYSTEMPATH\Common.php(1178): CodeIgniter\View\View->render('App\\Views\\users\\user_list', [], true)
 5 APPPATH\Controllers\users\users.php(17): view('App\\Views\\users\\user_list', [...])
 6 SYSTEMPATH\CodeIgniter.php(941): App\Controllers\users\users->liste()
 7 SYSTEMPATH\CodeIgniter.php(502): CodeIgniter\CodeIgniter->runController(Object(App\Controllers\users\users))
 8 SYSTEMPATH\CodeIgniter.php(361): CodeIgniter\CodeIgniter->handleRequest(null, Object(Config\Cache), false)
 9 FCPATH\index.php(79): CodeIgniter\CodeIgniter->run()
10 SYSTEMPATH\Commands\Server\rewrite.php(47): require_once('C:\\xampp\\htdocs\\geco\\public\\index.php')
INFO - 2024-10-06 20:52:40 --> Session: Class initialized using 'CodeIgniter\Session\Handlers\FileHandler' driver.
CRITICAL - 2024-10-06 20:52:40 --> ErrorException: Trying to get property 'NOM_USER' of non-object
in APPPATH\Views\users\user_list.php on line 39.
 1 APPPATH\Views\users\user_list.php(39): CodeIgniter\Debug\Exceptions->errorHandler(8, 'Trying to get property \'NOM_USER\' of non-object', 'C:\\xampp\\htdocs\\geco\\app\\Views\\users\\user_list.php', 39, [...])
 2 SYSTEMPATH\View\View.php(228): include('C:\\xampp\\htdocs\\geco\\app\\Views\\users\\user_list.php')
 3 SYSTEMPATH\View\View.php(231): CodeIgniter\View\View->CodeIgniter\View\{closure}()
 4 SYSTEMPATH\Common.php(1178): CodeIgniter\View\View->render('App\\Views\\users\\user_list', [], true)
 5 APPPATH\Controllers\users\users.php(17): view('App\\Views\\users\\user_list', [...])
 6 SYSTEMPATH\CodeIgniter.php(941): App\Controllers\users\users->liste()
 7 SYSTEMPATH\CodeIgniter.php(502): CodeIgniter\CodeIgniter->runController(Object(App\Controllers\users\users))
 8 SYSTEMPATH\CodeIgniter.php(361): CodeIgniter\CodeIgniter->handleRequest(null, Object(Config\Cache), false)
 9 FCPATH\index.php(79): CodeIgniter\CodeIgniter->run()
10 SYSTEMPATH\Commands\Server\rewrite.php(47): require_once('C:\\xampp\\htdocs\\geco\\public\\index.php')
INFO - 2024-10-06 20:53:14 --> Session: Class initialized using 'CodeIgniter\Session\Handlers\FileHandler' driver.
INFO - 2024-10-06 20:53:14 --> Session: Class initialized using 'CodeIgniter\Session\Handlers\FileHandler' driver.
INFO - 2024-10-06 20:53:47 --> Session: Class initialized using 'CodeIgniter\Session\Handlers\FileHandler' driver.
CRITICAL - 2024-10-06 20:53:47 --> ErrorException: Trying to get property 'NOM_USER' of non-object
in APPPATH\Views\users\user_list.php on line 39.
 1 APPPATH\Views\users\user_list.php(39): CodeIgniter\Debug\Exceptions->errorHandler(8, 'Trying to get property \'NOM_USER\' of non-object', 'C:\\xampp\\htdocs\\geco\\app\\Views\\users\\user_list.php', 39, [...])
 2 SYSTEMPATH\View\View.php(228): include('C:\\xampp\\htdocs\\geco\\app\\Views\\users\\user_list.php')
 3 SYSTEMPATH\View\View.php(231): CodeIgniter\View\View->CodeIgniter\View\{closure}()
 4 SYSTEMPATH\Common.php(1178): CodeIgniter\View\View->render('App\\Views\\users\\user_list', [], true)
 5 APPPATH\Controllers\users\users.php(17): view('App\\Views\\users\\user_list', [...])
 6 SYSTEMPATH\CodeIgniter.php(941): App\Controllers\users\users->liste()
 7 SYSTEMPATH\CodeIgniter.php(502): CodeIgniter\CodeIgniter->runController(Object(App\Controllers\users\users))
 8 SYSTEMPATH\CodeIgniter.php(361): CodeIgniter\CodeIgniter->handleRequest(null, Object(Config\Cache), false)
 9 FCPATH\index.php(79): CodeIgniter\CodeIgniter->run()
10 SYSTEMPATH\Commands\Server\rewrite.php(47): require_once('C:\\xampp\\htdocs\\geco\\public\\index.php')
INFO - 2024-10-06 20:54:03 --> Session: Class initialized using 'CodeIgniter\Session\Handlers\FileHandler' driver.
CRITICAL - 2024-10-06 20:54:03 --> ErrorException: Trying to get property 'PRENOM_USER' of non-object
in APPPATH\Views\users\user_list.php on line 40.
 1 APPPATH\Views\users\user_list.php(40): CodeIgniter\Debug\Exceptions->errorHandler(8, 'Trying to get property \'PRENOM_USER\' of non-object', 'C:\\xampp\\htdocs\\geco\\app\\Views\\users\\user_list.php', 40, [...])
 2 SYSTEMPATH\View\View.php(228): include('C:\\xampp\\htdocs\\geco\\app\\Views\\users\\user_list.php')
 3 SYSTEMPATH\View\View.php(231): CodeIgniter\View\View->CodeIgniter\View\{closure}()
 4 SYSTEMPATH\Common.php(1178): CodeIgniter\View\View->render('App\\Views\\users\\user_list', [], true)
 5 APPPATH\Controllers\users\users.php(17): view('App\\Views\\users\\user_list', [...])
 6 SYSTEMPATH\CodeIgniter.php(941): App\Controllers\users\users->liste()
 7 SYSTEMPATH\CodeIgniter.php(502): CodeIgniter\CodeIgniter->runController(Object(App\Controllers\users\users))
 8 SYSTEMPATH\CodeIgniter.php(361): CodeIgniter\CodeIgniter->handleRequest(null, Object(Config\Cache), false)
 9 FCPATH\index.php(79): CodeIgniter\CodeIgniter->run()
10 SYSTEMPATH\Commands\Server\rewrite.php(47): require_once('C:\\xampp\\htdocs\\geco\\public\\index.php')
INFO - 2024-10-06 20:54:42 --> Session: Class initialized using 'CodeIgniter\Session\Handlers\FileHandler' driver.
INFO - 2024-10-06 20:54:58 --> Session: Class initialized using 'CodeIgniter\Session\Handlers\FileHandler' driver.
CRITICAL - 2024-10-06 20:54:58 --> Error: Cannot use object of type stdClass as array
in APPPATH\Views\users\user_list.php on line 39.
 1 SYSTEMPATH\View\View.php(228): include()
 2 SYSTEMPATH\View\View.php(231): CodeIgniter\View\View->CodeIgniter\View\{closure}()
 3 SYSTEMPATH\Common.php(1178): CodeIgniter\View\View->render('App\\Views\\users\\user_list', [], true)
 4 APPPATH\Controllers\users\users.php(17): view('App\\Views\\users\\user_list', [...])
 5 SYSTEMPATH\CodeIgniter.php(941): App\Controllers\users\users->liste()
 6 SYSTEMPATH\CodeIgniter.php(502): CodeIgniter\CodeIgniter->runController(Object(App\Controllers\users\users))
 7 SYSTEMPATH\CodeIgniter.php(361): CodeIgniter\CodeIgniter->handleRequest(null, Object(Config\Cache), false)
 8 FCPATH\index.php(79): CodeIgniter\CodeIgniter->run()
 9 SYSTEMPATH\Commands\Server\rewrite.php(47): require_once('C:\\xampp\\htdocs\\geco\\public\\index.php')
INFO - 2024-10-06 20:55:12 --> Session: Class initialized using 'CodeIgniter\Session\Handlers\FileHandler' driver.
INFO - 2024-10-06 20:58:48 --> Session: Class initialized using 'CodeIgniter\Session\Handlers\FileHandler' driver.
INFO - 2024-10-06 21:04:19 --> Session: Class initialized using 'CodeIgniter\Session\Handlers\FileHandler' driver.
INFO - 2024-10-06 21:05:45 --> Session: Class initialized using 'CodeIgniter\Session\Handlers\FileHandler' driver.
INFO - 2024-10-06 21:06:52 --> Session: Class initialized using 'CodeIgniter\Session\Handlers\FileHandler' driver.
INFO - 2024-10-06 21:07:58 --> Session: Class initialized using 'CodeIgniter\Session\Handlers\FileHandler' driver.
INFO - 2024-10-06 21:08:30 --> Session: Class initialized using 'CodeIgniter\Session\Handlers\FileHandler' driver.
INFO - 2024-10-06 21:08:39 --> Session: Class initialized using 'CodeIgniter\Session\Handlers\FileHandler' driver.
