CRITICAL - 2024-06-03 16:15:02 --> ErrorException: Maximum execution time of 60 seconds exceeded
in SYSTEMPATH\Debug\Toolbar\Collectors\Files.php on line 103.
 1 [internal function]: CodeIgniter\Debug\Exceptions->shutdownHandler()
INFO - 2024-06-03 16:17:54 --> Session: Class initialized using 'CodeIgniter\Session\Handlers\FileHandler' driver.
INFO - 2024-06-03 16:18:13 --> Session: Class initialized using 'CodeIgniter\Session\Handlers\FileHandler' driver.
INFO - 2024-06-03 16:18:16 --> Session: Class initialized using 'CodeIgniter\Session\Handlers\FileHandler' driver.
INFO - 2024-06-03 16:18:20 --> Session: Class initialized using 'CodeIgniter\Session\Handlers\FileHandler' driver.
CRITICAL - 2024-06-03 16:18:20 --> ErrorException: Undefined variable: id_fonction
in APPPATH\Views\restitution.php on line 73.
 1 APPPATH\Views\restitution.php(73): CodeIgniter\Debug\Exceptions->errorHandler(8, 'Undefined variable: id_fonction', 'C:\\xampp\\htdocs\\GARMI\\app\\Views\\restitution.php', 73, [...])
 2 SYSTEMPATH\View\View.php(228): include('C:\\xampp\\htdocs\\GARMI\\app\\Views\\restitution.php')
 3 SYSTEMPATH\View\View.php(231): CodeIgniter\View\View->CodeIgniter\View\{closure}()
 4 SYSTEMPATH\Common.php(1178): CodeIgniter\View\View->render('restitution', [], true)
 5 APPPATH\Controllers\Restitution.php(31): view('restitution', [...])
 6 SYSTEMPATH\CodeIgniter.php(941): App\Controllers\Restitution->index()
 7 SYSTEMPATH\CodeIgniter.php(502): CodeIgniter\CodeIgniter->runController(Object(App\Controllers\Restitution))
 8 SYSTEMPATH\CodeIgniter.php(361): CodeIgniter\CodeIgniter->handleRequest(null, Object(Config\Cache), false)
 9 FCPATH\index.php(79): CodeIgniter\CodeIgniter->run()
10 SYSTEMPATH\Commands\Server\rewrite.php(47): require_once('C:\\xampp\\htdocs\\GARMI\\public\\index.php')
INFO - 2024-06-03 16:18:49 --> Session: Class initialized using 'CodeIgniter\Session\Handlers\FileHandler' driver.
INFO - 2024-06-03 16:18:57 --> Session: Class initialized using 'CodeIgniter\Session\Handlers\FileHandler' driver.
INFO - 2024-06-03 16:19:02 --> Session: Class initialized using 'CodeIgniter\Session\Handlers\FileHandler' driver.
ERROR - 2024-06-03 16:28:32 --> mysqli_sql_exception: You have an error in your SQL syntax; check the manual that corresponds to your MariaDB server version for the right syntax to use near 'employe on employe.id_employe=historique.id_utilisateur join type_action on type' at line 1 in C:\xampp\htdocs\GARMI\system\Database\MySQLi\Connection.php:306
Stack trace:
#0 C:\xampp\htdocs\GARMI\system\Database\MySQLi\Connection.php(306): mysqli->query('SELECT id_actio...', 0)
#1 C:\xampp\htdocs\GARMI\system\Database\BaseConnection.php(693): CodeIgniter\Database\MySQLi\Connection->execute('SELECT id_actio...')
#2 C:\xampp\htdocs\GARMI\system\Database\BaseConnection.php(607): CodeIgniter\Database\BaseConnection->simpleQuery('SELECT id_actio...')
#3 C:\xampp\htdocs\GARMI\app\Controllers\Affectation.php(184): CodeIgniter\Database\BaseConnection->query('SELECT id_actio...')
#4 C:\xampp\htdocs\GARMI\system\CodeIgniter.php(941): App\Controllers\Affectation->v_histolique('2', '', '')
#5 C:\xampp\htdocs\GARMI\system\CodeIgniter.php(502): CodeIgniter\CodeIgniter->runController(Object(App\Controllers\Affectation))
#6 C:\xampp\htdocs\GARMI\system\CodeIgniter.php(361): CodeIgniter\CodeIgniter->handleRequest(NULL, Object(Config\Cache), false)
#7 C:\xampp\htdocs\GARMI\public\index.php(79): CodeIgniter\CodeIgniter->run()
#8 C:\xampp\htdocs\GARMI\system\Commands\Server\rewrite.php(47): require_once('C:\\xampp\\htdocs...')
#9 {main}
CRITICAL - 2024-06-03 16:28:32 --> CodeIgniter\Database\Exceptions\DatabaseException: You have an error in your SQL syntax; check the manual that corresponds to your MariaDB server version for the right syntax to use near 'employe on employe.id_employe=historique.id_utilisateur join type_action on type' at line 1
in SYSTEMPATH\Database\BaseConnection.php on line 647.
 1 APPPATH\Controllers\Affectation.php(184): CodeIgniter\Database\BaseConnection->query('SELECT id_action,id_materiel , id_etape ,date,id_utilisateur,type_action,nomMateriel,Nom,prenom,desc_etape FROM historique join materiel on materiel.id_materiel = historique.id_materiel employe on employe.id_employe=historique.id_utilisateur join type_action on type_action.id_action=historique.id_action join etape_validation on etape_validation.id_etape =historique.id_etape where historique.id_materiel=2')
 2 SYSTEMPATH\CodeIgniter.php(941): App\Controllers\Affectation->v_histolique('2', '', '')
 3 SYSTEMPATH\CodeIgniter.php(502): CodeIgniter\CodeIgniter->runController(Object(App\Controllers\Affectation))
 4 SYSTEMPATH\CodeIgniter.php(361): CodeIgniter\CodeIgniter->handleRequest(null, Object(Config\Cache), false)
 5 FCPATH\index.php(79): CodeIgniter\CodeIgniter->run()
 6 SYSTEMPATH\Commands\Server\rewrite.php(47): require_once('C:\\xampp\\htdocs\\GARMI\\public\\index.php')
CRITICAL - 2024-06-03 16:28:32 --> [Caused by] CodeIgniter\Database\Exceptions\DatabaseException: You have an error in your SQL syntax; check the manual that corresponds to your MariaDB server version for the right syntax to use near 'employe on employe.id_employe=historique.id_utilisateur join type_action on type' at line 1
in SYSTEMPATH\Database\MySQLi\Connection.php on line 311.
 1 SYSTEMPATH\Database\BaseConnection.php(693): CodeIgniter\Database\MySQLi\Connection->execute('SELECT id_action,id_materiel , id_etape ,date,id_utilisateur,type_action,nomMateriel,Nom,prenom,desc_etape FROM historique join materiel on materiel.id_materiel = historique.id_materiel employe on employe.id_employe=historique.id_utilisateur join type_action on type_action.id_action=historique.id_action join etape_validation on etape_validation.id_etape =historique.id_etape where historique.id_materiel=2')
 2 SYSTEMPATH\Database\BaseConnection.php(607): CodeIgniter\Database\BaseConnection->simpleQuery('SELECT id_action,id_materiel , id_etape ,date,id_utilisateur,type_action,nomMateriel,Nom,prenom,desc_etape FROM historique join materiel on materiel.id_materiel = historique.id_materiel employe on employe.id_employe=historique.id_utilisateur join type_action on type_action.id_action=historique.id_action join etape_validation on etape_validation.id_etape =historique.id_etape where historique.id_materiel=2')
 3 APPPATH\Controllers\Affectation.php(184): CodeIgniter\Database\BaseConnection->query('SELECT id_action,id_materiel , id_etape ,date,id_utilisateur,type_action,nomMateriel,Nom,prenom,desc_etape FROM historique join materiel on materiel.id_materiel = historique.id_materiel employe on employe.id_employe=historique.id_utilisateur join type_action on type_action.id_action=historique.id_action join etape_validation on etape_validation.id_etape =historique.id_etape where historique.id_materiel=2')
 4 SYSTEMPATH\CodeIgniter.php(941): App\Controllers\Affectation->v_histolique('2', '', '')
 5 SYSTEMPATH\CodeIgniter.php(502): CodeIgniter\CodeIgniter->runController(Object(App\Controllers\Affectation))
 6 SYSTEMPATH\CodeIgniter.php(361): CodeIgniter\CodeIgniter->handleRequest(null, Object(Config\Cache), false)
 7 FCPATH\index.php(79): CodeIgniter\CodeIgniter->run()
 8 SYSTEMPATH\Commands\Server\rewrite.php(47): require_once('C:\\xampp\\htdocs\\GARMI\\public\\index.php')
CRITICAL - 2024-06-03 16:28:32 --> [Caused by] mysqli_sql_exception: You have an error in your SQL syntax; check the manual that corresponds to your MariaDB server version for the right syntax to use near 'employe on employe.id_employe=historique.id_utilisateur join type_action on type' at line 1
in SYSTEMPATH\Database\MySQLi\Connection.php on line 306.
 1 SYSTEMPATH\Database\MySQLi\Connection.php(306): mysqli->query('SELECT id_action,id_materiel , id_etape ,date,id_utilisateur,type_action,nomMateriel,Nom,prenom,desc_etape FROM historique join materiel on materiel.id_materiel = historique.id_materiel employe on employe.id_employe=historique.id_utilisateur join type_action on type_action.id_action=historique.id_action join etape_validation on etape_validation.id_etape =historique.id_etape where historique.id_materiel=2', 0)
 2 SYSTEMPATH\Database\BaseConnection.php(693): CodeIgniter\Database\MySQLi\Connection->execute('SELECT id_action,id_materiel , id_etape ,date,id_utilisateur,type_action,nomMateriel,Nom,prenom,desc_etape FROM historique join materiel on materiel.id_materiel = historique.id_materiel employe on employe.id_employe=historique.id_utilisateur join type_action on type_action.id_action=historique.id_action join etape_validation on etape_validation.id_etape =historique.id_etape where historique.id_materiel=2')
 3 SYSTEMPATH\Database\BaseConnection.php(607): CodeIgniter\Database\BaseConnection->simpleQuery('SELECT id_action,id_materiel , id_etape ,date,id_utilisateur,type_action,nomMateriel,Nom,prenom,desc_etape FROM historique join materiel on materiel.id_materiel = historique.id_materiel employe on employe.id_employe=historique.id_utilisateur join type_action on type_action.id_action=historique.id_action join etape_validation on etape_validation.id_etape =historique.id_etape where historique.id_materiel=2')
 4 APPPATH\Controllers\Affectation.php(184): CodeIgniter\Database\BaseConnection->query('SELECT id_action,id_materiel , id_etape ,date,id_utilisateur,type_action,nomMateriel,Nom,prenom,desc_etape FROM historique join materiel on materiel.id_materiel = historique.id_materiel employe on employe.id_employe=historique.id_utilisateur join type_action on type_action.id_action=historique.id_action join etape_validation on etape_validation.id_etape =historique.id_etape where historique.id_materiel=2')
 5 SYSTEMPATH\CodeIgniter.php(941): App\Controllers\Affectation->v_histolique('2', '', '')
 6 SYSTEMPATH\CodeIgniter.php(502): CodeIgniter\CodeIgniter->runController(Object(App\Controllers\Affectation))
 7 SYSTEMPATH\CodeIgniter.php(361): CodeIgniter\CodeIgniter->handleRequest(null, Object(Config\Cache), false)
 8 FCPATH\index.php(79): CodeIgniter\CodeIgniter->run()
 9 SYSTEMPATH\Commands\Server\rewrite.php(47): require_once('C:\\xampp\\htdocs\\GARMI\\public\\index.php')
ERROR - 2024-06-03 16:29:01 --> mysqli_sql_exception: Column 'id_action' in field list is ambiguous in C:\xampp\htdocs\GARMI\system\Database\MySQLi\Connection.php:306
Stack trace:
#0 C:\xampp\htdocs\GARMI\system\Database\MySQLi\Connection.php(306): mysqli->query('SELECT id_actio...', 0)
#1 C:\xampp\htdocs\GARMI\system\Database\BaseConnection.php(693): CodeIgniter\Database\MySQLi\Connection->execute('SELECT id_actio...')
#2 C:\xampp\htdocs\GARMI\system\Database\BaseConnection.php(607): CodeIgniter\Database\BaseConnection->simpleQuery('SELECT id_actio...')
#3 C:\xampp\htdocs\GARMI\app\Controllers\Affectation.php(184): CodeIgniter\Database\BaseConnection->query('SELECT id_actio...')
#4 C:\xampp\htdocs\GARMI\system\CodeIgniter.php(941): App\Controllers\Affectation->v_histolique('2', '', '')
#5 C:\xampp\htdocs\GARMI\system\CodeIgniter.php(502): CodeIgniter\CodeIgniter->runController(Object(App\Controllers\Affectation))
#6 C:\xampp\htdocs\GARMI\system\CodeIgniter.php(361): CodeIgniter\CodeIgniter->handleRequest(NULL, Object(Config\Cache), false)
#7 C:\xampp\htdocs\GARMI\public\index.php(79): CodeIgniter\CodeIgniter->run()
#8 C:\xampp\htdocs\GARMI\system\Commands\Server\rewrite.php(47): require_once('C:\\xampp\\htdocs...')
#9 {main}
CRITICAL - 2024-06-03 16:29:01 --> CodeIgniter\Database\Exceptions\DatabaseException: Column 'id_action' in field list is ambiguous
in SYSTEMPATH\Database\BaseConnection.php on line 647.
 1 APPPATH\Controllers\Affectation.php(184): CodeIgniter\Database\BaseConnection->query('SELECT id_action,id_materiel , id_etape ,date,id_utilisateur,type_action,nomMateriel,Nom,prenom,desc_etape FROM historique join materiel on materiel.id_materiel = historique.id_materiel join employe on employe.id_employe=historique.id_utilisateur join type_action on type_action.id_action=historique.id_action join etape_validation on etape_validation.id_etape =historique.id_etape where historique.id_materiel=2')
 2 SYSTEMPATH\CodeIgniter.php(941): App\Controllers\Affectation->v_histolique('2', '', '')
 3 SYSTEMPATH\CodeIgniter.php(502): CodeIgniter\CodeIgniter->runController(Object(App\Controllers\Affectation))
 4 SYSTEMPATH\CodeIgniter.php(361): CodeIgniter\CodeIgniter->handleRequest(null, Object(Config\Cache), false)
 5 FCPATH\index.php(79): CodeIgniter\CodeIgniter->run()
 6 SYSTEMPATH\Commands\Server\rewrite.php(47): require_once('C:\\xampp\\htdocs\\GARMI\\public\\index.php')
CRITICAL - 2024-06-03 16:29:01 --> [Caused by] CodeIgniter\Database\Exceptions\DatabaseException: Column 'id_action' in field list is ambiguous
in SYSTEMPATH\Database\MySQLi\Connection.php on line 311.
 1 SYSTEMPATH\Database\BaseConnection.php(693): CodeIgniter\Database\MySQLi\Connection->execute('SELECT id_action,id_materiel , id_etape ,date,id_utilisateur,type_action,nomMateriel,Nom,prenom,desc_etape FROM historique join materiel on materiel.id_materiel = historique.id_materiel join employe on employe.id_employe=historique.id_utilisateur join type_action on type_action.id_action=historique.id_action join etape_validation on etape_validation.id_etape =historique.id_etape where historique.id_materiel=2')
 2 SYSTEMPATH\Database\BaseConnection.php(607): CodeIgniter\Database\BaseConnection->simpleQuery('SELECT id_action,id_materiel , id_etape ,date,id_utilisateur,type_action,nomMateriel,Nom,prenom,desc_etape FROM historique join materiel on materiel.id_materiel = historique.id_materiel join employe on employe.id_employe=historique.id_utilisateur join type_action on type_action.id_action=historique.id_action join etape_validation on etape_validation.id_etape =historique.id_etape where historique.id_materiel=2')
 3 APPPATH\Controllers\Affectation.php(184): CodeIgniter\Database\BaseConnection->query('SELECT id_action,id_materiel , id_etape ,date,id_utilisateur,type_action,nomMateriel,Nom,prenom,desc_etape FROM historique join materiel on materiel.id_materiel = historique.id_materiel join employe on employe.id_employe=historique.id_utilisateur join type_action on type_action.id_action=historique.id_action join etape_validation on etape_validation.id_etape =historique.id_etape where historique.id_materiel=2')
 4 SYSTEMPATH\CodeIgniter.php(941): App\Controllers\Affectation->v_histolique('2', '', '')
 5 SYSTEMPATH\CodeIgniter.php(502): CodeIgniter\CodeIgniter->runController(Object(App\Controllers\Affectation))
 6 SYSTEMPATH\CodeIgniter.php(361): CodeIgniter\CodeIgniter->handleRequest(null, Object(Config\Cache), false)
 7 FCPATH\index.php(79): CodeIgniter\CodeIgniter->run()
 8 SYSTEMPATH\Commands\Server\rewrite.php(47): require_once('C:\\xampp\\htdocs\\GARMI\\public\\index.php')
CRITICAL - 2024-06-03 16:29:01 --> [Caused by] mysqli_sql_exception: Column 'id_action' in field list is ambiguous
in SYSTEMPATH\Database\MySQLi\Connection.php on line 306.
 1 SYSTEMPATH\Database\MySQLi\Connection.php(306): mysqli->query('SELECT id_action,id_materiel , id_etape ,date,id_utilisateur,type_action,nomMateriel,Nom,prenom,desc_etape FROM historique join materiel on materiel.id_materiel = historique.id_materiel join employe on employe.id_employe=historique.id_utilisateur join type_action on type_action.id_action=historique.id_action join etape_validation on etape_validation.id_etape =historique.id_etape where historique.id_materiel=2', 0)
 2 SYSTEMPATH\Database\BaseConnection.php(693): CodeIgniter\Database\MySQLi\Connection->execute('SELECT id_action,id_materiel , id_etape ,date,id_utilisateur,type_action,nomMateriel,Nom,prenom,desc_etape FROM historique join materiel on materiel.id_materiel = historique.id_materiel join employe on employe.id_employe=historique.id_utilisateur join type_action on type_action.id_action=historique.id_action join etape_validation on etape_validation.id_etape =historique.id_etape where historique.id_materiel=2')
 3 SYSTEMPATH\Database\BaseConnection.php(607): CodeIgniter\Database\BaseConnection->simpleQuery('SELECT id_action,id_materiel , id_etape ,date,id_utilisateur,type_action,nomMateriel,Nom,prenom,desc_etape FROM historique join materiel on materiel.id_materiel = historique.id_materiel join employe on employe.id_employe=historique.id_utilisateur join type_action on type_action.id_action=historique.id_action join etape_validation on etape_validation.id_etape =historique.id_etape where historique.id_materiel=2')
 4 APPPATH\Controllers\Affectation.php(184): CodeIgniter\Database\BaseConnection->query('SELECT id_action,id_materiel , id_etape ,date,id_utilisateur,type_action,nomMateriel,Nom,prenom,desc_etape FROM historique join materiel on materiel.id_materiel = historique.id_materiel join employe on employe.id_employe=historique.id_utilisateur join type_action on type_action.id_action=historique.id_action join etape_validation on etape_validation.id_etape =historique.id_etape where historique.id_materiel=2')
 5 SYSTEMPATH\CodeIgniter.php(941): App\Controllers\Affectation->v_histolique('2', '', '')
 6 SYSTEMPATH\CodeIgniter.php(502): CodeIgniter\CodeIgniter->runController(Object(App\Controllers\Affectation))
 7 SYSTEMPATH\CodeIgniter.php(361): CodeIgniter\CodeIgniter->handleRequest(null, Object(Config\Cache), false)
 8 FCPATH\index.php(79): CodeIgniter\CodeIgniter->run()
 9 SYSTEMPATH\Commands\Server\rewrite.php(47): require_once('C:\\xampp\\htdocs\\GARMI\\public\\index.php')
ERROR - 2024-06-03 16:29:20 --> mysqli_sql_exception: Column 'id_materiel' in field list is ambiguous in C:\xampp\htdocs\GARMI\system\Database\MySQLi\Connection.php:306
Stack trace:
#0 C:\xampp\htdocs\GARMI\system\Database\MySQLi\Connection.php(306): mysqli->query('SELECT type_act...', 0)
#1 C:\xampp\htdocs\GARMI\system\Database\BaseConnection.php(693): CodeIgniter\Database\MySQLi\Connection->execute('SELECT type_act...')
#2 C:\xampp\htdocs\GARMI\system\Database\BaseConnection.php(607): CodeIgniter\Database\BaseConnection->simpleQuery('SELECT type_act...')
#3 C:\xampp\htdocs\GARMI\app\Controllers\Affectation.php(184): CodeIgniter\Database\BaseConnection->query('SELECT type_act...')
#4 C:\xampp\htdocs\GARMI\system\CodeIgniter.php(941): App\Controllers\Affectation->v_histolique('2', '', '')
#5 C:\xampp\htdocs\GARMI\system\CodeIgniter.php(502): CodeIgniter\CodeIgniter->runController(Object(App\Controllers\Affectation))
#6 C:\xampp\htdocs\GARMI\system\CodeIgniter.php(361): CodeIgniter\CodeIgniter->handleRequest(NULL, Object(Config\Cache), false)
#7 C:\xampp\htdocs\GARMI\public\index.php(79): CodeIgniter\CodeIgniter->run()
#8 C:\xampp\htdocs\GARMI\system\Commands\Server\rewrite.php(47): require_once('C:\\xampp\\htdocs...')
#9 {main}
CRITICAL - 2024-06-03 16:29:20 --> CodeIgniter\Database\Exceptions\DatabaseException: Column 'id_materiel' in field list is ambiguous
in SYSTEMPATH\Database\BaseConnection.php on line 647.
 1 APPPATH\Controllers\Affectation.php(184): CodeIgniter\Database\BaseConnection->query('SELECT type_action.id_action,id_materiel , id_etape ,date,id_utilisateur,type_action,nomMateriel,Nom,prenom,desc_etape FROM historique join materiel on materiel.id_materiel = historique.id_materiel join employe on employe.id_employe=historique.id_utilisateur join type_action on type_action.id_action=historique.id_action join etape_validation on etape_validation.id_etape =historique.id_etape where historique.id_materiel=2')
 2 SYSTEMPATH\CodeIgniter.php(941): App\Controllers\Affectation->v_histolique('2', '', '')
 3 SYSTEMPATH\CodeIgniter.php(502): CodeIgniter\CodeIgniter->runController(Object(App\Controllers\Affectation))
 4 SYSTEMPATH\CodeIgniter.php(361): CodeIgniter\CodeIgniter->handleRequest(null, Object(Config\Cache), false)
 5 FCPATH\index.php(79): CodeIgniter\CodeIgniter->run()
 6 SYSTEMPATH\Commands\Server\rewrite.php(47): require_once('C:\\xampp\\htdocs\\GARMI\\public\\index.php')
CRITICAL - 2024-06-03 16:29:20 --> [Caused by] CodeIgniter\Database\Exceptions\DatabaseException: Column 'id_materiel' in field list is ambiguous
in SYSTEMPATH\Database\MySQLi\Connection.php on line 311.
 1 SYSTEMPATH\Database\BaseConnection.php(693): CodeIgniter\Database\MySQLi\Connection->execute('SELECT type_action.id_action,id_materiel , id_etape ,date,id_utilisateur,type_action,nomMateriel,Nom,prenom,desc_etape FROM historique join materiel on materiel.id_materiel = historique.id_materiel join employe on employe.id_employe=historique.id_utilisateur join type_action on type_action.id_action=historique.id_action join etape_validation on etape_validation.id_etape =historique.id_etape where historique.id_materiel=2')
 2 SYSTEMPATH\Database\BaseConnection.php(607): CodeIgniter\Database\BaseConnection->simpleQuery('SELECT type_action.id_action,id_materiel , id_etape ,date,id_utilisateur,type_action,nomMateriel,Nom,prenom,desc_etape FROM historique join materiel on materiel.id_materiel = historique.id_materiel join employe on employe.id_employe=historique.id_utilisateur join type_action on type_action.id_action=historique.id_action join etape_validation on etape_validation.id_etape =historique.id_etape where historique.id_materiel=2')
 3 APPPATH\Controllers\Affectation.php(184): CodeIgniter\Database\BaseConnection->query('SELECT type_action.id_action,id_materiel , id_etape ,date,id_utilisateur,type_action,nomMateriel,Nom,prenom,desc_etape FROM historique join materiel on materiel.id_materiel = historique.id_materiel join employe on employe.id_employe=historique.id_utilisateur join type_action on type_action.id_action=historique.id_action join etape_validation on etape_validation.id_etape =historique.id_etape where historique.id_materiel=2')
 4 SYSTEMPATH\CodeIgniter.php(941): App\Controllers\Affectation->v_histolique('2', '', '')
 5 SYSTEMPATH\CodeIgniter.php(502): CodeIgniter\CodeIgniter->runController(Object(App\Controllers\Affectation))
 6 SYSTEMPATH\CodeIgniter.php(361): CodeIgniter\CodeIgniter->handleRequest(null, Object(Config\Cache), false)
 7 FCPATH\index.php(79): CodeIgniter\CodeIgniter->run()
 8 SYSTEMPATH\Commands\Server\rewrite.php(47): require_once('C:\\xampp\\htdocs\\GARMI\\public\\index.php')
CRITICAL - 2024-06-03 16:29:20 --> [Caused by] mysqli_sql_exception: Column 'id_materiel' in field list is ambiguous
in SYSTEMPATH\Database\MySQLi\Connection.php on line 306.
 1 SYSTEMPATH\Database\MySQLi\Connection.php(306): mysqli->query('SELECT type_action.id_action,id_materiel , id_etape ,date,id_utilisateur,type_action,nomMateriel,Nom,prenom,desc_etape FROM historique join materiel on materiel.id_materiel = historique.id_materiel join employe on employe.id_employe=historique.id_utilisateur join type_action on type_action.id_action=historique.id_action join etape_validation on etape_validation.id_etape =historique.id_etape where historique.id_materiel=2', 0)
 2 SYSTEMPATH\Database\BaseConnection.php(693): CodeIgniter\Database\MySQLi\Connection->execute('SELECT type_action.id_action,id_materiel , id_etape ,date,id_utilisateur,type_action,nomMateriel,Nom,prenom,desc_etape FROM historique join materiel on materiel.id_materiel = historique.id_materiel join employe on employe.id_employe=historique.id_utilisateur join type_action on type_action.id_action=historique.id_action join etape_validation on etape_validation.id_etape =historique.id_etape where historique.id_materiel=2')
 3 SYSTEMPATH\Database\BaseConnection.php(607): CodeIgniter\Database\BaseConnection->simpleQuery('SELECT type_action.id_action,id_materiel , id_etape ,date,id_utilisateur,type_action,nomMateriel,Nom,prenom,desc_etape FROM historique join materiel on materiel.id_materiel = historique.id_materiel join employe on employe.id_employe=historique.id_utilisateur join type_action on type_action.id_action=historique.id_action join etape_validation on etape_validation.id_etape =historique.id_etape where historique.id_materiel=2')
 4 APPPATH\Controllers\Affectation.php(184): CodeIgniter\Database\BaseConnection->query('SELECT type_action.id_action,id_materiel , id_etape ,date,id_utilisateur,type_action,nomMateriel,Nom,prenom,desc_etape FROM historique join materiel on materiel.id_materiel = historique.id_materiel join employe on employe.id_employe=historique.id_utilisateur join type_action on type_action.id_action=historique.id_action join etape_validation on etape_validation.id_etape =historique.id_etape where historique.id_materiel=2')
 5 SYSTEMPATH\CodeIgniter.php(941): App\Controllers\Affectation->v_histolique('2', '', '')
 6 SYSTEMPATH\CodeIgniter.php(502): CodeIgniter\CodeIgniter->runController(Object(App\Controllers\Affectation))
 7 SYSTEMPATH\CodeIgniter.php(361): CodeIgniter\CodeIgniter->handleRequest(null, Object(Config\Cache), false)
 8 FCPATH\index.php(79): CodeIgniter\CodeIgniter->run()
 9 SYSTEMPATH\Commands\Server\rewrite.php(47): require_once('C:\\xampp\\htdocs\\GARMI\\public\\index.php')
ERROR - 2024-06-03 16:29:36 --> mysqli_sql_exception: Column 'id_etape' in field list is ambiguous in C:\xampp\htdocs\GARMI\system\Database\MySQLi\Connection.php:306
Stack trace:
#0 C:\xampp\htdocs\GARMI\system\Database\MySQLi\Connection.php(306): mysqli->query('SELECT type_act...', 0)
#1 C:\xampp\htdocs\GARMI\system\Database\BaseConnection.php(693): CodeIgniter\Database\MySQLi\Connection->execute('SELECT type_act...')
#2 C:\xampp\htdocs\GARMI\system\Database\BaseConnection.php(607): CodeIgniter\Database\BaseConnection->simpleQuery('SELECT type_act...')
#3 C:\xampp\htdocs\GARMI\app\Controllers\Affectation.php(184): CodeIgniter\Database\BaseConnection->query('SELECT type_act...')
#4 C:\xampp\htdocs\GARMI\system\CodeIgniter.php(941): App\Controllers\Affectation->v_histolique('2', '', '')
#5 C:\xampp\htdocs\GARMI\system\CodeIgniter.php(502): CodeIgniter\CodeIgniter->runController(Object(App\Controllers\Affectation))
#6 C:\xampp\htdocs\GARMI\system\CodeIgniter.php(361): CodeIgniter\CodeIgniter->handleRequest(NULL, Object(Config\Cache), false)
#7 C:\xampp\htdocs\GARMI\public\index.php(79): CodeIgniter\CodeIgniter->run()
#8 C:\xampp\htdocs\GARMI\system\Commands\Server\rewrite.php(47): require_once('C:\\xampp\\htdocs...')
#9 {main}
CRITICAL - 2024-06-03 16:29:36 --> CodeIgniter\Database\Exceptions\DatabaseException: Column 'id_etape' in field list is ambiguous
in SYSTEMPATH\Database\BaseConnection.php on line 647.
 1 APPPATH\Controllers\Affectation.php(184): CodeIgniter\Database\BaseConnection->query('SELECT type_action.id_action,materiel.id_materiel , id_etape ,date,id_utilisateur,type_action,nomMateriel,Nom,prenom,desc_etape FROM historique join materiel on materiel.id_materiel = historique.id_materiel join employe on employe.id_employe=historique.id_utilisateur join type_action on type_action.id_action=historique.id_action join etape_validation on etape_validation.id_etape =historique.id_etape where historique.id_materiel=2')
 2 SYSTEMPATH\CodeIgniter.php(941): App\Controllers\Affectation->v_histolique('2', '', '')
 3 SYSTEMPATH\CodeIgniter.php(502): CodeIgniter\CodeIgniter->runController(Object(App\Controllers\Affectation))
 4 SYSTEMPATH\CodeIgniter.php(361): CodeIgniter\CodeIgniter->handleRequest(null, Object(Config\Cache), false)
 5 FCPATH\index.php(79): CodeIgniter\CodeIgniter->run()
 6 SYSTEMPATH\Commands\Server\rewrite.php(47): require_once('C:\\xampp\\htdocs\\GARMI\\public\\index.php')
CRITICAL - 2024-06-03 16:29:36 --> [Caused by] CodeIgniter\Database\Exceptions\DatabaseException: Column 'id_etape' in field list is ambiguous
in SYSTEMPATH\Database\MySQLi\Connection.php on line 311.
 1 SYSTEMPATH\Database\BaseConnection.php(693): CodeIgniter\Database\MySQLi\Connection->execute('SELECT type_action.id_action,materiel.id_materiel , id_etape ,date,id_utilisateur,type_action,nomMateriel,Nom,prenom,desc_etape FROM historique join materiel on materiel.id_materiel = historique.id_materiel join employe on employe.id_employe=historique.id_utilisateur join type_action on type_action.id_action=historique.id_action join etape_validation on etape_validation.id_etape =historique.id_etape where historique.id_materiel=2')
 2 SYSTEMPATH\Database\BaseConnection.php(607): CodeIgniter\Database\BaseConnection->simpleQuery('SELECT type_action.id_action,materiel.id_materiel , id_etape ,date,id_utilisateur,type_action,nomMateriel,Nom,prenom,desc_etape FROM historique join materiel on materiel.id_materiel = historique.id_materiel join employe on employe.id_employe=historique.id_utilisateur join type_action on type_action.id_action=historique.id_action join etape_validation on etape_validation.id_etape =historique.id_etape where historique.id_materiel=2')
 3 APPPATH\Controllers\Affectation.php(184): CodeIgniter\Database\BaseConnection->query('SELECT type_action.id_action,materiel.id_materiel , id_etape ,date,id_utilisateur,type_action,nomMateriel,Nom,prenom,desc_etape FROM historique join materiel on materiel.id_materiel = historique.id_materiel join employe on employe.id_employe=historique.id_utilisateur join type_action on type_action.id_action=historique.id_action join etape_validation on etape_validation.id_etape =historique.id_etape where historique.id_materiel=2')
 4 SYSTEMPATH\CodeIgniter.php(941): App\Controllers\Affectation->v_histolique('2', '', '')
 5 SYSTEMPATH\CodeIgniter.php(502): CodeIgniter\CodeIgniter->runController(Object(App\Controllers\Affectation))
 6 SYSTEMPATH\CodeIgniter.php(361): CodeIgniter\CodeIgniter->handleRequest(null, Object(Config\Cache), false)
 7 FCPATH\index.php(79): CodeIgniter\CodeIgniter->run()
 8 SYSTEMPATH\Commands\Server\rewrite.php(47): require_once('C:\\xampp\\htdocs\\GARMI\\public\\index.php')
CRITICAL - 2024-06-03 16:29:36 --> [Caused by] mysqli_sql_exception: Column 'id_etape' in field list is ambiguous
in SYSTEMPATH\Database\MySQLi\Connection.php on line 306.
 1 SYSTEMPATH\Database\MySQLi\Connection.php(306): mysqli->query('SELECT type_action.id_action,materiel.id_materiel , id_etape ,date,id_utilisateur,type_action,nomMateriel,Nom,prenom,desc_etape FROM historique join materiel on materiel.id_materiel = historique.id_materiel join employe on employe.id_employe=historique.id_utilisateur join type_action on type_action.id_action=historique.id_action join etape_validation on etape_validation.id_etape =historique.id_etape where historique.id_materiel=2', 0)
 2 SYSTEMPATH\Database\BaseConnection.php(693): CodeIgniter\Database\MySQLi\Connection->execute('SELECT type_action.id_action,materiel.id_materiel , id_etape ,date,id_utilisateur,type_action,nomMateriel,Nom,prenom,desc_etape FROM historique join materiel on materiel.id_materiel = historique.id_materiel join employe on employe.id_employe=historique.id_utilisateur join type_action on type_action.id_action=historique.id_action join etape_validation on etape_validation.id_etape =historique.id_etape where historique.id_materiel=2')
 3 SYSTEMPATH\Database\BaseConnection.php(607): CodeIgniter\Database\BaseConnection->simpleQuery('SELECT type_action.id_action,materiel.id_materiel , id_etape ,date,id_utilisateur,type_action,nomMateriel,Nom,prenom,desc_etape FROM historique join materiel on materiel.id_materiel = historique.id_materiel join employe on employe.id_employe=historique.id_utilisateur join type_action on type_action.id_action=historique.id_action join etape_validation on etape_validation.id_etape =historique.id_etape where historique.id_materiel=2')
 4 APPPATH\Controllers\Affectation.php(184): CodeIgniter\Database\BaseConnection->query('SELECT type_action.id_action,materiel.id_materiel , id_etape ,date,id_utilisateur,type_action,nomMateriel,Nom,prenom,desc_etape FROM historique join materiel on materiel.id_materiel = historique.id_materiel join employe on employe.id_employe=historique.id_utilisateur join type_action on type_action.id_action=historique.id_action join etape_validation on etape_validation.id_etape =historique.id_etape where historique.id_materiel=2')
 5 SYSTEMPATH\CodeIgniter.php(941): App\Controllers\Affectation->v_histolique('2', '', '')
 6 SYSTEMPATH\CodeIgniter.php(502): CodeIgniter\CodeIgniter->runController(Object(App\Controllers\Affectation))
 7 SYSTEMPATH\CodeIgniter.php(361): CodeIgniter\CodeIgniter->handleRequest(null, Object(Config\Cache), false)
 8 FCPATH\index.php(79): CodeIgniter\CodeIgniter->run()
 9 SYSTEMPATH\Commands\Server\rewrite.php(47): require_once('C:\\xampp\\htdocs\\GARMI\\public\\index.php')
ERROR - 2024-06-03 16:29:38 --> mysqli_sql_exception: Column 'id_etape' in field list is ambiguous in C:\xampp\htdocs\GARMI\system\Database\MySQLi\Connection.php:306
Stack trace:
#0 C:\xampp\htdocs\GARMI\system\Database\MySQLi\Connection.php(306): mysqli->query('SELECT type_act...', 0)
#1 C:\xampp\htdocs\GARMI\system\Database\BaseConnection.php(693): CodeIgniter\Database\MySQLi\Connection->execute('SELECT type_act...')
#2 C:\xampp\htdocs\GARMI\system\Database\BaseConnection.php(607): CodeIgniter\Database\BaseConnection->simpleQuery('SELECT type_act...')
#3 C:\xampp\htdocs\GARMI\app\Controllers\Affectation.php(184): CodeIgniter\Database\BaseConnection->query('SELECT type_act...')
#4 C:\xampp\htdocs\GARMI\system\CodeIgniter.php(941): App\Controllers\Affectation->v_histolique('2', '', '')
#5 C:\xampp\htdocs\GARMI\system\CodeIgniter.php(502): CodeIgniter\CodeIgniter->runController(Object(App\Controllers\Affectation))
#6 C:\xampp\htdocs\GARMI\system\CodeIgniter.php(361): CodeIgniter\CodeIgniter->handleRequest(NULL, Object(Config\Cache), false)
#7 C:\xampp\htdocs\GARMI\public\index.php(79): CodeIgniter\CodeIgniter->run()
#8 C:\xampp\htdocs\GARMI\system\Commands\Server\rewrite.php(47): require_once('C:\\xampp\\htdocs...')
#9 {main}
CRITICAL - 2024-06-03 16:29:38 --> CodeIgniter\Database\Exceptions\DatabaseException: Column 'id_etape' in field list is ambiguous
in SYSTEMPATH\Database\BaseConnection.php on line 647.
 1 APPPATH\Controllers\Affectation.php(184): CodeIgniter\Database\BaseConnection->query('SELECT type_action.id_action,materiel.id_materiel , id_etape ,date,id_utilisateur,type_action,nomMateriel,Nom,prenom,desc_etape FROM historique join materiel on materiel.id_materiel = historique.id_materiel join employe on employe.id_employe=historique.id_utilisateur join type_action on type_action.id_action=historique.id_action join etape_validation on etape_validation.id_etape =historique.id_etape where historique.id_materiel=2')
 2 SYSTEMPATH\CodeIgniter.php(941): App\Controllers\Affectation->v_histolique('2', '', '')
 3 SYSTEMPATH\CodeIgniter.php(502): CodeIgniter\CodeIgniter->runController(Object(App\Controllers\Affectation))
 4 SYSTEMPATH\CodeIgniter.php(361): CodeIgniter\CodeIgniter->handleRequest(null, Object(Config\Cache), false)
 5 FCPATH\index.php(79): CodeIgniter\CodeIgniter->run()
 6 SYSTEMPATH\Commands\Server\rewrite.php(47): require_once('C:\\xampp\\htdocs\\GARMI\\public\\index.php')
CRITICAL - 2024-06-03 16:29:38 --> [Caused by] CodeIgniter\Database\Exceptions\DatabaseException: Column 'id_etape' in field list is ambiguous
in SYSTEMPATH\Database\MySQLi\Connection.php on line 311.
 1 SYSTEMPATH\Database\BaseConnection.php(693): CodeIgniter\Database\MySQLi\Connection->execute('SELECT type_action.id_action,materiel.id_materiel , id_etape ,date,id_utilisateur,type_action,nomMateriel,Nom,prenom,desc_etape FROM historique join materiel on materiel.id_materiel = historique.id_materiel join employe on employe.id_employe=historique.id_utilisateur join type_action on type_action.id_action=historique.id_action join etape_validation on etape_validation.id_etape =historique.id_etape where historique.id_materiel=2')
 2 SYSTEMPATH\Database\BaseConnection.php(607): CodeIgniter\Database\BaseConnection->simpleQuery('SELECT type_action.id_action,materiel.id_materiel , id_etape ,date,id_utilisateur,type_action,nomMateriel,Nom,prenom,desc_etape FROM historique join materiel on materiel.id_materiel = historique.id_materiel join employe on employe.id_employe=historique.id_utilisateur join type_action on type_action.id_action=historique.id_action join etape_validation on etape_validation.id_etape =historique.id_etape where historique.id_materiel=2')
 3 APPPATH\Controllers\Affectation.php(184): CodeIgniter\Database\BaseConnection->query('SELECT type_action.id_action,materiel.id_materiel , id_etape ,date,id_utilisateur,type_action,nomMateriel,Nom,prenom,desc_etape FROM historique join materiel on materiel.id_materiel = historique.id_materiel join employe on employe.id_employe=historique.id_utilisateur join type_action on type_action.id_action=historique.id_action join etape_validation on etape_validation.id_etape =historique.id_etape where historique.id_materiel=2')
 4 SYSTEMPATH\CodeIgniter.php(941): App\Controllers\Affectation->v_histolique('2', '', '')
 5 SYSTEMPATH\CodeIgniter.php(502): CodeIgniter\CodeIgniter->runController(Object(App\Controllers\Affectation))
 6 SYSTEMPATH\CodeIgniter.php(361): CodeIgniter\CodeIgniter->handleRequest(null, Object(Config\Cache), false)
 7 FCPATH\index.php(79): CodeIgniter\CodeIgniter->run()
 8 SYSTEMPATH\Commands\Server\rewrite.php(47): require_once('C:\\xampp\\htdocs\\GARMI\\public\\index.php')
CRITICAL - 2024-06-03 16:29:38 --> [Caused by] mysqli_sql_exception: Column 'id_etape' in field list is ambiguous
in SYSTEMPATH\Database\MySQLi\Connection.php on line 306.
 1 SYSTEMPATH\Database\MySQLi\Connection.php(306): mysqli->query('SELECT type_action.id_action,materiel.id_materiel , id_etape ,date,id_utilisateur,type_action,nomMateriel,Nom,prenom,desc_etape FROM historique join materiel on materiel.id_materiel = historique.id_materiel join employe on employe.id_employe=historique.id_utilisateur join type_action on type_action.id_action=historique.id_action join etape_validation on etape_validation.id_etape =historique.id_etape where historique.id_materiel=2', 0)
 2 SYSTEMPATH\Database\BaseConnection.php(693): CodeIgniter\Database\MySQLi\Connection->execute('SELECT type_action.id_action,materiel.id_materiel , id_etape ,date,id_utilisateur,type_action,nomMateriel,Nom,prenom,desc_etape FROM historique join materiel on materiel.id_materiel = historique.id_materiel join employe on employe.id_employe=historique.id_utilisateur join type_action on type_action.id_action=historique.id_action join etape_validation on etape_validation.id_etape =historique.id_etape where historique.id_materiel=2')
 3 SYSTEMPATH\Database\BaseConnection.php(607): CodeIgniter\Database\BaseConnection->simpleQuery('SELECT type_action.id_action,materiel.id_materiel , id_etape ,date,id_utilisateur,type_action,nomMateriel,Nom,prenom,desc_etape FROM historique join materiel on materiel.id_materiel = historique.id_materiel join employe on employe.id_employe=historique.id_utilisateur join type_action on type_action.id_action=historique.id_action join etape_validation on etape_validation.id_etape =historique.id_etape where historique.id_materiel=2')
 4 APPPATH\Controllers\Affectation.php(184): CodeIgniter\Database\BaseConnection->query('SELECT type_action.id_action,materiel.id_materiel , id_etape ,date,id_utilisateur,type_action,nomMateriel,Nom,prenom,desc_etape FROM historique join materiel on materiel.id_materiel = historique.id_materiel join employe on employe.id_employe=historique.id_utilisateur join type_action on type_action.id_action=historique.id_action join etape_validation on etape_validation.id_etape =historique.id_etape where historique.id_materiel=2')
 5 SYSTEMPATH\CodeIgniter.php(941): App\Controllers\Affectation->v_histolique('2', '', '')
 6 SYSTEMPATH\CodeIgniter.php(502): CodeIgniter\CodeIgniter->runController(Object(App\Controllers\Affectation))
 7 SYSTEMPATH\CodeIgniter.php(361): CodeIgniter\CodeIgniter->handleRequest(null, Object(Config\Cache), false)
 8 FCPATH\index.php(79): CodeIgniter\CodeIgniter->run()
 9 SYSTEMPATH\Commands\Server\rewrite.php(47): require_once('C:\\xampp\\htdocs\\GARMI\\public\\index.php')
INFO - 2024-06-03 16:30:00 --> Session: Class initialized using 'CodeIgniter\Session\Handlers\FileHandler' driver.
INFO - 2024-06-03 16:32:57 --> Session: Class initialized using 'CodeIgniter\Session\Handlers\FileHandler' driver.
INFO - 2024-06-03 16:33:01 --> Session: Class initialized using 'CodeIgniter\Session\Handlers\FileHandler' driver.
INFO - 2024-06-03 16:33:23 --> Session: Class initialized using 'CodeIgniter\Session\Handlers\FileHandler' driver.
INFO - 2024-06-03 16:33:27 --> Session: Class initialized using 'CodeIgniter\Session\Handlers\FileHandler' driver.
INFO - 2024-06-03 16:34:46 --> Session: Class initialized using 'CodeIgniter\Session\Handlers\FileHandler' driver.
INFO - 2024-06-03 16:34:46 --> Session: Class initialized using 'CodeIgniter\Session\Handlers\FileHandler' driver.
INFO - 2024-06-03 16:34:55 --> Session: Class initialized using 'CodeIgniter\Session\Handlers\FileHandler' driver.
INFO - 2024-06-03 16:34:55 --> Session: Class initialized using 'CodeIgniter\Session\Handlers\FileHandler' driver.
INFO - 2024-06-03 16:34:57 --> Session: Class initialized using 'CodeIgniter\Session\Handlers\FileHandler' driver.
INFO - 2024-06-03 16:34:59 --> Session: Class initialized using 'CodeIgniter\Session\Handlers\FileHandler' driver.
INFO - 2024-06-03 16:35:08 --> Session: Class initialized using 'CodeIgniter\Session\Handlers\FileHandler' driver.
INFO - 2024-06-03 16:35:10 --> Session: Class initialized using 'CodeIgniter\Session\Handlers\FileHandler' driver.
INFO - 2024-06-03 16:35:24 --> Session: Class initialized using 'CodeIgniter\Session\Handlers\FileHandler' driver.
INFO - 2024-06-03 16:38:24 --> Session: Class initialized using 'CodeIgniter\Session\Handlers\FileHandler' driver.
INFO - 2024-06-03 16:40:29 --> Session: Class initialized using 'CodeIgniter\Session\Handlers\FileHandler' driver.
INFO - 2024-06-03 16:40:50 --> Session: Class initialized using 'CodeIgniter\Session\Handlers\FileHandler' driver.
INFO - 2024-06-03 16:40:50 --> Session: Class initialized using 'CodeIgniter\Session\Handlers\FileHandler' driver.
INFO - 2024-06-03 16:41:02 --> Session: Class initialized using 'CodeIgniter\Session\Handlers\FileHandler' driver.
INFO - 2024-06-03 16:41:02 --> Session: Class initialized using 'CodeIgniter\Session\Handlers\FileHandler' driver.
INFO - 2024-06-03 16:41:06 --> Session: Class initialized using 'CodeIgniter\Session\Handlers\FileHandler' driver.
