INFO - 2024-05-23 07:58:44 --> Session: Class initialized using 'CodeIgniter\Session\Handlers\FileHandler' driver.
INFO - 2024-05-23 07:59:14 --> Session: Class initialized using 'CodeIgniter\Session\Handlers\FileHandler' driver.
INFO - 2024-05-23 07:59:16 --> Session: Class initialized using 'CodeIgniter\Session\Handlers\FileHandler' driver.
INFO - 2024-05-23 08:00:00 --> Session: Class initialized using 'CodeIgniter\Session\Handlers\FileHandler' driver.
INFO - 2024-05-23 08:00:05 --> Session: Class initialized using 'CodeIgniter\Session\Handlers\FileHandler' driver.
INFO - 2024-05-23 08:01:13 --> Session: Class initialized using 'CodeIgniter\Session\Handlers\FileHandler' driver.
INFO - 2024-05-23 08:01:52 --> Session: Class initialized using 'CodeIgniter\Session\Handlers\FileHandler' driver.
INFO - 2024-05-23 08:02:01 --> Session: Class initialized using 'CodeIgniter\Session\Handlers\FileHandler' driver.
INFO - 2024-05-23 08:07:02 --> Session: Class initialized using 'CodeIgniter\Session\Handlers\FileHandler' driver.
INFO - 2024-05-23 08:07:19 --> Session: Class initialized using 'CodeIgniter\Session\Handlers\FileHandler' driver.
INFO - 2024-05-23 08:07:22 --> Session: Class initialized using 'CodeIgniter\Session\Handlers\FileHandler' driver.
INFO - 2024-05-23 08:10:36 --> Session: Class initialized using 'CodeIgniter\Session\Handlers\FileHandler' driver.
INFO - 2024-05-23 08:10:58 --> Session: Class initialized using 'CodeIgniter\Session\Handlers\FileHandler' driver.
INFO - 2024-05-23 08:11:01 --> Session: Class initialized using 'CodeIgniter\Session\Handlers\FileHandler' driver.
INFO - 2024-05-23 08:11:05 --> Session: Class initialized using 'CodeIgniter\Session\Handlers\FileHandler' driver.
INFO - 2024-05-23 08:36:52 --> Session: Class initialized using 'CodeIgniter\Session\Handlers\FileHandler' driver.
CRITICAL - 2024-05-23 08:36:52 --> ErrorException: Undefined index: level
in APPPATH\Controllers\UserController.php on line 65.
 1 APPPATH\Controllers\UserController.php(65): CodeIgniter\Debug\Exceptions->errorHandler(8, 'Undefined index: level', 'C:\\xampp\\htdocs\\GARMI\\app\\Controllers\\UserController.php', 65, [...])
 2 APPPATH\Controllers\UserController.php(39): App\Controllers\UserController->setUserSession([...])
 3 SYSTEMPATH\CodeIgniter.php(941): App\Controllers\UserController->do_login()
 4 SYSTEMPATH\CodeIgniter.php(502): CodeIgniter\CodeIgniter->runController(Object(App\Controllers\UserController))
 5 SYSTEMPATH\CodeIgniter.php(361): CodeIgniter\CodeIgniter->handleRequest(null, Object(Config\Cache), false)
 6 FCPATH\index.php(79): CodeIgniter\CodeIgniter->run()
 7 SYSTEMPATH\Commands\Server\rewrite.php(47): require_once('C:\\xampp\\htdocs\\GARMI\\public\\index.php')
INFO - 2024-05-23 08:39:47 --> Session: Class initialized using 'CodeIgniter\Session\Handlers\FileHandler' driver.
CRITICAL - 2024-05-23 08:39:47 --> ErrorException: Undefined index: level
in APPPATH\Controllers\UserController.php on line 65.
 1 APPPATH\Controllers\UserController.php(65): CodeIgniter\Debug\Exceptions->errorHandler(8, 'Undefined index: level', 'C:\\xampp\\htdocs\\GARMI\\app\\Controllers\\UserController.php', 65, [...])
 2 APPPATH\Controllers\UserController.php(39): App\Controllers\UserController->setUserSession([...])
 3 SYSTEMPATH\CodeIgniter.php(941): App\Controllers\UserController->do_login()
 4 SYSTEMPATH\CodeIgniter.php(502): CodeIgniter\CodeIgniter->runController(Object(App\Controllers\UserController))
 5 SYSTEMPATH\CodeIgniter.php(361): CodeIgniter\CodeIgniter->handleRequest(null, Object(Config\Cache), false)
 6 FCPATH\index.php(79): CodeIgniter\CodeIgniter->run()
 7 SYSTEMPATH\Commands\Server\rewrite.php(47): require_once('C:\\xampp\\htdocs\\GARMI\\public\\index.php')
INFO - 2024-05-23 08:53:14 --> Session: Class initialized using 'CodeIgniter\Session\Handlers\FileHandler' driver.
INFO - 2024-05-23 09:07:22 --> Session: Class initialized using 'CodeIgniter\Session\Handlers\FileHandler' driver.
INFO - 2024-05-23 09:07:22 --> Session: Class initialized using 'CodeIgniter\Session\Handlers\FileHandler' driver.
INFO - 2024-05-23 09:07:54 --> Session: Class initialized using 'CodeIgniter\Session\Handlers\FileHandler' driver.
ERROR - 2024-05-23 09:07:57 --> mysqli_sql_exception: Table 'garmi_db.marque' doesn't exist in C:\xampp\htdocs\GARMI\system\Database\MySQLi\Connection.php:306
Stack trace:
#0 C:\xampp\htdocs\GARMI\system\Database\MySQLi\Connection.php(306): mysqli->query('SELECT *\nFROM `...', 0)
#1 C:\xampp\htdocs\GARMI\system\Database\BaseConnection.php(693): CodeIgniter\Database\MySQLi\Connection->execute('SELECT *\nFROM `...')
#2 C:\xampp\htdocs\GARMI\system\Database\BaseConnection.php(607): CodeIgniter\Database\BaseConnection->simpleQuery('SELECT *\nFROM `...')
#3 C:\xampp\htdocs\GARMI\system\Database\BaseBuilder.php(1616): CodeIgniter\Database\BaseConnection->query('SELECT *\nFROM `...', Array, false)
#4 C:\xampp\htdocs\GARMI\app\Models\MaterielModel.php(19): CodeIgniter\Database\BaseBuilder->get()
#5 C:\xampp\htdocs\GARMI\app\Controllers\Affectation.php(70): App\Models\MaterielModel->getAll()
#6 C:\xampp\htdocs\GARMI\system\CodeIgniter.php(941): App\Controllers\Affectation->add_Aff()
#7 C:\xampp\htdocs\GARMI\system\CodeIgniter.php(502): CodeIgniter\CodeIgniter->runController(Object(App\Controllers\Affectation))
#8 C:\xampp\htdocs\GARMI\system\CodeIgniter.php(361): CodeIgniter\CodeIgniter->handleRequest(NULL, Object(Config\Cache), false)
#9 C:\xampp\htdocs\GARMI\public\index.php(79): CodeIgniter\CodeIgniter->run()
#10 C:\xampp\htdocs\GARMI\system\Commands\Server\rewrite.php(47): require_once('C:\\xampp\\htdocs...')
#11 {main}
CRITICAL - 2024-05-23 09:07:57 --> CodeIgniter\Database\Exceptions\DatabaseException: Table 'garmi_db.marque' doesn't exist
in SYSTEMPATH\Database\BaseConnection.php on line 647.
 1 SYSTEMPATH\Database\BaseBuilder.php(1616): CodeIgniter\Database\BaseConnection->query('SELECT *
FROM `materiel`
JOIN `categorie` ON `categorie`.`id_categ` = `materiel`.`id_categ`
JOIN `etat_materiel` ON `etat_materiel`.`id_etat`  = `materiel`.`id_etat`
JOIN `marque` ON `marque`.`id_marque` = `materiel`.`id_marque`
JOIN `modele` ON `modele`.`id_modele`  = `materiel`.`id_modele`', [], false)
 2 APPPATH\Models\MaterielModel.php(19): CodeIgniter\Database\BaseBuilder->get()
 3 APPPATH\Controllers\Affectation.php(70): App\Models\MaterielModel->getAll()
 4 SYSTEMPATH\CodeIgniter.php(941): App\Controllers\Affectation->add_Aff()
 5 SYSTEMPATH\CodeIgniter.php(502): CodeIgniter\CodeIgniter->runController(Object(App\Controllers\Affectation))
 6 SYSTEMPATH\CodeIgniter.php(361): CodeIgniter\CodeIgniter->handleRequest(null, Object(Config\Cache), false)
 7 FCPATH\index.php(79): CodeIgniter\CodeIgniter->run()
 8 SYSTEMPATH\Commands\Server\rewrite.php(47): require_once('C:\\xampp\\htdocs\\GARMI\\public\\index.php')
CRITICAL - 2024-05-23 09:07:57 --> [Caused by] CodeIgniter\Database\Exceptions\DatabaseException: Table 'garmi_db.marque' doesn't exist
in SYSTEMPATH\Database\MySQLi\Connection.php on line 311.
 1 SYSTEMPATH\Database\BaseConnection.php(693): CodeIgniter\Database\MySQLi\Connection->execute('SELECT *
FROM `materiel`
JOIN `categorie` ON `categorie`.`id_categ` = `materiel`.`id_categ`
JOIN `etat_materiel` ON `etat_materiel`.`id_etat`  = `materiel`.`id_etat`
JOIN `marque` ON `marque`.`id_marque` = `materiel`.`id_marque`
JOIN `modele` ON `modele`.`id_modele`  = `materiel`.`id_modele`')
 2 SYSTEMPATH\Database\BaseConnection.php(607): CodeIgniter\Database\BaseConnection->simpleQuery('SELECT *
FROM `materiel`
JOIN `categorie` ON `categorie`.`id_categ` = `materiel`.`id_categ`
JOIN `etat_materiel` ON `etat_materiel`.`id_etat`  = `materiel`.`id_etat`
JOIN `marque` ON `marque`.`id_marque` = `materiel`.`id_marque`
JOIN `modele` ON `modele`.`id_modele`  = `materiel`.`id_modele`')
 3 SYSTEMPATH\Database\BaseBuilder.php(1616): CodeIgniter\Database\BaseConnection->query('SELECT *
FROM `materiel`
JOIN `categorie` ON `categorie`.`id_categ` = `materiel`.`id_categ`
JOIN `etat_materiel` ON `etat_materiel`.`id_etat`  = `materiel`.`id_etat`
JOIN `marque` ON `marque`.`id_marque` = `materiel`.`id_marque`
JOIN `modele` ON `modele`.`id_modele`  = `materiel`.`id_modele`', [], false)
 4 APPPATH\Models\MaterielModel.php(19): CodeIgniter\Database\BaseBuilder->get()
 5 APPPATH\Controllers\Affectation.php(70): App\Models\MaterielModel->getAll()
 6 SYSTEMPATH\CodeIgniter.php(941): App\Controllers\Affectation->add_Aff()
 7 SYSTEMPATH\CodeIgniter.php(502): CodeIgniter\CodeIgniter->runController(Object(App\Controllers\Affectation))
 8 SYSTEMPATH\CodeIgniter.php(361): CodeIgniter\CodeIgniter->handleRequest(null, Object(Config\Cache), false)
 9 FCPATH\index.php(79): CodeIgniter\CodeIgniter->run()
10 SYSTEMPATH\Commands\Server\rewrite.php(47): require_once('C:\\xampp\\htdocs\\GARMI\\public\\index.php')
CRITICAL - 2024-05-23 09:07:57 --> [Caused by] mysqli_sql_exception: Table 'garmi_db.marque' doesn't exist
in SYSTEMPATH\Database\MySQLi\Connection.php on line 306.
 1 SYSTEMPATH\Database\MySQLi\Connection.php(306): mysqli->query('SELECT *
FROM `materiel`
JOIN `categorie` ON `categorie`.`id_categ` = `materiel`.`id_categ`
JOIN `etat_materiel` ON `etat_materiel`.`id_etat`  = `materiel`.`id_etat`
JOIN `marque` ON `marque`.`id_marque` = `materiel`.`id_marque`
JOIN `modele` ON `modele`.`id_modele`  = `materiel`.`id_modele`', 0)
 2 SYSTEMPATH\Database\BaseConnection.php(693): CodeIgniter\Database\MySQLi\Connection->execute('SELECT *
FROM `materiel`
JOIN `categorie` ON `categorie`.`id_categ` = `materiel`.`id_categ`
JOIN `etat_materiel` ON `etat_materiel`.`id_etat`  = `materiel`.`id_etat`
JOIN `marque` ON `marque`.`id_marque` = `materiel`.`id_marque`
JOIN `modele` ON `modele`.`id_modele`  = `materiel`.`id_modele`')
 3 SYSTEMPATH\Database\BaseConnection.php(607): CodeIgniter\Database\BaseConnection->simpleQuery('SELECT *
FROM `materiel`
JOIN `categorie` ON `categorie`.`id_categ` = `materiel`.`id_categ`
JOIN `etat_materiel` ON `etat_materiel`.`id_etat`  = `materiel`.`id_etat`
JOIN `marque` ON `marque`.`id_marque` = `materiel`.`id_marque`
JOIN `modele` ON `modele`.`id_modele`  = `materiel`.`id_modele`')
 4 SYSTEMPATH\Database\BaseBuilder.php(1616): CodeIgniter\Database\BaseConnection->query('SELECT *
FROM `materiel`
JOIN `categorie` ON `categorie`.`id_categ` = `materiel`.`id_categ`
JOIN `etat_materiel` ON `etat_materiel`.`id_etat`  = `materiel`.`id_etat`
JOIN `marque` ON `marque`.`id_marque` = `materiel`.`id_marque`
JOIN `modele` ON `modele`.`id_modele`  = `materiel`.`id_modele`', [], false)
 5 APPPATH\Models\MaterielModel.php(19): CodeIgniter\Database\BaseBuilder->get()
 6 APPPATH\Controllers\Affectation.php(70): App\Models\MaterielModel->getAll()
 7 SYSTEMPATH\CodeIgniter.php(941): App\Controllers\Affectation->add_Aff()
 8 SYSTEMPATH\CodeIgniter.php(502): CodeIgniter\CodeIgniter->runController(Object(App\Controllers\Affectation))
 9 SYSTEMPATH\CodeIgniter.php(361): CodeIgniter\CodeIgniter->handleRequest(null, Object(Config\Cache), false)
10 FCPATH\index.php(79): CodeIgniter\CodeIgniter->run()
11 SYSTEMPATH\Commands\Server\rewrite.php(47): require_once('C:\\xampp\\htdocs\\GARMI\\public\\index.php')
ERROR - 2024-05-23 09:19:18 --> mysqli_sql_exception: Unknown column 'materiel.id_categ' in 'on clause' in C:\xampp\htdocs\GARMI\system\Database\MySQLi\Connection.php:306
Stack trace:
#0 C:\xampp\htdocs\GARMI\system\Database\MySQLi\Connection.php(306): mysqli->query('SELECT *\nFROM `...', 0)
#1 C:\xampp\htdocs\GARMI\system\Database\BaseConnection.php(693): CodeIgniter\Database\MySQLi\Connection->execute('SELECT *\nFROM `...')
#2 C:\xampp\htdocs\GARMI\system\Database\BaseConnection.php(607): CodeIgniter\Database\BaseConnection->simpleQuery('SELECT *\nFROM `...')
#3 C:\xampp\htdocs\GARMI\system\Database\BaseBuilder.php(1616): CodeIgniter\Database\BaseConnection->query('SELECT *\nFROM `...', Array, false)
#4 C:\xampp\htdocs\GARMI\app\Models\MaterielModel.php(19): CodeIgniter\Database\BaseBuilder->get()
#5 C:\xampp\htdocs\GARMI\app\Controllers\Affectation.php(70): App\Models\MaterielModel->getAll()
#6 C:\xampp\htdocs\GARMI\system\CodeIgniter.php(941): App\Controllers\Affectation->add_Aff()
#7 C:\xampp\htdocs\GARMI\system\CodeIgniter.php(502): CodeIgniter\CodeIgniter->runController(Object(App\Controllers\Affectation))
#8 C:\xampp\htdocs\GARMI\system\CodeIgniter.php(361): CodeIgniter\CodeIgniter->handleRequest(NULL, Object(Config\Cache), false)
#9 C:\xampp\htdocs\GARMI\public\index.php(79): CodeIgniter\CodeIgniter->run()
#10 C:\xampp\htdocs\GARMI\system\Commands\Server\rewrite.php(47): require_once('C:\\xampp\\htdocs...')
#11 {main}
CRITICAL - 2024-05-23 09:19:18 --> CodeIgniter\Database\Exceptions\DatabaseException: Unknown column 'materiel.id_categ' in 'on clause'
in SYSTEMPATH\Database\BaseConnection.php on line 647.
 1 SYSTEMPATH\Database\BaseBuilder.php(1616): CodeIgniter\Database\BaseConnection->query('SELECT *
FROM `materiel`
JOIN `categorie` ON `categorie`.`id_categ` = `materiel`.`id_categ`
JOIN `etat_materiel` ON `etat_materiel`.`id_etat`  = `materiel`.`id_etat`
JOIN `marque` ON `marque`.`id_marque` = `materiel`.`id_marque`
JOIN `modele` ON `modele`.`id_modele`  = `materiel`.`id_modele`', [], false)
 2 APPPATH\Models\MaterielModel.php(19): CodeIgniter\Database\BaseBuilder->get()
 3 APPPATH\Controllers\Affectation.php(70): App\Models\MaterielModel->getAll()
 4 SYSTEMPATH\CodeIgniter.php(941): App\Controllers\Affectation->add_Aff()
 5 SYSTEMPATH\CodeIgniter.php(502): CodeIgniter\CodeIgniter->runController(Object(App\Controllers\Affectation))
 6 SYSTEMPATH\CodeIgniter.php(361): CodeIgniter\CodeIgniter->handleRequest(null, Object(Config\Cache), false)
 7 FCPATH\index.php(79): CodeIgniter\CodeIgniter->run()
 8 SYSTEMPATH\Commands\Server\rewrite.php(47): require_once('C:\\xampp\\htdocs\\GARMI\\public\\index.php')
CRITICAL - 2024-05-23 09:19:18 --> [Caused by] CodeIgniter\Database\Exceptions\DatabaseException: Unknown column 'materiel.id_categ' in 'on clause'
in SYSTEMPATH\Database\MySQLi\Connection.php on line 311.
 1 SYSTEMPATH\Database\BaseConnection.php(693): CodeIgniter\Database\MySQLi\Connection->execute('SELECT *
FROM `materiel`
JOIN `categorie` ON `categorie`.`id_categ` = `materiel`.`id_categ`
JOIN `etat_materiel` ON `etat_materiel`.`id_etat`  = `materiel`.`id_etat`
JOIN `marque` ON `marque`.`id_marque` = `materiel`.`id_marque`
JOIN `modele` ON `modele`.`id_modele`  = `materiel`.`id_modele`')
 2 SYSTEMPATH\Database\BaseConnection.php(607): CodeIgniter\Database\BaseConnection->simpleQuery('SELECT *
FROM `materiel`
JOIN `categorie` ON `categorie`.`id_categ` = `materiel`.`id_categ`
JOIN `etat_materiel` ON `etat_materiel`.`id_etat`  = `materiel`.`id_etat`
JOIN `marque` ON `marque`.`id_marque` = `materiel`.`id_marque`
JOIN `modele` ON `modele`.`id_modele`  = `materiel`.`id_modele`')
 3 SYSTEMPATH\Database\BaseBuilder.php(1616): CodeIgniter\Database\BaseConnection->query('SELECT *
FROM `materiel`
JOIN `categorie` ON `categorie`.`id_categ` = `materiel`.`id_categ`
JOIN `etat_materiel` ON `etat_materiel`.`id_etat`  = `materiel`.`id_etat`
JOIN `marque` ON `marque`.`id_marque` = `materiel`.`id_marque`
JOIN `modele` ON `modele`.`id_modele`  = `materiel`.`id_modele`', [], false)
 4 APPPATH\Models\MaterielModel.php(19): CodeIgniter\Database\BaseBuilder->get()
 5 APPPATH\Controllers\Affectation.php(70): App\Models\MaterielModel->getAll()
 6 SYSTEMPATH\CodeIgniter.php(941): App\Controllers\Affectation->add_Aff()
 7 SYSTEMPATH\CodeIgniter.php(502): CodeIgniter\CodeIgniter->runController(Object(App\Controllers\Affectation))
 8 SYSTEMPATH\CodeIgniter.php(361): CodeIgniter\CodeIgniter->handleRequest(null, Object(Config\Cache), false)
 9 FCPATH\index.php(79): CodeIgniter\CodeIgniter->run()
10 SYSTEMPATH\Commands\Server\rewrite.php(47): require_once('C:\\xampp\\htdocs\\GARMI\\public\\index.php')
CRITICAL - 2024-05-23 09:19:18 --> [Caused by] mysqli_sql_exception: Unknown column 'materiel.id_categ' in 'on clause'
in SYSTEMPATH\Database\MySQLi\Connection.php on line 306.
 1 SYSTEMPATH\Database\MySQLi\Connection.php(306): mysqli->query('SELECT *
FROM `materiel`
JOIN `categorie` ON `categorie`.`id_categ` = `materiel`.`id_categ`
JOIN `etat_materiel` ON `etat_materiel`.`id_etat`  = `materiel`.`id_etat`
JOIN `marque` ON `marque`.`id_marque` = `materiel`.`id_marque`
JOIN `modele` ON `modele`.`id_modele`  = `materiel`.`id_modele`', 0)
 2 SYSTEMPATH\Database\BaseConnection.php(693): CodeIgniter\Database\MySQLi\Connection->execute('SELECT *
FROM `materiel`
JOIN `categorie` ON `categorie`.`id_categ` = `materiel`.`id_categ`
JOIN `etat_materiel` ON `etat_materiel`.`id_etat`  = `materiel`.`id_etat`
JOIN `marque` ON `marque`.`id_marque` = `materiel`.`id_marque`
JOIN `modele` ON `modele`.`id_modele`  = `materiel`.`id_modele`')
 3 SYSTEMPATH\Database\BaseConnection.php(607): CodeIgniter\Database\BaseConnection->simpleQuery('SELECT *
FROM `materiel`
JOIN `categorie` ON `categorie`.`id_categ` = `materiel`.`id_categ`
JOIN `etat_materiel` ON `etat_materiel`.`id_etat`  = `materiel`.`id_etat`
JOIN `marque` ON `marque`.`id_marque` = `materiel`.`id_marque`
JOIN `modele` ON `modele`.`id_modele`  = `materiel`.`id_modele`')
 4 SYSTEMPATH\Database\BaseBuilder.php(1616): CodeIgniter\Database\BaseConnection->query('SELECT *
FROM `materiel`
JOIN `categorie` ON `categorie`.`id_categ` = `materiel`.`id_categ`
JOIN `etat_materiel` ON `etat_materiel`.`id_etat`  = `materiel`.`id_etat`
JOIN `marque` ON `marque`.`id_marque` = `materiel`.`id_marque`
JOIN `modele` ON `modele`.`id_modele`  = `materiel`.`id_modele`', [], false)
 5 APPPATH\Models\MaterielModel.php(19): CodeIgniter\Database\BaseBuilder->get()
 6 APPPATH\Controllers\Affectation.php(70): App\Models\MaterielModel->getAll()
 7 SYSTEMPATH\CodeIgniter.php(941): App\Controllers\Affectation->add_Aff()
 8 SYSTEMPATH\CodeIgniter.php(502): CodeIgniter\CodeIgniter->runController(Object(App\Controllers\Affectation))
 9 SYSTEMPATH\CodeIgniter.php(361): CodeIgniter\CodeIgniter->handleRequest(null, Object(Config\Cache), false)
10 FCPATH\index.php(79): CodeIgniter\CodeIgniter->run()
11 SYSTEMPATH\Commands\Server\rewrite.php(47): require_once('C:\\xampp\\htdocs\\GARMI\\public\\index.php')
ERROR - 2024-05-23 09:20:52 --> mysqli_sql_exception: Unknown column 'materiel.id_etat' in 'on clause' in C:\xampp\htdocs\GARMI\system\Database\MySQLi\Connection.php:306
Stack trace:
#0 C:\xampp\htdocs\GARMI\system\Database\MySQLi\Connection.php(306): mysqli->query('SELECT *\nFROM `...', 0)
#1 C:\xampp\htdocs\GARMI\system\Database\BaseConnection.php(693): CodeIgniter\Database\MySQLi\Connection->execute('SELECT *\nFROM `...')
#2 C:\xampp\htdocs\GARMI\system\Database\BaseConnection.php(607): CodeIgniter\Database\BaseConnection->simpleQuery('SELECT *\nFROM `...')
#3 C:\xampp\htdocs\GARMI\system\Database\BaseBuilder.php(1616): CodeIgniter\Database\BaseConnection->query('SELECT *\nFROM `...', Array, false)
#4 C:\xampp\htdocs\GARMI\app\Models\MaterielModel.php(19): CodeIgniter\Database\BaseBuilder->get()
#5 C:\xampp\htdocs\GARMI\app\Controllers\Affectation.php(70): App\Models\MaterielModel->getAll()
#6 C:\xampp\htdocs\GARMI\system\CodeIgniter.php(941): App\Controllers\Affectation->add_Aff()
#7 C:\xampp\htdocs\GARMI\system\CodeIgniter.php(502): CodeIgniter\CodeIgniter->runController(Object(App\Controllers\Affectation))
#8 C:\xampp\htdocs\GARMI\system\CodeIgniter.php(361): CodeIgniter\CodeIgniter->handleRequest(NULL, Object(Config\Cache), false)
#9 C:\xampp\htdocs\GARMI\public\index.php(79): CodeIgniter\CodeIgniter->run()
#10 C:\xampp\htdocs\GARMI\system\Commands\Server\rewrite.php(47): require_once('C:\\xampp\\htdocs...')
#11 {main}
CRITICAL - 2024-05-23 09:20:52 --> CodeIgniter\Database\Exceptions\DatabaseException: Unknown column 'materiel.id_etat' in 'on clause'
in SYSTEMPATH\Database\BaseConnection.php on line 647.
 1 SYSTEMPATH\Database\BaseBuilder.php(1616): CodeIgniter\Database\BaseConnection->query('SELECT *
FROM `materiel`
JOIN `categorie` ON `categorie`.`id_categ` = `materiel`.`id_categ`
JOIN `etat_materiel` ON `etat_materiel`.`id_etat`  = `materiel`.`id_etat`
JOIN `marque` ON `marque`.`id_marque` = `materiel`.`id_marque`
JOIN `modele` ON `modele`.`id_modele`  = `materiel`.`id_modele`', [], false)
 2 APPPATH\Models\MaterielModel.php(19): CodeIgniter\Database\BaseBuilder->get()
 3 APPPATH\Controllers\Affectation.php(70): App\Models\MaterielModel->getAll()
 4 SYSTEMPATH\CodeIgniter.php(941): App\Controllers\Affectation->add_Aff()
 5 SYSTEMPATH\CodeIgniter.php(502): CodeIgniter\CodeIgniter->runController(Object(App\Controllers\Affectation))
 6 SYSTEMPATH\CodeIgniter.php(361): CodeIgniter\CodeIgniter->handleRequest(null, Object(Config\Cache), false)
 7 FCPATH\index.php(79): CodeIgniter\CodeIgniter->run()
 8 SYSTEMPATH\Commands\Server\rewrite.php(47): require_once('C:\\xampp\\htdocs\\GARMI\\public\\index.php')
CRITICAL - 2024-05-23 09:20:52 --> [Caused by] CodeIgniter\Database\Exceptions\DatabaseException: Unknown column 'materiel.id_etat' in 'on clause'
in SYSTEMPATH\Database\MySQLi\Connection.php on line 311.
 1 SYSTEMPATH\Database\BaseConnection.php(693): CodeIgniter\Database\MySQLi\Connection->execute('SELECT *
FROM `materiel`
JOIN `categorie` ON `categorie`.`id_categ` = `materiel`.`id_categ`
JOIN `etat_materiel` ON `etat_materiel`.`id_etat`  = `materiel`.`id_etat`
JOIN `marque` ON `marque`.`id_marque` = `materiel`.`id_marque`
JOIN `modele` ON `modele`.`id_modele`  = `materiel`.`id_modele`')
 2 SYSTEMPATH\Database\BaseConnection.php(607): CodeIgniter\Database\BaseConnection->simpleQuery('SELECT *
FROM `materiel`
JOIN `categorie` ON `categorie`.`id_categ` = `materiel`.`id_categ`
JOIN `etat_materiel` ON `etat_materiel`.`id_etat`  = `materiel`.`id_etat`
JOIN `marque` ON `marque`.`id_marque` = `materiel`.`id_marque`
JOIN `modele` ON `modele`.`id_modele`  = `materiel`.`id_modele`')
 3 SYSTEMPATH\Database\BaseBuilder.php(1616): CodeIgniter\Database\BaseConnection->query('SELECT *
FROM `materiel`
JOIN `categorie` ON `categorie`.`id_categ` = `materiel`.`id_categ`
JOIN `etat_materiel` ON `etat_materiel`.`id_etat`  = `materiel`.`id_etat`
JOIN `marque` ON `marque`.`id_marque` = `materiel`.`id_marque`
JOIN `modele` ON `modele`.`id_modele`  = `materiel`.`id_modele`', [], false)
 4 APPPATH\Models\MaterielModel.php(19): CodeIgniter\Database\BaseBuilder->get()
 5 APPPATH\Controllers\Affectation.php(70): App\Models\MaterielModel->getAll()
 6 SYSTEMPATH\CodeIgniter.php(941): App\Controllers\Affectation->add_Aff()
 7 SYSTEMPATH\CodeIgniter.php(502): CodeIgniter\CodeIgniter->runController(Object(App\Controllers\Affectation))
 8 SYSTEMPATH\CodeIgniter.php(361): CodeIgniter\CodeIgniter->handleRequest(null, Object(Config\Cache), false)
 9 FCPATH\index.php(79): CodeIgniter\CodeIgniter->run()
10 SYSTEMPATH\Commands\Server\rewrite.php(47): require_once('C:\\xampp\\htdocs\\GARMI\\public\\index.php')
CRITICAL - 2024-05-23 09:20:52 --> [Caused by] mysqli_sql_exception: Unknown column 'materiel.id_etat' in 'on clause'
in SYSTEMPATH\Database\MySQLi\Connection.php on line 306.
 1 SYSTEMPATH\Database\MySQLi\Connection.php(306): mysqli->query('SELECT *
FROM `materiel`
JOIN `categorie` ON `categorie`.`id_categ` = `materiel`.`id_categ`
JOIN `etat_materiel` ON `etat_materiel`.`id_etat`  = `materiel`.`id_etat`
JOIN `marque` ON `marque`.`id_marque` = `materiel`.`id_marque`
JOIN `modele` ON `modele`.`id_modele`  = `materiel`.`id_modele`', 0)
 2 SYSTEMPATH\Database\BaseConnection.php(693): CodeIgniter\Database\MySQLi\Connection->execute('SELECT *
FROM `materiel`
JOIN `categorie` ON `categorie`.`id_categ` = `materiel`.`id_categ`
JOIN `etat_materiel` ON `etat_materiel`.`id_etat`  = `materiel`.`id_etat`
JOIN `marque` ON `marque`.`id_marque` = `materiel`.`id_marque`
JOIN `modele` ON `modele`.`id_modele`  = `materiel`.`id_modele`')
 3 SYSTEMPATH\Database\BaseConnection.php(607): CodeIgniter\Database\BaseConnection->simpleQuery('SELECT *
FROM `materiel`
JOIN `categorie` ON `categorie`.`id_categ` = `materiel`.`id_categ`
JOIN `etat_materiel` ON `etat_materiel`.`id_etat`  = `materiel`.`id_etat`
JOIN `marque` ON `marque`.`id_marque` = `materiel`.`id_marque`
JOIN `modele` ON `modele`.`id_modele`  = `materiel`.`id_modele`')
 4 SYSTEMPATH\Database\BaseBuilder.php(1616): CodeIgniter\Database\BaseConnection->query('SELECT *
FROM `materiel`
JOIN `categorie` ON `categorie`.`id_categ` = `materiel`.`id_categ`
JOIN `etat_materiel` ON `etat_materiel`.`id_etat`  = `materiel`.`id_etat`
JOIN `marque` ON `marque`.`id_marque` = `materiel`.`id_marque`
JOIN `modele` ON `modele`.`id_modele`  = `materiel`.`id_modele`', [], false)
 5 APPPATH\Models\MaterielModel.php(19): CodeIgniter\Database\BaseBuilder->get()
 6 APPPATH\Controllers\Affectation.php(70): App\Models\MaterielModel->getAll()
 7 SYSTEMPATH\CodeIgniter.php(941): App\Controllers\Affectation->add_Aff()
 8 SYSTEMPATH\CodeIgniter.php(502): CodeIgniter\CodeIgniter->runController(Object(App\Controllers\Affectation))
 9 SYSTEMPATH\CodeIgniter.php(361): CodeIgniter\CodeIgniter->handleRequest(null, Object(Config\Cache), false)
10 FCPATH\index.php(79): CodeIgniter\CodeIgniter->run()
11 SYSTEMPATH\Commands\Server\rewrite.php(47): require_once('C:\\xampp\\htdocs\\GARMI\\public\\index.php')
ERROR - 2024-05-23 09:22:14 --> mysqli_sql_exception: Unknown column 'materiel.id_marque' in 'on clause' in C:\xampp\htdocs\GARMI\system\Database\MySQLi\Connection.php:306
Stack trace:
#0 C:\xampp\htdocs\GARMI\system\Database\MySQLi\Connection.php(306): mysqli->query('SELECT *\nFROM `...', 0)
#1 C:\xampp\htdocs\GARMI\system\Database\BaseConnection.php(693): CodeIgniter\Database\MySQLi\Connection->execute('SELECT *\nFROM `...')
#2 C:\xampp\htdocs\GARMI\system\Database\BaseConnection.php(607): CodeIgniter\Database\BaseConnection->simpleQuery('SELECT *\nFROM `...')
#3 C:\xampp\htdocs\GARMI\system\Database\BaseBuilder.php(1616): CodeIgniter\Database\BaseConnection->query('SELECT *\nFROM `...', Array, false)
#4 C:\xampp\htdocs\GARMI\app\Models\MaterielModel.php(19): CodeIgniter\Database\BaseBuilder->get()
#5 C:\xampp\htdocs\GARMI\app\Controllers\Affectation.php(70): App\Models\MaterielModel->getAll()
#6 C:\xampp\htdocs\GARMI\system\CodeIgniter.php(941): App\Controllers\Affectation->add_Aff()
#7 C:\xampp\htdocs\GARMI\system\CodeIgniter.php(502): CodeIgniter\CodeIgniter->runController(Object(App\Controllers\Affectation))
#8 C:\xampp\htdocs\GARMI\system\CodeIgniter.php(361): CodeIgniter\CodeIgniter->handleRequest(NULL, Object(Config\Cache), false)
#9 C:\xampp\htdocs\GARMI\public\index.php(79): CodeIgniter\CodeIgniter->run()
#10 C:\xampp\htdocs\GARMI\system\Commands\Server\rewrite.php(47): require_once('C:\\xampp\\htdocs...')
#11 {main}
CRITICAL - 2024-05-23 09:22:14 --> CodeIgniter\Database\Exceptions\DatabaseException: Unknown column 'materiel.id_marque' in 'on clause'
in SYSTEMPATH\Database\BaseConnection.php on line 647.
 1 SYSTEMPATH\Database\BaseBuilder.php(1616): CodeIgniter\Database\BaseConnection->query('SELECT *
FROM `materiel`
JOIN `categorie` ON `categorie`.`id_categ` = `materiel`.`id_categ`
JOIN `etat_materiel` ON `etat_materiel`.`id_etat`  = `materiel`.`id_etat`
JOIN `marque` ON `marque`.`id_marque` = `materiel`.`id_marque`
JOIN `modele` ON `modele`.`id_modele`  = `materiel`.`id_modele`', [], false)
 2 APPPATH\Models\MaterielModel.php(19): CodeIgniter\Database\BaseBuilder->get()
 3 APPPATH\Controllers\Affectation.php(70): App\Models\MaterielModel->getAll()
 4 SYSTEMPATH\CodeIgniter.php(941): App\Controllers\Affectation->add_Aff()
 5 SYSTEMPATH\CodeIgniter.php(502): CodeIgniter\CodeIgniter->runController(Object(App\Controllers\Affectation))
 6 SYSTEMPATH\CodeIgniter.php(361): CodeIgniter\CodeIgniter->handleRequest(null, Object(Config\Cache), false)
 7 FCPATH\index.php(79): CodeIgniter\CodeIgniter->run()
 8 SYSTEMPATH\Commands\Server\rewrite.php(47): require_once('C:\\xampp\\htdocs\\GARMI\\public\\index.php')
CRITICAL - 2024-05-23 09:22:14 --> [Caused by] CodeIgniter\Database\Exceptions\DatabaseException: Unknown column 'materiel.id_marque' in 'on clause'
in SYSTEMPATH\Database\MySQLi\Connection.php on line 311.
 1 SYSTEMPATH\Database\BaseConnection.php(693): CodeIgniter\Database\MySQLi\Connection->execute('SELECT *
FROM `materiel`
JOIN `categorie` ON `categorie`.`id_categ` = `materiel`.`id_categ`
JOIN `etat_materiel` ON `etat_materiel`.`id_etat`  = `materiel`.`id_etat`
JOIN `marque` ON `marque`.`id_marque` = `materiel`.`id_marque`
JOIN `modele` ON `modele`.`id_modele`  = `materiel`.`id_modele`')
 2 SYSTEMPATH\Database\BaseConnection.php(607): CodeIgniter\Database\BaseConnection->simpleQuery('SELECT *
FROM `materiel`
JOIN `categorie` ON `categorie`.`id_categ` = `materiel`.`id_categ`
JOIN `etat_materiel` ON `etat_materiel`.`id_etat`  = `materiel`.`id_etat`
JOIN `marque` ON `marque`.`id_marque` = `materiel`.`id_marque`
JOIN `modele` ON `modele`.`id_modele`  = `materiel`.`id_modele`')
 3 SYSTEMPATH\Database\BaseBuilder.php(1616): CodeIgniter\Database\BaseConnection->query('SELECT *
FROM `materiel`
JOIN `categorie` ON `categorie`.`id_categ` = `materiel`.`id_categ`
JOIN `etat_materiel` ON `etat_materiel`.`id_etat`  = `materiel`.`id_etat`
JOIN `marque` ON `marque`.`id_marque` = `materiel`.`id_marque`
JOIN `modele` ON `modele`.`id_modele`  = `materiel`.`id_modele`', [], false)
 4 APPPATH\Models\MaterielModel.php(19): CodeIgniter\Database\BaseBuilder->get()
 5 APPPATH\Controllers\Affectation.php(70): App\Models\MaterielModel->getAll()
 6 SYSTEMPATH\CodeIgniter.php(941): App\Controllers\Affectation->add_Aff()
 7 SYSTEMPATH\CodeIgniter.php(502): CodeIgniter\CodeIgniter->runController(Object(App\Controllers\Affectation))
 8 SYSTEMPATH\CodeIgniter.php(361): CodeIgniter\CodeIgniter->handleRequest(null, Object(Config\Cache), false)
 9 FCPATH\index.php(79): CodeIgniter\CodeIgniter->run()
10 SYSTEMPATH\Commands\Server\rewrite.php(47): require_once('C:\\xampp\\htdocs\\GARMI\\public\\index.php')
CRITICAL - 2024-05-23 09:22:14 --> [Caused by] mysqli_sql_exception: Unknown column 'materiel.id_marque' in 'on clause'
in SYSTEMPATH\Database\MySQLi\Connection.php on line 306.
 1 SYSTEMPATH\Database\MySQLi\Connection.php(306): mysqli->query('SELECT *
FROM `materiel`
JOIN `categorie` ON `categorie`.`id_categ` = `materiel`.`id_categ`
JOIN `etat_materiel` ON `etat_materiel`.`id_etat`  = `materiel`.`id_etat`
JOIN `marque` ON `marque`.`id_marque` = `materiel`.`id_marque`
JOIN `modele` ON `modele`.`id_modele`  = `materiel`.`id_modele`', 0)
 2 SYSTEMPATH\Database\BaseConnection.php(693): CodeIgniter\Database\MySQLi\Connection->execute('SELECT *
FROM `materiel`
JOIN `categorie` ON `categorie`.`id_categ` = `materiel`.`id_categ`
JOIN `etat_materiel` ON `etat_materiel`.`id_etat`  = `materiel`.`id_etat`
JOIN `marque` ON `marque`.`id_marque` = `materiel`.`id_marque`
JOIN `modele` ON `modele`.`id_modele`  = `materiel`.`id_modele`')
 3 SYSTEMPATH\Database\BaseConnection.php(607): CodeIgniter\Database\BaseConnection->simpleQuery('SELECT *
FROM `materiel`
JOIN `categorie` ON `categorie`.`id_categ` = `materiel`.`id_categ`
JOIN `etat_materiel` ON `etat_materiel`.`id_etat`  = `materiel`.`id_etat`
JOIN `marque` ON `marque`.`id_marque` = `materiel`.`id_marque`
JOIN `modele` ON `modele`.`id_modele`  = `materiel`.`id_modele`')
 4 SYSTEMPATH\Database\BaseBuilder.php(1616): CodeIgniter\Database\BaseConnection->query('SELECT *
FROM `materiel`
JOIN `categorie` ON `categorie`.`id_categ` = `materiel`.`id_categ`
JOIN `etat_materiel` ON `etat_materiel`.`id_etat`  = `materiel`.`id_etat`
JOIN `marque` ON `marque`.`id_marque` = `materiel`.`id_marque`
JOIN `modele` ON `modele`.`id_modele`  = `materiel`.`id_modele`', [], false)
 5 APPPATH\Models\MaterielModel.php(19): CodeIgniter\Database\BaseBuilder->get()
 6 APPPATH\Controllers\Affectation.php(70): App\Models\MaterielModel->getAll()
 7 SYSTEMPATH\CodeIgniter.php(941): App\Controllers\Affectation->add_Aff()
 8 SYSTEMPATH\CodeIgniter.php(502): CodeIgniter\CodeIgniter->runController(Object(App\Controllers\Affectation))
 9 SYSTEMPATH\CodeIgniter.php(361): CodeIgniter\CodeIgniter->handleRequest(null, Object(Config\Cache), false)
10 FCPATH\index.php(79): CodeIgniter\CodeIgniter->run()
11 SYSTEMPATH\Commands\Server\rewrite.php(47): require_once('C:\\xampp\\htdocs\\GARMI\\public\\index.php')
ERROR - 2024-05-23 09:25:15 --> mysqli_sql_exception: Unknown column 'materiel.id_modele' in 'on clause' in C:\xampp\htdocs\GARMI\system\Database\MySQLi\Connection.php:306
Stack trace:
#0 C:\xampp\htdocs\GARMI\system\Database\MySQLi\Connection.php(306): mysqli->query('SELECT *\nFROM `...', 0)
#1 C:\xampp\htdocs\GARMI\system\Database\BaseConnection.php(693): CodeIgniter\Database\MySQLi\Connection->execute('SELECT *\nFROM `...')
#2 C:\xampp\htdocs\GARMI\system\Database\BaseConnection.php(607): CodeIgniter\Database\BaseConnection->simpleQuery('SELECT *\nFROM `...')
#3 C:\xampp\htdocs\GARMI\system\Database\BaseBuilder.php(1616): CodeIgniter\Database\BaseConnection->query('SELECT *\nFROM `...', Array, false)
#4 C:\xampp\htdocs\GARMI\app\Models\MaterielModel.php(19): CodeIgniter\Database\BaseBuilder->get()
#5 C:\xampp\htdocs\GARMI\app\Controllers\Affectation.php(70): App\Models\MaterielModel->getAll()
#6 C:\xampp\htdocs\GARMI\system\CodeIgniter.php(941): App\Controllers\Affectation->add_Aff()
#7 C:\xampp\htdocs\GARMI\system\CodeIgniter.php(502): CodeIgniter\CodeIgniter->runController(Object(App\Controllers\Affectation))
#8 C:\xampp\htdocs\GARMI\system\CodeIgniter.php(361): CodeIgniter\CodeIgniter->handleRequest(NULL, Object(Config\Cache), false)
#9 C:\xampp\htdocs\GARMI\public\index.php(79): CodeIgniter\CodeIgniter->run()
#10 C:\xampp\htdocs\GARMI\system\Commands\Server\rewrite.php(47): require_once('C:\\xampp\\htdocs...')
#11 {main}
CRITICAL - 2024-05-23 09:25:15 --> CodeIgniter\Database\Exceptions\DatabaseException: Unknown column 'materiel.id_modele' in 'on clause'
in SYSTEMPATH\Database\BaseConnection.php on line 647.
 1 SYSTEMPATH\Database\BaseBuilder.php(1616): CodeIgniter\Database\BaseConnection->query('SELECT *
FROM `materiel`
JOIN `categorie` ON `categorie`.`id_categ` = `materiel`.`id_categ`
JOIN `etat_materiel` ON `etat_materiel`.`id_etat`  = `materiel`.`id_etat`
JOIN `marque` ON `marque`.`id_marque` = `materiel`.`id_marque`
JOIN `modele` ON `modele`.`id_modele`  = `materiel`.`id_modele`', [], false)
 2 APPPATH\Models\MaterielModel.php(19): CodeIgniter\Database\BaseBuilder->get()
 3 APPPATH\Controllers\Affectation.php(70): App\Models\MaterielModel->getAll()
 4 SYSTEMPATH\CodeIgniter.php(941): App\Controllers\Affectation->add_Aff()
 5 SYSTEMPATH\CodeIgniter.php(502): CodeIgniter\CodeIgniter->runController(Object(App\Controllers\Affectation))
 6 SYSTEMPATH\CodeIgniter.php(361): CodeIgniter\CodeIgniter->handleRequest(null, Object(Config\Cache), false)
 7 FCPATH\index.php(79): CodeIgniter\CodeIgniter->run()
 8 SYSTEMPATH\Commands\Server\rewrite.php(47): require_once('C:\\xampp\\htdocs\\GARMI\\public\\index.php')
CRITICAL - 2024-05-23 09:25:15 --> [Caused by] CodeIgniter\Database\Exceptions\DatabaseException: Unknown column 'materiel.id_modele' in 'on clause'
in SYSTEMPATH\Database\MySQLi\Connection.php on line 311.
 1 SYSTEMPATH\Database\BaseConnection.php(693): CodeIgniter\Database\MySQLi\Connection->execute('SELECT *
FROM `materiel`
JOIN `categorie` ON `categorie`.`id_categ` = `materiel`.`id_categ`
JOIN `etat_materiel` ON `etat_materiel`.`id_etat`  = `materiel`.`id_etat`
JOIN `marque` ON `marque`.`id_marque` = `materiel`.`id_marque`
JOIN `modele` ON `modele`.`id_modele`  = `materiel`.`id_modele`')
 2 SYSTEMPATH\Database\BaseConnection.php(607): CodeIgniter\Database\BaseConnection->simpleQuery('SELECT *
FROM `materiel`
JOIN `categorie` ON `categorie`.`id_categ` = `materiel`.`id_categ`
JOIN `etat_materiel` ON `etat_materiel`.`id_etat`  = `materiel`.`id_etat`
JOIN `marque` ON `marque`.`id_marque` = `materiel`.`id_marque`
JOIN `modele` ON `modele`.`id_modele`  = `materiel`.`id_modele`')
 3 SYSTEMPATH\Database\BaseBuilder.php(1616): CodeIgniter\Database\BaseConnection->query('SELECT *
FROM `materiel`
JOIN `categorie` ON `categorie`.`id_categ` = `materiel`.`id_categ`
JOIN `etat_materiel` ON `etat_materiel`.`id_etat`  = `materiel`.`id_etat`
JOIN `marque` ON `marque`.`id_marque` = `materiel`.`id_marque`
JOIN `modele` ON `modele`.`id_modele`  = `materiel`.`id_modele`', [], false)
 4 APPPATH\Models\MaterielModel.php(19): CodeIgniter\Database\BaseBuilder->get()
 5 APPPATH\Controllers\Affectation.php(70): App\Models\MaterielModel->getAll()
 6 SYSTEMPATH\CodeIgniter.php(941): App\Controllers\Affectation->add_Aff()
 7 SYSTEMPATH\CodeIgniter.php(502): CodeIgniter\CodeIgniter->runController(Object(App\Controllers\Affectation))
 8 SYSTEMPATH\CodeIgniter.php(361): CodeIgniter\CodeIgniter->handleRequest(null, Object(Config\Cache), false)
 9 FCPATH\index.php(79): CodeIgniter\CodeIgniter->run()
10 SYSTEMPATH\Commands\Server\rewrite.php(47): require_once('C:\\xampp\\htdocs\\GARMI\\public\\index.php')
CRITICAL - 2024-05-23 09:25:15 --> [Caused by] mysqli_sql_exception: Unknown column 'materiel.id_modele' in 'on clause'
in SYSTEMPATH\Database\MySQLi\Connection.php on line 306.
 1 SYSTEMPATH\Database\MySQLi\Connection.php(306): mysqli->query('SELECT *
FROM `materiel`
JOIN `categorie` ON `categorie`.`id_categ` = `materiel`.`id_categ`
JOIN `etat_materiel` ON `etat_materiel`.`id_etat`  = `materiel`.`id_etat`
JOIN `marque` ON `marque`.`id_marque` = `materiel`.`id_marque`
JOIN `modele` ON `modele`.`id_modele`  = `materiel`.`id_modele`', 0)
 2 SYSTEMPATH\Database\BaseConnection.php(693): CodeIgniter\Database\MySQLi\Connection->execute('SELECT *
FROM `materiel`
JOIN `categorie` ON `categorie`.`id_categ` = `materiel`.`id_categ`
JOIN `etat_materiel` ON `etat_materiel`.`id_etat`  = `materiel`.`id_etat`
JOIN `marque` ON `marque`.`id_marque` = `materiel`.`id_marque`
JOIN `modele` ON `modele`.`id_modele`  = `materiel`.`id_modele`')
 3 SYSTEMPATH\Database\BaseConnection.php(607): CodeIgniter\Database\BaseConnection->simpleQuery('SELECT *
FROM `materiel`
JOIN `categorie` ON `categorie`.`id_categ` = `materiel`.`id_categ`
JOIN `etat_materiel` ON `etat_materiel`.`id_etat`  = `materiel`.`id_etat`
JOIN `marque` ON `marque`.`id_marque` = `materiel`.`id_marque`
JOIN `modele` ON `modele`.`id_modele`  = `materiel`.`id_modele`')
 4 SYSTEMPATH\Database\BaseBuilder.php(1616): CodeIgniter\Database\BaseConnection->query('SELECT *
FROM `materiel`
JOIN `categorie` ON `categorie`.`id_categ` = `materiel`.`id_categ`
JOIN `etat_materiel` ON `etat_materiel`.`id_etat`  = `materiel`.`id_etat`
JOIN `marque` ON `marque`.`id_marque` = `materiel`.`id_marque`
JOIN `modele` ON `modele`.`id_modele`  = `materiel`.`id_modele`', [], false)
 5 APPPATH\Models\MaterielModel.php(19): CodeIgniter\Database\BaseBuilder->get()
 6 APPPATH\Controllers\Affectation.php(70): App\Models\MaterielModel->getAll()
 7 SYSTEMPATH\CodeIgniter.php(941): App\Controllers\Affectation->add_Aff()
 8 SYSTEMPATH\CodeIgniter.php(502): CodeIgniter\CodeIgniter->runController(Object(App\Controllers\Affectation))
 9 SYSTEMPATH\CodeIgniter.php(361): CodeIgniter\CodeIgniter->handleRequest(null, Object(Config\Cache), false)
10 FCPATH\index.php(79): CodeIgniter\CodeIgniter->run()
11 SYSTEMPATH\Commands\Server\rewrite.php(47): require_once('C:\\xampp\\htdocs\\GARMI\\public\\index.php')
INFO - 2024-05-23 09:28:22 --> Session: Class initialized using 'CodeIgniter\Session\Handlers\FileHandler' driver.
INFO - 2024-05-23 09:28:27 --> Session: Class initialized using 'CodeIgniter\Session\Handlers\FileHandler' driver.
INFO - 2024-05-23 09:28:39 --> Session: Class initialized using 'CodeIgniter\Session\Handlers\FileHandler' driver.
INFO - 2024-05-23 09:28:51 --> Session: Class initialized using 'CodeIgniter\Session\Handlers\FileHandler' driver.
INFO - 2024-05-23 09:28:59 --> Session: Class initialized using 'CodeIgniter\Session\Handlers\FileHandler' driver.
INFO - 2024-05-23 09:29:06 --> Session: Class initialized using 'CodeIgniter\Session\Handlers\FileHandler' driver.
CRITICAL - 2024-05-23 09:29:06 --> ErrorException: Undefined index: id_categ
in APPPATH\Views\addMateriel.php on line 114.
 1 APPPATH\Views\addMateriel.php(114): CodeIgniter\Debug\Exceptions->errorHandler(8, 'Undefined index: id_categ', 'C:\\xampp\\htdocs\\GARMI\\app\\Views\\addMateriel.php', 114, [...])
 2 SYSTEMPATH\View\View.php(228): include('C:\\xampp\\htdocs\\GARMI\\app\\Views\\addMateriel.php')
 3 SYSTEMPATH\View\View.php(231): CodeIgniter\View\View->CodeIgniter\View\{closure}()
 4 SYSTEMPATH\Common.php(1178): CodeIgniter\View\View->render('addMateriel.php', [], true)
 5 APPPATH\Controllers\Materiel.php(76): view('addMateriel.php', [...])
 6 SYSTEMPATH\CodeIgniter.php(941): App\Controllers\Materiel->add()
 7 SYSTEMPATH\CodeIgniter.php(502): CodeIgniter\CodeIgniter->runController(Object(App\Controllers\Materiel))
 8 SYSTEMPATH\CodeIgniter.php(361): CodeIgniter\CodeIgniter->handleRequest(null, Object(Config\Cache), false)
 9 FCPATH\index.php(79): CodeIgniter\CodeIgniter->run()
10 SYSTEMPATH\Commands\Server\rewrite.php(47): require_once('C:\\xampp\\htdocs\\GARMI\\public\\index.php')
INFO - 2024-05-23 09:31:19 --> Session: Class initialized using 'CodeIgniter\Session\Handlers\FileHandler' driver.
INFO - 2024-05-23 09:37:48 --> Session: Class initialized using 'CodeIgniter\Session\Handlers\FileHandler' driver.
INFO - 2024-05-23 09:39:15 --> Session: Class initialized using 'CodeIgniter\Session\Handlers\FileHandler' driver.
INFO - 2024-05-23 09:39:18 --> Session: Class initialized using 'CodeIgniter\Session\Handlers\FileHandler' driver.
INFO - 2024-05-23 09:39:25 --> Session: Class initialized using 'CodeIgniter\Session\Handlers\FileHandler' driver.
INFO - 2024-05-23 09:39:30 --> Session: Class initialized using 'CodeIgniter\Session\Handlers\FileHandler' driver.
INFO - 2024-05-23 09:39:34 --> Session: Class initialized using 'CodeIgniter\Session\Handlers\FileHandler' driver.
INFO - 2024-05-23 09:39:45 --> Session: Class initialized using 'CodeIgniter\Session\Handlers\FileHandler' driver.
INFO - 2024-05-23 09:39:48 --> Session: Class initialized using 'CodeIgniter\Session\Handlers\FileHandler' driver.
INFO - 2024-05-23 10:05:21 --> Session: Class initialized using 'CodeIgniter\Session\Handlers\FileHandler' driver.
INFO - 2024-05-23 10:05:33 --> Session: Class initialized using 'CodeIgniter\Session\Handlers\FileHandler' driver.
INFO - 2024-05-23 10:08:47 --> Session: Class initialized using 'CodeIgniter\Session\Handlers\FileHandler' driver.
INFO - 2024-05-23 10:08:50 --> Session: Class initialized using 'CodeIgniter\Session\Handlers\FileHandler' driver.
INFO - 2024-05-23 10:08:53 --> Session: Class initialized using 'CodeIgniter\Session\Handlers\FileHandler' driver.
INFO - 2024-05-23 10:08:56 --> Session: Class initialized using 'CodeIgniter\Session\Handlers\FileHandler' driver.
INFO - 2024-05-23 10:09:01 --> Session: Class initialized using 'CodeIgniter\Session\Handlers\FileHandler' driver.
INFO - 2024-05-23 10:38:03 --> Session: Class initialized using 'CodeIgniter\Session\Handlers\FileHandler' driver.
INFO - 2024-05-23 10:39:03 --> Session: Class initialized using 'CodeIgniter\Session\Handlers\FileHandler' driver.
INFO - 2024-05-23 10:39:06 --> Session: Class initialized using 'CodeIgniter\Session\Handlers\FileHandler' driver.
INFO - 2024-05-23 10:39:09 --> Session: Class initialized using 'CodeIgniter\Session\Handlers\FileHandler' driver.
INFO - 2024-05-23 10:39:20 --> Session: Class initialized using 'CodeIgniter\Session\Handlers\FileHandler' driver.
INFO - 2024-05-23 10:39:22 --> Session: Class initialized using 'CodeIgniter\Session\Handlers\FileHandler' driver.
INFO - 2024-05-23 10:39:28 --> Session: Class initialized using 'CodeIgniter\Session\Handlers\FileHandler' driver.
INFO - 2024-05-23 10:39:34 --> Session: Class initialized using 'CodeIgniter\Session\Handlers\FileHandler' driver.
INFO - 2024-05-23 10:39:43 --> Session: Class initialized using 'CodeIgniter\Session\Handlers\FileHandler' driver.
INFO - 2024-05-23 10:40:08 --> Session: Class initialized using 'CodeIgniter\Session\Handlers\FileHandler' driver.
INFO - 2024-05-23 10:40:11 --> Session: Class initialized using 'CodeIgniter\Session\Handlers\FileHandler' driver.
ERROR - 2024-05-23 10:40:30 --> mysqli_sql_exception: Unknown column 'id_histolique' in 'where clause' in C:\xampp\htdocs\GARMI\system\Database\MySQLi\Connection.php:306
Stack trace:
#0 C:\xampp\htdocs\GARMI\system\Database\MySQLi\Connection.php(306): mysqli->query('SELECT *\nFROM `...', 0)
#1 C:\xampp\htdocs\GARMI\system\Database\BaseConnection.php(693): CodeIgniter\Database\MySQLi\Connection->execute('SELECT *\nFROM `...')
#2 C:\xampp\htdocs\GARMI\system\Database\BaseConnection.php(607): CodeIgniter\Database\BaseConnection->simpleQuery('SELECT *\nFROM `...')
#3 C:\xampp\htdocs\GARMI\system\Database\BaseBuilder.php(1616): CodeIgniter\Database\BaseConnection->query('SELECT *\nFROM `...', Array, false)
#4 C:\xampp\htdocs\GARMI\system\Model.php(270): CodeIgniter\Database\BaseBuilder->get()
#5 C:\xampp\htdocs\GARMI\system\BaseModel.php(676): CodeIgniter\Model->doFirst()
#6 C:\xampp\htdocs\GARMI\app\Controllers\Affectation.php(133): CodeIgniter\BaseModel->first()
#7 C:\xampp\htdocs\GARMI\system\CodeIgniter.php(941): App\Controllers\Affectation->v_histolique('1', '', '')
#8 C:\xampp\htdocs\GARMI\system\CodeIgniter.php(502): CodeIgniter\CodeIgniter->runController(Object(App\Controllers\Affectation))
#9 C:\xampp\htdocs\GARMI\system\CodeIgniter.php(361): CodeIgniter\CodeIgniter->handleRequest(NULL, Object(Config\Cache), false)
#10 C:\xampp\htdocs\GARMI\public\index.php(79): CodeIgniter\CodeIgniter->run()
#11 C:\xampp\htdocs\GARMI\system\Commands\Server\rewrite.php(47): require_once('C:\\xampp\\htdocs...')
#12 {main}
CRITICAL - 2024-05-23 10:40:30 --> CodeIgniter\Database\Exceptions\DatabaseException: Unknown column 'id_histolique' in 'where clause'
in SYSTEMPATH\Database\BaseConnection.php on line 647.
 1 SYSTEMPATH\Database\BaseBuilder.php(1616): CodeIgniter\Database\BaseConnection->query('SELECT *
FROM `affectation_restitution`
WHERE `id_histolique` = :id_histolique:
 LIMIT 1', [...], false)
 2 SYSTEMPATH\Model.php(270): CodeIgniter\Database\BaseBuilder->get()
 3 SYSTEMPATH\BaseModel.php(676): CodeIgniter\Model->doFirst()
 4 APPPATH\Controllers\Affectation.php(133): CodeIgniter\BaseModel->first()
 5 SYSTEMPATH\CodeIgniter.php(941): App\Controllers\Affectation->v_histolique('1', '', '')
 6 SYSTEMPATH\CodeIgniter.php(502): CodeIgniter\CodeIgniter->runController(Object(App\Controllers\Affectation))
 7 SYSTEMPATH\CodeIgniter.php(361): CodeIgniter\CodeIgniter->handleRequest(null, Object(Config\Cache), false)
 8 FCPATH\index.php(79): CodeIgniter\CodeIgniter->run()
 9 SYSTEMPATH\Commands\Server\rewrite.php(47): require_once('C:\\xampp\\htdocs\\GARMI\\public\\index.php')
CRITICAL - 2024-05-23 10:40:30 --> [Caused by] CodeIgniter\Database\Exceptions\DatabaseException: Unknown column 'id_histolique' in 'where clause'
in SYSTEMPATH\Database\MySQLi\Connection.php on line 311.
 1 SYSTEMPATH\Database\BaseConnection.php(693): CodeIgniter\Database\MySQLi\Connection->execute('SELECT *
FROM `affectation_restitution`
WHERE `id_histolique` = \'1\'
 LIMIT 1')
 2 SYSTEMPATH\Database\BaseConnection.php(607): CodeIgniter\Database\BaseConnection->simpleQuery('SELECT *
FROM `affectation_restitution`
WHERE `id_histolique` = \'1\'
 LIMIT 1')
 3 SYSTEMPATH\Database\BaseBuilder.php(1616): CodeIgniter\Database\BaseConnection->query('SELECT *
FROM `affectation_restitution`
WHERE `id_histolique` = :id_histolique:
 LIMIT 1', [...], false)
 4 SYSTEMPATH\Model.php(270): CodeIgniter\Database\BaseBuilder->get()
 5 SYSTEMPATH\BaseModel.php(676): CodeIgniter\Model->doFirst()
 6 APPPATH\Controllers\Affectation.php(133): CodeIgniter\BaseModel->first()
 7 SYSTEMPATH\CodeIgniter.php(941): App\Controllers\Affectation->v_histolique('1', '', '')
 8 SYSTEMPATH\CodeIgniter.php(502): CodeIgniter\CodeIgniter->runController(Object(App\Controllers\Affectation))
 9 SYSTEMPATH\CodeIgniter.php(361): CodeIgniter\CodeIgniter->handleRequest(null, Object(Config\Cache), false)
10 FCPATH\index.php(79): CodeIgniter\CodeIgniter->run()
11 SYSTEMPATH\Commands\Server\rewrite.php(47): require_once('C:\\xampp\\htdocs\\GARMI\\public\\index.php')
CRITICAL - 2024-05-23 10:40:30 --> [Caused by] mysqli_sql_exception: Unknown column 'id_histolique' in 'where clause'
in SYSTEMPATH\Database\MySQLi\Connection.php on line 306.
 1 SYSTEMPATH\Database\MySQLi\Connection.php(306): mysqli->query('SELECT *
FROM `affectation_restitution`
WHERE `id_histolique` = \'1\'
 LIMIT 1', 0)
 2 SYSTEMPATH\Database\BaseConnection.php(693): CodeIgniter\Database\MySQLi\Connection->execute('SELECT *
FROM `affectation_restitution`
WHERE `id_histolique` = \'1\'
 LIMIT 1')
 3 SYSTEMPATH\Database\BaseConnection.php(607): CodeIgniter\Database\BaseConnection->simpleQuery('SELECT *
FROM `affectation_restitution`
WHERE `id_histolique` = \'1\'
 LIMIT 1')
 4 SYSTEMPATH\Database\BaseBuilder.php(1616): CodeIgniter\Database\BaseConnection->query('SELECT *
FROM `affectation_restitution`
WHERE `id_histolique` = :id_histolique:
 LIMIT 1', [...], false)
 5 SYSTEMPATH\Model.php(270): CodeIgniter\Database\BaseBuilder->get()
 6 SYSTEMPATH\BaseModel.php(676): CodeIgniter\Model->doFirst()
 7 APPPATH\Controllers\Affectation.php(133): CodeIgniter\BaseModel->first()
 8 SYSTEMPATH\CodeIgniter.php(941): App\Controllers\Affectation->v_histolique('1', '', '')
 9 SYSTEMPATH\CodeIgniter.php(502): CodeIgniter\CodeIgniter->runController(Object(App\Controllers\Affectation))
10 SYSTEMPATH\CodeIgniter.php(361): CodeIgniter\CodeIgniter->handleRequest(null, Object(Config\Cache), false)
11 FCPATH\index.php(79): CodeIgniter\CodeIgniter->run()
12 SYSTEMPATH\Commands\Server\rewrite.php(47): require_once('C:\\xampp\\htdocs\\GARMI\\public\\index.php')
INFO - 2024-05-23 10:41:00 --> Session: Class initialized using 'CodeIgniter\Session\Handlers\FileHandler' driver.
CRITICAL - 2024-05-23 10:41:00 --> ErrorException: Undefined variable: employers
in APPPATH\Views\histoliqueEn.php on line 65.
 1 APPPATH\Views\histoliqueEn.php(65): CodeIgniter\Debug\Exceptions->errorHandler(8, 'Undefined variable: employers', 'C:\\xampp\\htdocs\\GARMI\\app\\Views\\histoliqueEn.php', 65, [...])
 2 SYSTEMPATH\View\View.php(228): include('C:\\xampp\\htdocs\\GARMI\\app\\Views\\histoliqueEn.php')
 3 SYSTEMPATH\View\View.php(231): CodeIgniter\View\View->CodeIgniter\View\{closure}()
 4 SYSTEMPATH\Common.php(1178): CodeIgniter\View\View->render('histoliqueEn.php', [], true)
 5 APPPATH\Controllers\Affectation.php(157): view('histoliqueEn.php', [...])
 6 SYSTEMPATH\CodeIgniter.php(941): App\Controllers\Affectation->v_histolique('1', '', '')
 7 SYSTEMPATH\CodeIgniter.php(502): CodeIgniter\CodeIgniter->runController(Object(App\Controllers\Affectation))
 8 SYSTEMPATH\CodeIgniter.php(361): CodeIgniter\CodeIgniter->handleRequest(null, Object(Config\Cache), false)
 9 FCPATH\index.php(79): CodeIgniter\CodeIgniter->run()
10 SYSTEMPATH\Commands\Server\rewrite.php(47): require_once('C:\\xampp\\htdocs\\GARMI\\public\\index.php')
CRITICAL - 2024-05-23 10:41:50 --> ErrorException: Undefined variable: materiel
in APPPATH\Controllers\Affectation.php on line 157.
 1 APPPATH\Controllers\Affectation.php(157): CodeIgniter\Debug\Exceptions->errorHandler(8, 'Undefined variable: materiel', 'C:\\xampp\\htdocs\\GARMI\\app\\Controllers\\Affectation.php', 157, [...])
 2 SYSTEMPATH\CodeIgniter.php(941): App\Controllers\Affectation->v_histolique('1', '', '')
 3 SYSTEMPATH\CodeIgniter.php(502): CodeIgniter\CodeIgniter->runController(Object(App\Controllers\Affectation))
 4 SYSTEMPATH\CodeIgniter.php(361): CodeIgniter\CodeIgniter->handleRequest(null, Object(Config\Cache), false)
 5 FCPATH\index.php(79): CodeIgniter\CodeIgniter->run()
 6 SYSTEMPATH\Commands\Server\rewrite.php(47): require_once('C:\\xampp\\htdocs\\GARMI\\public\\index.php')
INFO - 2024-05-23 10:42:34 --> Session: Class initialized using 'CodeIgniter\Session\Handlers\FileHandler' driver.
INFO - 2024-05-23 10:44:53 --> Session: Class initialized using 'CodeIgniter\Session\Handlers\FileHandler' driver.
INFO - 2024-05-23 10:46:25 --> Session: Class initialized using 'CodeIgniter\Session\Handlers\FileHandler' driver.
INFO - 2024-05-23 10:48:02 --> Session: Class initialized using 'CodeIgniter\Session\Handlers\FileHandler' driver.
INFO - 2024-05-23 10:48:44 --> Session: Class initialized using 'CodeIgniter\Session\Handlers\FileHandler' driver.
INFO - 2024-05-23 10:48:47 --> Session: Class initialized using 'CodeIgniter\Session\Handlers\FileHandler' driver.
INFO - 2024-05-23 10:49:03 --> Session: Class initialized using 'CodeIgniter\Session\Handlers\FileHandler' driver.
INFO - 2024-05-23 10:49:15 --> Session: Class initialized using 'CodeIgniter\Session\Handlers\FileHandler' driver.
INFO - 2024-05-23 10:51:09 --> Session: Class initialized using 'CodeIgniter\Session\Handlers\FileHandler' driver.
INFO - 2024-05-23 10:51:49 --> Session: Class initialized using 'CodeIgniter\Session\Handlers\FileHandler' driver.
INFO - 2024-05-23 10:52:39 --> Session: Class initialized using 'CodeIgniter\Session\Handlers\FileHandler' driver.
INFO - 2024-05-23 10:53:32 --> Session: Class initialized using 'CodeIgniter\Session\Handlers\FileHandler' driver.
INFO - 2024-05-23 10:55:43 --> Session: Class initialized using 'CodeIgniter\Session\Handlers\FileHandler' driver.
INFO - 2024-05-23 10:57:50 --> Session: Class initialized using 'CodeIgniter\Session\Handlers\FileHandler' driver.
INFO - 2024-05-23 11:00:56 --> Session: Class initialized using 'CodeIgniter\Session\Handlers\FileHandler' driver.
INFO - 2024-05-23 11:00:59 --> Session: Class initialized using 'CodeIgniter\Session\Handlers\FileHandler' driver.
INFO - 2024-05-23 11:01:39 --> Session: Class initialized using 'CodeIgniter\Session\Handlers\FileHandler' driver.
INFO - 2024-05-23 11:05:49 --> Session: Class initialized using 'CodeIgniter\Session\Handlers\FileHandler' driver.
CRITICAL - 2024-05-23 11:05:49 --> ErrorException: Undefined variable: historiques
in APPPATH\Views\histolique.php on line 49.
 1 APPPATH\Views\histolique.php(49): CodeIgniter\Debug\Exceptions->errorHandler(8, 'Undefined variable: historiques', 'C:\\xampp\\htdocs\\GARMI\\app\\Views\\histolique.php', 49, [...])
 2 SYSTEMPATH\View\View.php(228): include('C:\\xampp\\htdocs\\GARMI\\app\\Views\\histolique.php')
 3 SYSTEMPATH\View\View.php(231): CodeIgniter\View\View->CodeIgniter\View\{closure}()
 4 SYSTEMPATH\Common.php(1178): CodeIgniter\View\View->render('histolique', [], true)
 5 APPPATH\Controllers\Affectation.php(37): view('histolique', [...])
 6 SYSTEMPATH\CodeIgniter.php(941): App\Controllers\Affectation->index()
 7 SYSTEMPATH\CodeIgniter.php(502): CodeIgniter\CodeIgniter->runController(Object(App\Controllers\Affectation))
 8 SYSTEMPATH\CodeIgniter.php(361): CodeIgniter\CodeIgniter->handleRequest(null, Object(Config\Cache), false)
 9 FCPATH\index.php(79): CodeIgniter\CodeIgniter->run()
10 SYSTEMPATH\Commands\Server\rewrite.php(47): require_once('C:\\xampp\\htdocs\\GARMI\\public\\index.php')
INFO - 2024-05-23 11:06:43 --> Session: Class initialized using 'CodeIgniter\Session\Handlers\FileHandler' driver.
CRITICAL - 2024-05-23 11:07:47 --> ErrorException: Undefined variable: data
in APPPATH\Controllers\Affectation.php on line 42.
 1 APPPATH\Controllers\Affectation.php(42): CodeIgniter\Debug\Exceptions->errorHandler(8, 'Undefined variable: data', 'C:\\xampp\\htdocs\\GARMI\\app\\Controllers\\Affectation.php', 42, [])
 2 SYSTEMPATH\CodeIgniter.php(941): App\Controllers\Affectation->histoli()
 3 SYSTEMPATH\CodeIgniter.php(502): CodeIgniter\CodeIgniter->runController(Object(App\Controllers\Affectation))
 4 SYSTEMPATH\CodeIgniter.php(361): CodeIgniter\CodeIgniter->handleRequest(null, Object(Config\Cache), false)
 5 FCPATH\index.php(79): CodeIgniter\CodeIgniter->run()
 6 SYSTEMPATH\Commands\Server\rewrite.php(47): require_once('C:\\xampp\\htdocs\\GARMI\\public\\index.php')
INFO - 2024-05-23 11:09:45 --> Session: Class initialized using 'CodeIgniter\Session\Handlers\FileHandler' driver.
CRITICAL - 2024-05-23 11:09:45 --> ErrorException: Undefined variable: historiques
in APPPATH\Views\histolique.php on line 49.
 1 APPPATH\Views\histolique.php(49): CodeIgniter\Debug\Exceptions->errorHandler(8, 'Undefined variable: historiques', 'C:\\xampp\\htdocs\\GARMI\\app\\Views\\histolique.php', 49, [...])
 2 SYSTEMPATH\View\View.php(228): include('C:\\xampp\\htdocs\\GARMI\\app\\Views\\histolique.php')
 3 SYSTEMPATH\View\View.php(231): CodeIgniter\View\View->CodeIgniter\View\{closure}()
 4 SYSTEMPATH\Common.php(1178): CodeIgniter\View\View->render('histolique', [], true)
 5 APPPATH\Controllers\Affectation.php(48): view('histolique', [...])
 6 SYSTEMPATH\CodeIgniter.php(941): App\Controllers\Affectation->histoli()
 7 SYSTEMPATH\CodeIgniter.php(502): CodeIgniter\CodeIgniter->runController(Object(App\Controllers\Affectation))
 8 SYSTEMPATH\CodeIgniter.php(361): CodeIgniter\CodeIgniter->handleRequest(null, Object(Config\Cache), false)
 9 FCPATH\index.php(79): CodeIgniter\CodeIgniter->run()
10 SYSTEMPATH\Commands\Server\rewrite.php(47): require_once('C:\\xampp\\htdocs\\GARMI\\public\\index.php')
INFO - 2024-05-23 11:11:06 --> Session: Class initialized using 'CodeIgniter\Session\Handlers\FileHandler' driver.
INFO - 2024-05-23 11:11:55 --> Session: Class initialized using 'CodeIgniter\Session\Handlers\FileHandler' driver.
INFO - 2024-05-23 11:12:50 --> Session: Class initialized using 'CodeIgniter\Session\Handlers\FileHandler' driver.
INFO - 2024-05-23 11:12:52 --> Session: Class initialized using 'CodeIgniter\Session\Handlers\FileHandler' driver.
INFO - 2024-05-23 11:13:03 --> Session: Class initialized using 'CodeIgniter\Session\Handlers\FileHandler' driver.
INFO - 2024-05-23 11:13:05 --> Session: Class initialized using 'CodeIgniter\Session\Handlers\FileHandler' driver.
INFO - 2024-05-23 11:13:13 --> Session: Class initialized using 'CodeIgniter\Session\Handlers\FileHandler' driver.
INFO - 2024-05-23 11:17:27 --> Session: Class initialized using 'CodeIgniter\Session\Handlers\FileHandler' driver.
INFO - 2024-05-23 11:17:29 --> Session: Class initialized using 'CodeIgniter\Session\Handlers\FileHandler' driver.
INFO - 2024-05-23 11:17:40 --> Session: Class initialized using 'CodeIgniter\Session\Handlers\FileHandler' driver.
INFO - 2024-05-23 11:18:22 --> Session: Class initialized using 'CodeIgniter\Session\Handlers\FileHandler' driver.
INFO - 2024-05-23 11:18:35 --> Session: Class initialized using 'CodeIgniter\Session\Handlers\FileHandler' driver.
INFO - 2024-05-23 11:18:57 --> Session: Class initialized using 'CodeIgniter\Session\Handlers\FileHandler' driver.
INFO - 2024-05-23 11:19:09 --> Session: Class initialized using 'CodeIgniter\Session\Handlers\FileHandler' driver.
INFO - 2024-05-23 11:20:57 --> Session: Class initialized using 'CodeIgniter\Session\Handlers\FileHandler' driver.
INFO - 2024-05-23 11:21:33 --> Session: Class initialized using 'CodeIgniter\Session\Handlers\FileHandler' driver.
INFO - 2024-05-23 11:33:53 --> Session: Class initialized using 'CodeIgniter\Session\Handlers\FileHandler' driver.
INFO - 2024-05-23 11:33:59 --> Session: Class initialized using 'CodeIgniter\Session\Handlers\FileHandler' driver.
INFO - 2024-05-23 11:35:58 --> Session: Class initialized using 'CodeIgniter\Session\Handlers\FileHandler' driver.
INFO - 2024-05-23 11:36:23 --> Session: Class initialized using 'CodeIgniter\Session\Handlers\FileHandler' driver.
INFO - 2024-05-23 11:36:29 --> Session: Class initialized using 'CodeIgniter\Session\Handlers\FileHandler' driver.
INFO - 2024-05-23 11:37:15 --> Session: Class initialized using 'CodeIgniter\Session\Handlers\FileHandler' driver.
INFO - 2024-05-23 12:52:16 --> Session: Class initialized using 'CodeIgniter\Session\Handlers\FileHandler' driver.
INFO - 2024-05-23 12:52:16 --> Session: Class initialized using 'CodeIgniter\Session\Handlers\FileHandler' driver.
INFO - 2024-05-23 12:54:06 --> Session: Class initialized using 'CodeIgniter\Session\Handlers\FileHandler' driver.
INFO - 2024-05-23 12:54:06 --> Session: Class initialized using 'CodeIgniter\Session\Handlers\FileHandler' driver.
INFO - 2024-05-23 12:54:13 --> Session: Class initialized using 'CodeIgniter\Session\Handlers\FileHandler' driver.
INFO - 2024-05-23 12:54:14 --> Session: Class initialized using 'CodeIgniter\Session\Handlers\FileHandler' driver.
INFO - 2024-05-23 12:54:39 --> Session: Class initialized using 'CodeIgniter\Session\Handlers\FileHandler' driver.
INFO - 2024-05-23 12:54:40 --> Session: Class initialized using 'CodeIgniter\Session\Handlers\FileHandler' driver.
INFO - 2024-05-23 12:54:50 --> Session: Class initialized using 'CodeIgniter\Session\Handlers\FileHandler' driver.
INFO - 2024-05-23 12:54:50 --> Session: Class initialized using 'CodeIgniter\Session\Handlers\FileHandler' driver.
INFO - 2024-05-23 12:55:09 --> Session: Class initialized using 'CodeIgniter\Session\Handlers\FileHandler' driver.
INFO - 2024-05-23 12:55:10 --> Session: Class initialized using 'CodeIgniter\Session\Handlers\FileHandler' driver.
INFO - 2024-05-23 12:56:59 --> Session: Class initialized using 'CodeIgniter\Session\Handlers\FileHandler' driver.
INFO - 2024-05-23 12:56:59 --> Session: Class initialized using 'CodeIgniter\Session\Handlers\FileHandler' driver.
INFO - 2024-05-23 12:57:09 --> Session: Class initialized using 'CodeIgniter\Session\Handlers\FileHandler' driver.
INFO - 2024-05-23 12:57:09 --> Session: Class initialized using 'CodeIgniter\Session\Handlers\FileHandler' driver.
INFO - 2024-05-23 12:57:17 --> Session: Class initialized using 'CodeIgniter\Session\Handlers\FileHandler' driver.
INFO - 2024-05-23 12:57:18 --> Session: Class initialized using 'CodeIgniter\Session\Handlers\FileHandler' driver.
INFO - 2024-05-23 12:57:49 --> Session: Class initialized using 'CodeIgniter\Session\Handlers\FileHandler' driver.
INFO - 2024-05-23 12:57:50 --> Session: Class initialized using 'CodeIgniter\Session\Handlers\FileHandler' driver.
INFO - 2024-05-23 12:59:12 --> Session: Class initialized using 'CodeIgniter\Session\Handlers\FileHandler' driver.
INFO - 2024-05-23 12:59:16 --> Session: Class initialized using 'CodeIgniter\Session\Handlers\FileHandler' driver.
INFO - 2024-05-23 12:59:18 --> Session: Class initialized using 'CodeIgniter\Session\Handlers\FileHandler' driver.
INFO - 2024-05-23 12:59:18 --> Session: Class initialized using 'CodeIgniter\Session\Handlers\FileHandler' driver.
INFO - 2024-05-23 12:59:20 --> Session: Class initialized using 'CodeIgniter\Session\Handlers\FileHandler' driver.
INFO - 2024-05-23 12:59:25 --> Session: Class initialized using 'CodeIgniter\Session\Handlers\FileHandler' driver.
INFO - 2024-05-23 12:59:30 --> Session: Class initialized using 'CodeIgniter\Session\Handlers\FileHandler' driver.
INFO - 2024-05-23 12:59:30 --> Session: Class initialized using 'CodeIgniter\Session\Handlers\FileHandler' driver.
INFO - 2024-05-23 13:01:04 --> Session: Class initialized using 'CodeIgniter\Session\Handlers\FileHandler' driver.
INFO - 2024-05-23 13:01:31 --> Session: Class initialized using 'CodeIgniter\Session\Handlers\FileHandler' driver.
INFO - 2024-05-23 13:01:31 --> Session: Class initialized using 'CodeIgniter\Session\Handlers\FileHandler' driver.
INFO - 2024-05-23 13:02:41 --> Session: Class initialized using 'CodeIgniter\Session\Handlers\FileHandler' driver.
INFO - 2024-05-23 13:03:32 --> Session: Class initialized using 'CodeIgniter\Session\Handlers\FileHandler' driver.
INFO - 2024-05-23 13:03:42 --> Session: Class initialized using 'CodeIgniter\Session\Handlers\FileHandler' driver.
INFO - 2024-05-23 13:05:51 --> Session: Class initialized using 'CodeIgniter\Session\Handlers\FileHandler' driver.
INFO - 2024-05-23 13:05:57 --> Session: Class initialized using 'CodeIgniter\Session\Handlers\FileHandler' driver.
INFO - 2024-05-23 13:06:08 --> Session: Class initialized using 'CodeIgniter\Session\Handlers\FileHandler' driver.
INFO - 2024-05-23 13:06:21 --> Session: Class initialized using 'CodeIgniter\Session\Handlers\FileHandler' driver.
INFO - 2024-05-23 13:06:21 --> Session: Class initialized using 'CodeIgniter\Session\Handlers\FileHandler' driver.
INFO - 2024-05-23 13:06:42 --> Session: Class initialized using 'CodeIgniter\Session\Handlers\FileHandler' driver.
INFO - 2024-05-23 13:06:43 --> Session: Class initialized using 'CodeIgniter\Session\Handlers\FileHandler' driver.
INFO - 2024-05-23 13:08:12 --> Session: Class initialized using 'CodeIgniter\Session\Handlers\FileHandler' driver.
INFO - 2024-05-23 13:08:35 --> Session: Class initialized using 'CodeIgniter\Session\Handlers\FileHandler' driver.
INFO - 2024-05-23 13:08:42 --> Session: Class initialized using 'CodeIgniter\Session\Handlers\FileHandler' driver.
INFO - 2024-05-23 13:08:47 --> Session: Class initialized using 'CodeIgniter\Session\Handlers\FileHandler' driver.
INFO - 2024-05-23 13:08:47 --> Session: Class initialized using 'CodeIgniter\Session\Handlers\FileHandler' driver.
INFO - 2024-05-23 16:35:01 --> Session: Class initialized using 'CodeIgniter\Session\Handlers\FileHandler' driver.
INFO - 2024-05-23 16:35:03 --> Session: Class initialized using 'CodeIgniter\Session\Handlers\FileHandler' driver.
INFO - 2024-05-23 16:35:07 --> Session: Class initialized using 'CodeIgniter\Session\Handlers\FileHandler' driver.
INFO - 2024-05-23 16:36:31 --> Session: Class initialized using 'CodeIgniter\Session\Handlers\FileHandler' driver.
INFO - 2024-05-23 16:37:46 --> Session: Class initialized using 'CodeIgniter\Session\Handlers\FileHandler' driver.
INFO - 2024-05-23 16:40:21 --> Session: Class initialized using 'CodeIgniter\Session\Handlers\FileHandler' driver.
INFO - 2024-05-23 16:40:30 --> Session: Class initialized using 'CodeIgniter\Session\Handlers\FileHandler' driver.
INFO - 2024-05-23 16:40:53 --> Session: Class initialized using 'CodeIgniter\Session\Handlers\FileHandler' driver.
INFO - 2024-05-23 16:43:34 --> Session: Class initialized using 'CodeIgniter\Session\Handlers\FileHandler' driver.
INFO - 2024-05-23 16:45:30 --> Session: Class initialized using 'CodeIgniter\Session\Handlers\FileHandler' driver.
INFO - 2024-05-23 16:45:43 --> Session: Class initialized using 'CodeIgniter\Session\Handlers\FileHandler' driver.
INFO - 2024-05-23 16:45:45 --> Session: Class initialized using 'CodeIgniter\Session\Handlers\FileHandler' driver.
INFO - 2024-05-23 16:46:04 --> Session: Class initialized using 'CodeIgniter\Session\Handlers\FileHandler' driver.
INFO - 2024-05-23 16:46:04 --> Session: Class initialized using 'CodeIgniter\Session\Handlers\FileHandler' driver.
INFO - 2024-05-23 16:46:05 --> Session: Class initialized using 'CodeIgniter\Session\Handlers\FileHandler' driver.
INFO - 2024-05-23 16:46:05 --> Session: Class initialized using 'CodeIgniter\Session\Handlers\FileHandler' driver.
INFO - 2024-05-23 16:46:05 --> Session: Class initialized using 'CodeIgniter\Session\Handlers\FileHandler' driver.
INFO - 2024-05-23 16:46:54 --> Session: Class initialized using 'CodeIgniter\Session\Handlers\FileHandler' driver.
INFO - 2024-05-23 16:46:59 --> Session: Class initialized using 'CodeIgniter\Session\Handlers\FileHandler' driver.
INFO - 2024-05-23 16:47:03 --> Session: Class initialized using 'CodeIgniter\Session\Handlers\FileHandler' driver.
INFO - 2024-05-23 16:47:07 --> Session: Class initialized using 'CodeIgniter\Session\Handlers\FileHandler' driver.
INFO - 2024-05-23 16:47:11 --> Session: Class initialized using 'CodeIgniter\Session\Handlers\FileHandler' driver.
INFO - 2024-05-23 16:47:56 --> Session: Class initialized using 'CodeIgniter\Session\Handlers\FileHandler' driver.
INFO - 2024-05-23 16:47:56 --> Session: Class initialized using 'CodeIgniter\Session\Handlers\FileHandler' driver.
INFO - 2024-05-23 16:48:32 --> Session: Class initialized using 'CodeIgniter\Session\Handlers\FileHandler' driver.
INFO - 2024-05-23 16:48:32 --> Session: Class initialized using 'CodeIgniter\Session\Handlers\FileHandler' driver.
INFO - 2024-05-23 16:50:21 --> Session: Class initialized using 'CodeIgniter\Session\Handlers\FileHandler' driver.
INFO - 2024-05-23 16:51:13 --> Session: Class initialized using 'CodeIgniter\Session\Handlers\FileHandler' driver.
INFO - 2024-05-23 16:51:41 --> Session: Class initialized using 'CodeIgniter\Session\Handlers\FileHandler' driver.
INFO - 2024-05-23 16:52:07 --> Session: Class initialized using 'CodeIgniter\Session\Handlers\FileHandler' driver.
INFO - 2024-05-23 16:54:13 --> Session: Class initialized using 'CodeIgniter\Session\Handlers\FileHandler' driver.
INFO - 2024-05-23 16:54:27 --> Session: Class initialized using 'CodeIgniter\Session\Handlers\FileHandler' driver.
INFO - 2024-05-23 16:54:40 --> Session: Class initialized using 'CodeIgniter\Session\Handlers\FileHandler' driver.
INFO - 2024-05-23 16:54:51 --> Session: Class initialized using 'CodeIgniter\Session\Handlers\FileHandler' driver.
INFO - 2024-05-23 16:57:20 --> Session: Class initialized using 'CodeIgniter\Session\Handlers\FileHandler' driver.
INFO - 2024-05-23 16:58:50 --> Session: Class initialized using 'CodeIgniter\Session\Handlers\FileHandler' driver.
INFO - 2024-05-23 17:05:50 --> Session: Class initialized using 'CodeIgniter\Session\Handlers\FileHandler' driver.
INFO - 2024-05-23 17:05:53 --> Session: Class initialized using 'CodeIgniter\Session\Handlers\FileHandler' driver.
INFO - 2024-05-23 17:05:56 --> Session: Class initialized using 'CodeIgniter\Session\Handlers\FileHandler' driver.
INFO - 2024-05-23 17:06:31 --> Session: Class initialized using 'CodeIgniter\Session\Handlers\FileHandler' driver.
INFO - 2024-05-23 17:16:54 --> Session: Class initialized using 'CodeIgniter\Session\Handlers\FileHandler' driver.
INFO - 2024-05-23 17:19:07 --> Session: Class initialized using 'CodeIgniter\Session\Handlers\FileHandler' driver.
INFO - 2024-05-23 17:19:38 --> Session: Class initialized using 'CodeIgniter\Session\Handlers\FileHandler' driver.
INFO - 2024-05-23 17:20:58 --> Session: Class initialized using 'CodeIgniter\Session\Handlers\FileHandler' driver.
INFO - 2024-05-23 17:21:01 --> Session: Class initialized using 'CodeIgniter\Session\Handlers\FileHandler' driver.
INFO - 2024-05-23 17:21:04 --> Session: Class initialized using 'CodeIgniter\Session\Handlers\FileHandler' driver.
INFO - 2024-05-23 17:21:49 --> Session: Class initialized using 'CodeIgniter\Session\Handlers\FileHandler' driver.
INFO - 2024-05-23 17:21:56 --> Session: Class initialized using 'CodeIgniter\Session\Handlers\FileHandler' driver.
INFO - 2024-05-23 17:26:58 --> Session: Class initialized using 'CodeIgniter\Session\Handlers\FileHandler' driver.
INFO - 2024-05-23 17:28:48 --> Session: Class initialized using 'CodeIgniter\Session\Handlers\FileHandler' driver.
INFO - 2024-05-23 17:32:25 --> Session: Class initialized using 'CodeIgniter\Session\Handlers\FileHandler' driver.
INFO - 2024-05-23 17:33:01 --> Session: Class initialized using 'CodeIgniter\Session\Handlers\FileHandler' driver.
INFO - 2024-05-23 17:33:09 --> Session: Class initialized using 'CodeIgniter\Session\Handlers\FileHandler' driver.
CRITICAL - 2024-05-23 17:33:11 --> Error: Class 'PhpOffice\PhpSpreadsheet\Spreadsheet' not found
in APPPATH\Controllers\ListeEmploye.php on line 26.
 1 SYSTEMPATH\CodeIgniter.php(941): App\Controllers\ListeEmploye->download()
 2 SYSTEMPATH\CodeIgniter.php(502): CodeIgniter\CodeIgniter->runController(Object(App\Controllers\ListeEmploye))
 3 SYSTEMPATH\CodeIgniter.php(361): CodeIgniter\CodeIgniter->handleRequest(null, Object(Config\Cache), false)
 4 FCPATH\index.php(79): CodeIgniter\CodeIgniter->run()
 5 SYSTEMPATH\Commands\Server\rewrite.php(47): require_once('C:\\xampp\\htdocs\\GARMI\\public\\index.php')
INFO - 2024-05-23 17:33:24 --> Session: Class initialized using 'CodeIgniter\Session\Handlers\FileHandler' driver.
INFO - 2024-05-23 17:33:37 --> Session: Class initialized using 'CodeIgniter\Session\Handlers\FileHandler' driver.
INFO - 2024-05-23 17:33:57 --> Session: Class initialized using 'CodeIgniter\Session\Handlers\FileHandler' driver.
INFO - 2024-05-23 17:34:00 --> Session: Class initialized using 'CodeIgniter\Session\Handlers\FileHandler' driver.
INFO - 2024-05-23 17:38:03 --> Session: Class initialized using 'CodeIgniter\Session\Handlers\FileHandler' driver.
CRITICAL - 2024-05-23 17:40:45 --> Error: Class 'App\Models\ListeModel' not found
in APPPATH\Controllers\Restitution.php on line 17.
 1 SYSTEMPATH\CodeIgniter.php(913): App\Controllers\Restitution->__construct()
 2 SYSTEMPATH\CodeIgniter.php(493): CodeIgniter\CodeIgniter->createController()
 3 SYSTEMPATH\CodeIgniter.php(361): CodeIgniter\CodeIgniter->handleRequest(null, Object(Config\Cache), false)
 4 FCPATH\index.php(79): CodeIgniter\CodeIgniter->run()
 5 SYSTEMPATH\Commands\Server\rewrite.php(47): require_once('C:\\xampp\\htdocs\\GARMI\\public\\index.php')
CRITICAL - 2024-05-23 17:44:04 --> Error: Class 'App\Controllers\RestitutionModel' not found
in APPPATH\Controllers\Restitution.php on line 17.
 1 SYSTEMPATH\CodeIgniter.php(913): App\Controllers\Restitution->__construct()
 2 SYSTEMPATH\CodeIgniter.php(493): CodeIgniter\CodeIgniter->createController()
 3 SYSTEMPATH\CodeIgniter.php(361): CodeIgniter\CodeIgniter->handleRequest(null, Object(Config\Cache), false)
 4 FCPATH\index.php(79): CodeIgniter\CodeIgniter->run()
 5 SYSTEMPATH\Commands\Server\rewrite.php(47): require_once('C:\\xampp\\htdocs\\GARMI\\public\\index.php')
CRITICAL - 2024-05-23 17:44:45 --> Error: Class 'App\Models\RestitutionModel' not found
in APPPATH\Controllers\Restitution.php on line 17.
 1 SYSTEMPATH\CodeIgniter.php(913): App\Controllers\Restitution->__construct()
 2 SYSTEMPATH\CodeIgniter.php(493): CodeIgniter\CodeIgniter->createController()
 3 SYSTEMPATH\CodeIgniter.php(361): CodeIgniter\CodeIgniter->handleRequest(null, Object(Config\Cache), false)
 4 FCPATH\index.php(79): CodeIgniter\CodeIgniter->run()
 5 SYSTEMPATH\Commands\Server\rewrite.php(47): require_once('C:\\xampp\\htdocs\\GARMI\\public\\index.php')
INFO - 2024-05-23 17:44:52 --> Session: Class initialized using 'CodeIgniter\Session\Handlers\FileHandler' driver.
CRITICAL - 2024-05-23 17:44:55 --> Error: Class 'App\Models\RestitutionModel' not found
in APPPATH\Controllers\Restitution.php on line 17.
 1 SYSTEMPATH\CodeIgniter.php(913): App\Controllers\Restitution->__construct()
 2 SYSTEMPATH\CodeIgniter.php(493): CodeIgniter\CodeIgniter->createController()
 3 SYSTEMPATH\CodeIgniter.php(361): CodeIgniter\CodeIgniter->handleRequest(null, Object(Config\Cache), false)
 4 FCPATH\index.php(79): CodeIgniter\CodeIgniter->run()
 5 SYSTEMPATH\Commands\Server\rewrite.php(47): require_once('C:\\xampp\\htdocs\\GARMI\\public\\index.php')
CRITICAL - 2024-05-23 17:46:22 --> Error: Class 'App\Models\RestitutionModel' not found
in APPPATH\Controllers\Restitution.php on line 17.
 1 SYSTEMPATH\CodeIgniter.php(913): App\Controllers\Restitution->__construct()
 2 SYSTEMPATH\CodeIgniter.php(493): CodeIgniter\CodeIgniter->createController()
 3 SYSTEMPATH\CodeIgniter.php(361): CodeIgniter\CodeIgniter->handleRequest(null, Object(Config\Cache), false)
 4 FCPATH\index.php(79): CodeIgniter\CodeIgniter->run()
 5 SYSTEMPATH\Commands\Server\rewrite.php(47): require_once('C:\\xampp\\htdocs\\GARMI\\public\\index.php')
INFO - 2024-05-23 17:46:25 --> Session: Class initialized using 'CodeIgniter\Session\Handlers\FileHandler' driver.
INFO - 2024-05-23 17:46:46 --> Session: Class initialized using 'CodeIgniter\Session\Handlers\FileHandler' driver.
INFO - 2024-05-23 17:46:59 --> Session: Class initialized using 'CodeIgniter\Session\Handlers\FileHandler' driver.
INFO - 2024-05-23 17:47:06 --> Session: Class initialized using 'CodeIgniter\Session\Handlers\FileHandler' driver.
CRITICAL - 2024-05-23 17:47:10 --> ErrorException: Undefined index: id_categ
in APPPATH\Views\updateMateriel.php on line 92.
 1 APPPATH\Views\updateMateriel.php(92): CodeIgniter\Debug\Exceptions->errorHandler(8, 'Undefined index: id_categ', 'C:\\xampp\\htdocs\\GARMI\\app\\Views\\updateMateriel.php', 92, [...])
 2 SYSTEMPATH\View\View.php(228): include('C:\\xampp\\htdocs\\GARMI\\app\\Views\\updateMateriel.php')
 3 SYSTEMPATH\View\View.php(231): CodeIgniter\View\View->CodeIgniter\View\{closure}()
 4 SYSTEMPATH\Common.php(1178): CodeIgniter\View\View->render('updateMateriel.php', [], true)
 5 APPPATH\Controllers\Materiel.php(128): view('updateMateriel.php', [...])
 6 SYSTEMPATH\CodeIgniter.php(941): App\Controllers\Materiel->update('1')
 7 SYSTEMPATH\CodeIgniter.php(502): CodeIgniter\CodeIgniter->runController(Object(App\Controllers\Materiel))
 8 SYSTEMPATH\CodeIgniter.php(361): CodeIgniter\CodeIgniter->handleRequest(null, Object(Config\Cache), false)
 9 FCPATH\index.php(79): CodeIgniter\CodeIgniter->run()
10 SYSTEMPATH\Commands\Server\rewrite.php(47): require_once('C:\\xampp\\htdocs\\GARMI\\public\\index.php')
CRITICAL - 2024-05-23 17:47:49 --> ErrorException: Undefined index: id_categ
in APPPATH\Views\updateMateriel.php on line 92.
 1 APPPATH\Views\updateMateriel.php(92): CodeIgniter\Debug\Exceptions->errorHandler(8, 'Undefined index: id_categ', 'C:\\xampp\\htdocs\\GARMI\\app\\Views\\updateMateriel.php', 92, [...])
 2 SYSTEMPATH\View\View.php(228): include('C:\\xampp\\htdocs\\GARMI\\app\\Views\\updateMateriel.php')
 3 SYSTEMPATH\View\View.php(231): CodeIgniter\View\View->CodeIgniter\View\{closure}()
 4 SYSTEMPATH\Common.php(1178): CodeIgniter\View\View->render('updateMateriel.php', [], true)
 5 APPPATH\Controllers\Materiel.php(128): view('updateMateriel.php', [...])
 6 SYSTEMPATH\CodeIgniter.php(941): App\Controllers\Materiel->update('1')
 7 SYSTEMPATH\CodeIgniter.php(502): CodeIgniter\CodeIgniter->runController(Object(App\Controllers\Materiel))
 8 SYSTEMPATH\CodeIgniter.php(361): CodeIgniter\CodeIgniter->handleRequest(null, Object(Config\Cache), false)
 9 FCPATH\index.php(79): CodeIgniter\CodeIgniter->run()
10 SYSTEMPATH\Commands\Server\rewrite.php(47): require_once('C:\\xampp\\htdocs\\GARMI\\public\\index.php')
INFO - 2024-05-23 17:49:27 --> Session: Class initialized using 'CodeIgniter\Session\Handlers\FileHandler' driver.
INFO - 2024-05-23 17:50:04 --> Session: Class initialized using 'CodeIgniter\Session\Handlers\FileHandler' driver.
INFO - 2024-05-23 17:50:08 --> Session: Class initialized using 'CodeIgniter\Session\Handlers\FileHandler' driver.
INFO - 2024-05-23 17:51:31 --> Session: Class initialized using 'CodeIgniter\Session\Handlers\FileHandler' driver.
INFO - 2024-05-23 17:51:51 --> Session: Class initialized using 'CodeIgniter\Session\Handlers\FileHandler' driver.
INFO - 2024-05-23 17:51:57 --> Session: Class initialized using 'CodeIgniter\Session\Handlers\FileHandler' driver.
INFO - 2024-05-23 17:52:00 --> Session: Class initialized using 'CodeIgniter\Session\Handlers\FileHandler' driver.
INFO - 2024-05-23 17:53:34 --> Session: Class initialized using 'CodeIgniter\Session\Handlers\FileHandler' driver.
INFO - 2024-05-23 17:54:09 --> Session: Class initialized using 'CodeIgniter\Session\Handlers\FileHandler' driver.
INFO - 2024-05-23 17:55:05 --> Session: Class initialized using 'CodeIgniter\Session\Handlers\FileHandler' driver.
INFO - 2024-05-23 17:55:56 --> Session: Class initialized using 'CodeIgniter\Session\Handlers\FileHandler' driver.
INFO - 2024-05-23 17:56:16 --> Session: Class initialized using 'CodeIgniter\Session\Handlers\FileHandler' driver.
INFO - 2024-05-23 17:56:47 --> Session: Class initialized using 'CodeIgniter\Session\Handlers\FileHandler' driver.
INFO - 2024-05-23 17:57:06 --> Session: Class initialized using 'CodeIgniter\Session\Handlers\FileHandler' driver.
INFO - 2024-05-23 17:57:33 --> Session: Class initialized using 'CodeIgniter\Session\Handlers\FileHandler' driver.
INFO - 2024-05-23 17:57:39 --> Session: Class initialized using 'CodeIgniter\Session\Handlers\FileHandler' driver.
CRITICAL - 2024-05-23 17:57:52 --> Error: Class 'App\Models\RestitutionModel' not found
in APPPATH\Controllers\Restitution.php on line 17.
 1 SYSTEMPATH\CodeIgniter.php(913): App\Controllers\Restitution->__construct()
 2 SYSTEMPATH\CodeIgniter.php(493): CodeIgniter\CodeIgniter->createController()
 3 SYSTEMPATH\CodeIgniter.php(361): CodeIgniter\CodeIgniter->handleRequest(null, Object(Config\Cache), false)
 4 FCPATH\index.php(79): CodeIgniter\CodeIgniter->run()
 5 SYSTEMPATH\Commands\Server\rewrite.php(47): require_once('C:\\xampp\\htdocs\\GARMI\\public\\index.php')
INFO - 2024-05-23 17:57:55 --> Session: Class initialized using 'CodeIgniter\Session\Handlers\FileHandler' driver.
INFO - 2024-05-23 17:57:58 --> Session: Class initialized using 'CodeIgniter\Session\Handlers\FileHandler' driver.
INFO - 2024-05-23 17:58:01 --> Session: Class initialized using 'CodeIgniter\Session\Handlers\FileHandler' driver.
INFO - 2024-05-23 17:58:51 --> Session: Class initialized using 'CodeIgniter\Session\Handlers\FileHandler' driver.
INFO - 2024-05-23 17:59:14 --> Session: Class initialized using 'CodeIgniter\Session\Handlers\FileHandler' driver.
INFO - 2024-05-23 18:00:29 --> Session: Class initialized using 'CodeIgniter\Session\Handlers\FileHandler' driver.
INFO - 2024-05-23 18:00:33 --> Session: Class initialized using 'CodeIgniter\Session\Handlers\FileHandler' driver.
INFO - 2024-05-23 18:00:37 --> Session: Class initialized using 'CodeIgniter\Session\Handlers\FileHandler' driver.
INFO - 2024-05-23 18:00:37 --> Session: Class initialized using 'CodeIgniter\Session\Handlers\FileHandler' driver.
INFO - 2024-05-23 18:00:55 --> Session: Class initialized using 'CodeIgniter\Session\Handlers\FileHandler' driver.
INFO - 2024-05-23 18:00:55 --> Session: Class initialized using 'CodeIgniter\Session\Handlers\FileHandler' driver.
INFO - 2024-05-23 18:01:01 --> Session: Class initialized using 'CodeIgniter\Session\Handlers\FileHandler' driver.
INFO - 2024-05-23 18:01:05 --> Session: Class initialized using 'CodeIgniter\Session\Handlers\FileHandler' driver.
INFO - 2024-05-23 18:01:23 --> Session: Class initialized using 'CodeIgniter\Session\Handlers\FileHandler' driver.
INFO - 2024-05-23 18:01:27 --> Session: Class initialized using 'CodeIgniter\Session\Handlers\FileHandler' driver.
INFO - 2024-05-23 18:01:27 --> Session: Class initialized using 'CodeIgniter\Session\Handlers\FileHandler' driver.
