CRITICAL - 2024-07-02 08:04:55 --> ParseError: syntax error, unexpected '}', expecting ';'
in APPPATH\Controllers\login\login.php on line 35.
 1 SYSTEMPATH\Autoloader\Autoloader.php(288): CodeIgniter\Autoloader\Autoloader->includeFile('C:\\xampp\\htdocs\\geco\\app\\Controllers\\login\\login.php')
 2 SYSTEMPATH\Autoloader\Autoloader.php(266): CodeIgniter\Autoloader\Autoloader->loadInNamespace('App\\Controllers\\login\\login')
 3 [internal function]: CodeIgniter\Autoloader\Autoloader->loadClass('App\\Controllers\\login\\login')
 4 [internal function]: spl_autoload_call('App\\Controllers\\login\\login')
 5 SYSTEMPATH\CodeIgniter.php(899): class_exists('\\App\\Controllers\\login\\login', true)
 6 SYSTEMPATH\CodeIgniter.php(489): CodeIgniter\CodeIgniter->startController()
 7 SYSTEMPATH\CodeIgniter.php(361): CodeIgniter\CodeIgniter->handleRequest(null, Object(Config\Cache), false)
 8 FCPATH\index.php(79): CodeIgniter\CodeIgniter->run()
 9 SYSTEMPATH\Commands\Server\rewrite.php(47): require_once('C:\\xampp\\htdocs\\geco\\public\\index.php')
CRITICAL - 2024-07-02 08:04:57 --> ParseError: syntax error, unexpected '}', expecting ';'
in APPPATH\Controllers\login\login.php on line 35.
 1 SYSTEMPATH\Autoloader\Autoloader.php(288): CodeIgniter\Autoloader\Autoloader->includeFile('C:\\xampp\\htdocs\\geco\\app\\Controllers\\login\\login.php')
 2 SYSTEMPATH\Autoloader\Autoloader.php(266): CodeIgniter\Autoloader\Autoloader->loadInNamespace('App\\Controllers\\login\\login')
 3 [internal function]: CodeIgniter\Autoloader\Autoloader->loadClass('App\\Controllers\\login\\login')
 4 [internal function]: spl_autoload_call('App\\Controllers\\login\\login')
 5 SYSTEMPATH\CodeIgniter.php(899): class_exists('\\App\\Controllers\\login\\login', true)
 6 SYSTEMPATH\CodeIgniter.php(489): CodeIgniter\CodeIgniter->startController()
 7 SYSTEMPATH\CodeIgniter.php(361): CodeIgniter\CodeIgniter->handleRequest(null, Object(Config\Cache), false)
 8 FCPATH\index.php(79): CodeIgniter\CodeIgniter->run()
 9 SYSTEMPATH\Commands\Server\rewrite.php(47): require_once('C:\\xampp\\htdocs\\geco\\public\\index.php')
CRITICAL - 2024-07-02 08:06:34 --> ErrorException: Undefined index: 
in APPPATH\Controllers\login\login.php on line 27.
 1 APPPATH\Controllers\login\login.php(27): CodeIgniter\Debug\Exceptions->errorHandler(8, 'Undefined index: ', 'C:\\xampp\\htdocs\\geco\\app\\Controllers\\login\\login.php', 27, [...])
 2 SYSTEMPATH\CodeIgniter.php(941): App\Controllers\login\login->login()
 3 SYSTEMPATH\CodeIgniter.php(502): CodeIgniter\CodeIgniter->runController(Object(App\Controllers\login\login))
 4 SYSTEMPATH\CodeIgniter.php(361): CodeIgniter\CodeIgniter->handleRequest(null, Object(Config\Cache), false)
 5 FCPATH\index.php(79): CodeIgniter\CodeIgniter->run()
 6 SYSTEMPATH\Commands\Server\rewrite.php(47): require_once('C:\\xampp\\htdocs\\geco\\public\\index.php')
ERROR - 2024-07-02 08:12:13 --> mysqli_sql_exception: You have an error in your SQL syntax; check the manual that corresponds to your MariaDB server version for the right syntax to use near '.`ID_FONCTION join lieu_affectation affect ON` `affect`.`ID_LIEU_AFFECTATION=use' at line 2 in C:\xampp\htdocs\geco\system\Database\MySQLi\Connection.php:306
Stack trace:
#0 C:\xampp\htdocs\geco\system\Database\MySQLi\Connection.php(306): mysqli->query('SELECT *\nFROM `...', 0)
#1 C:\xampp\htdocs\geco\system\Database\BaseConnection.php(693): CodeIgniter\Database\MySQLi\Connection->execute('SELECT *\nFROM `...')
#2 C:\xampp\htdocs\geco\system\Database\BaseConnection.php(607): CodeIgniter\Database\BaseConnection->simpleQuery('SELECT *\nFROM `...')
#3 C:\xampp\htdocs\geco\system\Database\BaseBuilder.php(1616): CodeIgniter\Database\BaseConnection->query('SELECT *\nFROM `...', Array, false)
#4 C:\xampp\htdocs\geco\app\Models\My_Model.php(24): CodeIgniter\Database\BaseBuilder->get()
#5 C:\xampp\htdocs\geco\app\Controllers\login\login.php(24): App\Models\My_Model->getOne('users join fonc...', 'USERNAME='alain...')
#6 C:\xampp\htdocs\geco\system\CodeIgniter.php(941): App\Controllers\login\login->login()
#7 C:\xampp\htdocs\geco\system\CodeIgniter.php(502): CodeIgniter\CodeIgniter->runController(Object(App\Controllers\login\login))
#8 C:\xampp\htdocs\geco\system\CodeIgniter.php(361): CodeIgniter\CodeIgniter->handleRequest(NULL, Object(Config\Cache), false)
#9 C:\xampp\htdocs\geco\public\index.php(79): CodeIgniter\CodeIgniter->run()
#10 C:\xampp\htdocs\geco\system\Commands\Server\rewrite.php(47): require_once('C:\\xampp\\htdocs...')
#11 {main}
CRITICAL - 2024-07-02 08:12:13 --> CodeIgniter\Database\Exceptions\DatabaseException: You have an error in your SQL syntax; check the manual that corresponds to your MariaDB server version for the right syntax to use near '.`ID_FONCTION join lieu_affectation affect ON` `affect`.`ID_LIEU_AFFECTATION=use' at line 2
in SYSTEMPATH\Database\BaseConnection.php on line 647.
 1 SYSTEMPATH\Database\BaseBuilder.php(1616): CodeIgniter\Database\BaseConnection->query('SELECT *
FROM `users join fonction_poste poste ON poste`.`ID_FONCTION=users`.`ID_FONCTION join lieu_affectation affect ON` `affect`.`ID_LIEU_AFFECTATION=users`.`ID_LIEU_AFFECTATION`
WHERE `USERNAME` = \'alain\' AND `PASSWORD` = 12345', [], false)
 2 APPPATH\Models\My_Model.php(24): CodeIgniter\Database\BaseBuilder->get()
 3 APPPATH\Controllers\login\login.php(24): App\Models\My_Model->getOne('users join fonction_poste poste ON poste.ID_FONCTION=users.ID_FONCTION join lieu_affectation affect ON affect.ID_LIEU_AFFECTATION=users.ID_LIEU_AFFECTATION', 'USERNAME=\'alain\' AND PASSWORD=12345')
 4 SYSTEMPATH\CodeIgniter.php(941): App\Controllers\login\login->login()
 5 SYSTEMPATH\CodeIgniter.php(502): CodeIgniter\CodeIgniter->runController(Object(App\Controllers\login\login))
 6 SYSTEMPATH\CodeIgniter.php(361): CodeIgniter\CodeIgniter->handleRequest(null, Object(Config\Cache), false)
 7 FCPATH\index.php(79): CodeIgniter\CodeIgniter->run()
 8 SYSTEMPATH\Commands\Server\rewrite.php(47): require_once('C:\\xampp\\htdocs\\geco\\public\\index.php')
CRITICAL - 2024-07-02 08:12:13 --> [Caused by] CodeIgniter\Database\Exceptions\DatabaseException: You have an error in your SQL syntax; check the manual that corresponds to your MariaDB server version for the right syntax to use near '.`ID_FONCTION join lieu_affectation affect ON` `affect`.`ID_LIEU_AFFECTATION=use' at line 2
in SYSTEMPATH\Database\MySQLi\Connection.php on line 311.
 1 SYSTEMPATH\Database\BaseConnection.php(693): CodeIgniter\Database\MySQLi\Connection->execute('SELECT *
FROM `users join fonction_poste poste ON poste`.`ID_FONCTION=users`.`ID_FONCTION join lieu_affectation affect ON` `affect`.`ID_LIEU_AFFECTATION=users`.`ID_LIEU_AFFECTATION`
WHERE `USERNAME` = \'alain\' AND `PASSWORD` = 12345')
 2 SYSTEMPATH\Database\BaseConnection.php(607): CodeIgniter\Database\BaseConnection->simpleQuery('SELECT *
FROM `users join fonction_poste poste ON poste`.`ID_FONCTION=users`.`ID_FONCTION join lieu_affectation affect ON` `affect`.`ID_LIEU_AFFECTATION=users`.`ID_LIEU_AFFECTATION`
WHERE `USERNAME` = \'alain\' AND `PASSWORD` = 12345')
 3 SYSTEMPATH\Database\BaseBuilder.php(1616): CodeIgniter\Database\BaseConnection->query('SELECT *
FROM `users join fonction_poste poste ON poste`.`ID_FONCTION=users`.`ID_FONCTION join lieu_affectation affect ON` `affect`.`ID_LIEU_AFFECTATION=users`.`ID_LIEU_AFFECTATION`
WHERE `USERNAME` = \'alain\' AND `PASSWORD` = 12345', [], false)
 4 APPPATH\Models\My_Model.php(24): CodeIgniter\Database\BaseBuilder->get()
 5 APPPATH\Controllers\login\login.php(24): App\Models\My_Model->getOne('users join fonction_poste poste ON poste.ID_FONCTION=users.ID_FONCTION join lieu_affectation affect ON affect.ID_LIEU_AFFECTATION=users.ID_LIEU_AFFECTATION', 'USERNAME=\'alain\' AND PASSWORD=12345')
 6 SYSTEMPATH\CodeIgniter.php(941): App\Controllers\login\login->login()
 7 SYSTEMPATH\CodeIgniter.php(502): CodeIgniter\CodeIgniter->runController(Object(App\Controllers\login\login))
 8 SYSTEMPATH\CodeIgniter.php(361): CodeIgniter\CodeIgniter->handleRequest(null, Object(Config\Cache), false)
 9 FCPATH\index.php(79): CodeIgniter\CodeIgniter->run()
10 SYSTEMPATH\Commands\Server\rewrite.php(47): require_once('C:\\xampp\\htdocs\\geco\\public\\index.php')
CRITICAL - 2024-07-02 08:12:13 --> [Caused by] mysqli_sql_exception: You have an error in your SQL syntax; check the manual that corresponds to your MariaDB server version for the right syntax to use near '.`ID_FONCTION join lieu_affectation affect ON` `affect`.`ID_LIEU_AFFECTATION=use' at line 2
in SYSTEMPATH\Database\MySQLi\Connection.php on line 306.
 1 SYSTEMPATH\Database\MySQLi\Connection.php(306): mysqli->query('SELECT *
FROM `users join fonction_poste poste ON poste`.`ID_FONCTION=users`.`ID_FONCTION join lieu_affectation affect ON` `affect`.`ID_LIEU_AFFECTATION=users`.`ID_LIEU_AFFECTATION`
WHERE `USERNAME` = \'alain\' AND `PASSWORD` = 12345', 0)
 2 SYSTEMPATH\Database\BaseConnection.php(693): CodeIgniter\Database\MySQLi\Connection->execute('SELECT *
FROM `users join fonction_poste poste ON poste`.`ID_FONCTION=users`.`ID_FONCTION join lieu_affectation affect ON` `affect`.`ID_LIEU_AFFECTATION=users`.`ID_LIEU_AFFECTATION`
WHERE `USERNAME` = \'alain\' AND `PASSWORD` = 12345')
 3 SYSTEMPATH\Database\BaseConnection.php(607): CodeIgniter\Database\BaseConnection->simpleQuery('SELECT *
FROM `users join fonction_poste poste ON poste`.`ID_FONCTION=users`.`ID_FONCTION join lieu_affectation affect ON` `affect`.`ID_LIEU_AFFECTATION=users`.`ID_LIEU_AFFECTATION`
WHERE `USERNAME` = \'alain\' AND `PASSWORD` = 12345')
 4 SYSTEMPATH\Database\BaseBuilder.php(1616): CodeIgniter\Database\BaseConnection->query('SELECT *
FROM `users join fonction_poste poste ON poste`.`ID_FONCTION=users`.`ID_FONCTION join lieu_affectation affect ON` `affect`.`ID_LIEU_AFFECTATION=users`.`ID_LIEU_AFFECTATION`
WHERE `USERNAME` = \'alain\' AND `PASSWORD` = 12345', [], false)
 5 APPPATH\Models\My_Model.php(24): CodeIgniter\Database\BaseBuilder->get()
 6 APPPATH\Controllers\login\login.php(24): App\Models\My_Model->getOne('users join fonction_poste poste ON poste.ID_FONCTION=users.ID_FONCTION join lieu_affectation affect ON affect.ID_LIEU_AFFECTATION=users.ID_LIEU_AFFECTATION', 'USERNAME=\'alain\' AND PASSWORD=12345')
 7 SYSTEMPATH\CodeIgniter.php(941): App\Controllers\login\login->login()
 8 SYSTEMPATH\CodeIgniter.php(502): CodeIgniter\CodeIgniter->runController(Object(App\Controllers\login\login))
 9 SYSTEMPATH\CodeIgniter.php(361): CodeIgniter\CodeIgniter->handleRequest(null, Object(Config\Cache), false)
10 FCPATH\index.php(79): CodeIgniter\CodeIgniter->run()
11 SYSTEMPATH\Commands\Server\rewrite.php(47): require_once('C:\\xampp\\htdocs\\geco\\public\\index.php')
ERROR - 2024-07-02 08:17:21 --> mysqli_sql_exception: You have an error in your SQL syntax; check the manual that corresponds to your MariaDB server version for the right syntax to use near '.`ID_FONCTION join lieu_affectation affect ON` `affect`.`ID_LIEU_AFFECTATION=use' at line 2 in C:\xampp\htdocs\geco\system\Database\MySQLi\Connection.php:306
Stack trace:
#0 C:\xampp\htdocs\geco\system\Database\MySQLi\Connection.php(306): mysqli->query('SELECT *\nFROM `...', 0)
#1 C:\xampp\htdocs\geco\system\Database\BaseConnection.php(693): CodeIgniter\Database\MySQLi\Connection->execute('SELECT *\nFROM `...')
#2 C:\xampp\htdocs\geco\system\Database\BaseConnection.php(607): CodeIgniter\Database\BaseConnection->simpleQuery('SELECT *\nFROM `...')
#3 C:\xampp\htdocs\geco\system\Database\BaseBuilder.php(1616): CodeIgniter\Database\BaseConnection->query('SELECT *\nFROM `...', Array, false)
#4 C:\xampp\htdocs\geco\app\Models\My_Model.php(24): CodeIgniter\Database\BaseBuilder->get()
#5 C:\xampp\htdocs\geco\app\Controllers\login\login.php(24): App\Models\My_Model->getOne('users join fonc...', 'USERNAME='alain...')
#6 C:\xampp\htdocs\geco\system\CodeIgniter.php(941): App\Controllers\login\login->login()
#7 C:\xampp\htdocs\geco\system\CodeIgniter.php(502): CodeIgniter\CodeIgniter->runController(Object(App\Controllers\login\login))
#8 C:\xampp\htdocs\geco\system\CodeIgniter.php(361): CodeIgniter\CodeIgniter->handleRequest(NULL, Object(Config\Cache), false)
#9 C:\xampp\htdocs\geco\public\index.php(79): CodeIgniter\CodeIgniter->run()
#10 C:\xampp\htdocs\geco\system\Commands\Server\rewrite.php(47): require_once('C:\\xampp\\htdocs...')
#11 {main}
CRITICAL - 2024-07-02 08:17:21 --> CodeIgniter\Database\Exceptions\DatabaseException: You have an error in your SQL syntax; check the manual that corresponds to your MariaDB server version for the right syntax to use near '.`ID_FONCTION join lieu_affectation affect ON` `affect`.`ID_LIEU_AFFECTATION=use' at line 2
in SYSTEMPATH\Database\BaseConnection.php on line 647.
 1 SYSTEMPATH\Database\BaseBuilder.php(1616): CodeIgniter\Database\BaseConnection->query('SELECT *
FROM `users join fonction_poste poste ON poste`.`ID_FONCTION=users`.`ID_FONCTION join lieu_affectation affect ON` `affect`.`ID_LIEU_AFFECTATION=users`.`ID_LIEU_AFFECTATION`
WHERE `USERNAME` = \'alain\' AND `PASSWORD` = 12345', [], false)
 2 APPPATH\Models\My_Model.php(24): CodeIgniter\Database\BaseBuilder->get()
 3 APPPATH\Controllers\login\login.php(24): App\Models\My_Model->getOne('users join fonction_poste poste ON poste.ID_FONCTION=users.ID_FONCTION join lieu_affectation affect ON affect.ID_LIEU_AFFECTATION=users.ID_LIEU_AFFECTATION', 'USERNAME=\'alain\' AND PASSWORD=12345')
 4 SYSTEMPATH\CodeIgniter.php(941): App\Controllers\login\login->login()
 5 SYSTEMPATH\CodeIgniter.php(502): CodeIgniter\CodeIgniter->runController(Object(App\Controllers\login\login))
 6 SYSTEMPATH\CodeIgniter.php(361): CodeIgniter\CodeIgniter->handleRequest(null, Object(Config\Cache), false)
 7 FCPATH\index.php(79): CodeIgniter\CodeIgniter->run()
 8 SYSTEMPATH\Commands\Server\rewrite.php(47): require_once('C:\\xampp\\htdocs\\geco\\public\\index.php')
CRITICAL - 2024-07-02 08:17:21 --> [Caused by] CodeIgniter\Database\Exceptions\DatabaseException: You have an error in your SQL syntax; check the manual that corresponds to your MariaDB server version for the right syntax to use near '.`ID_FONCTION join lieu_affectation affect ON` `affect`.`ID_LIEU_AFFECTATION=use' at line 2
in SYSTEMPATH\Database\MySQLi\Connection.php on line 311.
 1 SYSTEMPATH\Database\BaseConnection.php(693): CodeIgniter\Database\MySQLi\Connection->execute('SELECT *
FROM `users join fonction_poste poste ON poste`.`ID_FONCTION=users`.`ID_FONCTION join lieu_affectation affect ON` `affect`.`ID_LIEU_AFFECTATION=users`.`ID_LIEU_AFFECTATION`
WHERE `USERNAME` = \'alain\' AND `PASSWORD` = 12345')
 2 SYSTEMPATH\Database\BaseConnection.php(607): CodeIgniter\Database\BaseConnection->simpleQuery('SELECT *
FROM `users join fonction_poste poste ON poste`.`ID_FONCTION=users`.`ID_FONCTION join lieu_affectation affect ON` `affect`.`ID_LIEU_AFFECTATION=users`.`ID_LIEU_AFFECTATION`
WHERE `USERNAME` = \'alain\' AND `PASSWORD` = 12345')
 3 SYSTEMPATH\Database\BaseBuilder.php(1616): CodeIgniter\Database\BaseConnection->query('SELECT *
FROM `users join fonction_poste poste ON poste`.`ID_FONCTION=users`.`ID_FONCTION join lieu_affectation affect ON` `affect`.`ID_LIEU_AFFECTATION=users`.`ID_LIEU_AFFECTATION`
WHERE `USERNAME` = \'alain\' AND `PASSWORD` = 12345', [], false)
 4 APPPATH\Models\My_Model.php(24): CodeIgniter\Database\BaseBuilder->get()
 5 APPPATH\Controllers\login\login.php(24): App\Models\My_Model->getOne('users join fonction_poste poste ON poste.ID_FONCTION=users.ID_FONCTION join lieu_affectation affect ON affect.ID_LIEU_AFFECTATION=users.ID_LIEU_AFFECTATION', 'USERNAME=\'alain\' AND PASSWORD=12345')
 6 SYSTEMPATH\CodeIgniter.php(941): App\Controllers\login\login->login()
 7 SYSTEMPATH\CodeIgniter.php(502): CodeIgniter\CodeIgniter->runController(Object(App\Controllers\login\login))
 8 SYSTEMPATH\CodeIgniter.php(361): CodeIgniter\CodeIgniter->handleRequest(null, Object(Config\Cache), false)
 9 FCPATH\index.php(79): CodeIgniter\CodeIgniter->run()
10 SYSTEMPATH\Commands\Server\rewrite.php(47): require_once('C:\\xampp\\htdocs\\geco\\public\\index.php')
CRITICAL - 2024-07-02 08:17:21 --> [Caused by] mysqli_sql_exception: You have an error in your SQL syntax; check the manual that corresponds to your MariaDB server version for the right syntax to use near '.`ID_FONCTION join lieu_affectation affect ON` `affect`.`ID_LIEU_AFFECTATION=use' at line 2
in SYSTEMPATH\Database\MySQLi\Connection.php on line 306.
 1 SYSTEMPATH\Database\MySQLi\Connection.php(306): mysqli->query('SELECT *
FROM `users join fonction_poste poste ON poste`.`ID_FONCTION=users`.`ID_FONCTION join lieu_affectation affect ON` `affect`.`ID_LIEU_AFFECTATION=users`.`ID_LIEU_AFFECTATION`
WHERE `USERNAME` = \'alain\' AND `PASSWORD` = 12345', 0)
 2 SYSTEMPATH\Database\BaseConnection.php(693): CodeIgniter\Database\MySQLi\Connection->execute('SELECT *
FROM `users join fonction_poste poste ON poste`.`ID_FONCTION=users`.`ID_FONCTION join lieu_affectation affect ON` `affect`.`ID_LIEU_AFFECTATION=users`.`ID_LIEU_AFFECTATION`
WHERE `USERNAME` = \'alain\' AND `PASSWORD` = 12345')
 3 SYSTEMPATH\Database\BaseConnection.php(607): CodeIgniter\Database\BaseConnection->simpleQuery('SELECT *
FROM `users join fonction_poste poste ON poste`.`ID_FONCTION=users`.`ID_FONCTION join lieu_affectation affect ON` `affect`.`ID_LIEU_AFFECTATION=users`.`ID_LIEU_AFFECTATION`
WHERE `USERNAME` = \'alain\' AND `PASSWORD` = 12345')
 4 SYSTEMPATH\Database\BaseBuilder.php(1616): CodeIgniter\Database\BaseConnection->query('SELECT *
FROM `users join fonction_poste poste ON poste`.`ID_FONCTION=users`.`ID_FONCTION join lieu_affectation affect ON` `affect`.`ID_LIEU_AFFECTATION=users`.`ID_LIEU_AFFECTATION`
WHERE `USERNAME` = \'alain\' AND `PASSWORD` = 12345', [], false)
 5 APPPATH\Models\My_Model.php(24): CodeIgniter\Database\BaseBuilder->get()
 6 APPPATH\Controllers\login\login.php(24): App\Models\My_Model->getOne('users join fonction_poste poste ON poste.ID_FONCTION=users.ID_FONCTION join lieu_affectation affect ON affect.ID_LIEU_AFFECTATION=users.ID_LIEU_AFFECTATION', 'USERNAME=\'alain\' AND PASSWORD=12345')
 7 SYSTEMPATH\CodeIgniter.php(941): App\Controllers\login\login->login()
 8 SYSTEMPATH\CodeIgniter.php(502): CodeIgniter\CodeIgniter->runController(Object(App\Controllers\login\login))
 9 SYSTEMPATH\CodeIgniter.php(361): CodeIgniter\CodeIgniter->handleRequest(null, Object(Config\Cache), false)
10 FCPATH\index.php(79): CodeIgniter\CodeIgniter->run()
11 SYSTEMPATH\Commands\Server\rewrite.php(47): require_once('C:\\xampp\\htdocs\\geco\\public\\index.php')
ERROR - 2024-07-02 08:22:27 --> mysqli_sql_exception: You have an error in your SQL syntax; check the manual that corresponds to your MariaDB server version for the right syntax to use near '.`ID_FONCTION join lieu_affectation affect ON` `affect`.`ID_LIEU_AFFECTATION=use' at line 2 in C:\xampp\htdocs\geco\system\Database\MySQLi\Connection.php:306
Stack trace:
#0 C:\xampp\htdocs\geco\system\Database\MySQLi\Connection.php(306): mysqli->query('SELECT *\nFROM `...', 0)
#1 C:\xampp\htdocs\geco\system\Database\BaseConnection.php(693): CodeIgniter\Database\MySQLi\Connection->execute('SELECT *\nFROM `...')
#2 C:\xampp\htdocs\geco\system\Database\BaseConnection.php(607): CodeIgniter\Database\BaseConnection->simpleQuery('SELECT *\nFROM `...')
#3 C:\xampp\htdocs\geco\system\Database\BaseBuilder.php(1616): CodeIgniter\Database\BaseConnection->query('SELECT *\nFROM `...', Array, false)
#4 C:\xampp\htdocs\geco\app\Models\My_Model.php(24): CodeIgniter\Database\BaseBuilder->get()
#5 C:\xampp\htdocs\geco\app\Controllers\login\login.php(24): App\Models\My_Model->getOne('users join fonc...', 'USERNAME='alain...')
#6 C:\xampp\htdocs\geco\system\CodeIgniter.php(941): App\Controllers\login\login->login()
#7 C:\xampp\htdocs\geco\system\CodeIgniter.php(502): CodeIgniter\CodeIgniter->runController(Object(App\Controllers\login\login))
#8 C:\xampp\htdocs\geco\system\CodeIgniter.php(361): CodeIgniter\CodeIgniter->handleRequest(NULL, Object(Config\Cache), false)
#9 C:\xampp\htdocs\geco\public\index.php(79): CodeIgniter\CodeIgniter->run()
#10 C:\xampp\htdocs\geco\system\Commands\Server\rewrite.php(47): require_once('C:\\xampp\\htdocs...')
#11 {main}
CRITICAL - 2024-07-02 08:22:27 --> CodeIgniter\Database\Exceptions\DatabaseException: You have an error in your SQL syntax; check the manual that corresponds to your MariaDB server version for the right syntax to use near '.`ID_FONCTION join lieu_affectation affect ON` `affect`.`ID_LIEU_AFFECTATION=use' at line 2
in SYSTEMPATH\Database\BaseConnection.php on line 647.
 1 SYSTEMPATH\Database\BaseBuilder.php(1616): CodeIgniter\Database\BaseConnection->query('SELECT *
FROM `users join fonction_poste poste on poste`.`ID_FONCTION=users`.`ID_FONCTION join lieu_affectation affect ON` `affect`.`ID_LIEU_AFFECTATION=users`.`ID_LIEU_AFFECTATION`
WHERE `USERNAME` = \'alain\' AND `PASSWORD` = 12345', [], false)
 2 APPPATH\Models\My_Model.php(24): CodeIgniter\Database\BaseBuilder->get()
 3 APPPATH\Controllers\login\login.php(24): App\Models\My_Model->getOne('users join fonction_poste poste on poste.ID_FONCTION=users.ID_FONCTION join lieu_affectation affect ON affect.ID_LIEU_AFFECTATION=users.ID_LIEU_AFFECTATION', 'USERNAME=\'alain\' AND PASSWORD=12345')
 4 SYSTEMPATH\CodeIgniter.php(941): App\Controllers\login\login->login()
 5 SYSTEMPATH\CodeIgniter.php(502): CodeIgniter\CodeIgniter->runController(Object(App\Controllers\login\login))
 6 SYSTEMPATH\CodeIgniter.php(361): CodeIgniter\CodeIgniter->handleRequest(null, Object(Config\Cache), false)
 7 FCPATH\index.php(79): CodeIgniter\CodeIgniter->run()
 8 SYSTEMPATH\Commands\Server\rewrite.php(47): require_once('C:\\xampp\\htdocs\\geco\\public\\index.php')
CRITICAL - 2024-07-02 08:22:27 --> [Caused by] CodeIgniter\Database\Exceptions\DatabaseException: You have an error in your SQL syntax; check the manual that corresponds to your MariaDB server version for the right syntax to use near '.`ID_FONCTION join lieu_affectation affect ON` `affect`.`ID_LIEU_AFFECTATION=use' at line 2
in SYSTEMPATH\Database\MySQLi\Connection.php on line 311.
 1 SYSTEMPATH\Database\BaseConnection.php(693): CodeIgniter\Database\MySQLi\Connection->execute('SELECT *
FROM `users join fonction_poste poste on poste`.`ID_FONCTION=users`.`ID_FONCTION join lieu_affectation affect ON` `affect`.`ID_LIEU_AFFECTATION=users`.`ID_LIEU_AFFECTATION`
WHERE `USERNAME` = \'alain\' AND `PASSWORD` = 12345')
 2 SYSTEMPATH\Database\BaseConnection.php(607): CodeIgniter\Database\BaseConnection->simpleQuery('SELECT *
FROM `users join fonction_poste poste on poste`.`ID_FONCTION=users`.`ID_FONCTION join lieu_affectation affect ON` `affect`.`ID_LIEU_AFFECTATION=users`.`ID_LIEU_AFFECTATION`
WHERE `USERNAME` = \'alain\' AND `PASSWORD` = 12345')
 3 SYSTEMPATH\Database\BaseBuilder.php(1616): CodeIgniter\Database\BaseConnection->query('SELECT *
FROM `users join fonction_poste poste on poste`.`ID_FONCTION=users`.`ID_FONCTION join lieu_affectation affect ON` `affect`.`ID_LIEU_AFFECTATION=users`.`ID_LIEU_AFFECTATION`
WHERE `USERNAME` = \'alain\' AND `PASSWORD` = 12345', [], false)
 4 APPPATH\Models\My_Model.php(24): CodeIgniter\Database\BaseBuilder->get()
 5 APPPATH\Controllers\login\login.php(24): App\Models\My_Model->getOne('users join fonction_poste poste on poste.ID_FONCTION=users.ID_FONCTION join lieu_affectation affect ON affect.ID_LIEU_AFFECTATION=users.ID_LIEU_AFFECTATION', 'USERNAME=\'alain\' AND PASSWORD=12345')
 6 SYSTEMPATH\CodeIgniter.php(941): App\Controllers\login\login->login()
 7 SYSTEMPATH\CodeIgniter.php(502): CodeIgniter\CodeIgniter->runController(Object(App\Controllers\login\login))
 8 SYSTEMPATH\CodeIgniter.php(361): CodeIgniter\CodeIgniter->handleRequest(null, Object(Config\Cache), false)
 9 FCPATH\index.php(79): CodeIgniter\CodeIgniter->run()
10 SYSTEMPATH\Commands\Server\rewrite.php(47): require_once('C:\\xampp\\htdocs\\geco\\public\\index.php')
CRITICAL - 2024-07-02 08:22:27 --> [Caused by] mysqli_sql_exception: You have an error in your SQL syntax; check the manual that corresponds to your MariaDB server version for the right syntax to use near '.`ID_FONCTION join lieu_affectation affect ON` `affect`.`ID_LIEU_AFFECTATION=use' at line 2
in SYSTEMPATH\Database\MySQLi\Connection.php on line 306.
 1 SYSTEMPATH\Database\MySQLi\Connection.php(306): mysqli->query('SELECT *
FROM `users join fonction_poste poste on poste`.`ID_FONCTION=users`.`ID_FONCTION join lieu_affectation affect ON` `affect`.`ID_LIEU_AFFECTATION=users`.`ID_LIEU_AFFECTATION`
WHERE `USERNAME` = \'alain\' AND `PASSWORD` = 12345', 0)
 2 SYSTEMPATH\Database\BaseConnection.php(693): CodeIgniter\Database\MySQLi\Connection->execute('SELECT *
FROM `users join fonction_poste poste on poste`.`ID_FONCTION=users`.`ID_FONCTION join lieu_affectation affect ON` `affect`.`ID_LIEU_AFFECTATION=users`.`ID_LIEU_AFFECTATION`
WHERE `USERNAME` = \'alain\' AND `PASSWORD` = 12345')
 3 SYSTEMPATH\Database\BaseConnection.php(607): CodeIgniter\Database\BaseConnection->simpleQuery('SELECT *
FROM `users join fonction_poste poste on poste`.`ID_FONCTION=users`.`ID_FONCTION join lieu_affectation affect ON` `affect`.`ID_LIEU_AFFECTATION=users`.`ID_LIEU_AFFECTATION`
WHERE `USERNAME` = \'alain\' AND `PASSWORD` = 12345')
 4 SYSTEMPATH\Database\BaseBuilder.php(1616): CodeIgniter\Database\BaseConnection->query('SELECT *
FROM `users join fonction_poste poste on poste`.`ID_FONCTION=users`.`ID_FONCTION join lieu_affectation affect ON` `affect`.`ID_LIEU_AFFECTATION=users`.`ID_LIEU_AFFECTATION`
WHERE `USERNAME` = \'alain\' AND `PASSWORD` = 12345', [], false)
 5 APPPATH\Models\My_Model.php(24): CodeIgniter\Database\BaseBuilder->get()
 6 APPPATH\Controllers\login\login.php(24): App\Models\My_Model->getOne('users join fonction_poste poste on poste.ID_FONCTION=users.ID_FONCTION join lieu_affectation affect ON affect.ID_LIEU_AFFECTATION=users.ID_LIEU_AFFECTATION', 'USERNAME=\'alain\' AND PASSWORD=12345')
 7 SYSTEMPATH\CodeIgniter.php(941): App\Controllers\login\login->login()
 8 SYSTEMPATH\CodeIgniter.php(502): CodeIgniter\CodeIgniter->runController(Object(App\Controllers\login\login))
 9 SYSTEMPATH\CodeIgniter.php(361): CodeIgniter\CodeIgniter->handleRequest(null, Object(Config\Cache), false)
10 FCPATH\index.php(79): CodeIgniter\CodeIgniter->run()
11 SYSTEMPATH\Commands\Server\rewrite.php(47): require_once('C:\\xampp\\htdocs\\geco\\public\\index.php')
ERROR - 2024-07-02 08:23:20 --> mysqli_sql_exception: You have an error in your SQL syntax; check the manual that corresponds to your MariaDB server version for the right syntax to use near '.`ID_FONCTION join lieu_affectation affect ON` `affect`.`ID_LIEU_AFFECTATION=use' at line 2 in C:\xampp\htdocs\geco\system\Database\MySQLi\Connection.php:306
Stack trace:
#0 C:\xampp\htdocs\geco\system\Database\MySQLi\Connection.php(306): mysqli->query('SELECT *\nFROM `...', 0)
#1 C:\xampp\htdocs\geco\system\Database\BaseConnection.php(693): CodeIgniter\Database\MySQLi\Connection->execute('SELECT *\nFROM `...')
#2 C:\xampp\htdocs\geco\system\Database\BaseConnection.php(607): CodeIgniter\Database\BaseConnection->simpleQuery('SELECT *\nFROM `...')
#3 C:\xampp\htdocs\geco\system\Database\BaseBuilder.php(1616): CodeIgniter\Database\BaseConnection->query('SELECT *\nFROM `...', Array, false)
#4 C:\xampp\htdocs\geco\app\Models\My_Model.php(24): CodeIgniter\Database\BaseBuilder->get()
#5 C:\xampp\htdocs\geco\app\Controllers\login\login.php(24): App\Models\My_Model->getOne('users user join...', 'USERNAME='alain...')
#6 C:\xampp\htdocs\geco\system\CodeIgniter.php(941): App\Controllers\login\login->login()
#7 C:\xampp\htdocs\geco\system\CodeIgniter.php(502): CodeIgniter\CodeIgniter->runController(Object(App\Controllers\login\login))
#8 C:\xampp\htdocs\geco\system\CodeIgniter.php(361): CodeIgniter\CodeIgniter->handleRequest(NULL, Object(Config\Cache), false)
#9 C:\xampp\htdocs\geco\public\index.php(79): CodeIgniter\CodeIgniter->run()
#10 C:\xampp\htdocs\geco\system\Commands\Server\rewrite.php(47): require_once('C:\\xampp\\htdocs...')
#11 {main}
CRITICAL - 2024-07-02 08:23:20 --> CodeIgniter\Database\Exceptions\DatabaseException: You have an error in your SQL syntax; check the manual that corresponds to your MariaDB server version for the right syntax to use near '.`ID_FONCTION join lieu_affectation affect ON` `affect`.`ID_LIEU_AFFECTATION=use' at line 2
in SYSTEMPATH\Database\BaseConnection.php on line 647.
 1 SYSTEMPATH\Database\BaseBuilder.php(1616): CodeIgniter\Database\BaseConnection->query('SELECT *
FROM `users user join fonction_poste poste on poste`.`ID_FONCTION=user`.`ID_FONCTION join lieu_affectation affect ON` `affect`.`ID_LIEU_AFFECTATION=user`.`ID_LIEU_AFFECTATION`
WHERE `USERNAME` = \'alain\' AND `PASSWORD` = 12345', [], false)
 2 APPPATH\Models\My_Model.php(24): CodeIgniter\Database\BaseBuilder->get()
 3 APPPATH\Controllers\login\login.php(24): App\Models\My_Model->getOne('users user join fonction_poste poste on poste.ID_FONCTION=user.ID_FONCTION join lieu_affectation affect ON affect.ID_LIEU_AFFECTATION=user.ID_LIEU_AFFECTATION', 'USERNAME=\'alain\' AND PASSWORD=12345')
 4 SYSTEMPATH\CodeIgniter.php(941): App\Controllers\login\login->login()
 5 SYSTEMPATH\CodeIgniter.php(502): CodeIgniter\CodeIgniter->runController(Object(App\Controllers\login\login))
 6 SYSTEMPATH\CodeIgniter.php(361): CodeIgniter\CodeIgniter->handleRequest(null, Object(Config\Cache), false)
 7 FCPATH\index.php(79): CodeIgniter\CodeIgniter->run()
 8 SYSTEMPATH\Commands\Server\rewrite.php(47): require_once('C:\\xampp\\htdocs\\geco\\public\\index.php')
CRITICAL - 2024-07-02 08:23:20 --> [Caused by] CodeIgniter\Database\Exceptions\DatabaseException: You have an error in your SQL syntax; check the manual that corresponds to your MariaDB server version for the right syntax to use near '.`ID_FONCTION join lieu_affectation affect ON` `affect`.`ID_LIEU_AFFECTATION=use' at line 2
in SYSTEMPATH\Database\MySQLi\Connection.php on line 311.
 1 SYSTEMPATH\Database\BaseConnection.php(693): CodeIgniter\Database\MySQLi\Connection->execute('SELECT *
FROM `users user join fonction_poste poste on poste`.`ID_FONCTION=user`.`ID_FONCTION join lieu_affectation affect ON` `affect`.`ID_LIEU_AFFECTATION=user`.`ID_LIEU_AFFECTATION`
WHERE `USERNAME` = \'alain\' AND `PASSWORD` = 12345')
 2 SYSTEMPATH\Database\BaseConnection.php(607): CodeIgniter\Database\BaseConnection->simpleQuery('SELECT *
FROM `users user join fonction_poste poste on poste`.`ID_FONCTION=user`.`ID_FONCTION join lieu_affectation affect ON` `affect`.`ID_LIEU_AFFECTATION=user`.`ID_LIEU_AFFECTATION`
WHERE `USERNAME` = \'alain\' AND `PASSWORD` = 12345')
 3 SYSTEMPATH\Database\BaseBuilder.php(1616): CodeIgniter\Database\BaseConnection->query('SELECT *
FROM `users user join fonction_poste poste on poste`.`ID_FONCTION=user`.`ID_FONCTION join lieu_affectation affect ON` `affect`.`ID_LIEU_AFFECTATION=user`.`ID_LIEU_AFFECTATION`
WHERE `USERNAME` = \'alain\' AND `PASSWORD` = 12345', [], false)
 4 APPPATH\Models\My_Model.php(24): CodeIgniter\Database\BaseBuilder->get()
 5 APPPATH\Controllers\login\login.php(24): App\Models\My_Model->getOne('users user join fonction_poste poste on poste.ID_FONCTION=user.ID_FONCTION join lieu_affectation affect ON affect.ID_LIEU_AFFECTATION=user.ID_LIEU_AFFECTATION', 'USERNAME=\'alain\' AND PASSWORD=12345')
 6 SYSTEMPATH\CodeIgniter.php(941): App\Controllers\login\login->login()
 7 SYSTEMPATH\CodeIgniter.php(502): CodeIgniter\CodeIgniter->runController(Object(App\Controllers\login\login))
 8 SYSTEMPATH\CodeIgniter.php(361): CodeIgniter\CodeIgniter->handleRequest(null, Object(Config\Cache), false)
 9 FCPATH\index.php(79): CodeIgniter\CodeIgniter->run()
10 SYSTEMPATH\Commands\Server\rewrite.php(47): require_once('C:\\xampp\\htdocs\\geco\\public\\index.php')
CRITICAL - 2024-07-02 08:23:20 --> [Caused by] mysqli_sql_exception: You have an error in your SQL syntax; check the manual that corresponds to your MariaDB server version for the right syntax to use near '.`ID_FONCTION join lieu_affectation affect ON` `affect`.`ID_LIEU_AFFECTATION=use' at line 2
in SYSTEMPATH\Database\MySQLi\Connection.php on line 306.
 1 SYSTEMPATH\Database\MySQLi\Connection.php(306): mysqli->query('SELECT *
FROM `users user join fonction_poste poste on poste`.`ID_FONCTION=user`.`ID_FONCTION join lieu_affectation affect ON` `affect`.`ID_LIEU_AFFECTATION=user`.`ID_LIEU_AFFECTATION`
WHERE `USERNAME` = \'alain\' AND `PASSWORD` = 12345', 0)
 2 SYSTEMPATH\Database\BaseConnection.php(693): CodeIgniter\Database\MySQLi\Connection->execute('SELECT *
FROM `users user join fonction_poste poste on poste`.`ID_FONCTION=user`.`ID_FONCTION join lieu_affectation affect ON` `affect`.`ID_LIEU_AFFECTATION=user`.`ID_LIEU_AFFECTATION`
WHERE `USERNAME` = \'alain\' AND `PASSWORD` = 12345')
 3 SYSTEMPATH\Database\BaseConnection.php(607): CodeIgniter\Database\BaseConnection->simpleQuery('SELECT *
FROM `users user join fonction_poste poste on poste`.`ID_FONCTION=user`.`ID_FONCTION join lieu_affectation affect ON` `affect`.`ID_LIEU_AFFECTATION=user`.`ID_LIEU_AFFECTATION`
WHERE `USERNAME` = \'alain\' AND `PASSWORD` = 12345')
 4 SYSTEMPATH\Database\BaseBuilder.php(1616): CodeIgniter\Database\BaseConnection->query('SELECT *
FROM `users user join fonction_poste poste on poste`.`ID_FONCTION=user`.`ID_FONCTION join lieu_affectation affect ON` `affect`.`ID_LIEU_AFFECTATION=user`.`ID_LIEU_AFFECTATION`
WHERE `USERNAME` = \'alain\' AND `PASSWORD` = 12345', [], false)
 5 APPPATH\Models\My_Model.php(24): CodeIgniter\Database\BaseBuilder->get()
 6 APPPATH\Controllers\login\login.php(24): App\Models\My_Model->getOne('users user join fonction_poste poste on poste.ID_FONCTION=user.ID_FONCTION join lieu_affectation affect ON affect.ID_LIEU_AFFECTATION=user.ID_LIEU_AFFECTATION', 'USERNAME=\'alain\' AND PASSWORD=12345')
 7 SYSTEMPATH\CodeIgniter.php(941): App\Controllers\login\login->login()
 8 SYSTEMPATH\CodeIgniter.php(502): CodeIgniter\CodeIgniter->runController(Object(App\Controllers\login\login))
 9 SYSTEMPATH\CodeIgniter.php(361): CodeIgniter\CodeIgniter->handleRequest(null, Object(Config\Cache), false)
10 FCPATH\index.php(79): CodeIgniter\CodeIgniter->run()
11 SYSTEMPATH\Commands\Server\rewrite.php(47): require_once('C:\\xampp\\htdocs\\geco\\public\\index.php')
ERROR - 2024-07-02 08:23:23 --> mysqli_sql_exception: You have an error in your SQL syntax; check the manual that corresponds to your MariaDB server version for the right syntax to use near '.`ID_FONCTION join lieu_affectation affect ON` `affect`.`ID_LIEU_AFFECTATION=use' at line 2 in C:\xampp\htdocs\geco\system\Database\MySQLi\Connection.php:306
Stack trace:
#0 C:\xampp\htdocs\geco\system\Database\MySQLi\Connection.php(306): mysqli->query('SELECT *\nFROM `...', 0)
#1 C:\xampp\htdocs\geco\system\Database\BaseConnection.php(693): CodeIgniter\Database\MySQLi\Connection->execute('SELECT *\nFROM `...')
#2 C:\xampp\htdocs\geco\system\Database\BaseConnection.php(607): CodeIgniter\Database\BaseConnection->simpleQuery('SELECT *\nFROM `...')
#3 C:\xampp\htdocs\geco\system\Database\BaseBuilder.php(1616): CodeIgniter\Database\BaseConnection->query('SELECT *\nFROM `...', Array, false)
#4 C:\xampp\htdocs\geco\app\Models\My_Model.php(24): CodeIgniter\Database\BaseBuilder->get()
#5 C:\xampp\htdocs\geco\app\Controllers\login\login.php(24): App\Models\My_Model->getOne('users user join...', 'USERNAME='alain...')
#6 C:\xampp\htdocs\geco\system\CodeIgniter.php(941): App\Controllers\login\login->login()
#7 C:\xampp\htdocs\geco\system\CodeIgniter.php(502): CodeIgniter\CodeIgniter->runController(Object(App\Controllers\login\login))
#8 C:\xampp\htdocs\geco\system\CodeIgniter.php(361): CodeIgniter\CodeIgniter->handleRequest(NULL, Object(Config\Cache), false)
#9 C:\xampp\htdocs\geco\public\index.php(79): CodeIgniter\CodeIgniter->run()
#10 C:\xampp\htdocs\geco\system\Commands\Server\rewrite.php(47): require_once('C:\\xampp\\htdocs...')
#11 {main}
CRITICAL - 2024-07-02 08:23:23 --> CodeIgniter\Database\Exceptions\DatabaseException: You have an error in your SQL syntax; check the manual that corresponds to your MariaDB server version for the right syntax to use near '.`ID_FONCTION join lieu_affectation affect ON` `affect`.`ID_LIEU_AFFECTATION=use' at line 2
in SYSTEMPATH\Database\BaseConnection.php on line 647.
 1 SYSTEMPATH\Database\BaseBuilder.php(1616): CodeIgniter\Database\BaseConnection->query('SELECT *
FROM `users user join fonction_poste poste on poste`.`ID_FONCTION=user`.`ID_FONCTION join lieu_affectation affect ON` `affect`.`ID_LIEU_AFFECTATION=user`.`ID_LIEU_AFFECTATION`
WHERE `USERNAME` = \'alain\' AND `PASSWORD` = 12345', [], false)
 2 APPPATH\Models\My_Model.php(24): CodeIgniter\Database\BaseBuilder->get()
 3 APPPATH\Controllers\login\login.php(24): App\Models\My_Model->getOne('users user join fonction_poste poste on poste.ID_FONCTION=user.ID_FONCTION join lieu_affectation affect ON affect.ID_LIEU_AFFECTATION=user.ID_LIEU_AFFECTATION', 'USERNAME=\'alain\' AND PASSWORD=12345')
 4 SYSTEMPATH\CodeIgniter.php(941): App\Controllers\login\login->login()
 5 SYSTEMPATH\CodeIgniter.php(502): CodeIgniter\CodeIgniter->runController(Object(App\Controllers\login\login))
 6 SYSTEMPATH\CodeIgniter.php(361): CodeIgniter\CodeIgniter->handleRequest(null, Object(Config\Cache), false)
 7 FCPATH\index.php(79): CodeIgniter\CodeIgniter->run()
 8 SYSTEMPATH\Commands\Server\rewrite.php(47): require_once('C:\\xampp\\htdocs\\geco\\public\\index.php')
CRITICAL - 2024-07-02 08:23:23 --> [Caused by] CodeIgniter\Database\Exceptions\DatabaseException: You have an error in your SQL syntax; check the manual that corresponds to your MariaDB server version for the right syntax to use near '.`ID_FONCTION join lieu_affectation affect ON` `affect`.`ID_LIEU_AFFECTATION=use' at line 2
in SYSTEMPATH\Database\MySQLi\Connection.php on line 311.
 1 SYSTEMPATH\Database\BaseConnection.php(693): CodeIgniter\Database\MySQLi\Connection->execute('SELECT *
FROM `users user join fonction_poste poste on poste`.`ID_FONCTION=user`.`ID_FONCTION join lieu_affectation affect ON` `affect`.`ID_LIEU_AFFECTATION=user`.`ID_LIEU_AFFECTATION`
WHERE `USERNAME` = \'alain\' AND `PASSWORD` = 12345')
 2 SYSTEMPATH\Database\BaseConnection.php(607): CodeIgniter\Database\BaseConnection->simpleQuery('SELECT *
FROM `users user join fonction_poste poste on poste`.`ID_FONCTION=user`.`ID_FONCTION join lieu_affectation affect ON` `affect`.`ID_LIEU_AFFECTATION=user`.`ID_LIEU_AFFECTATION`
WHERE `USERNAME` = \'alain\' AND `PASSWORD` = 12345')
 3 SYSTEMPATH\Database\BaseBuilder.php(1616): CodeIgniter\Database\BaseConnection->query('SELECT *
FROM `users user join fonction_poste poste on poste`.`ID_FONCTION=user`.`ID_FONCTION join lieu_affectation affect ON` `affect`.`ID_LIEU_AFFECTATION=user`.`ID_LIEU_AFFECTATION`
WHERE `USERNAME` = \'alain\' AND `PASSWORD` = 12345', [], false)
 4 APPPATH\Models\My_Model.php(24): CodeIgniter\Database\BaseBuilder->get()
 5 APPPATH\Controllers\login\login.php(24): App\Models\My_Model->getOne('users user join fonction_poste poste on poste.ID_FONCTION=user.ID_FONCTION join lieu_affectation affect ON affect.ID_LIEU_AFFECTATION=user.ID_LIEU_AFFECTATION', 'USERNAME=\'alain\' AND PASSWORD=12345')
 6 SYSTEMPATH\CodeIgniter.php(941): App\Controllers\login\login->login()
 7 SYSTEMPATH\CodeIgniter.php(502): CodeIgniter\CodeIgniter->runController(Object(App\Controllers\login\login))
 8 SYSTEMPATH\CodeIgniter.php(361): CodeIgniter\CodeIgniter->handleRequest(null, Object(Config\Cache), false)
 9 FCPATH\index.php(79): CodeIgniter\CodeIgniter->run()
10 SYSTEMPATH\Commands\Server\rewrite.php(47): require_once('C:\\xampp\\htdocs\\geco\\public\\index.php')
CRITICAL - 2024-07-02 08:23:23 --> [Caused by] mysqli_sql_exception: You have an error in your SQL syntax; check the manual that corresponds to your MariaDB server version for the right syntax to use near '.`ID_FONCTION join lieu_affectation affect ON` `affect`.`ID_LIEU_AFFECTATION=use' at line 2
in SYSTEMPATH\Database\MySQLi\Connection.php on line 306.
 1 SYSTEMPATH\Database\MySQLi\Connection.php(306): mysqli->query('SELECT *
FROM `users user join fonction_poste poste on poste`.`ID_FONCTION=user`.`ID_FONCTION join lieu_affectation affect ON` `affect`.`ID_LIEU_AFFECTATION=user`.`ID_LIEU_AFFECTATION`
WHERE `USERNAME` = \'alain\' AND `PASSWORD` = 12345', 0)
 2 SYSTEMPATH\Database\BaseConnection.php(693): CodeIgniter\Database\MySQLi\Connection->execute('SELECT *
FROM `users user join fonction_poste poste on poste`.`ID_FONCTION=user`.`ID_FONCTION join lieu_affectation affect ON` `affect`.`ID_LIEU_AFFECTATION=user`.`ID_LIEU_AFFECTATION`
WHERE `USERNAME` = \'alain\' AND `PASSWORD` = 12345')
 3 SYSTEMPATH\Database\BaseConnection.php(607): CodeIgniter\Database\BaseConnection->simpleQuery('SELECT *
FROM `users user join fonction_poste poste on poste`.`ID_FONCTION=user`.`ID_FONCTION join lieu_affectation affect ON` `affect`.`ID_LIEU_AFFECTATION=user`.`ID_LIEU_AFFECTATION`
WHERE `USERNAME` = \'alain\' AND `PASSWORD` = 12345')
 4 SYSTEMPATH\Database\BaseBuilder.php(1616): CodeIgniter\Database\BaseConnection->query('SELECT *
FROM `users user join fonction_poste poste on poste`.`ID_FONCTION=user`.`ID_FONCTION join lieu_affectation affect ON` `affect`.`ID_LIEU_AFFECTATION=user`.`ID_LIEU_AFFECTATION`
WHERE `USERNAME` = \'alain\' AND `PASSWORD` = 12345', [], false)
 5 APPPATH\Models\My_Model.php(24): CodeIgniter\Database\BaseBuilder->get()
 6 APPPATH\Controllers\login\login.php(24): App\Models\My_Model->getOne('users user join fonction_poste poste on poste.ID_FONCTION=user.ID_FONCTION join lieu_affectation affect ON affect.ID_LIEU_AFFECTATION=user.ID_LIEU_AFFECTATION', 'USERNAME=\'alain\' AND PASSWORD=12345')
 7 SYSTEMPATH\CodeIgniter.php(941): App\Controllers\login\login->login()
 8 SYSTEMPATH\CodeIgniter.php(502): CodeIgniter\CodeIgniter->runController(Object(App\Controllers\login\login))
 9 SYSTEMPATH\CodeIgniter.php(361): CodeIgniter\CodeIgniter->handleRequest(null, Object(Config\Cache), false)
10 FCPATH\index.php(79): CodeIgniter\CodeIgniter->run()
11 SYSTEMPATH\Commands\Server\rewrite.php(47): require_once('C:\\xampp\\htdocs\\geco\\public\\index.php')
CRITICAL - 2024-07-02 08:24:35 --> ErrorException: Undefined variable: critere
in APPPATH\Controllers\login\login.php on line 22.
 1 APPPATH\Controllers\login\login.php(22): CodeIgniter\Debug\Exceptions->errorHandler(8, 'Undefined variable: critere', 'C:\\xampp\\htdocs\\geco\\app\\Controllers\\login\\login.php', 22, [...])
 2 SYSTEMPATH\CodeIgniter.php(941): App\Controllers\login\login->login()
 3 SYSTEMPATH\CodeIgniter.php(502): CodeIgniter\CodeIgniter->runController(Object(App\Controllers\login\login))
 4 SYSTEMPATH\CodeIgniter.php(361): CodeIgniter\CodeIgniter->handleRequest(null, Object(Config\Cache), false)
 5 FCPATH\index.php(79): CodeIgniter\CodeIgniter->run()
 6 SYSTEMPATH\Commands\Server\rewrite.php(47): require_once('C:\\xampp\\htdocs\\geco\\public\\index.php')
CRITICAL - 2024-07-02 08:25:19 --> CodeIgniter\Database\Exceptions\DatabaseException: You must set the database table to be used with your query.
in SYSTEMPATH\Database\BaseConnection.php on line 884.
 1 APPPATH\Models\My_Model.php(22): CodeIgniter\Database\BaseConnection->table(null)
 2 APPPATH\Controllers\login\login.php(24): App\Models\My_Model->getOne(null, 'USERNAME=\'alain\' AND PASSWORD=12345')
 3 SYSTEMPATH\CodeIgniter.php(941): App\Controllers\login\login->login()
 4 SYSTEMPATH\CodeIgniter.php(502): CodeIgniter\CodeIgniter->runController(Object(App\Controllers\login\login))
 5 SYSTEMPATH\CodeIgniter.php(361): CodeIgniter\CodeIgniter->handleRequest(null, Object(Config\Cache), false)
 6 FCPATH\index.php(79): CodeIgniter\CodeIgniter->run()
 7 SYSTEMPATH\Commands\Server\rewrite.php(47): require_once('C:\\xampp\\htdocs\\geco\\public\\index.php')
ERROR - 2024-07-02 08:26:20 --> mysqli_sql_exception: You have an error in your SQL syntax; check the manual that corresponds to your MariaDB server version for the right syntax to use near '.`ID_FONCTION join lieu_affectation affect ON` `affect`.`ID_LIEU_AFFECTATION=use' at line 2 in C:\xampp\htdocs\geco\system\Database\MySQLi\Connection.php:306
Stack trace:
#0 C:\xampp\htdocs\geco\system\Database\MySQLi\Connection.php(306): mysqli->query('SELECT *\nFROM `...', 0)
#1 C:\xampp\htdocs\geco\system\Database\BaseConnection.php(693): CodeIgniter\Database\MySQLi\Connection->execute('SELECT *\nFROM `...')
#2 C:\xampp\htdocs\geco\system\Database\BaseConnection.php(607): CodeIgniter\Database\BaseConnection->simpleQuery('SELECT *\nFROM `...')
#3 C:\xampp\htdocs\geco\system\Database\BaseBuilder.php(1616): CodeIgniter\Database\BaseConnection->query('SELECT *\nFROM `...', Array, false)
#4 C:\xampp\htdocs\geco\app\Models\My_Model.php(24): CodeIgniter\Database\BaseBuilder->get()
#5 C:\xampp\htdocs\geco\app\Controllers\login\login.php(24): App\Models\My_Model->getOne('users user join...', 'USERNAME='alain...')
#6 C:\xampp\htdocs\geco\system\CodeIgniter.php(941): App\Controllers\login\login->login()
#7 C:\xampp\htdocs\geco\system\CodeIgniter.php(502): CodeIgniter\CodeIgniter->runController(Object(App\Controllers\login\login))
#8 C:\xampp\htdocs\geco\system\CodeIgniter.php(361): CodeIgniter\CodeIgniter->handleRequest(NULL, Object(Config\Cache), false)
#9 C:\xampp\htdocs\geco\public\index.php(79): CodeIgniter\CodeIgniter->run()
#10 C:\xampp\htdocs\geco\system\Commands\Server\rewrite.php(47): require_once('C:\\xampp\\htdocs...')
#11 {main}
CRITICAL - 2024-07-02 08:26:20 --> CodeIgniter\Database\Exceptions\DatabaseException: You have an error in your SQL syntax; check the manual that corresponds to your MariaDB server version for the right syntax to use near '.`ID_FONCTION join lieu_affectation affect ON` `affect`.`ID_LIEU_AFFECTATION=use' at line 2
in SYSTEMPATH\Database\BaseConnection.php on line 647.
 1 SYSTEMPATH\Database\BaseBuilder.php(1616): CodeIgniter\Database\BaseConnection->query('SELECT *
FROM `users user join fonction_poste poste on poste`.`ID_FONCTION=user`.`ID_FONCTION join lieu_affectation affect ON` `affect`.`ID_LIEU_AFFECTATION=user`.`ID_LIEU_AFFECTATION`
WHERE `USERNAME` = \'alain\' AND `PASSWORD` = 12345', [], false)
 2 APPPATH\Models\My_Model.php(24): CodeIgniter\Database\BaseBuilder->get()
 3 APPPATH\Controllers\login\login.php(24): App\Models\My_Model->getOne('users user join fonction_poste poste on poste.ID_FONCTION=user.ID_FONCTION join lieu_affectation affect ON affect.ID_LIEU_AFFECTATION=user.ID_LIEU_AFFECTATION', 'USERNAME=\'alain\' AND PASSWORD=12345')
 4 SYSTEMPATH\CodeIgniter.php(941): App\Controllers\login\login->login()
 5 SYSTEMPATH\CodeIgniter.php(502): CodeIgniter\CodeIgniter->runController(Object(App\Controllers\login\login))
 6 SYSTEMPATH\CodeIgniter.php(361): CodeIgniter\CodeIgniter->handleRequest(null, Object(Config\Cache), false)
 7 FCPATH\index.php(79): CodeIgniter\CodeIgniter->run()
 8 SYSTEMPATH\Commands\Server\rewrite.php(47): require_once('C:\\xampp\\htdocs\\geco\\public\\index.php')
CRITICAL - 2024-07-02 08:26:20 --> [Caused by] CodeIgniter\Database\Exceptions\DatabaseException: You have an error in your SQL syntax; check the manual that corresponds to your MariaDB server version for the right syntax to use near '.`ID_FONCTION join lieu_affectation affect ON` `affect`.`ID_LIEU_AFFECTATION=use' at line 2
in SYSTEMPATH\Database\MySQLi\Connection.php on line 311.
 1 SYSTEMPATH\Database\BaseConnection.php(693): CodeIgniter\Database\MySQLi\Connection->execute('SELECT *
FROM `users user join fonction_poste poste on poste`.`ID_FONCTION=user`.`ID_FONCTION join lieu_affectation affect ON` `affect`.`ID_LIEU_AFFECTATION=user`.`ID_LIEU_AFFECTATION`
WHERE `USERNAME` = \'alain\' AND `PASSWORD` = 12345')
 2 SYSTEMPATH\Database\BaseConnection.php(607): CodeIgniter\Database\BaseConnection->simpleQuery('SELECT *
FROM `users user join fonction_poste poste on poste`.`ID_FONCTION=user`.`ID_FONCTION join lieu_affectation affect ON` `affect`.`ID_LIEU_AFFECTATION=user`.`ID_LIEU_AFFECTATION`
WHERE `USERNAME` = \'alain\' AND `PASSWORD` = 12345')
 3 SYSTEMPATH\Database\BaseBuilder.php(1616): CodeIgniter\Database\BaseConnection->query('SELECT *
FROM `users user join fonction_poste poste on poste`.`ID_FONCTION=user`.`ID_FONCTION join lieu_affectation affect ON` `affect`.`ID_LIEU_AFFECTATION=user`.`ID_LIEU_AFFECTATION`
WHERE `USERNAME` = \'alain\' AND `PASSWORD` = 12345', [], false)
 4 APPPATH\Models\My_Model.php(24): CodeIgniter\Database\BaseBuilder->get()
 5 APPPATH\Controllers\login\login.php(24): App\Models\My_Model->getOne('users user join fonction_poste poste on poste.ID_FONCTION=user.ID_FONCTION join lieu_affectation affect ON affect.ID_LIEU_AFFECTATION=user.ID_LIEU_AFFECTATION', 'USERNAME=\'alain\' AND PASSWORD=12345')
 6 SYSTEMPATH\CodeIgniter.php(941): App\Controllers\login\login->login()
 7 SYSTEMPATH\CodeIgniter.php(502): CodeIgniter\CodeIgniter->runController(Object(App\Controllers\login\login))
 8 SYSTEMPATH\CodeIgniter.php(361): CodeIgniter\CodeIgniter->handleRequest(null, Object(Config\Cache), false)
 9 FCPATH\index.php(79): CodeIgniter\CodeIgniter->run()
10 SYSTEMPATH\Commands\Server\rewrite.php(47): require_once('C:\\xampp\\htdocs\\geco\\public\\index.php')
CRITICAL - 2024-07-02 08:26:20 --> [Caused by] mysqli_sql_exception: You have an error in your SQL syntax; check the manual that corresponds to your MariaDB server version for the right syntax to use near '.`ID_FONCTION join lieu_affectation affect ON` `affect`.`ID_LIEU_AFFECTATION=use' at line 2
in SYSTEMPATH\Database\MySQLi\Connection.php on line 306.
 1 SYSTEMPATH\Database\MySQLi\Connection.php(306): mysqli->query('SELECT *
FROM `users user join fonction_poste poste on poste`.`ID_FONCTION=user`.`ID_FONCTION join lieu_affectation affect ON` `affect`.`ID_LIEU_AFFECTATION=user`.`ID_LIEU_AFFECTATION`
WHERE `USERNAME` = \'alain\' AND `PASSWORD` = 12345', 0)
 2 SYSTEMPATH\Database\BaseConnection.php(693): CodeIgniter\Database\MySQLi\Connection->execute('SELECT *
FROM `users user join fonction_poste poste on poste`.`ID_FONCTION=user`.`ID_FONCTION join lieu_affectation affect ON` `affect`.`ID_LIEU_AFFECTATION=user`.`ID_LIEU_AFFECTATION`
WHERE `USERNAME` = \'alain\' AND `PASSWORD` = 12345')
 3 SYSTEMPATH\Database\BaseConnection.php(607): CodeIgniter\Database\BaseConnection->simpleQuery('SELECT *
FROM `users user join fonction_poste poste on poste`.`ID_FONCTION=user`.`ID_FONCTION join lieu_affectation affect ON` `affect`.`ID_LIEU_AFFECTATION=user`.`ID_LIEU_AFFECTATION`
WHERE `USERNAME` = \'alain\' AND `PASSWORD` = 12345')
 4 SYSTEMPATH\Database\BaseBuilder.php(1616): CodeIgniter\Database\BaseConnection->query('SELECT *
FROM `users user join fonction_poste poste on poste`.`ID_FONCTION=user`.`ID_FONCTION join lieu_affectation affect ON` `affect`.`ID_LIEU_AFFECTATION=user`.`ID_LIEU_AFFECTATION`
WHERE `USERNAME` = \'alain\' AND `PASSWORD` = 12345', [], false)
 5 APPPATH\Models\My_Model.php(24): CodeIgniter\Database\BaseBuilder->get()
 6 APPPATH\Controllers\login\login.php(24): App\Models\My_Model->getOne('users user join fonction_poste poste on poste.ID_FONCTION=user.ID_FONCTION join lieu_affectation affect ON affect.ID_LIEU_AFFECTATION=user.ID_LIEU_AFFECTATION', 'USERNAME=\'alain\' AND PASSWORD=12345')
 7 SYSTEMPATH\CodeIgniter.php(941): App\Controllers\login\login->login()
 8 SYSTEMPATH\CodeIgniter.php(502): CodeIgniter\CodeIgniter->runController(Object(App\Controllers\login\login))
 9 SYSTEMPATH\CodeIgniter.php(361): CodeIgniter\CodeIgniter->handleRequest(null, Object(Config\Cache), false)
10 FCPATH\index.php(79): CodeIgniter\CodeIgniter->run()
11 SYSTEMPATH\Commands\Server\rewrite.php(47): require_once('C:\\xampp\\htdocs\\geco\\public\\index.php')
ERROR - 2024-07-02 08:29:08 --> mysqli_sql_exception: You have an error in your SQL syntax; check the manual that corresponds to your MariaDB server version for the right syntax to use near '.`ID_FONCTION join lieu_affectation` AS `affect ON affect`.`ID_LIEU_AFFECTATION=' at line 2 in C:\xampp\htdocs\geco\system\Database\MySQLi\Connection.php:306
Stack trace:
#0 C:\xampp\htdocs\geco\system\Database\MySQLi\Connection.php(306): mysqli->query('SELECT *\nFROM `...', 0)
#1 C:\xampp\htdocs\geco\system\Database\BaseConnection.php(693): CodeIgniter\Database\MySQLi\Connection->execute('SELECT *\nFROM `...')
#2 C:\xampp\htdocs\geco\system\Database\BaseConnection.php(607): CodeIgniter\Database\BaseConnection->simpleQuery('SELECT *\nFROM `...')
#3 C:\xampp\htdocs\geco\system\Database\BaseBuilder.php(1616): CodeIgniter\Database\BaseConnection->query('SELECT *\nFROM `...', Array, false)
#4 C:\xampp\htdocs\geco\app\Models\My_Model.php(24): CodeIgniter\Database\BaseBuilder->get()
#5 C:\xampp\htdocs\geco\app\Controllers\login\login.php(24): App\Models\My_Model->getOne('users AS user j...', 'USERNAME='alain...')
#6 C:\xampp\htdocs\geco\system\CodeIgniter.php(941): App\Controllers\login\login->login()
#7 C:\xampp\htdocs\geco\system\CodeIgniter.php(502): CodeIgniter\CodeIgniter->runController(Object(App\Controllers\login\login))
#8 C:\xampp\htdocs\geco\system\CodeIgniter.php(361): CodeIgniter\CodeIgniter->handleRequest(NULL, Object(Config\Cache), false)
#9 C:\xampp\htdocs\geco\public\index.php(79): CodeIgniter\CodeIgniter->run()
#10 C:\xampp\htdocs\geco\system\Commands\Server\rewrite.php(47): require_once('C:\\xampp\\htdocs...')
#11 {main}
CRITICAL - 2024-07-02 08:29:08 --> CodeIgniter\Database\Exceptions\DatabaseException: You have an error in your SQL syntax; check the manual that corresponds to your MariaDB server version for the right syntax to use near '.`ID_FONCTION join lieu_affectation` AS `affect ON affect`.`ID_LIEU_AFFECTATION=' at line 2
in SYSTEMPATH\Database\BaseConnection.php on line 647.
 1 SYSTEMPATH\Database\BaseBuilder.php(1616): CodeIgniter\Database\BaseConnection->query('SELECT *
FROM `users AS user join fonction_poste AS poste on poste`.`ID_FONCTION=user`.`ID_FONCTION join lieu_affectation` AS `affect ON affect`.`ID_LIEU_AFFECTATION=user`.`ID_LIEU_AFFECTATION`
WHERE `USERNAME` = \'alain\' AND `PASSWORD` = 12345', [], false)
 2 APPPATH\Models\My_Model.php(24): CodeIgniter\Database\BaseBuilder->get()
 3 APPPATH\Controllers\login\login.php(24): App\Models\My_Model->getOne('users AS user join fonction_poste AS poste on poste.ID_FONCTION=user.ID_FONCTION join lieu_affectation AS affect ON affect.ID_LIEU_AFFECTATION=user.ID_LIEU_AFFECTATION', 'USERNAME=\'alain\' AND PASSWORD=12345')
 4 SYSTEMPATH\CodeIgniter.php(941): App\Controllers\login\login->login()
 5 SYSTEMPATH\CodeIgniter.php(502): CodeIgniter\CodeIgniter->runController(Object(App\Controllers\login\login))
 6 SYSTEMPATH\CodeIgniter.php(361): CodeIgniter\CodeIgniter->handleRequest(null, Object(Config\Cache), false)
 7 FCPATH\index.php(79): CodeIgniter\CodeIgniter->run()
 8 SYSTEMPATH\Commands\Server\rewrite.php(47): require_once('C:\\xampp\\htdocs\\geco\\public\\index.php')
CRITICAL - 2024-07-02 08:29:08 --> [Caused by] CodeIgniter\Database\Exceptions\DatabaseException: You have an error in your SQL syntax; check the manual that corresponds to your MariaDB server version for the right syntax to use near '.`ID_FONCTION join lieu_affectation` AS `affect ON affect`.`ID_LIEU_AFFECTATION=' at line 2
in SYSTEMPATH\Database\MySQLi\Connection.php on line 311.
 1 SYSTEMPATH\Database\BaseConnection.php(693): CodeIgniter\Database\MySQLi\Connection->execute('SELECT *
FROM `users AS user join fonction_poste AS poste on poste`.`ID_FONCTION=user`.`ID_FONCTION join lieu_affectation` AS `affect ON affect`.`ID_LIEU_AFFECTATION=user`.`ID_LIEU_AFFECTATION`
WHERE `USERNAME` = \'alain\' AND `PASSWORD` = 12345')
 2 SYSTEMPATH\Database\BaseConnection.php(607): CodeIgniter\Database\BaseConnection->simpleQuery('SELECT *
FROM `users AS user join fonction_poste AS poste on poste`.`ID_FONCTION=user`.`ID_FONCTION join lieu_affectation` AS `affect ON affect`.`ID_LIEU_AFFECTATION=user`.`ID_LIEU_AFFECTATION`
WHERE `USERNAME` = \'alain\' AND `PASSWORD` = 12345')
 3 SYSTEMPATH\Database\BaseBuilder.php(1616): CodeIgniter\Database\BaseConnection->query('SELECT *
FROM `users AS user join fonction_poste AS poste on poste`.`ID_FONCTION=user`.`ID_FONCTION join lieu_affectation` AS `affect ON affect`.`ID_LIEU_AFFECTATION=user`.`ID_LIEU_AFFECTATION`
WHERE `USERNAME` = \'alain\' AND `PASSWORD` = 12345', [], false)
 4 APPPATH\Models\My_Model.php(24): CodeIgniter\Database\BaseBuilder->get()
 5 APPPATH\Controllers\login\login.php(24): App\Models\My_Model->getOne('users AS user join fonction_poste AS poste on poste.ID_FONCTION=user.ID_FONCTION join lieu_affectation AS affect ON affect.ID_LIEU_AFFECTATION=user.ID_LIEU_AFFECTATION', 'USERNAME=\'alain\' AND PASSWORD=12345')
 6 SYSTEMPATH\CodeIgniter.php(941): App\Controllers\login\login->login()
 7 SYSTEMPATH\CodeIgniter.php(502): CodeIgniter\CodeIgniter->runController(Object(App\Controllers\login\login))
 8 SYSTEMPATH\CodeIgniter.php(361): CodeIgniter\CodeIgniter->handleRequest(null, Object(Config\Cache), false)
 9 FCPATH\index.php(79): CodeIgniter\CodeIgniter->run()
10 SYSTEMPATH\Commands\Server\rewrite.php(47): require_once('C:\\xampp\\htdocs\\geco\\public\\index.php')
CRITICAL - 2024-07-02 08:29:08 --> [Caused by] mysqli_sql_exception: You have an error in your SQL syntax; check the manual that corresponds to your MariaDB server version for the right syntax to use near '.`ID_FONCTION join lieu_affectation` AS `affect ON affect`.`ID_LIEU_AFFECTATION=' at line 2
in SYSTEMPATH\Database\MySQLi\Connection.php on line 306.
 1 SYSTEMPATH\Database\MySQLi\Connection.php(306): mysqli->query('SELECT *
FROM `users AS user join fonction_poste AS poste on poste`.`ID_FONCTION=user`.`ID_FONCTION join lieu_affectation` AS `affect ON affect`.`ID_LIEU_AFFECTATION=user`.`ID_LIEU_AFFECTATION`
WHERE `USERNAME` = \'alain\' AND `PASSWORD` = 12345', 0)
 2 SYSTEMPATH\Database\BaseConnection.php(693): CodeIgniter\Database\MySQLi\Connection->execute('SELECT *
FROM `users AS user join fonction_poste AS poste on poste`.`ID_FONCTION=user`.`ID_FONCTION join lieu_affectation` AS `affect ON affect`.`ID_LIEU_AFFECTATION=user`.`ID_LIEU_AFFECTATION`
WHERE `USERNAME` = \'alain\' AND `PASSWORD` = 12345')
 3 SYSTEMPATH\Database\BaseConnection.php(607): CodeIgniter\Database\BaseConnection->simpleQuery('SELECT *
FROM `users AS user join fonction_poste AS poste on poste`.`ID_FONCTION=user`.`ID_FONCTION join lieu_affectation` AS `affect ON affect`.`ID_LIEU_AFFECTATION=user`.`ID_LIEU_AFFECTATION`
WHERE `USERNAME` = \'alain\' AND `PASSWORD` = 12345')
 4 SYSTEMPATH\Database\BaseBuilder.php(1616): CodeIgniter\Database\BaseConnection->query('SELECT *
FROM `users AS user join fonction_poste AS poste on poste`.`ID_FONCTION=user`.`ID_FONCTION join lieu_affectation` AS `affect ON affect`.`ID_LIEU_AFFECTATION=user`.`ID_LIEU_AFFECTATION`
WHERE `USERNAME` = \'alain\' AND `PASSWORD` = 12345', [], false)
 5 APPPATH\Models\My_Model.php(24): CodeIgniter\Database\BaseBuilder->get()
 6 APPPATH\Controllers\login\login.php(24): App\Models\My_Model->getOne('users AS user join fonction_poste AS poste on poste.ID_FONCTION=user.ID_FONCTION join lieu_affectation AS affect ON affect.ID_LIEU_AFFECTATION=user.ID_LIEU_AFFECTATION', 'USERNAME=\'alain\' AND PASSWORD=12345')
 7 SYSTEMPATH\CodeIgniter.php(941): App\Controllers\login\login->login()
 8 SYSTEMPATH\CodeIgniter.php(502): CodeIgniter\CodeIgniter->runController(Object(App\Controllers\login\login))
 9 SYSTEMPATH\CodeIgniter.php(361): CodeIgniter\CodeIgniter->handleRequest(null, Object(Config\Cache), false)
10 FCPATH\index.php(79): CodeIgniter\CodeIgniter->run()
11 SYSTEMPATH\Commands\Server\rewrite.php(47): require_once('C:\\xampp\\htdocs\\geco\\public\\index.php')
ERROR - 2024-07-02 08:35:40 --> mysqli_sql_exception: You have an error in your SQL syntax; check the manual that corresponds to your MariaDB server version for the right syntax to use near '.`ID_FONCTION join ``lieu_affectation` AS `affect`` ON affect`.`ID_LIEU_AFFECTAT' at line 2 in C:\xampp\htdocs\geco\system\Database\MySQLi\Connection.php:306
Stack trace:
#0 C:\xampp\htdocs\geco\system\Database\MySQLi\Connection.php(306): mysqli->query('SELECT *\nFROM `...', 0)
#1 C:\xampp\htdocs\geco\system\Database\BaseConnection.php(693): CodeIgniter\Database\MySQLi\Connection->execute('SELECT *\nFROM `...')
#2 C:\xampp\htdocs\geco\system\Database\BaseConnection.php(607): CodeIgniter\Database\BaseConnection->simpleQuery('SELECT *\nFROM `...')
#3 C:\xampp\htdocs\geco\system\Database\BaseBuilder.php(1616): CodeIgniter\Database\BaseConnection->query('SELECT *\nFROM `...', Array, false)
#4 C:\xampp\htdocs\geco\app\Models\My_Model.php(24): CodeIgniter\Database\BaseBuilder->get()
#5 C:\xampp\htdocs\geco\app\Controllers\login\login.php(24): App\Models\My_Model->getOne('`users` AS `use...', 'USERNAME='alain...')
#6 C:\xampp\htdocs\geco\system\CodeIgniter.php(941): App\Controllers\login\login->login()
#7 C:\xampp\htdocs\geco\system\CodeIgniter.php(502): CodeIgniter\CodeIgniter->runController(Object(App\Controllers\login\login))
#8 C:\xampp\htdocs\geco\system\CodeIgniter.php(361): CodeIgniter\CodeIgniter->handleRequest(NULL, Object(Config\Cache), false)
#9 C:\xampp\htdocs\geco\public\index.php(79): CodeIgniter\CodeIgniter->run()
#10 C:\xampp\htdocs\geco\system\Commands\Server\rewrite.php(47): require_once('C:\\xampp\\htdocs...')
#11 {main}
CRITICAL - 2024-07-02 08:35:40 --> CodeIgniter\Database\Exceptions\DatabaseException: You have an error in your SQL syntax; check the manual that corresponds to your MariaDB server version for the right syntax to use near '.`ID_FONCTION join ``lieu_affectation` AS `affect`` ON affect`.`ID_LIEU_AFFECTAT' at line 2
in SYSTEMPATH\Database\BaseConnection.php on line 647.
 1 SYSTEMPATH\Database\BaseBuilder.php(1616): CodeIgniter\Database\BaseConnection->query('SELECT *
FROM `users`` AS ``user`` join ``fonction_poste`` AS ``poste`` on poste`.`ID_FONCTION=user`.`ID_FONCTION join ``lieu_affectation` AS `affect`` ON affect`.`ID_LIEU_AFFECTATION=user`.`ID_LIEU_AFFECTATION`
WHERE `USERNAME` = \'alain\' AND `PASSWORD` = 12345', [], false)
 2 APPPATH\Models\My_Model.php(24): CodeIgniter\Database\BaseBuilder->get()
 3 APPPATH\Controllers\login\login.php(24): App\Models\My_Model->getOne('`users` AS `user` join `fonction_poste` AS `poste` on poste.ID_FONCTION=user.ID_FONCTION join `lieu_affectation` AS `affect` ON affect.ID_LIEU_AFFECTATION=user.ID_LIEU_AFFECTATION', 'USERNAME=\'alain\' AND PASSWORD=12345')
 4 SYSTEMPATH\CodeIgniter.php(941): App\Controllers\login\login->login()
 5 SYSTEMPATH\CodeIgniter.php(502): CodeIgniter\CodeIgniter->runController(Object(App\Controllers\login\login))
 6 SYSTEMPATH\CodeIgniter.php(361): CodeIgniter\CodeIgniter->handleRequest(null, Object(Config\Cache), false)
 7 FCPATH\index.php(79): CodeIgniter\CodeIgniter->run()
 8 SYSTEMPATH\Commands\Server\rewrite.php(47): require_once('C:\\xampp\\htdocs\\geco\\public\\index.php')
CRITICAL - 2024-07-02 08:35:40 --> [Caused by] CodeIgniter\Database\Exceptions\DatabaseException: You have an error in your SQL syntax; check the manual that corresponds to your MariaDB server version for the right syntax to use near '.`ID_FONCTION join ``lieu_affectation` AS `affect`` ON affect`.`ID_LIEU_AFFECTAT' at line 2
in SYSTEMPATH\Database\MySQLi\Connection.php on line 311.
 1 SYSTEMPATH\Database\BaseConnection.php(693): CodeIgniter\Database\MySQLi\Connection->execute('SELECT *
FROM `users`` AS ``user`` join ``fonction_poste`` AS ``poste`` on poste`.`ID_FONCTION=user`.`ID_FONCTION join ``lieu_affectation` AS `affect`` ON affect`.`ID_LIEU_AFFECTATION=user`.`ID_LIEU_AFFECTATION`
WHERE `USERNAME` = \'alain\' AND `PASSWORD` = 12345')
 2 SYSTEMPATH\Database\BaseConnection.php(607): CodeIgniter\Database\BaseConnection->simpleQuery('SELECT *
FROM `users`` AS ``user`` join ``fonction_poste`` AS ``poste`` on poste`.`ID_FONCTION=user`.`ID_FONCTION join ``lieu_affectation` AS `affect`` ON affect`.`ID_LIEU_AFFECTATION=user`.`ID_LIEU_AFFECTATION`
WHERE `USERNAME` = \'alain\' AND `PASSWORD` = 12345')
 3 SYSTEMPATH\Database\BaseBuilder.php(1616): CodeIgniter\Database\BaseConnection->query('SELECT *
FROM `users`` AS ``user`` join ``fonction_poste`` AS ``poste`` on poste`.`ID_FONCTION=user`.`ID_FONCTION join ``lieu_affectation` AS `affect`` ON affect`.`ID_LIEU_AFFECTATION=user`.`ID_LIEU_AFFECTATION`
WHERE `USERNAME` = \'alain\' AND `PASSWORD` = 12345', [], false)
 4 APPPATH\Models\My_Model.php(24): CodeIgniter\Database\BaseBuilder->get()
 5 APPPATH\Controllers\login\login.php(24): App\Models\My_Model->getOne('`users` AS `user` join `fonction_poste` AS `poste` on poste.ID_FONCTION=user.ID_FONCTION join `lieu_affectation` AS `affect` ON affect.ID_LIEU_AFFECTATION=user.ID_LIEU_AFFECTATION', 'USERNAME=\'alain\' AND PASSWORD=12345')
 6 SYSTEMPATH\CodeIgniter.php(941): App\Controllers\login\login->login()
 7 SYSTEMPATH\CodeIgniter.php(502): CodeIgniter\CodeIgniter->runController(Object(App\Controllers\login\login))
 8 SYSTEMPATH\CodeIgniter.php(361): CodeIgniter\CodeIgniter->handleRequest(null, Object(Config\Cache), false)
 9 FCPATH\index.php(79): CodeIgniter\CodeIgniter->run()
10 SYSTEMPATH\Commands\Server\rewrite.php(47): require_once('C:\\xampp\\htdocs\\geco\\public\\index.php')
CRITICAL - 2024-07-02 08:35:40 --> [Caused by] mysqli_sql_exception: You have an error in your SQL syntax; check the manual that corresponds to your MariaDB server version for the right syntax to use near '.`ID_FONCTION join ``lieu_affectation` AS `affect`` ON affect`.`ID_LIEU_AFFECTAT' at line 2
in SYSTEMPATH\Database\MySQLi\Connection.php on line 306.
 1 SYSTEMPATH\Database\MySQLi\Connection.php(306): mysqli->query('SELECT *
FROM `users`` AS ``user`` join ``fonction_poste`` AS ``poste`` on poste`.`ID_FONCTION=user`.`ID_FONCTION join ``lieu_affectation` AS `affect`` ON affect`.`ID_LIEU_AFFECTATION=user`.`ID_LIEU_AFFECTATION`
WHERE `USERNAME` = \'alain\' AND `PASSWORD` = 12345', 0)
 2 SYSTEMPATH\Database\BaseConnection.php(693): CodeIgniter\Database\MySQLi\Connection->execute('SELECT *
FROM `users`` AS ``user`` join ``fonction_poste`` AS ``poste`` on poste`.`ID_FONCTION=user`.`ID_FONCTION join ``lieu_affectation` AS `affect`` ON affect`.`ID_LIEU_AFFECTATION=user`.`ID_LIEU_AFFECTATION`
WHERE `USERNAME` = \'alain\' AND `PASSWORD` = 12345')
 3 SYSTEMPATH\Database\BaseConnection.php(607): CodeIgniter\Database\BaseConnection->simpleQuery('SELECT *
FROM `users`` AS ``user`` join ``fonction_poste`` AS ``poste`` on poste`.`ID_FONCTION=user`.`ID_FONCTION join ``lieu_affectation` AS `affect`` ON affect`.`ID_LIEU_AFFECTATION=user`.`ID_LIEU_AFFECTATION`
WHERE `USERNAME` = \'alain\' AND `PASSWORD` = 12345')
 4 SYSTEMPATH\Database\BaseBuilder.php(1616): CodeIgniter\Database\BaseConnection->query('SELECT *
FROM `users`` AS ``user`` join ``fonction_poste`` AS ``poste`` on poste`.`ID_FONCTION=user`.`ID_FONCTION join ``lieu_affectation` AS `affect`` ON affect`.`ID_LIEU_AFFECTATION=user`.`ID_LIEU_AFFECTATION`
WHERE `USERNAME` = \'alain\' AND `PASSWORD` = 12345', [], false)
 5 APPPATH\Models\My_Model.php(24): CodeIgniter\Database\BaseBuilder->get()
 6 APPPATH\Controllers\login\login.php(24): App\Models\My_Model->getOne('`users` AS `user` join `fonction_poste` AS `poste` on poste.ID_FONCTION=user.ID_FONCTION join `lieu_affectation` AS `affect` ON affect.ID_LIEU_AFFECTATION=user.ID_LIEU_AFFECTATION', 'USERNAME=\'alain\' AND PASSWORD=12345')
 7 SYSTEMPATH\CodeIgniter.php(941): App\Controllers\login\login->login()
 8 SYSTEMPATH\CodeIgniter.php(502): CodeIgniter\CodeIgniter->runController(Object(App\Controllers\login\login))
 9 SYSTEMPATH\CodeIgniter.php(361): CodeIgniter\CodeIgniter->handleRequest(null, Object(Config\Cache), false)
10 FCPATH\index.php(79): CodeIgniter\CodeIgniter->run()
11 SYSTEMPATH\Commands\Server\rewrite.php(47): require_once('C:\\xampp\\htdocs\\geco\\public\\index.php')
CRITICAL - 2024-07-02 08:43:34 --> ErrorException: Undefined index: USER_ID
in APPPATH\Controllers\login\login.php on line 30.
 1 APPPATH\Controllers\login\login.php(30): CodeIgniter\Debug\Exceptions->errorHandler(8, 'Undefined index: USER_ID', 'C:\\xampp\\htdocs\\geco\\app\\Controllers\\login\\login.php', 30, [...])
 2 SYSTEMPATH\CodeIgniter.php(941): App\Controllers\login\login->login()
 3 SYSTEMPATH\CodeIgniter.php(502): CodeIgniter\CodeIgniter->runController(Object(App\Controllers\login\login))
 4 SYSTEMPATH\CodeIgniter.php(361): CodeIgniter\CodeIgniter->handleRequest(null, Object(Config\Cache), false)
 5 FCPATH\index.php(79): CodeIgniter\CodeIgniter->run()
 6 SYSTEMPATH\Commands\Server\rewrite.php(47): require_once('C:\\xampp\\htdocs\\geco\\public\\index.php')
CRITICAL - 2024-07-02 08:45:10 --> Error: Cannot use object of type stdClass as array
in APPPATH\Controllers\login\login.php on line 23.
 1 SYSTEMPATH\CodeIgniter.php(941): App\Controllers\login\login->login()
 2 SYSTEMPATH\CodeIgniter.php(502): CodeIgniter\CodeIgniter->runController(Object(App\Controllers\login\login))
 3 SYSTEMPATH\CodeIgniter.php(361): CodeIgniter\CodeIgniter->handleRequest(null, Object(Config\Cache), false)
 4 FCPATH\index.php(79): CodeIgniter\CodeIgniter->run()
 5 SYSTEMPATH\Commands\Server\rewrite.php(47): require_once('C:\\xampp\\htdocs\\geco\\public\\index.php')
CRITICAL - 2024-07-02 08:45:21 --> ParseError: syntax error, unexpected '[', expecting identifier (T_STRING) or variable (T_VARIABLE) or '{' or '$'
in APPPATH\Controllers\login\login.php on line 23.
 1 SYSTEMPATH\Autoloader\Autoloader.php(288): CodeIgniter\Autoloader\Autoloader->includeFile('C:\\xampp\\htdocs\\geco\\app\\Controllers\\login\\login.php')
 2 SYSTEMPATH\Autoloader\Autoloader.php(266): CodeIgniter\Autoloader\Autoloader->loadInNamespace('App\\Controllers\\login\\login')
 3 [internal function]: CodeIgniter\Autoloader\Autoloader->loadClass('App\\Controllers\\login\\login')
 4 [internal function]: spl_autoload_call('App\\Controllers\\login\\login')
 5 SYSTEMPATH\CodeIgniter.php(899): class_exists('\\App\\Controllers\\login\\login', true)
 6 SYSTEMPATH\CodeIgniter.php(489): CodeIgniter\CodeIgniter->startController()
 7 SYSTEMPATH\CodeIgniter.php(361): CodeIgniter\CodeIgniter->handleRequest(null, Object(Config\Cache), false)
 8 FCPATH\index.php(79): CodeIgniter\CodeIgniter->run()
 9 SYSTEMPATH\Commands\Server\rewrite.php(47): require_once('C:\\xampp\\htdocs\\geco\\public\\index.php')
CRITICAL - 2024-07-02 08:49:24 --> Error: Cannot use object of type stdClass as array
in APPPATH\Controllers\login\login.php on line 31.
 1 SYSTEMPATH\CodeIgniter.php(941): App\Controllers\login\login->login()
 2 SYSTEMPATH\CodeIgniter.php(502): CodeIgniter\CodeIgniter->runController(Object(App\Controllers\login\login))
 3 SYSTEMPATH\CodeIgniter.php(361): CodeIgniter\CodeIgniter->handleRequest(null, Object(Config\Cache), false)
 4 FCPATH\index.php(79): CodeIgniter\CodeIgniter->run()
 5 SYSTEMPATH\Commands\Server\rewrite.php(47): require_once('C:\\xampp\\htdocs\\geco\\public\\index.php')
INFO - 2024-07-02 08:51:04 --> Session: Class initialized using 'CodeIgniter\Session\Handlers\FileHandler' driver.
CRITICAL - 2024-07-02 08:51:04 --> ErrorException: Undefined variable: data
in APPPATH\Controllers\login\login.php on line 36.
 1 APPPATH\Controllers\login\login.php(36): CodeIgniter\Debug\Exceptions->errorHandler(8, 'Undefined variable: data', 'C:\\xampp\\htdocs\\geco\\app\\Controllers\\login\\login.php', 36, [...])
 2 SYSTEMPATH\CodeIgniter.php(941): App\Controllers\login\login->login()
 3 SYSTEMPATH\CodeIgniter.php(502): CodeIgniter\CodeIgniter->runController(Object(App\Controllers\login\login))
 4 SYSTEMPATH\CodeIgniter.php(361): CodeIgniter\CodeIgniter->handleRequest(null, Object(Config\Cache), false)
 5 FCPATH\index.php(79): CodeIgniter\CodeIgniter->run()
 6 SYSTEMPATH\Commands\Server\rewrite.php(47): require_once('C:\\xampp\\htdocs\\geco\\public\\index.php')
INFO - 2024-07-02 08:51:47 --> Session: Class initialized using 'CodeIgniter\Session\Handlers\FileHandler' driver.
INFO - 2024-07-02 08:54:13 --> Session: Class initialized using 'CodeIgniter\Session\Handlers\FileHandler' driver.
INFO - 2024-07-02 08:54:47 --> Session: Class initialized using 'CodeIgniter\Session\Handlers\FileHandler' driver.
INFO - 2024-07-02 08:57:32 --> Session: Class initialized using 'CodeIgniter\Session\Handlers\FileHandler' driver.
INFO - 2024-07-02 08:58:04 --> Session: Class initialized using 'CodeIgniter\Session\Handlers\FileHandler' driver.
INFO - 2024-07-02 08:59:55 --> Session: Class initialized using 'CodeIgniter\Session\Handlers\FileHandler' driver.
INFO - 2024-07-02 09:00:03 --> Session: Class initialized using 'CodeIgniter\Session\Handlers\FileHandler' driver.
INFO - 2024-07-02 09:04:02 --> Session: Class initialized using 'CodeIgniter\Session\Handlers\FileHandler' driver.
INFO - 2024-07-02 09:04:48 --> Session: Class initialized using 'CodeIgniter\Session\Handlers\FileHandler' driver.
INFO - 2024-07-02 09:09:25 --> Session: Class initialized using 'CodeIgniter\Session\Handlers\FileHandler' driver.
INFO - 2024-07-02 09:10:09 --> Session: Class initialized using 'CodeIgniter\Session\Handlers\FileHandler' driver.
INFO - 2024-07-02 09:19:11 --> Session: Class initialized using 'CodeIgniter\Session\Handlers\FileHandler' driver.
INFO - 2024-07-02 09:20:02 --> Session: Class initialized using 'CodeIgniter\Session\Handlers\FileHandler' driver.
INFO - 2024-07-02 09:21:56 --> Session: Class initialized using 'CodeIgniter\Session\Handlers\FileHandler' driver.
INFO - 2024-07-02 09:22:05 --> Session: Class initialized using 'CodeIgniter\Session\Handlers\FileHandler' driver.
INFO - 2024-07-02 09:43:57 --> Session: Class initialized using 'CodeIgniter\Session\Handlers\FileHandler' driver.
INFO - 2024-07-02 09:44:08 --> Session: Class initialized using 'CodeIgniter\Session\Handlers\FileHandler' driver.
INFO - 2024-07-02 09:47:30 --> Session: Class initialized using 'CodeIgniter\Session\Handlers\FileHandler' driver.
INFO - 2024-07-02 09:47:40 --> Session: Class initialized using 'CodeIgniter\Session\Handlers\FileHandler' driver.
INFO - 2024-07-02 09:54:32 --> Session: Class initialized using 'CodeIgniter\Session\Handlers\FileHandler' driver.
INFO - 2024-07-02 09:55:27 --> Session: Class initialized using 'CodeIgniter\Session\Handlers\FileHandler' driver.
INFO - 2024-07-02 09:59:18 --> Session: Class initialized using 'CodeIgniter\Session\Handlers\FileHandler' driver.
INFO - 2024-07-02 10:02:00 --> Session: Class initialized using 'CodeIgniter\Session\Handlers\FileHandler' driver.
INFO - 2024-07-02 10:06:04 --> Session: Class initialized using 'CodeIgniter\Session\Handlers\FileHandler' driver.
INFO - 2024-07-02 10:12:58 --> Session: Class initialized using 'CodeIgniter\Session\Handlers\FileHandler' driver.
INFO - 2024-07-02 11:54:47 --> Session: Class initialized using 'CodeIgniter\Session\Handlers\FileHandler' driver.
INFO - 2024-07-02 11:57:47 --> Session: Class initialized using 'CodeIgniter\Session\Handlers\FileHandler' driver.
INFO - 2024-07-02 11:59:51 --> Session: Class initialized using 'CodeIgniter\Session\Handlers\FileHandler' driver.
INFO - 2024-07-02 12:00:29 --> Session: Class initialized using 'CodeIgniter\Session\Handlers\FileHandler' driver.
INFO - 2024-07-02 12:00:55 --> Session: Class initialized using 'CodeIgniter\Session\Handlers\FileHandler' driver.
INFO - 2024-07-02 12:01:59 --> Session: Class initialized using 'CodeIgniter\Session\Handlers\FileHandler' driver.
INFO - 2024-07-02 12:02:23 --> Session: Class initialized using 'CodeIgniter\Session\Handlers\FileHandler' driver.
INFO - 2024-07-02 12:02:57 --> Session: Class initialized using 'CodeIgniter\Session\Handlers\FileHandler' driver.
INFO - 2024-07-02 12:03:20 --> Session: Class initialized using 'CodeIgniter\Session\Handlers\FileHandler' driver.
INFO - 2024-07-02 12:04:05 --> Session: Class initialized using 'CodeIgniter\Session\Handlers\FileHandler' driver.
INFO - 2024-07-02 12:04:21 --> Session: Class initialized using 'CodeIgniter\Session\Handlers\FileHandler' driver.
INFO - 2024-07-02 12:05:09 --> Session: Class initialized using 'CodeIgniter\Session\Handlers\FileHandler' driver.
INFO - 2024-07-02 12:06:10 --> Session: Class initialized using 'CodeIgniter\Session\Handlers\FileHandler' driver.
INFO - 2024-07-02 12:06:56 --> Session: Class initialized using 'CodeIgniter\Session\Handlers\FileHandler' driver.
INFO - 2024-07-02 12:09:32 --> Session: Class initialized using 'CodeIgniter\Session\Handlers\FileHandler' driver.
INFO - 2024-07-02 12:10:01 --> Session: Class initialized using 'CodeIgniter\Session\Handlers\FileHandler' driver.
INFO - 2024-07-02 12:10:09 --> Session: Class initialized using 'CodeIgniter\Session\Handlers\FileHandler' driver.
INFO - 2024-07-02 12:10:44 --> Session: Class initialized using 'CodeIgniter\Session\Handlers\FileHandler' driver.
INFO - 2024-07-02 12:10:50 --> Session: Class initialized using 'CodeIgniter\Session\Handlers\FileHandler' driver.
INFO - 2024-07-02 12:10:53 --> Session: Class initialized using 'CodeIgniter\Session\Handlers\FileHandler' driver.
INFO - 2024-07-02 12:11:46 --> Session: Class initialized using 'CodeIgniter\Session\Handlers\FileHandler' driver.
INFO - 2024-07-02 12:11:49 --> Session: Class initialized using 'CodeIgniter\Session\Handlers\FileHandler' driver.
INFO - 2024-07-02 12:11:56 --> Session: Class initialized using 'CodeIgniter\Session\Handlers\FileHandler' driver.
INFO - 2024-07-02 12:12:01 --> Session: Class initialized using 'CodeIgniter\Session\Handlers\FileHandler' driver.
INFO - 2024-07-02 12:17:36 --> Session: Class initialized using 'CodeIgniter\Session\Handlers\FileHandler' driver.
INFO - 2024-07-02 12:18:12 --> Session: Class initialized using 'CodeIgniter\Session\Handlers\FileHandler' driver.
INFO - 2024-07-02 12:18:35 --> Session: Class initialized using 'CodeIgniter\Session\Handlers\FileHandler' driver.
INFO - 2024-07-02 12:19:18 --> Session: Class initialized using 'CodeIgniter\Session\Handlers\FileHandler' driver.
INFO - 2024-07-02 12:19:48 --> Session: Class initialized using 'CodeIgniter\Session\Handlers\FileHandler' driver.
INFO - 2024-07-02 12:20:36 --> Session: Class initialized using 'CodeIgniter\Session\Handlers\FileHandler' driver.
INFO - 2024-07-02 12:23:06 --> Session: Class initialized using 'CodeIgniter\Session\Handlers\FileHandler' driver.
INFO - 2024-07-02 12:25:08 --> Session: Class initialized using 'CodeIgniter\Session\Handlers\FileHandler' driver.
                                                                                                                   