INFO - 2025-09-05 12:13:24 --> Session: Class initialized using 'CodeIgniter\Session\Handlers\FileHandler' driver.
INFO - 2025-09-05 12:13:43 --> Session: Class initialized using 'CodeIgniter\Session\Handlers\FileHandler' driver.
ERROR - 2025-09-05 12:13:43 --> Error connecting to the database: mysqli_sql_exception: Unknown database 'geco' in C:\Users\Hp\Documents\project\geco\system\Database\MySQLi\Connection.php:185
Stack trace:
#0 C:\Users\Hp\Documents\project\geco\system\Database\MySQLi\Connection.php(185): mysqli->real_connect('localhost', 'root', '', 'geco', 3306, '', 0)
#1 C:\Users\Hp\Documents\project\geco\system\Database\BaseConnection.php(392): CodeIgniter\Database\MySQLi\Connection->connect(false)
#2 C:\Users\Hp\Documents\project\geco\system\Database\BaseConnection.php(575): CodeIgniter\Database\BaseConnection->initialize()
#3 C:\Users\Hp\Documents\project\geco\app\Controllers\login\login.php(22): CodeIgniter\Database\BaseConnection->query('SELECT * FROM u...')
#4 C:\Users\Hp\Documents\project\geco\system\CodeIgniter.php(941): App\Controllers\login\login->login()
#5 C:\Users\Hp\Documents\project\geco\system\CodeIgniter.php(502): CodeIgniter\CodeIgniter->runController(Object(App\Controllers\login\login))
#6 C:\Users\Hp\Documents\project\geco\system\CodeIgniter.php(361): CodeIgniter\CodeIgniter->handleRequest(NULL, Object(Config\Cache), false)
#7 C:\Users\Hp\Documents\project\geco\public\index.php(79): CodeIgniter\CodeIgniter->run()
#8 C:\Users\Hp\Documents\project\geco\system\Commands\Server\rewrite.php(47): require_once('C:\\Users\\Hp\\Doc...')
#9 {main}

Next CodeIgniter\Database\Exceptions\DatabaseException: Unknown database 'geco' in C:\Users\Hp\Documents\project\geco\system\Database\MySQLi\Connection.php:229
Stack trace:
#0 C:\Users\Hp\Documents\project\geco\system\Database\BaseConnection.php(392): CodeIgniter\Database\MySQLi\Connection->connect(false)
#1 C:\Users\Hp\Documents\project\geco\system\Database\BaseConnection.php(575): CodeIgniter\Database\BaseConnection->initialize()
#2 C:\Users\Hp\Documents\project\geco\app\Controllers\login\login.php(22): CodeIgniter\Database\BaseConnection->query('SELECT * FROM u...')
#3 C:\Users\Hp\Documents\project\geco\system\CodeIgniter.php(941): App\Controllers\login\login->login()
#4 C:\Users\Hp\Documents\project\geco\system\CodeIgniter.php(502): CodeIgniter\CodeIgniter->runController(Object(App\Controllers\login\login))
#5 C:\Users\Hp\Documents\project\geco\system\CodeIgniter.php(361): CodeIgniter\CodeIgniter->handleRequest(NULL, Object(Config\Cache), false)
#6 C:\Users\Hp\Documents\project\geco\public\index.php(79): CodeIgniter\CodeIgniter->run()
#7 C:\Users\Hp\Documents\project\geco\system\Commands\Server\rewrite.php(47): require_once('C:\\Users\\Hp\\Doc...')
#8 {main}
CRITICAL - 2025-09-05 12:13:43 --> CodeIgniter\Database\Exceptions\DatabaseException: Unable to connect to the database.
Main connection [MySQLi]: Unknown database 'geco'
in SYSTEMPATH\Database\BaseConnection.php on line 428.
 1 SYSTEMPATH\Database\BaseConnection.php(575): CodeIgniter\Database\BaseConnection->initialize()
 2 APPPATH\Controllers\login\login.php(22): CodeIgniter\Database\BaseConnection->query('SELECT * FROM users AS `user` join `fonction_poste` AS `poste` on poste.ID_FONCTION=user.ID_FONCTION join `agence` AS `ag` ON ag.ID_AGENCE=user.ID_AGENCE where USERNAME=\'Alain\' AND PASSWORD=12345 AND user.EST_ACTIVE=1')
 3 SYSTEMPATH\CodeIgniter.php(941): App\Controllers\login\login->login()
 4 SYSTEMPATH\CodeIgniter.php(502): CodeIgniter\CodeIgniter->runController(Object(App\Controllers\login\login))
 5 SYSTEMPATH\CodeIgniter.php(361): CodeIgniter\CodeIgniter->handleRequest(null, Object(Config\Cache), false)
 6 FCPATH\index.php(79): CodeIgniter\CodeIgniter->run()
 7 SYSTEMPATH\Commands\Server\rewrite.php(47): require_once('C:\\Users\\Hp\\Documents\\project\\geco\\public\\index.php')
INFO - 2025-09-05 12:15:55 --> Session: Class initialized using 'CodeIgniter\Session\Handlers\FileHandler' driver.
INFO - 2025-09-05 12:16:27 --> Session: Class initialized using 'CodeIgniter\Session\Handlers\FileHandler' driver.
INFO - 2025-09-05 12:19:34 --> Session: Class initialized using 'CodeIgniter\Session\Handlers\FileHandler' driver.
INFO - 2025-09-05 12:30:21 --> Session: Class initialized using 'CodeIgniter\Session\Handlers\FileHandler' driver.
INFO - 2025-09-05 12:33:20 --> Session: Class initialized using 'CodeIgniter\Session\Handlers\FileHandler' driver.
INFO - 2025-09-05 12:35:47 --> Session: Class initialized using 'CodeIgniter\Session\Handlers\FileHandler' driver.
INFO - 2025-09-05 12:36:21 --> Session: Class initialized using 'CodeIgniter\Session\Handlers\FileHandler' driver.
INFO - 2025-09-05 12:38:44 --> Session: Class initialized using 'CodeIgniter\Session\Handlers\FileHandler' driver.
INFO - 2025-09-05 12:42:38 --> Session: Class initialized using 'CodeIgniter\Session\Handlers\FileHandler' driver.
INFO - 2025-09-05 12:43:15 --> Session: Class initialized using 'CodeIgniter\Session\Handlers\FileHandler' driver.
INFO - 2025-09-05 12:43:42 --> Session: Class initialized using 'CodeIgniter\Session\Handlers\FileHandler' driver.
INFO - 2025-09-05 12:45:28 --> Session: Class initialized using 'CodeIgniter\Session\Handlers\FileHandler' driver.
INFO - 2025-09-05 12:47:07 --> Session: Class initialized using 'CodeIgniter\Session\Handlers\FileHandler' driver.
INFO - 2025-09-05 12:47:43 --> Session: Class initialized using 'CodeIgniter\Session\Handlers\FileHandler' driver.
INFO - 2025-09-05 12:48:26 --> Session: Class initialized using 'CodeIgniter\Session\Handlers\FileHandler' driver.
INFO - 2025-09-05 12:48:59 --> Session: Class initialized using 'CodeIgniter\Session\Handlers\FileHandler' driver.
INFO - 2025-09-05 12:49:36 --> Session: Class initialized using 'CodeIgniter\Session\Handlers\FileHandler' driver.
INFO - 2025-09-05 12:49:54 --> Session: Class initialized using 'CodeIgniter\Session\Handlers\FileHandler' driver.
INFO - 2025-09-05 12:50:16 --> Session: Class initialized using 'CodeIgniter\Session\Handlers\FileHandler' driver.
INFO - 2025-09-05 12:52:29 --> Session: Class initialized using 'CodeIgniter\Session\Handlers\FileHandler' driver.
INFO - 2025-09-05 12:53:07 --> Session: Class initialized using 'CodeIgniter\Session\Handlers\FileHandler' driver.
INFO - 2025-09-05 12:54:32 --> Session: Class initialized using 'CodeIgniter\Session\Handlers\FileHandler' driver.
INFO - 2025-09-05 13:11:27 --> Session: Class initialized using 'CodeIgniter\Session\Handlers\FileHandler' driver.
INFO - 2025-09-05 13:11:45 --> Session: Class initialized using 'CodeIgniter\Session\Handlers\FileHandler' driver.
INFO - 2025-09-05 13:12:11 --> Session: Class initialized using 'CodeIgniter\Session\Handlers\FileHandler' driver.
INFO - 2025-09-05 13:13:41 --> Session: Class initialized using 'CodeIgniter\Session\Handlers\FileHandler' driver.
INFO - 2025-09-05 13:16:17 --> Session: Class initialized using 'CodeIgniter\Session\Handlers\FileHandler' driver.
INFO - 2025-09-05 13:18:52 --> Session: Class initialized using 'CodeIgniter\Session\Handlers\FileHandler' driver.
CRITICAL - 2025-09-05 13:18:52 --> ParseError: Unclosed '{' on line 152
in APPPATH\Views\dashbord\Dashbord_view.php on line 199.
 1 SYSTEMPATH\View\View.php(231): CodeIgniter\View\View->CodeIgniter\View\{closure}()
 2 SYSTEMPATH\Common.php(1178): CodeIgniter\View\View->render('dashbord/Dashbord_view', [], true)
 3 APPPATH\Controllers\dashbord\Dashbord.php(16): view('dashbord/Dashbord_view', [...])
 4 SYSTEMPATH\CodeIgniter.php(941): App\Controllers\dashbord\Dashbord->index()
 5 SYSTEMPATH\CodeIgniter.php(502): CodeIgniter\CodeIgniter->runController(Object(App\Controllers\dashbord\Dashbord))
 6 SYSTEMPATH\CodeIgniter.php(361): CodeIgniter\CodeIgniter->handleRequest(null, Object(Config\Cache), false)
 7 FCPATH\index.php(79): CodeIgniter\CodeIgniter->run()
 8 SYSTEMPATH\Commands\Server\rewrite.php(47): require_once('C:\\Users\\Hp\\Documents\\project\\geco\\public\\index.php')
INFO - 2025-09-05 13:19:27 --> Session: Class initialized using 'CodeIgniter\Session\Handlers\FileHandler' driver.
INFO - 2025-09-05 13:19:55 --> Session: Class initialized using 'CodeIgniter\Session\Handlers\FileHandler' driver.
CRITICAL - 2025-09-05 13:19:55 --> TypeError: count(): Argument #1 ($value) must be of type Countable|array, null given
in APPPATH\Views\dashbord\Dashbord_view.php on line 42.
 1 SYSTEMPATH\View\View.php(228): include()
 2 SYSTEMPATH\View\View.php(231): CodeIgniter\View\View->CodeIgniter\View\{closure}()
 3 SYSTEMPATH\Common.php(1178): CodeIgniter\View\View->render('dashbord/Dashbord_view', [], true)
 4 APPPATH\Controllers\dashbord\Dashbord.php(16): view('dashbord/Dashbord_view', [...])
 5 SYSTEMPATH\CodeIgniter.php(941): App\Controllers\dashbord\Dashbord->index()
 6 SYSTEMPATH\CodeIgniter.php(502): CodeIgniter\CodeIgniter->runController(Object(App\Controllers\dashbord\Dashbord))
 7 SYSTEMPATH\CodeIgniter.php(361): CodeIgniter\CodeIgniter->handleRequest(null, Object(Config\Cache), false)
 8 FCPATH\index.php(79): CodeIgniter\CodeIgniter->run()
 9 SYSTEMPATH\Commands\Server\rewrite.php(47): require_once('C:\\Users\\Hp\\Documents\\project\\geco\\public\\index.php')
INFO - 2025-09-05 13:20:20 --> Session: Class initialized using 'CodeIgniter\Session\Handlers\FileHandler' driver.
INFO - 2025-09-05 13:23:03 --> Session: Class initialized using 'CodeIgniter\Session\Handlers\FileHandler' driver.
INFO - 2025-09-05 13:26:57 --> Session: Class initialized using 'CodeIgniter\Session\Handlers\FileHandler' driver.
INFO - 2025-09-05 13:27:26 --> Session: Class initialized using 'CodeIgniter\Session\Handlers\FileHandler' driver.
INFO - 2025-09-05 13:27:54 --> Session: Class initialized using 'CodeIgniter\Session\Handlers\FileHandler' driver.
INFO - 2025-09-05 13:29:45 --> Session: Class initialized using 'CodeIgniter\Session\Handlers\FileHandler' driver.
INFO - 2025-09-05 14:02:55 --> Session: Class initialized using 'CodeIgniter\Session\Handlers\FileHandler' driver.
INFO - 2025-09-05 14:13:19 --> Session: Class initialized using 'CodeIgniter\Session\Handlers\FileHandler' driver.
INFO - 2025-09-05 14:14:09 --> Session: Class initialized using 'CodeIgniter\Session\Handlers\FileHandler' driver.
INFO - 2025-09-05 14:17:46 --> Session: Class initialized using 'CodeIgniter\Session\Handlers\FileHandler' driver.
INFO - 2025-09-05 14:22:11 --> Session: Class initialized using 'CodeIgniter\Session\Handlers\FileHandler' driver.
INFO - 2025-09-05 14:22:20 --> Session: Class initialized using 'CodeIgniter\Session\Handlers\FileHandler' driver.
INFO - 2025-09-05 14:33:00 --> Session: Class initialized using 'CodeIgniter\Session\Handlers\FileHandler' driver.
INFO - 2025-09-05 14:34:03 --> Session: Class initialized using 'CodeIgniter\Session\Handlers\FileHandler' driver.
INFO - 2025-09-05 15:10:34 --> Session: Class initialized using 'CodeIgniter\Session\Handlers\FileHandler' driver.
ERROR - 2025-09-05 15:10:34 --> mysqli_sql_exception: You have an error in your SQL syntax; check the manual that corresponds to your MariaDB server version for the right syntax to use near 'GROUP_BY' at line 1 in C:\Users\Hp\Documents\project\geco\system\Database\MySQLi\Connection.php:306
Stack trace:
#0 C:\Users\Hp\Documents\project\geco\system\Database\MySQLi\Connection.php(306): mysqli->query('SELECT * FROM d...', 0)
#1 C:\Users\Hp\Documents\project\geco\system\Database\BaseConnection.php(693): CodeIgniter\Database\MySQLi\Connection->execute('SELECT * FROM d...')
#2 C:\Users\Hp\Documents\project\geco\system\Database\BaseConnection.php(607): CodeIgniter\Database\BaseConnection->simpleQuery('SELECT * FROM d...')
#3 C:\Users\Hp\Documents\project\geco\app\Controllers\dashbord\Dashbord.php(25): CodeIgniter\Database\BaseConnection->query('SELECT * FROM d...')
#4 C:\Users\Hp\Documents\project\geco\app\Controllers\dashbord\Dashbord.php(15): App\Controllers\dashbord\Dashbord->get_data()
#5 C:\Users\Hp\Documents\project\geco\system\CodeIgniter.php(941): App\Controllers\dashbord\Dashbord->index()
#6 C:\Users\Hp\Documents\project\geco\system\CodeIgniter.php(502): CodeIgniter\CodeIgniter->runController(Object(App\Controllers\dashbord\Dashbord))
#7 C:\Users\Hp\Documents\project\geco\system\CodeIgniter.php(361): CodeIgniter\CodeIgniter->handleRequest(NULL, Object(Config\Cache), false)
#8 C:\Users\Hp\Documents\project\geco\public\index.php(79): CodeIgniter\CodeIgniter->run()
#9 C:\Users\Hp\Documents\project\geco\system\Commands\Server\rewrite.php(47): require_once('C:\\Users\\Hp\\Doc...')
#10 {main}
CRITICAL - 2025-09-05 15:10:34 --> CodeIgniter\Database\Exceptions\DatabaseException: You have an error in your SQL syntax; check the manual that corresponds to your MariaDB server version for the right syntax to use near 'GROUP_BY' at line 1
in SYSTEMPATH\Database\BaseConnection.php on line 647.
 1 APPPATH\Controllers\dashbord\Dashbord.php(25): CodeIgniter\Database\BaseConnection->query('SELECT * FROM demande_conge JOIN type_conge ON type_conge.ID_TYPE_CONGE =demande_conge.ID_TYPE_CONGE JOIN users ON users.USER_ID=demande_conge.ID_USER JOIN agence ON agence.AGENCE_ID=users.USER_ID ORDER BY ID_DEMANDE DESC GROUP_BY ')
 2 APPPATH\Controllers\dashbord\Dashbord.php(15): App\Controllers\dashbord\Dashbord->get_data()
 3 SYSTEMPATH\CodeIgniter.php(941): App\Controllers\dashbord\Dashbord->index()
 4 SYSTEMPATH\CodeIgniter.php(502): CodeIgniter\CodeIgniter->runController(Object(App\Controllers\dashbord\Dashbord))
 5 SYSTEMPATH\CodeIgniter.php(361): CodeIgniter\CodeIgniter->handleRequest(null, Object(Config\Cache), false)
 6 FCPATH\index.php(79): CodeIgniter\CodeIgniter->run()
 7 SYSTEMPATH\Commands\Server\rewrite.php(47): require_once('C:\\Users\\Hp\\Documents\\project\\geco\\public\\index.php')
CRITICAL - 2025-09-05 15:10:34 --> [Caused by] CodeIgniter\Database\Exceptions\DatabaseException: You have an error in your SQL syntax; check the manual that corresponds to your MariaDB server version for the right syntax to use near 'GROUP_BY' at line 1
in SYSTEMPATH\Database\MySQLi\Connection.php on line 311.
 1 SYSTEMPATH\Database\BaseConnection.php(693): CodeIgniter\Database\MySQLi\Connection->execute('SELECT * FROM demande_conge JOIN type_conge ON type_conge.ID_TYPE_CONGE =demande_conge.ID_TYPE_CONGE JOIN users ON users.USER_ID=demande_conge.ID_USER JOIN agence ON agence.AGENCE_ID=users.USER_ID ORDER BY ID_DEMANDE DESC GROUP_BY ')
 2 SYSTEMPATH\Database\BaseConnection.php(607): CodeIgniter\Database\BaseConnection->simpleQuery('SELECT * FROM demande_conge JOIN type_conge ON type_conge.ID_TYPE_CONGE =demande_conge.ID_TYPE_CONGE JOIN users ON users.USER_ID=demande_conge.ID_USER JOIN agence ON agence.AGENCE_ID=users.USER_ID ORDER BY ID_DEMANDE DESC GROUP_BY ')
 3 APPPATH\Controllers\dashbord\Dashbord.php(25): CodeIgniter\Database\BaseConnection->query('SELECT * FROM demande_conge JOIN type_conge ON type_conge.ID_TYPE_CONGE =demande_conge.ID_TYPE_CONGE JOIN users ON users.USER_ID=demande_conge.ID_USER JOIN agence ON agence.AGENCE_ID=users.USER_ID ORDER BY ID_DEMANDE DESC GROUP_BY ')
 4 APPPATH\Controllers\dashbord\Dashbord.php(15): App\Controllers\dashbord\Dashbord->get_data()
 5 SYSTEMPATH\CodeIgniter.php(941): App\Controllers\dashbord\Dashbord->index()
 6 SYSTEMPATH\CodeIgniter.php(502): CodeIgniter\CodeIgniter->runController(Object(App\Controllers\dashbord\Dashbord))
 7 SYSTEMPATH\CodeIgniter.php(361): CodeIgniter\CodeIgniter->handleRequest(null, Object(Config\Cache), false)
 8 FCPATH\index.php(79): CodeIgniter\CodeIgniter->run()
 9 SYSTEMPATH\Commands\Server\rewrite.php(47): require_once('C:\\Users\\Hp\\Documents\\project\\geco\\public\\index.php')
CRITICAL - 2025-09-05 15:10:34 --> [Caused by] mysqli_sql_exception: You have an error in your SQL syntax; check the manual that corresponds to your MariaDB server version for the right syntax to use near 'GROUP_BY' at line 1
in SYSTEMPATH\Database\MySQLi\Connection.php on line 306.
 1 SYSTEMPATH\Database\MySQLi\Connection.php(306): mysqli->query('SELECT * FROM demande_conge JOIN type_conge ON type_conge.ID_TYPE_CONGE =demande_conge.ID_TYPE_CONGE JOIN users ON users.USER_ID=demande_conge.ID_USER JOIN agence ON agence.AGENCE_ID=users.USER_ID ORDER BY ID_DEMANDE DESC GROUP_BY ', 0)
 2 SYSTEMPATH\Database\BaseConnection.php(693): CodeIgniter\Database\MySQLi\Connection->execute('SELECT * FROM demande_conge JOIN type_conge ON type_conge.ID_TYPE_CONGE =demande_conge.ID_TYPE_CONGE JOIN users ON users.USER_ID=demande_conge.ID_USER JOIN agence ON agence.AGENCE_ID=users.USER_ID ORDER BY ID_DEMANDE DESC GROUP_BY ')
 3 SYSTEMPATH\Database\BaseConnection.php(607): CodeIgniter\Database\BaseConnection->simpleQuery('SELECT * FROM demande_conge JOIN type_conge ON type_conge.ID_TYPE_CONGE =demande_conge.ID_TYPE_CONGE JOIN users ON users.USER_ID=demande_conge.ID_USER JOIN agence ON agence.AGENCE_ID=users.USER_ID ORDER BY ID_DEMANDE DESC GROUP_BY ')
 4 APPPATH\Controllers\dashbord\Dashbord.php(25): CodeIgniter\Database\BaseConnection->query('SELECT * FROM demande_conge JOIN type_conge ON type_conge.ID_TYPE_CONGE =demande_conge.ID_TYPE_CONGE JOIN users ON users.USER_ID=demande_conge.ID_USER JOIN agence ON agence.AGENCE_ID=users.USER_ID ORDER BY ID_DEMANDE DESC GROUP_BY ')
 5 APPPATH\Controllers\dashbord\Dashbord.php(15): App\Controllers\dashbord\Dashbord->get_data()
 6 SYSTEMPATH\CodeIgniter.php(941): App\Controllers\dashbord\Dashbord->index()
 7 SYSTEMPATH\CodeIgniter.php(502): CodeIgniter\CodeIgniter->runController(Object(App\Controllers\dashbord\Dashbord))
 8 SYSTEMPATH\CodeIgniter.php(361): CodeIgniter\CodeIgniter->handleRequest(null, Object(Config\Cache), false)
 9 FCPATH\index.php(79): CodeIgniter\CodeIgniter->run()
10 SYSTEMPATH\Commands\Server\rewrite.php(47): require_once('C:\\Users\\Hp\\Documents\\project\\geco\\public\\index.php')
INFO - 2025-09-05 15:11:09 --> Session: Class initialized using 'CodeIgniter\Session\Handlers\FileHandler' driver.
ERROR - 2025-09-05 15:11:09 --> mysqli_sql_exception: You have an error in your SQL syntax; check the manual that corresponds to your MariaDB server version for the right syntax to use near 'GROUP_BY AGENCE_ID' at line 1 in C:\Users\Hp\Documents\project\geco\system\Database\MySQLi\Connection.php:306
Stack trace:
#0 C:\Users\Hp\Documents\project\geco\system\Database\MySQLi\Connection.php(306): mysqli->query('SELECT * FROM d...', 0)
#1 C:\Users\Hp\Documents\project\geco\system\Database\BaseConnection.php(693): CodeIgniter\Database\MySQLi\Connection->execute('SELECT * FROM d...')
#2 C:\Users\Hp\Documents\project\geco\system\Database\BaseConnection.php(607): CodeIgniter\Database\BaseConnection->simpleQuery('SELECT * FROM d...')
#3 C:\Users\Hp\Documents\project\geco\app\Controllers\dashbord\Dashbord.php(25): CodeIgniter\Database\BaseConnection->query('SELECT * FROM d...')
#4 C:\Users\Hp\Documents\project\geco\app\Controllers\dashbord\Dashbord.php(15): App\Controllers\dashbord\Dashbord->get_data()
#5 C:\Users\Hp\Documents\project\geco\system\CodeIgniter.php(941): App\Controllers\dashbord\Dashbord->index()
#6 C:\Users\Hp\Documents\project\geco\system\CodeIgniter.php(502): CodeIgniter\CodeIgniter->runController(Object(App\Controllers\dashbord\Dashbord))
#7 C:\Users\Hp\Documents\project\geco\system\CodeIgniter.php(361): CodeIgniter\CodeIgniter->handleRequest(NULL, Object(Config\Cache), false)
#8 C:\Users\Hp\Documents\project\geco\public\index.php(79): CodeIgniter\CodeIgniter->run()
#9 C:\Users\Hp\Documents\project\geco\system\Commands\Server\rewrite.php(47): require_once('C:\\Users\\Hp\\Doc...')
#10 {main}
CRITICAL - 2025-09-05 15:11:09 --> CodeIgniter\Database\Exceptions\DatabaseException: You have an error in your SQL syntax; check the manual that corresponds to your MariaDB server version for the right syntax to use near 'GROUP_BY AGENCE_ID' at line 1
in SYSTEMPATH\Database\BaseConnection.php on line 647.
 1 APPPATH\Controllers\dashbord\Dashbord.php(25): CodeIgniter\Database\BaseConnection->query('SELECT * FROM demande_conge JOIN type_conge ON type_conge.ID_TYPE_CONGE =demande_conge.ID_TYPE_CONGE JOIN users ON users.USER_ID=demande_conge.ID_USER JOIN agence ON agence.AGENCE_ID=users.USER_ID ORDER BY ID_DEMANDE DESC GROUP_BY AGENCE_ID')
 2 APPPATH\Controllers\dashbord\Dashbord.php(15): App\Controllers\dashbord\Dashbord->get_data()
 3 SYSTEMPATH\CodeIgniter.php(941): App\Controllers\dashbord\Dashbord->index()
 4 SYSTEMPATH\CodeIgniter.php(502): CodeIgniter\CodeIgniter->runController(Object(App\Controllers\dashbord\Dashbord))
 5 SYSTEMPATH\CodeIgniter.php(361): CodeIgniter\CodeIgniter->handleRequest(null, Object(Config\Cache), false)
 6 FCPATH\index.php(79): CodeIgniter\CodeIgniter->run()
 7 SYSTEMPATH\Commands\Server\rewrite.php(47): require_once('C:\\Users\\Hp\\Documents\\project\\geco\\public\\index.php')
CRITICAL - 2025-09-05 15:11:09 --> [Caused by] CodeIgniter\Database\Exceptions\DatabaseException: You have an error in your SQL syntax; check the manual that corresponds to your MariaDB server version for the right syntax to use near 'GROUP_BY AGENCE_ID' at line 1
in SYSTEMPATH\Database\MySQLi\Connection.php on line 311.
 1 SYSTEMPATH\Database\BaseConnection.php(693): CodeIgniter\Database\MySQLi\Connection->execute('SELECT * FROM demande_conge JOIN type_conge ON type_conge.ID_TYPE_CONGE =demande_conge.ID_TYPE_CONGE JOIN users ON users.USER_ID=demande_conge.ID_USER JOIN agence ON agence.AGENCE_ID=users.USER_ID ORDER BY ID_DEMANDE DESC GROUP_BY AGENCE_ID')
 2 SYSTEMPATH\Database\BaseConnection.php(607): CodeIgniter\Database\BaseConnection->simpleQuery('SELECT * FROM demande_conge JOIN type_conge ON type_conge.ID_TYPE_CONGE =demande_conge.ID_TYPE_CONGE JOIN users ON users.USER_ID=demande_conge.ID_USER JOIN agence ON agence.AGENCE_ID=users.USER_ID ORDER BY ID_DEMANDE DESC GROUP_BY AGENCE_ID')
 3 APPPATH\Controllers\dashbord\Dashbord.php(25): CodeIgniter\Database\BaseConnection->query('SELECT * FROM demande_conge JOIN type_conge ON type_conge.ID_TYPE_CONGE =demande_conge.ID_TYPE_CONGE JOIN users ON users.USER_ID=demande_conge.ID_USER JOIN agence ON agence.AGENCE_ID=users.USER_ID ORDER BY ID_DEMANDE DESC GROUP_BY AGENCE_ID')
 4 APPPATH\Controllers\dashbord\Dashbord.php(15): App\Controllers\dashbord\Dashbord->get_data()
 5 SYSTEMPATH\CodeIgniter.php(941): App\Controllers\dashbord\Dashbord->index()
 6 SYSTEMPATH\CodeIgniter.php(502): CodeIgniter\CodeIgniter->runController(Object(App\Controllers\dashbord\Dashbord))
 7 SYSTEMPATH\CodeIgniter.php(361): CodeIgniter\CodeIgniter->handleRequest(null, Object(Config\Cache), false)
 8 FCPATH\index.php(79): CodeIgniter\CodeIgniter->run()
 9 SYSTEMPATH\Commands\Server\rewrite.php(47): require_once('C:\\Users\\Hp\\Documents\\project\\geco\\public\\index.php')
CRITICAL - 2025-09-05 15:11:09 --> [Caused by] mysqli_sql_exception: You have an error in your SQL syntax; check the manual that corresponds to your MariaDB server version for the right syntax to use near 'GROUP_BY AGENCE_ID' at line 1
in SYSTEMPATH\Database\MySQLi\Connection.php on line 306.
 1 SYSTEMPATH\Database\MySQLi\Connection.php(306): mysqli->query('SELECT * FROM demande_conge JOIN type_conge ON type_conge.ID_TYPE_CONGE =demande_conge.ID_TYPE_CONGE JOIN users ON users.USER_ID=demande_conge.ID_USER JOIN agence ON agence.AGENCE_ID=users.USER_ID ORDER BY ID_DEMANDE DESC GROUP_BY AGENCE_ID', 0)
 2 SYSTEMPATH\Database\BaseConnection.php(693): CodeIgniter\Database\MySQLi\Connection->execute('SELECT * FROM demande_conge JOIN type_conge ON type_conge.ID_TYPE_CONGE =demande_conge.ID_TYPE_CONGE JOIN users ON users.USER_ID=demande_conge.ID_USER JOIN agence ON agence.AGENCE_ID=users.USER_ID ORDER BY ID_DEMANDE DESC GROUP_BY AGENCE_ID')
 3 SYSTEMPATH\Database\BaseConnection.php(607): CodeIgniter\Database\BaseConnection->simpleQuery('SELECT * FROM demande_conge JOIN type_conge ON type_conge.ID_TYPE_CONGE =demande_conge.ID_TYPE_CONGE JOIN users ON users.USER_ID=demande_conge.ID_USER JOIN agence ON agence.AGENCE_ID=users.USER_ID ORDER BY ID_DEMANDE DESC GROUP_BY AGENCE_ID')
 4 APPPATH\Controllers\dashbord\Dashbord.php(25): CodeIgniter\Database\BaseConnection->query('SELECT * FROM demande_conge JOIN type_conge ON type_conge.ID_TYPE_CONGE =demande_conge.ID_TYPE_CONGE JOIN users ON users.USER_ID=demande_conge.ID_USER JOIN agence ON agence.AGENCE_ID=users.USER_ID ORDER BY ID_DEMANDE DESC GROUP_BY AGENCE_ID')
 5 APPPATH\Controllers\dashbord\Dashbord.php(15): App\Controllers\dashbord\Dashbord->get_data()
 6 SYSTEMPATH\CodeIgniter.php(941): App\Controllers\dashbord\Dashbord->index()
 7 SYSTEMPATH\CodeIgniter.php(502): CodeIgniter\CodeIgniter->runController(Object(App\Controllers\dashbord\Dashbord))
 8 SYSTEMPATH\CodeIgniter.php(361): CodeIgniter\CodeIgniter->handleRequest(null, Object(Config\Cache), false)
 9 FCPATH\index.php(79): CodeIgniter\CodeIgniter->run()
10 SYSTEMPATH\Commands\Server\rewrite.php(47): require_once('C:\\Users\\Hp\\Documents\\project\\geco\\public\\index.php')
INFO - 2025-09-05 15:11:34 --> Session: Class initialized using 'CodeIgniter\Session\Handlers\FileHandler' driver.
ERROR - 2025-09-05 15:11:34 --> mysqli_sql_exception: You have an error in your SQL syntax; check the manual that corresponds to your MariaDB server version for the right syntax to use near 'GROUP_BY AGENCE_ID ORDER BY ID_DEMANDE DESC' at line 1 in C:\Users\Hp\Documents\project\geco\system\Database\MySQLi\Connection.php:306
Stack trace:
#0 C:\Users\Hp\Documents\project\geco\system\Database\MySQLi\Connection.php(306): mysqli->query('SELECT * FROM d...', 0)
#1 C:\Users\Hp\Documents\project\geco\system\Database\BaseConnection.php(693): CodeIgniter\Database\MySQLi\Connection->execute('SELECT * FROM d...')
#2 C:\Users\Hp\Documents\project\geco\system\Database\BaseConnection.php(607): CodeIgniter\Database\BaseConnection->simpleQuery('SELECT * FROM d...')
#3 C:\Users\Hp\Documents\project\geco\app\Controllers\dashbord\Dashbord.php(25): CodeIgniter\Database\BaseConnection->query('SELECT * FROM d...')
#4 C:\Users\Hp\Documents\project\geco\app\Controllers\dashbord\Dashbord.php(15): App\Controllers\dashbord\Dashbord->get_data()
#5 C:\Users\Hp\Documents\project\geco\system\CodeIgniter.php(941): App\Controllers\dashbord\Dashbord->index()
#6 C:\Users\Hp\Documents\project\geco\system\CodeIgniter.php(502): CodeIgniter\CodeIgniter->runController(Object(App\Controllers\dashbord\Dashbord))
#7 C:\Users\Hp\Documents\project\geco\system\CodeIgniter.php(361): CodeIgniter\CodeIgniter->handleRequest(NULL, Object(Config\Cache), false)
#8 C:\Users\Hp\Documents\project\geco\public\index.php(79): CodeIgniter\CodeIgniter->run()
#9 C:\Users\Hp\Documents\project\geco\system\Commands\Server\rewrite.php(47): require_once('C:\\Users\\Hp\\Doc...')
#10 {main}
CRITICAL - 2025-09-05 15:11:34 --> CodeIgniter\Database\Exceptions\DatabaseException: You have an error in your SQL syntax; check the manual that corresponds to your MariaDB server version for the right syntax to use near 'GROUP_BY AGENCE_ID ORDER BY ID_DEMANDE DESC' at line 1
in SYSTEMPATH\Database\BaseConnection.php on line 647.
 1 APPPATH\Controllers\dashbord\Dashbord.php(25): CodeIgniter\Database\BaseConnection->query('SELECT * FROM demande_conge JOIN type_conge ON type_conge.ID_TYPE_CONGE =demande_conge.ID_TYPE_CONGE JOIN users ON users.USER_ID=demande_conge.ID_USER JOIN agence ON agence.AGENCE_ID=users.USER_ID GROUP_BY AGENCE_ID ORDER BY ID_DEMANDE DESC')
 2 APPPATH\Controllers\dashbord\Dashbord.php(15): App\Controllers\dashbord\Dashbord->get_data()
 3 SYSTEMPATH\CodeIgniter.php(941): App\Controllers\dashbord\Dashbord->index()
 4 SYSTEMPATH\CodeIgniter.php(502): CodeIgniter\CodeIgniter->runController(Object(App\Controllers\dashbord\Dashbord))
 5 SYSTEMPATH\CodeIgniter.php(361): CodeIgniter\CodeIgniter->handleRequest(null, Object(Config\Cache), false)
 6 FCPATH\index.php(79): CodeIgniter\CodeIgniter->run()
 7 SYSTEMPATH\Commands\Server\rewrite.php(47): require_once('C:\\Users\\Hp\\Documents\\project\\geco\\public\\index.php')
CRITICAL - 2025-09-05 15:11:34 --> [Caused by] CodeIgniter\Database\Exceptions\DatabaseException: You have an error in your SQL syntax; check the manual that corresponds to your MariaDB server version for the right syntax to use near 'GROUP_BY AGENCE_ID ORDER BY ID_DEMANDE DESC' at line 1
in SYSTEMPATH\Database\MySQLi\Connection.php on line 311.
 1 SYSTEMPATH\Database\BaseConnection.php(693): CodeIgniter\Database\MySQLi\Connection->execute('SELECT * FROM demande_conge JOIN type_conge ON type_conge.ID_TYPE_CONGE =demande_conge.ID_TYPE_CONGE JOIN users ON users.USER_ID=demande_conge.ID_USER JOIN agence ON agence.AGENCE_ID=users.USER_ID GROUP_BY AGENCE_ID ORDER BY ID_DEMANDE DESC')
 2 SYSTEMPATH\Database\BaseConnection.php(607): CodeIgniter\Database\BaseConnection->simpleQuery('SELECT * FROM demande_conge JOIN type_conge ON type_conge.ID_TYPE_CONGE =demande_conge.ID_TYPE_CONGE JOIN users ON users.USER_ID=demande_conge.ID_USER JOIN agence ON agence.AGENCE_ID=users.USER_ID GROUP_BY AGENCE_ID ORDER BY ID_DEMANDE DESC')
 3 APPPATH\Controllers\dashbord\Dashbord.php(25): CodeIgniter\Database\BaseConnection->query('SELECT * FROM demande_conge JOIN type_conge ON type_conge.ID_TYPE_CONGE =demande_conge.ID_TYPE_CONGE JOIN users ON users.USER_ID=demande_conge.ID_USER JOIN agence ON agence.AGENCE_ID=users.USER_ID GROUP_BY AGENCE_ID ORDER BY ID_DEMANDE DESC')
 4 APPPATH\Controllers\dashbord\Dashbord.php(15): App\Controllers\dashbord\Dashbord->get_data()
 5 SYSTEMPATH\CodeIgniter.php(941): App\Controllers\dashbord\Dashbord->index()
 6 SYSTEMPATH\CodeIgniter.php(502): CodeIgniter\CodeIgniter->runController(Object(App\Controllers\dashbord\Dashbord))
 7 SYSTEMPATH\CodeIgniter.php(361): CodeIgniter\CodeIgniter->handleRequest(null, Object(Config\Cache), false)
 8 FCPATH\index.php(79): CodeIgniter\CodeIgniter->run()
 9 SYSTEMPATH\Commands\Server\rewrite.php(47): require_once('C:\\Users\\Hp\\Documents\\project\\geco\\public\\index.php')
CRITICAL - 2025-09-05 15:11:34 --> [Caused by] mysqli_sql_exception: You have an error in your SQL syntax; check the manual that corresponds to your MariaDB server version for the right syntax to use near 'GROUP_BY AGENCE_ID ORDER BY ID_DEMANDE DESC' at line 1
in SYSTEMPATH\Database\MySQLi\Connection.php on line 306.
 1 SYSTEMPATH\Database\MySQLi\Connection.php(306): mysqli->query('SELECT * FROM demande_conge JOIN type_conge ON type_conge.ID_TYPE_CONGE =demande_conge.ID_TYPE_CONGE JOIN users ON users.USER_ID=demande_conge.ID_USER JOIN agence ON agence.AGENCE_ID=users.USER_ID GROUP_BY AGENCE_ID ORDER BY ID_DEMANDE DESC', 0)
 2 SYSTEMPATH\Database\BaseConnection.php(693): CodeIgniter\Database\MySQLi\Connection->execute('SELECT * FROM demande_conge JOIN type_conge ON type_conge.ID_TYPE_CONGE =demande_conge.ID_TYPE_CONGE JOIN users ON users.USER_ID=demande_conge.ID_USER JOIN agence ON agence.AGENCE_ID=users.USER_ID GROUP_BY AGENCE_ID ORDER BY ID_DEMANDE DESC')
 3 SYSTEMPATH\Database\BaseConnection.php(607): CodeIgniter\Database\BaseConnection->simpleQuery('SELECT * FROM demande_conge JOIN type_conge ON type_conge.ID_TYPE_CONGE =demande_conge.ID_TYPE_CONGE JOIN users ON users.USER_ID=demande_conge.ID_USER JOIN agence ON agence.AGENCE_ID=users.USER_ID GROUP_BY AGENCE_ID ORDER BY ID_DEMANDE DESC')
 4 APPPATH\Controllers\dashbord\Dashbord.php(25): CodeIgniter\Database\BaseConnection->query('SELECT * FROM demande_conge JOIN type_conge ON type_conge.ID_TYPE_CONGE =demande_conge.ID_TYPE_CONGE JOIN users ON users.USER_ID=demande_conge.ID_USER JOIN agence ON agence.AGENCE_ID=users.USER_ID GROUP_BY AGENCE_ID ORDER BY ID_DEMANDE DESC')
 5 APPPATH\Controllers\dashbord\Dashbord.php(15): App\Controllers\dashbord\Dashbord->get_data()
 6 SYSTEMPATH\CodeIgniter.php(941): App\Controllers\dashbord\Dashbord->index()
 7 SYSTEMPATH\CodeIgniter.php(502): CodeIgniter\CodeIgniter->runController(Object(App\Controllers\dashbord\Dashbord))
 8 SYSTEMPATH\CodeIgniter.php(361): CodeIgniter\CodeIgniter->handleRequest(null, Object(Config\Cache), false)
 9 FCPATH\index.php(79): CodeIgniter\CodeIgniter->run()
10 SYSTEMPATH\Commands\Server\rewrite.php(47): require_once('C:\\Users\\Hp\\Documents\\project\\geco\\public\\index.php')
INFO - 2025-09-05 15:11:52 --> Session: Class initialized using 'CodeIgniter\Session\Handlers\FileHandler' driver.
ERROR - 2025-09-05 15:11:52 --> mysqli_sql_exception: Unknown column 'agence.AGENCE_ID' in 'on clause' in C:\Users\Hp\Documents\project\geco\system\Database\MySQLi\Connection.php:306
Stack trace:
#0 C:\Users\Hp\Documents\project\geco\system\Database\MySQLi\Connection.php(306): mysqli->query('SELECT * FROM d...', 0)
#1 C:\Users\Hp\Documents\project\geco\system\Database\BaseConnection.php(693): CodeIgniter\Database\MySQLi\Connection->execute('SELECT * FROM d...')
#2 C:\Users\Hp\Documents\project\geco\system\Database\BaseConnection.php(607): CodeIgniter\Database\BaseConnection->simpleQuery('SELECT * FROM d...')
#3 C:\Users\Hp\Documents\project\geco\app\Controllers\dashbord\Dashbord.php(25): CodeIgniter\Database\BaseConnection->query('SELECT * FROM d...')
#4 C:\Users\Hp\Documents\project\geco\app\Controllers\dashbord\Dashbord.php(15): App\Controllers\dashbord\Dashbord->get_data()
#5 C:\Users\Hp\Documents\project\geco\system\CodeIgniter.php(941): App\Controllers\dashbord\Dashbord->index()
#6 C:\Users\Hp\Documents\project\geco\system\CodeIgniter.php(502): CodeIgniter\CodeIgniter->runController(Object(App\Controllers\dashbord\Dashbord))
#7 C:\Users\Hp\Documents\project\geco\system\CodeIgniter.php(361): CodeIgniter\CodeIgniter->handleRequest(NULL, Object(Config\Cache), false)
#8 C:\Users\Hp\Documents\project\geco\public\index.php(79): CodeIgniter\CodeIgniter->run()
#9 C:\Users\Hp\Documents\project\geco\system\Commands\Server\rewrite.php(47): require_once('C:\\Users\\Hp\\Doc...')
#10 {main}
CRITICAL - 2025-09-05 15:11:52 --> CodeIgniter\Database\Exceptions\DatabaseException: Unknown column 'agence.AGENCE_ID' in 'on clause'
in SYSTEMPATH\Database\BaseConnection.php on line 647.
 1 APPPATH\Controllers\dashbord\Dashbord.php(25): CodeIgniter\Database\BaseConnection->query('SELECT * FROM demande_conge JOIN type_conge ON type_conge.ID_TYPE_CONGE =demande_conge.ID_TYPE_CONGE JOIN users ON users.USER_ID=demande_conge.ID_USER JOIN agence ON agence.AGENCE_ID=users.USER_ID GROUP BY AGENCE_ID ORDER BY ID_DEMANDE DESC')
 2 APPPATH\Controllers\dashbord\Dashbord.php(15): App\Controllers\dashbord\Dashbord->get_data()
 3 SYSTEMPATH\CodeIgniter.php(941): App\Controllers\dashbord\Dashbord->index()
 4 SYSTEMPATH\CodeIgniter.php(502): CodeIgniter\CodeIgniter->runController(Object(App\Controllers\dashbord\Dashbord))
 5 SYSTEMPATH\CodeIgniter.php(361): CodeIgniter\CodeIgniter->handleRequest(null, Object(Config\Cache), false)
 6 FCPATH\index.php(79): CodeIgniter\CodeIgniter->run()
 7 SYSTEMPATH\Commands\Server\rewrite.php(47): require_once('C:\\Users\\Hp\\Documents\\project\\geco\\public\\index.php')
CRITICAL - 2025-09-05 15:11:52 --> [Caused by] CodeIgniter\Database\Exceptions\DatabaseException: Unknown column 'agence.AGENCE_ID' in 'on clause'
in SYSTEMPATH\Database\MySQLi\Connection.php on line 311.
 1 SYSTEMPATH\Database\BaseConnection.php(693): CodeIgniter\Database\MySQLi\Connection->execute('SELECT * FROM demande_conge JOIN type_conge ON type_conge.ID_TYPE_CONGE =demande_conge.ID_TYPE_CONGE JOIN users ON users.USER_ID=demande_conge.ID_USER JOIN agence ON agence.AGENCE_ID=users.USER_ID GROUP BY AGENCE_ID ORDER BY ID_DEMANDE DESC')
 2 SYSTEMPATH\Database\BaseConnection.php(607): CodeIgniter\Database\BaseConnection->simpleQuery('SELECT * FROM demande_conge JOIN type_conge ON type_conge.ID_TYPE_CONGE =demande_conge.ID_TYPE_CONGE JOIN users ON users.USER_ID=demande_conge.ID_USER JOIN agence ON agence.AGENCE_ID=users.USER_ID GROUP BY AGENCE_ID ORDER BY ID_DEMANDE DESC')
 3 APPPATH\Controllers\dashbord\Dashbord.php(25): CodeIgniter\Database\BaseConnection->query('SELECT * FROM demande_conge JOIN type_conge ON type_conge.ID_TYPE_CONGE =demande_conge.ID_TYPE_CONGE JOIN users ON users.USER_ID=demande_conge.ID_USER JOIN agence ON agence.AGENCE_ID=users.USER_ID GROUP BY AGENCE_ID ORDER BY ID_DEMANDE DESC')
 4 APPPATH\Controllers\dashbord\Dashbord.php(15): App\Controllers\dashbord\Dashbord->get_data()
 5 SYSTEMPATH\CodeIgniter.php(941): App\Controllers\dashbord\Dashbord->index()
 6 SYSTEMPATH\CodeIgniter.php(502): CodeIgniter\CodeIgniter->runController(Object(App\Controllers\dashbord\Dashbord))
 7 SYSTEMPATH\CodeIgniter.php(361): CodeIgniter\CodeIgniter->handleRequest(null, Object(Config\Cache), false)
 8 FCPATH\index.php(79): CodeIgniter\CodeIgniter->run()
 9 SYSTEMPATH\Commands\Server\rewrite.php(47): require_once('C:\\Users\\Hp\\Documents\\project\\geco\\public\\index.php')
CRITICAL - 2025-09-05 15:11:52 --> [Caused by] mysqli_sql_exception: Unknown column 'agence.AGENCE_ID' in 'on clause'
in SYSTEMPATH\Database\MySQLi\Connection.php on line 306.
 1 SYSTEMPATH\Database\MySQLi\Connection.php(306): mysqli->query('SELECT * FROM demande_conge JOIN type_conge ON type_conge.ID_TYPE_CONGE =demande_conge.ID_TYPE_CONGE JOIN users ON users.USER_ID=demande_conge.ID_USER JOIN agence ON agence.AGENCE_ID=users.USER_ID GROUP BY AGENCE_ID ORDER BY ID_DEMANDE DESC', 0)
 2 SYSTEMPATH\Database\BaseConnection.php(693): CodeIgniter\Database\MySQLi\Connection->execute('SELECT * FROM demande_conge JOIN type_conge ON type_conge.ID_TYPE_CONGE =demande_conge.ID_TYPE_CONGE JOIN users ON users.USER_ID=demande_conge.ID_USER JOIN agence ON agence.AGENCE_ID=users.USER_ID GROUP BY AGENCE_ID ORDER BY ID_DEMANDE DESC')
 3 SYSTEMPATH\Database\BaseConnection.php(607): CodeIgniter\Database\BaseConnection->simpleQuery('SELECT * FROM demande_conge JOIN type_conge ON type_conge.ID_TYPE_CONGE =demande_conge.ID_TYPE_CONGE JOIN users ON users.USER_ID=demande_conge.ID_USER JOIN agence ON agence.AGENCE_ID=users.USER_ID GROUP BY AGENCE_ID ORDER BY ID_DEMANDE DESC')
 4 APPPATH\Controllers\dashbord\Dashbord.php(25): CodeIgniter\Database\BaseConnection->query('SELECT * FROM demande_conge JOIN type_conge ON type_conge.ID_TYPE_CONGE =demande_conge.ID_TYPE_CONGE JOIN users ON users.USER_ID=demande_conge.ID_USER JOIN agence ON agence.AGENCE_ID=users.USER_ID GROUP BY AGENCE_ID ORDER BY ID_DEMANDE DESC')
 5 APPPATH\Controllers\dashbord\Dashbord.php(15): App\Controllers\dashbord\Dashbord->get_data()
 6 SYSTEMPATH\CodeIgniter.php(941): App\Controllers\dashbord\Dashbord->index()
 7 SYSTEMPATH\CodeIgniter.php(502): CodeIgniter\CodeIgniter->runController(Object(App\Controllers\dashbord\Dashbord))
 8 SYSTEMPATH\CodeIgniter.php(361): CodeIgniter\CodeIgniter->handleRequest(null, Object(Config\Cache), false)
 9 FCPATH\index.php(79): CodeIgniter\CodeIgniter->run()
10 SYSTEMPATH\Commands\Server\rewrite.php(47): require_once('C:\\Users\\Hp\\Documents\\project\\geco\\public\\index.php')
INFO - 2025-09-05 15:12:32 --> Session: Class initialized using 'CodeIgniter\Session\Handlers\FileHandler' driver.
ERROR - 2025-09-05 15:12:32 --> mysqli_sql_exception: Column 'ID_AGENCE' in group statement is ambiguous in C:\Users\Hp\Documents\project\geco\system\Database\MySQLi\Connection.php:306
Stack trace:
#0 C:\Users\Hp\Documents\project\geco\system\Database\MySQLi\Connection.php(306): mysqli->query('SELECT * FROM d...', 0)
#1 C:\Users\Hp\Documents\project\geco\system\Database\BaseConnection.php(693): CodeIgniter\Database\MySQLi\Connection->execute('SELECT * FROM d...')
#2 C:\Users\Hp\Documents\project\geco\system\Database\BaseConnection.php(607): CodeIgniter\Database\BaseConnection->simpleQuery('SELECT * FROM d...')
#3 C:\Users\Hp\Documents\project\geco\app\Controllers\dashbord\Dashbord.php(25): CodeIgniter\Database\BaseConnection->query('SELECT * FROM d...')
#4 C:\Users\Hp\Documents\project\geco\app\Controllers\dashbord\Dashbord.php(15): App\Controllers\dashbord\Dashbord->get_data()
#5 C:\Users\Hp\Documents\project\geco\system\CodeIgniter.php(941): App\Controllers\dashbord\Dashbord->index()
#6 C:\Users\Hp\Documents\project\geco\system\CodeIgniter.php(502): CodeIgniter\CodeIgniter->runController(Object(App\Controllers\dashbord\Dashbord))
#7 C:\Users\Hp\Documents\project\geco\system\CodeIgniter.php(361): CodeIgniter\CodeIgniter->handleRequest(NULL, Object(Config\Cache), false)
#8 C:\Users\Hp\Documents\project\geco\public\index.php(79): CodeIgniter\CodeIgniter->run()
#9 C:\Users\Hp\Documents\project\geco\system\Commands\Server\rewrite.php(47): require_once('C:\\Users\\Hp\\Doc...')
#10 {main}
CRITICAL - 2025-09-05 15:12:32 --> CodeIgniter\Database\Exceptions\DatabaseException: Column 'ID_AGENCE' in group statement is ambiguous
in SYSTEMPATH\Database\BaseConnection.php on line 647.
 1 APPPATH\Controllers\dashbord\Dashbord.php(25): CodeIgniter\Database\BaseConnection->query('SELECT * FROM demande_conge JOIN type_conge ON type_conge.ID_TYPE_CONGE =demande_conge.ID_TYPE_CONGE JOIN users ON users.USER_ID=demande_conge.ID_USER JOIN agence ON agence.ID_AGENCE=users.USER_ID GROUP BY ID_AGENCE ORDER BY ID_DEMANDE DESC')
 2 APPPATH\Controllers\dashbord\Dashbord.php(15): App\Controllers\dashbord\Dashbord->get_data()
 3 SYSTEMPATH\CodeIgniter.php(941): App\Controllers\dashbord\Dashbord->index()
 4 SYSTEMPATH\CodeIgniter.php(502): CodeIgniter\CodeIgniter->runController(Object(App\Controllers\dashbord\Dashbord))
 5 SYSTEMPATH\CodeIgniter.php(361): CodeIgniter\CodeIgniter->handleRequest(null, Object(Config\Cache), false)
 6 FCPATH\index.php(79): CodeIgniter\CodeIgniter->run()
 7 SYSTEMPATH\Commands\Server\rewrite.php(47): require_once('C:\\Users\\Hp\\Documents\\project\\geco\\public\\index.php')
CRITICAL - 2025-09-05 15:12:32 --> [Caused by] CodeIgniter\Database\Exceptions\DatabaseException: Column 'ID_AGENCE' in group statement is ambiguous
in SYSTEMPATH\Database\MySQLi\Connection.php on line 311.
 1 SYSTEMPATH\Database\BaseConnection.php(693): CodeIgniter\Database\MySQLi\Connection->execute('SELECT * FROM demande_conge JOIN type_conge ON type_conge.ID_TYPE_CONGE =demande_conge.ID_TYPE_CONGE JOIN users ON users.USER_ID=demande_conge.ID_USER JOIN agence ON agence.ID_AGENCE=users.USER_ID GROUP BY ID_AGENCE ORDER BY ID_DEMANDE DESC')
 2 SYSTEMPATH\Database\BaseConnection.php(607): CodeIgniter\Database\BaseConnection->simpleQuery('SELECT * FROM demande_conge JOIN type_conge ON type_conge.ID_TYPE_CONGE =demande_conge.ID_TYPE_CONGE JOIN users ON users.USER_ID=demande_conge.ID_USER JOIN agence ON agence.ID_AGENCE=users.USER_ID GROUP BY ID_AGENCE ORDER BY ID_DEMANDE DESC')
 3 APPPATH\Controllers\dashbord\Dashbord.php(25): CodeIgniter\Database\BaseConnection->query('SELECT * FROM demande_conge JOIN type_conge ON type_conge.ID_TYPE_CONGE =demande_conge.ID_TYPE_CONGE JOIN users ON users.USER_ID=demande_conge.ID_USER JOIN agence ON agence.ID_AGENCE=users.USER_ID GROUP BY ID_AGENCE ORDER BY ID_DEMANDE DESC')
 4 APPPATH\Controllers\dashbord\Dashbord.php(15): App\Controllers\dashbord\Dashbord->get_data()
 5 SYSTEMPATH\CodeIgniter.php(941): App\Controllers\dashbord\Dashbord->index()
 6 SYSTEMPATH\CodeIgniter.php(502): CodeIgniter\CodeIgniter->runController(Object(App\Controllers\dashbord\Dashbord))
 7 SYSTEMPATH\CodeIgniter.php(361): CodeIgniter\CodeIgniter->handleRequest(null, Object(Config\Cache), false)
 8 FCPATH\index.php(79): CodeIgniter\CodeIgniter->run()
 9 SYSTEMPATH\Commands\Server\rewrite.php(47): require_once('C:\\Users\\Hp\\Documents\\project\\geco\\public\\index.php')
CRITICAL - 2025-09-05 15:12:32 --> [Caused by] mysqli_sql_exception: Column 'ID_AGENCE' in group statement is ambiguous
in SYSTEMPATH\Database\MySQLi\Connection.php on line 306.
 1 SYSTEMPATH\Database\MySQLi\Connection.php(306): mysqli->query('SELECT * FROM demande_conge JOIN type_conge ON type_conge.ID_TYPE_CONGE =demande_conge.ID_TYPE_CONGE JOIN users ON users.USER_ID=demande_conge.ID_USER JOIN agence ON agence.ID_AGENCE=users.USER_ID GROUP BY ID_AGENCE ORDER BY ID_DEMANDE DESC', 0)
 2 SYSTEMPATH\Database\BaseConnection.php(693): CodeIgniter\Database\MySQLi\Connection->execute('SELECT * FROM demande_conge JOIN type_conge ON type_conge.ID_TYPE_CONGE =demande_conge.ID_TYPE_CONGE JOIN users ON users.USER_ID=demande_conge.ID_USER JOIN agence ON agence.ID_AGENCE=users.USER_ID GROUP BY ID_AGENCE ORDER BY ID_DEMANDE DESC')
 3 SYSTEMPATH\Database\BaseConnection.php(607): CodeIgniter\Database\BaseConnection->simpleQuery('SELECT * FROM demande_conge JOIN type_conge ON type_conge.ID_TYPE_CONGE =demande_conge.ID_TYPE_CONGE JOIN users ON users.USER_ID=demande_conge.ID_USER JOIN agence ON agence.ID_AGENCE=users.USER_ID GROUP BY ID_AGENCE ORDER BY ID_DEMANDE DESC')
 4 APPPATH\Controllers\dashbord\Dashbord.php(25): CodeIgniter\Database\BaseConnection->query('SELECT * FROM demande_conge JOIN type_conge ON type_conge.ID_TYPE_CONGE =demande_conge.ID_TYPE_CONGE JOIN users ON users.USER_ID=demande_conge.ID_USER JOIN agence ON agence.ID_AGENCE=users.USER_ID GROUP BY ID_AGENCE ORDER BY ID_DEMANDE DESC')
 5 APPPATH\Controllers\dashbord\Dashbord.php(15): App\Controllers\dashbord\Dashbord->get_data()
 6 SYSTEMPATH\CodeIgniter.php(941): App\Controllers\dashbord\Dashbord->index()
 7 SYSTEMPATH\CodeIgniter.php(502): CodeIgniter\CodeIgniter->runController(Object(App\Controllers\dashbord\Dashbord))
 8 SYSTEMPATH\CodeIgniter.php(361): CodeIgniter\CodeIgniter->handleRequest(null, Object(Config\Cache), false)
 9 FCPATH\index.php(79): CodeIgniter\CodeIgniter->run()
10 SYSTEMPATH\Commands\Server\rewrite.php(47): require_once('C:\\Users\\Hp\\Documents\\project\\geco\\public\\index.php')
INFO - 2025-09-05 15:12:52 --> Session: Class initialized using 'CodeIgniter\Session\Handlers\FileHandler' driver.
CRITICAL - 2025-09-05 15:12:52 --> ErrorException: Attempt to read property "NOM_USER" on array
in APPPATH\Views\dashbord\Dashbord_view.php on line 131.
 1 APPPATH\Views\dashbord\Dashbord_view.php(131): CodeIgniter\Debug\Exceptions->errorHandler(2, 'Attempt to read property "NOM_USER" on array', 'C:\\Users\\Hp\\Documents\\project\\geco\\app\\Views\\dashbord\\Dashbord_view.php', 131)
 2 SYSTEMPATH\View\View.php(228): include('C:\\Users\\Hp\\Documents\\project\\geco\\app\\Views\\dashbord\\Dashbord_view.php')
 3 SYSTEMPATH\View\View.php(231): CodeIgniter\View\View->CodeIgniter\View\{closure}()
 4 SYSTEMPATH\Common.php(1178): CodeIgniter\View\View->render('dashbord/Dashbord_view', [], true)
 5 APPPATH\Controllers\dashbord\Dashbord.php(16): view('dashbord/Dashbord_view', [...])
 6 SYSTEMPATH\CodeIgniter.php(941): App\Controllers\dashbord\Dashbord->index()
 7 SYSTEMPATH\CodeIgniter.php(502): CodeIgniter\CodeIgniter->runController(Object(App\Controllers\dashbord\Dashbord))
 8 SYSTEMPATH\CodeIgniter.php(361): CodeIgniter\CodeIgniter->handleRequest(null, Object(Config\Cache), false)
 9 FCPATH\index.php(79): CodeIgniter\CodeIgniter->run()
10 SYSTEMPATH\Commands\Server\rewrite.php(47): require_once('C:\\Users\\Hp\\Documents\\project\\geco\\public\\index.php')
INFO - 2025-09-05 15:13:23 --> Session: Class initialized using 'CodeIgniter\Session\Handlers\FileHandler' driver.
INFO - 2025-09-05 15:22:09 --> Session: Class initialized using 'CodeIgniter\Session\Handlers\FileHandler' driver.
INFO - 2025-09-05 15:25:34 --> Session: Class initialized using 'CodeIgniter\Session\Handlers\FileHandler' driver.
CRITICAL - 2025-09-05 15:25:34 --> ErrorException: Array to string conversion
in APPPATH\Views\dashbord\Dashbord_view.php on line 91.
 1 APPPATH\Views\dashbord\Dashbord_view.php(91): CodeIgniter\Debug\Exceptions->errorHandler(2, 'Array to string conversion', 'C:\\Users\\Hp\\Documents\\project\\geco\\app\\Views\\dashbord\\Dashbord_view.php', 91)
 2 SYSTEMPATH\View\View.php(228): include('C:\\Users\\Hp\\Documents\\project\\geco\\app\\Views\\dashbord\\Dashbord_view.php')
 3 SYSTEMPATH\View\View.php(231): CodeIgniter\View\View->CodeIgniter\View\{closure}()
 4 SYSTEMPATH\Common.php(1178): CodeIgniter\View\View->render('dashbord/Dashbord_view', [], true)
 5 APPPATH\Controllers\dashbord\Dashbord.php(24): view('dashbord/Dashbord_view', [...])
 6 SYSTEMPATH\CodeIgniter.php(941): App\Controllers\dashbord\Dashbord->index()
 7 SYSTEMPATH\CodeIgniter.php(502): CodeIgniter\CodeIgniter->runController(Object(App\Controllers\dashbord\Dashbord))
 8 SYSTEMPATH\CodeIgniter.php(361): CodeIgniter\CodeIgniter->handleRequest(null, Object(Config\Cache), false)
 9 FCPATH\index.php(79): CodeIgniter\CodeIgniter->run()
10 SYSTEMPATH\Commands\Server\rewrite.php(47): require_once('C:\\Users\\Hp\\Documents\\project\\geco\\public\\index.php')
INFO - 2025-09-05 15:26:13 --> Session: Class initialized using 'CodeIgniter\Session\Handlers\FileHandler' driver.
INFO - 2025-09-05 15:31:26 --> Session: Class initialized using 'CodeIgniter\Session\Handlers\FileHandler' driver.
INFO - 2025-09-05 15:31:37 --> Session: Class initialized using 'CodeIgniter\Session\Handlers\FileHandler' driver.
INFO - 2025-09-05 15:34:17 --> Session: Class initialized using 'CodeIgniter\Session\Handlers\FileHandler' driver.
CRITICAL - 2025-09-05 15:34:17 --> ErrorException: Undefined property: stdClass::$DESC_AGENCE
in APPPATH\Controllers\dashbord\Dashbord.php on line 22.
 1 APPPATH\Controllers\dashbord\Dashbord.php(22): CodeIgniter\Debug\Exceptions->errorHandler(2, 'Undefined property: stdClass::$DESC_AGENCE', 'C:\\Users\\Hp\\Documents\\project\\geco\\app\\Controllers\\dashbord\\Dashbord.php', 22)
 2 SYSTEMPATH\CodeIgniter.php(941): App\Controllers\dashbord\Dashbord->index()
 3 SYSTEMPATH\CodeIgniter.php(502): CodeIgniter\CodeIgniter->runController(Object(App\Controllers\dashbord\Dashbord))
 4 SYSTEMPATH\CodeIgniter.php(361): CodeIgniter\CodeIgniter->handleRequest(null, Object(Config\Cache), false)
 5 FCPATH\index.php(79): CodeIgniter\CodeIgniter->run()
 6 SYSTEMPATH\Commands\Server\rewrite.php(47): require_once('C:\\Users\\Hp\\Documents\\project\\geco\\public\\index.php')
INFO - 2025-09-05 15:34:59 --> Session: Class initialized using 'CodeIgniter\Session\Handlers\FileHandler' driver.
