ERROR - 2026-04-03 07:42:33 --> Error connecting to the database: mysqli_sql_exception: Aucune connexion n’a pu être établie car l’ordinateur cible l’a expressément refusée in C:\xampp\htdocs\sa_maria\system\Database\MySQLi\Connection.php:185
Stack trace:
#0 C:\xampp\htdocs\sa_maria\system\Database\MySQLi\Connection.php(185): mysqli->real_connect('localhost', 'root', '', 'sa_maria', 3306, '', 0)
#1 C:\xampp\htdocs\sa_maria\system\Database\BaseConnection.php(392): CodeIgniter\Database\MySQLi\Connection->connect(false)
#2 C:\xampp\htdocs\sa_maria\system\Session\Handlers\DatabaseHandler.php(98): CodeIgniter\Database\BaseConnection->initialize()
#3 [internal function]: CodeIgniter\Session\Handlers\DatabaseHandler->open('ci_sessions', 'ci_session')
#4 C:\xampp\htdocs\sa_maria\system\Session\Session.php(919): session_start()
#5 C:\xampp\htdocs\sa_maria\system\Session\Session.php(241): CodeIgniter\Session\Session->startSession()
#6 C:\xampp\htdocs\sa_maria\system\Config\Services.php(693): CodeIgniter\Session\Session->start()
#7 C:\xampp\htdocs\sa_maria\system\Config\BaseService.php(258): CodeIgniter\Config\Services::session(Object(Config\Session), false)
#8 C:\xampp\htdocs\sa_maria\system\Config\BaseService.php(199): CodeIgniter\Config\BaseService::__callStatic('session', Array)
#9 C:\xampp\htdocs\sa_maria\system\Config\Services.php(664): CodeIgniter\Config\BaseService::getSharedInstance('session', NULL)
#10 C:\xampp\htdocs\sa_maria\system\Config\BaseService.php(258): CodeIgniter\Config\Services::session()
#11 C:\xampp\htdocs\sa_maria\app\Controllers\BaseController.php(31): CodeIgniter\Config\BaseService::__callStatic('session', Array)
#12 C:\xampp\htdocs\sa_maria\system\CodeIgniter.php(914): App\Controllers\BaseController->initController(Object(CodeIgniter\HTTP\IncomingRequest), Object(CodeIgniter\HTTP\Response), Object(CodeIgniter\Log\Logger))
#13 C:\xampp\htdocs\sa_maria\system\CodeIgniter.php(493): CodeIgniter\CodeIgniter->createController()
#14 C:\xampp\htdocs\sa_maria\system\CodeIgniter.php(361): CodeIgniter\CodeIgniter->handleRequest(NULL, Object(Config\Cache), false)
#15 C:\xampp\htdocs\sa_maria\public\index.php(79): CodeIgniter\CodeIgniter->run()
#16 C:\xampp\htdocs\sa_maria\system\Commands\Server\rewrite.php(47): require_once('C:\\xampp\\htdocs...')
#17 {main}

Next CodeIgniter\Database\Exceptions\DatabaseException: Aucune connexion n’a pu être établie car l’ordinateur cible l’a expressément refusée in C:\xampp\htdocs\sa_maria\system\Database\MySQLi\Connection.php:229
Stack trace:
#0 C:\xampp\htdocs\sa_maria\system\Database\BaseConnection.php(392): CodeIgniter\Database\MySQLi\Connection->connect(false)
#1 C:\xampp\htdocs\sa_maria\system\Session\Handlers\DatabaseHandler.php(98): CodeIgniter\Database\BaseConnection->initialize()
#2 [internal function]: CodeIgniter\Session\Handlers\DatabaseHandler->open('ci_sessions', 'ci_session')
#3 C:\xampp\htdocs\sa_maria\system\Session\Session.php(919): session_start()
#4 C:\xampp\htdocs\sa_maria\system\Session\Session.php(241): CodeIgniter\Session\Session->startSession()
#5 C:\xampp\htdocs\sa_maria\system\Config\Services.php(693): CodeIgniter\Session\Session->start()
#6 C:\xampp\htdocs\sa_maria\system\Config\BaseService.php(258): CodeIgniter\Config\Services::session(Object(Config\Session), false)
#7 C:\xampp\htdocs\sa_maria\system\Config\BaseService.php(199): CodeIgniter\Config\BaseService::__callStatic('session', Array)
#8 C:\xampp\htdocs\sa_maria\system\Config\Services.php(664): CodeIgniter\Config\BaseService::getSharedInstance('session', NULL)
#9 C:\xampp\htdocs\sa_maria\system\Config\BaseService.php(258): CodeIgniter\Config\Services::session()
#10 C:\xampp\htdocs\sa_maria\app\Controllers\BaseController.php(31): CodeIgniter\Config\BaseService::__callStatic('session', Array)
#11 C:\xampp\htdocs\sa_maria\system\CodeIgniter.php(914): App\Controllers\BaseController->initController(Object(CodeIgniter\HTTP\IncomingRequest), Object(CodeIgniter\HTTP\Response), Object(CodeIgniter\Log\Logger))
#12 C:\xampp\htdocs\sa_maria\system\CodeIgniter.php(493): CodeIgniter\CodeIgniter->createController()
#13 C:\xampp\htdocs\sa_maria\system\CodeIgniter.php(361): CodeIgniter\CodeIgniter->handleRequest(NULL, Object(Config\Cache), false)
#14 C:\xampp\htdocs\sa_maria\public\index.php(79): CodeIgniter\CodeIgniter->run()
#15 C:\xampp\htdocs\sa_maria\system\Commands\Server\rewrite.php(47): require_once('C:\\xampp\\htdocs...')
#16 {main}
CRITICAL - 2026-04-03 07:42:33 --> CodeIgniter\Database\Exceptions\DatabaseException: Unable to connect to the database.
Main connection [MySQLi]: Aucune connexion n’a pu être établie car l’ordinateur cible l’a expressément refusée
in SYSTEMPATH\Database\BaseConnection.php on line 428.
 1 SYSTEMPATH\Session\Handlers\DatabaseHandler.php(98): CodeIgniter\Database\BaseConnection->initialize()
 2 [internal function]: CodeIgniter\Session\Handlers\DatabaseHandler->open('ci_sessions', 'ci_session')
 3 SYSTEMPATH\Session\Session.php(919): session_start()
 4 SYSTEMPATH\Session\Session.php(241): CodeIgniter\Session\Session->startSession()
 5 SYSTEMPATH\Config\Services.php(693): CodeIgniter\Session\Session->start()
 6 SYSTEMPATH\Config\BaseService.php(258): CodeIgniter\Config\Services::session(Object(Config\Session), false)
 7 SYSTEMPATH\Config\BaseService.php(199): CodeIgniter\Config\BaseService::__callStatic('session', [...])
 8 SYSTEMPATH\Config\Services.php(664): CodeIgniter\Config\BaseService::getSharedInstance('session', null)
 9 SYSTEMPATH\Config\BaseService.php(258): CodeIgniter\Config\Services::session()
10 APPPATH\Controllers\BaseController.php(31): CodeIgniter\Config\BaseService::__callStatic('session', [])
11 SYSTEMPATH\CodeIgniter.php(914): App\Controllers\BaseController->initController(Object(CodeIgniter\HTTP\IncomingRequest), Object(CodeIgniter\HTTP\Response), Object(CodeIgniter\Log\Logger))
12 SYSTEMPATH\CodeIgniter.php(493): CodeIgniter\CodeIgniter->createController()
13 SYSTEMPATH\CodeIgniter.php(361): CodeIgniter\CodeIgniter->handleRequest(null, Object(Config\Cache), false)
14 FCPATH\index.php(79): CodeIgniter\CodeIgniter->run()
15 SYSTEMPATH\Commands\Server\rewrite.php(47): require_once('C:\\xampp\\htdocs\\sa_maria\\public\\index.php')
INFO - 2026-04-03 07:44:05 --> Session: Class initialized using 'CodeIgniter\Session\Handlers\DatabaseHandler' driver.
INFO - 2026-04-03 07:44:13 --> Session: Class initialized using 'CodeIgniter\Session\Handlers\DatabaseHandler' driver.
INFO - 2026-04-03 07:44:13 --> Session: Class initialized using 'CodeIgniter\Session\Handlers\DatabaseHandler' driver.
INFO - 2026-04-03 07:44:15 --> Session: Class initialized using 'CodeIgniter\Session\Handlers\DatabaseHandler' driver.
INFO - 2026-04-03 07:44:19 --> Session: Class initialized using 'CodeIgniter\Session\Handlers\DatabaseHandler' driver.
INFO - 2026-04-03 07:44:30 --> Session: Class initialized using 'CodeIgniter\Session\Handlers\DatabaseHandler' driver.
INFO - 2026-04-03 07:45:32 --> Session: Class initialized using 'CodeIgniter\Session\Handlers\DatabaseHandler' driver.
INFO - 2026-04-03 07:45:35 --> Session: Class initialized using 'CodeIgniter\Session\Handlers\DatabaseHandler' driver.
INFO - 2026-04-03 07:46:27 --> Session: Class initialized using 'CodeIgniter\Session\Handlers\DatabaseHandler' driver.
INFO - 2026-04-03 07:49:29 --> Session: Class initialized using 'CodeIgniter\Session\Handlers\DatabaseHandler' driver.
INFO - 2026-04-03 07:49:32 --> Session: Class initialized using 'CodeIgniter\Session\Handlers\DatabaseHandler' driver.
INFO - 2026-04-03 07:50:48 --> Session: Class initialized using 'CodeIgniter\Session\Handlers\DatabaseHandler' driver.
INFO - 2026-04-03 07:53:21 --> Session: Class initialized using 'CodeIgniter\Session\Handlers\DatabaseHandler' driver.
INFO - 2026-04-03 07:57:05 --> Session: Class initialized using 'CodeIgniter\Session\Handlers\DatabaseHandler' driver.
INFO - 2026-04-03 07:58:32 --> Session: Class initialized using 'CodeIgniter\Session\Handlers\DatabaseHandler' driver.
ERROR - 2026-04-03 08:00:42 --> Error connecting to the database: mysqli_sql_exception: Aucune connexion n’a pu être établie car l’ordinateur cible l’a expressément refusée in C:\xampp\htdocs\sa_maria\system\Database\MySQLi\Connection.php:185
Stack trace:
#0 C:\xampp\htdocs\sa_maria\system\Database\MySQLi\Connection.php(185): mysqli->real_connect('localhost', 'root', '', 'sa_maria', 3306, '', 0)
#1 C:\xampp\htdocs\sa_maria\system\Database\BaseConnection.php(392): CodeIgniter\Database\MySQLi\Connection->connect(false)
#2 C:\xampp\htdocs\sa_maria\system\Session\Handlers\DatabaseHandler.php(98): CodeIgniter\Database\BaseConnection->initialize()
#3 [internal function]: CodeIgniter\Session\Handlers\DatabaseHandler->open('ci_sessions', 'ci_session')
#4 C:\xampp\htdocs\sa_maria\system\Session\Session.php(919): session_start()
#5 C:\xampp\htdocs\sa_maria\system\Session\Session.php(241): CodeIgniter\Session\Session->startSession()
#6 C:\xampp\htdocs\sa_maria\system\Config\Services.php(693): CodeIgniter\Session\Session->start()
#7 C:\xampp\htdocs\sa_maria\system\Config\BaseService.php(258): CodeIgniter\Config\Services::session(Object(Config\Session), false)
#8 C:\xampp\htdocs\sa_maria\system\Config\BaseService.php(199): CodeIgniter\Config\BaseService::__callStatic('session', Array)
#9 C:\xampp\htdocs\sa_maria\system\Config\Services.php(664): CodeIgniter\Config\BaseService::getSharedInstance('session', NULL)
#10 C:\xampp\htdocs\sa_maria\system\Config\BaseService.php(258): CodeIgniter\Config\Services::session()
#11 C:\xampp\htdocs\sa_maria\app\Controllers\BaseController.php(31): CodeIgniter\Config\BaseService::__callStatic('session', Array)
#12 C:\xampp\htdocs\sa_maria\system\CodeIgniter.php(914): App\Controllers\BaseController->initController(Object(CodeIgniter\HTTP\IncomingRequest), Object(CodeIgniter\HTTP\Response), Object(CodeIgniter\Log\Logger))
#13 C:\xampp\htdocs\sa_maria\system\CodeIgniter.php(493): CodeIgniter\CodeIgniter->createController()
#14 C:\xampp\htdocs\sa_maria\system\CodeIgniter.php(361): CodeIgniter\CodeIgniter->handleRequest(NULL, Object(Config\Cache), false)
#15 C:\xampp\htdocs\sa_maria\public\index.php(79): CodeIgniter\CodeIgniter->run()
#16 C:\xampp\htdocs\sa_maria\system\Commands\Server\rewrite.php(47): require_once('C:\\xampp\\htdocs...')
#17 {main}

Next CodeIgniter\Database\Exceptions\DatabaseException: Aucune connexion n’a pu être établie car l’ordinateur cible l’a expressément refusée in C:\xampp\htdocs\sa_maria\system\Database\MySQLi\Connection.php:229
Stack trace:
#0 C:\xampp\htdocs\sa_maria\system\Database\BaseConnection.php(392): CodeIgniter\Database\MySQLi\Connection->connect(false)
#1 C:\xampp\htdocs\sa_maria\system\Session\Handlers\DatabaseHandler.php(98): CodeIgniter\Database\BaseConnection->initialize()
#2 [internal function]: CodeIgniter\Session\Handlers\DatabaseHandler->open('ci_sessions', 'ci_session')
#3 C:\xampp\htdocs\sa_maria\system\Session\Session.php(919): session_start()
#4 C:\xampp\htdocs\sa_maria\system\Session\Session.php(241): CodeIgniter\Session\Session->startSession()
#5 C:\xampp\htdocs\sa_maria\system\Config\Services.php(693): CodeIgniter\Session\Session->start()
#6 C:\xampp\htdocs\sa_maria\system\Config\BaseService.php(258): CodeIgniter\Config\Services::session(Object(Config\Session), false)
#7 C:\xampp\htdocs\sa_maria\system\Config\BaseService.php(199): CodeIgniter\Config\BaseService::__callStatic('session', Array)
#8 C:\xampp\htdocs\sa_maria\system\Config\Services.php(664): CodeIgniter\Config\BaseService::getSharedInstance('session', NULL)
#9 C:\xampp\htdocs\sa_maria\system\Config\BaseService.php(258): CodeIgniter\Config\Services::session()
#10 C:\xampp\htdocs\sa_maria\app\Controllers\BaseController.php(31): CodeIgniter\Config\BaseService::__callStatic('session', Array)
#11 C:\xampp\htdocs\sa_maria\system\CodeIgniter.php(914): App\Controllers\BaseController->initController(Object(CodeIgniter\HTTP\IncomingRequest), Object(CodeIgniter\HTTP\Response), Object(CodeIgniter\Log\Logger))
#12 C:\xampp\htdocs\sa_maria\system\CodeIgniter.php(493): CodeIgniter\CodeIgniter->createController()
#13 C:\xampp\htdocs\sa_maria\system\CodeIgniter.php(361): CodeIgniter\CodeIgniter->handleRequest(NULL, Object(Config\Cache), false)
#14 C:\xampp\htdocs\sa_maria\public\index.php(79): CodeIgniter\CodeIgniter->run()
#15 C:\xampp\htdocs\sa_maria\system\Commands\Server\rewrite.php(47): require_once('C:\\xampp\\htdocs...')
#16 {main}
CRITICAL - 2026-04-03 08:00:42 --> CodeIgniter\Database\Exceptions\DatabaseException: Unable to connect to the database.
Main connection [MySQLi]: Aucune connexion n’a pu être établie car l’ordinateur cible l’a expressément refusée
in SYSTEMPATH\Database\BaseConnection.php on line 428.
 1 SYSTEMPATH\Session\Handlers\DatabaseHandler.php(98): CodeIgniter\Database\BaseConnection->initialize()
 2 [internal function]: CodeIgniter\Session\Handlers\DatabaseHandler->open('ci_sessions', 'ci_session')
 3 SYSTEMPATH\Session\Session.php(919): session_start()
 4 SYSTEMPATH\Session\Session.php(241): CodeIgniter\Session\Session->startSession()
 5 SYSTEMPATH\Config\Services.php(693): CodeIgniter\Session\Session->start()
 6 SYSTEMPATH\Config\BaseService.php(258): CodeIgniter\Config\Services::session(Object(Config\Session), false)
 7 SYSTEMPATH\Config\BaseService.php(199): CodeIgniter\Config\BaseService::__callStatic('session', [...])
 8 SYSTEMPATH\Config\Services.php(664): CodeIgniter\Config\BaseService::getSharedInstance('session', null)
 9 SYSTEMPATH\Config\BaseService.php(258): CodeIgniter\Config\Services::session()
10 APPPATH\Controllers\BaseController.php(31): CodeIgniter\Config\BaseService::__callStatic('session', [])
11 SYSTEMPATH\CodeIgniter.php(914): App\Controllers\BaseController->initController(Object(CodeIgniter\HTTP\IncomingRequest), Object(CodeIgniter\HTTP\Response), Object(CodeIgniter\Log\Logger))
12 SYSTEMPATH\CodeIgniter.php(493): CodeIgniter\CodeIgniter->createController()
13 SYSTEMPATH\CodeIgniter.php(361): CodeIgniter\CodeIgniter->handleRequest(null, Object(Config\Cache), false)
14 FCPATH\index.php(79): CodeIgniter\CodeIgniter->run()
15 SYSTEMPATH\Commands\Server\rewrite.php(47): require_once('C:\\xampp\\htdocs\\sa_maria\\public\\index.php')
INFO - 2026-04-03 08:00:53 --> Session: Class initialized using 'CodeIgniter\Session\Handlers\DatabaseHandler' driver.
INFO - 2026-04-03 08:01:23 --> Session: Class initialized using 'CodeIgniter\Session\Handlers\DatabaseHandler' driver.
INFO - 2026-04-03 08:06:57 --> Session: Class initialized using 'CodeIgniter\Session\Handlers\DatabaseHandler' driver.
INFO - 2026-04-03 08:07:56 --> Session: Class initialized using 'CodeIgniter\Session\Handlers\DatabaseHandler' driver.
INFO - 2026-04-03 10:07:51 --> Session: Class initialized using 'CodeIgniter\Session\Handlers\DatabaseHandler' driver.
INFO - 2026-04-03 12:10:47 --> Session: Class initialized using 'CodeIgniter\Session\Handlers\DatabaseHandler' driver.
INFO - 2026-04-03 12:11:40 --> Session: Class initialized using 'CodeIgniter\Session\Handlers\DatabaseHandler' driver.
INFO - 2026-04-03 12:11:59 --> Session: Class initialized using 'CodeIgniter\Session\Handlers\DatabaseHandler' driver.
INFO - 2026-04-03 12:12:47 --> Session: Class initialized using 'CodeIgniter\Session\Handlers\DatabaseHandler' driver.
INFO - 2026-04-03 12:15:24 --> Session: Class initialized using 'CodeIgniter\Session\Handlers\DatabaseHandler' driver.
INFO - 2026-04-03 12:15:50 --> Session: Class initialized using 'CodeIgniter\Session\Handlers\DatabaseHandler' driver.
INFO - 2026-04-03 12:16:56 --> Session: Class initialized using 'CodeIgniter\Session\Handlers\DatabaseHandler' driver.
INFO - 2026-04-03 12:17:20 --> Session: Class initialized using 'CodeIgniter\Session\Handlers\DatabaseHandler' driver.
INFO - 2026-04-03 12:18:55 --> Session: Class initialized using 'CodeIgniter\Session\Handlers\DatabaseHandler' driver.
INFO - 2026-04-03 12:19:36 --> Session: Class initialized using 'CodeIgniter\Session\Handlers\DatabaseHandler' driver.
INFO - 2026-04-03 12:20:06 --> Session: Class initialized using 'CodeIgniter\Session\Handlers\DatabaseHandler' driver.
INFO - 2026-04-03 12:21:34 --> Session: Class initialized using 'CodeIgniter\Session\Handlers\DatabaseHandler' driver.
INFO - 2026-04-03 12:22:07 --> Session: Class initialized using 'CodeIgniter\Session\Handlers\DatabaseHandler' driver.
INFO - 2026-04-03 12:23:55 --> Session: Class initialized using 'CodeIgniter\Session\Handlers\DatabaseHandler' driver.
INFO - 2026-04-03 12:24:52 --> Session: Class initialized using 'CodeIgniter\Session\Handlers\DatabaseHandler' driver.
INFO - 2026-04-03 12:25:26 --> Session: Class initialized using 'CodeIgniter\Session\Handlers\DatabaseHandler' driver.
INFO - 2026-04-03 12:25:44 --> Session: Class initialized using 'CodeIgniter\Session\Handlers\DatabaseHandler' driver.
INFO - 2026-04-03 12:28:00 --> Session: Class initialized using 'CodeIgniter\Session\Handlers\DatabaseHandler' driver.
INFO - 2026-04-03 12:28:24 --> Session: Class initialized using 'CodeIgniter\Session\Handlers\DatabaseHandler' driver.
INFO - 2026-04-03 12:28:37 --> Session: Class initialized using 'CodeIgniter\Session\Handlers\DatabaseHandler' driver.
INFO - 2026-04-03 12:37:45 --> Session: Class initialized using 'CodeIgniter\Session\Handlers\DatabaseHandler' driver.
INFO - 2026-04-03 12:40:48 --> Session: Class initialized using 'CodeIgniter\Session\Handlers\DatabaseHandler' driver.
INFO - 2026-04-03 12:44:03 --> Session: Class initialized using 'CodeIgniter\Session\Handlers\DatabaseHandler' driver.
INFO - 2026-04-03 12:51:54 --> Session: Class initialized using 'CodeIgniter\Session\Handlers\DatabaseHandler' driver.
INFO - 2026-04-03 12:53:23 --> Session: Class initialized using 'CodeIgniter\Session\Handlers\DatabaseHandler' driver.
INFO - 2026-04-03 12:57:03 --> Session: Class initialized using 'CodeIgniter\Session\Handlers\DatabaseHandler' driver.
INFO - 2026-04-03 12:57:45 --> Session: Class initialized using 'CodeIgniter\Session\Handlers\DatabaseHandler' driver.
INFO - 2026-04-03 12:58:45 --> Session: Class initialized using 'CodeIgniter\Session\Handlers\DatabaseHandler' driver.
INFO - 2026-04-03 12:59:15 --> Session: Class initialized using 'CodeIgniter\Session\Handlers\DatabaseHandler' driver.
INFO - 2026-04-03 13:01:10 --> Session: Class initialized using 'CodeIgniter\Session\Handlers\DatabaseHandler' driver.
INFO - 2026-04-03 13:01:38 --> Session: Class initialized using 'CodeIgniter\Session\Handlers\DatabaseHandler' driver.
INFO - 2026-04-03 13:02:12 --> Session: Class initialized using 'CodeIgniter\Session\Handlers\DatabaseHandler' driver.
INFO - 2026-04-03 13:02:30 --> Session: Class initialized using 'CodeIgniter\Session\Handlers\DatabaseHandler' driver.
INFO - 2026-04-03 13:02:49 --> Session: Class initialized using 'CodeIgniter\Session\Handlers\DatabaseHandler' driver.
INFO - 2026-04-03 13:05:19 --> Session: Class initialized using 'CodeIgniter\Session\Handlers\DatabaseHandler' driver.
INFO - 2026-04-03 13:08:01 --> Session: Class initialized using 'CodeIgniter\Session\Handlers\DatabaseHandler' driver.
INFO - 2026-04-03 13:08:27 --> Session: Class initialized using 'CodeIgniter\Session\Handlers\DatabaseHandler' driver.
INFO - 2026-04-03 13:09:50 --> Session: Class initialized using 'CodeIgniter\Session\Handlers\DatabaseHandler' driver.
INFO - 2026-04-03 13:10:48 --> Session: Class initialized using 'CodeIgniter\Session\Handlers\DatabaseHandler' driver.
INFO - 2026-04-03 13:11:22 --> Session: Class initialized using 'CodeIgniter\Session\Handlers\DatabaseHandler' driver.
INFO - 2026-04-03 13:13:53 --> Session: Class initialized using 'CodeIgniter\Session\Handlers\DatabaseHandler' driver.
INFO - 2026-04-03 13:15:11 --> Session: Class initialized using 'CodeIgniter\Session\Handlers\DatabaseHandler' driver.
INFO - 2026-04-03 13:16:32 --> Session: Class initialized using 'CodeIgniter\Session\Handlers\DatabaseHandler' driver.
INFO - 2026-04-03 13:17:03 --> Session: Class initialized using 'CodeIgniter\Session\Handlers\DatabaseHandler' driver.
INFO - 2026-04-03 13:19:48 --> Session: Class initialized using 'CodeIgniter\Session\Handlers\DatabaseHandler' driver.
INFO - 2026-04-03 13:20:56 --> Session: Class initialized using 'CodeIgniter\Session\Handlers\DatabaseHandler' driver.
INFO - 2026-04-03 13:22:17 --> Session: Class initialized using 'CodeIgniter\Session\Handlers\DatabaseHandler' driver.
INFO - 2026-04-03 13:25:40 --> Session: Class initialized using 'CodeIgniter\Session\Handlers\DatabaseHandler' driver.
INFO - 2026-04-03 13:26:16 --> Session: Class initialized using 'CodeIgniter\Session\Handlers\DatabaseHandler' driver.
INFO - 2026-04-03 13:28:07 --> Session: Class initialized using 'CodeIgniter\Session\Handlers\DatabaseHandler' driver.
INFO - 2026-04-03 13:28:28 --> Session: Class initialized using 'CodeIgniter\Session\Handlers\DatabaseHandler' driver.
INFO - 2026-04-03 13:29:01 --> Session: Class initialized using 'CodeIgniter\Session\Handlers\DatabaseHandler' driver.
INFO - 2026-04-03 13:30:11 --> Session: Class initialized using 'CodeIgniter\Session\Handlers\DatabaseHandler' driver.
INFO - 2026-04-03 13:30:51 --> Session: Class initialized using 'CodeIgniter\Session\Handlers\DatabaseHandler' driver.
INFO - 2026-04-03 13:32:04 --> Session: Class initialized using 'CodeIgniter\Session\Handlers\DatabaseHandler' driver.
INFO - 2026-04-03 13:32:16 --> Session: Class initialized using 'CodeIgniter\Session\Handlers\DatabaseHandler' driver.
INFO - 2026-04-03 13:32:26 --> Session: Class initialized using 'CodeIgniter\Session\Handlers\DatabaseHandler' driver.
INFO - 2026-04-03 13:32:42 --> Session: Class initialized using 'CodeIgniter\Session\Handlers\DatabaseHandler' driver.
CRITICAL - 2026-04-03 13:38:32 --> ErrorException: Declaration of App\Controllers\Achat\Achat::save() must be compatible with App\Controllers\BaseController::save($table, $datacolumsinsert)
in APPPATH\Controllers\Achat\Achat.php on line 27.
 1 [internal function]: CodeIgniter\Debug\Exceptions->shutdownHandler()
CRITICAL - 2026-04-03 13:38:54 --> ErrorException: Declaration of App\Controllers\Achat\Achat::save() must be compatible with App\Controllers\BaseController::save($table, $datacolumsinsert)
in APPPATH\Controllers\Achat\Achat.php on line 27.
 1 [internal function]: CodeIgniter\Debug\Exceptions->shutdownHandler()
CRITICAL - 2026-04-03 13:39:09 --> ErrorException: Declaration of App\Controllers\Achat\Achat::save() must be compatible with App\Controllers\BaseController::save($table, $datacolumsinsert)
in APPPATH\Controllers\Achat\Achat.php on line 27.
 1 [internal function]: CodeIgniter\Debug\Exceptions->shutdownHandler()
INFO - 2026-04-03 13:40:45 --> Session: Class initialized using 'CodeIgniter\Session\Handlers\DatabaseHandler' driver.
INFO - 2026-04-03 13:40:58 --> Session: Class initialized using 'CodeIgniter\Session\Handlers\DatabaseHandler' driver.
INFO - 2026-04-03 13:41:48 --> Session: Class initialized using 'CodeIgniter\Session\Handlers\DatabaseHandler' driver.
INFO - 2026-04-03 13:52:49 --> Session: Class initialized using 'CodeIgniter\Session\Handlers\DatabaseHandler' driver.
INFO - 2026-04-03 13:53:18 --> Session: Class initialized using 'CodeIgniter\Session\Handlers\DatabaseHandler' driver.
CRITICAL - 2026-04-03 13:53:18 --> TypeError: json_decode(): Argument #1 ($json) must be of type string, array given
in APPPATH\Controllers\Achat\Achat.php on line 30.
 1 APPPATH\Controllers\Achat\Achat.php(30): json_decode([...], true)
 2 SYSTEMPATH\CodeIgniter.php(941): App\Controllers\Achat\Achat->save_achat()
 3 SYSTEMPATH\CodeIgniter.php(502): CodeIgniter\CodeIgniter->runController(Object(App\Controllers\Achat\Achat))
 4 SYSTEMPATH\CodeIgniter.php(361): CodeIgniter\CodeIgniter->handleRequest(null, Object(Config\Cache), false)
 5 FCPATH\index.php(79): CodeIgniter\CodeIgniter->run()
 6 SYSTEMPATH\Commands\Server\rewrite.php(47): require_once('C:\\xampp\\htdocs\\sa_maria\\public\\index.php')
INFO - 2026-04-03 13:53:29 --> Session: Class initialized using 'CodeIgniter\Session\Handlers\DatabaseHandler' driver.
CRITICAL - 2026-04-03 13:53:29 --> TypeError: json_decode(): Argument #1 ($json) must be of type string, array given
in APPPATH\Controllers\Achat\Achat.php on line 30.
 1 APPPATH\Controllers\Achat\Achat.php(30): json_decode([...], true)
 2 SYSTEMPATH\CodeIgniter.php(941): App\Controllers\Achat\Achat->save_achat()
 3 SYSTEMPATH\CodeIgniter.php(502): CodeIgniter\CodeIgniter->runController(Object(App\Controllers\Achat\Achat))
 4 SYSTEMPATH\CodeIgniter.php(361): CodeIgniter\CodeIgniter->handleRequest(null, Object(Config\Cache), false)
 5 FCPATH\index.php(79): CodeIgniter\CodeIgniter->run()
 6 SYSTEMPATH\Commands\Server\rewrite.php(47): require_once('C:\\xampp\\htdocs\\sa_maria\\public\\index.php')
INFO - 2026-04-03 13:55:59 --> Session: Class initialized using 'CodeIgniter\Session\Handlers\DatabaseHandler' driver.
INFO - 2026-04-03 13:56:03 --> Session: Class initialized using 'CodeIgniter\Session\Handlers\DatabaseHandler' driver.
CRITICAL - 2026-04-03 13:56:03 --> TypeError: json_decode(): Argument #1 ($json) must be of type string, array given
in APPPATH\Controllers\Achat\Achat.php on line 30.
 1 APPPATH\Controllers\Achat\Achat.php(30): json_decode([...], true)
 2 SYSTEMPATH\CodeIgniter.php(941): App\Controllers\Achat\Achat->save_achat()
 3 SYSTEMPATH\CodeIgniter.php(502): CodeIgniter\CodeIgniter->runController(Object(App\Controllers\Achat\Achat))
 4 SYSTEMPATH\CodeIgniter.php(361): CodeIgniter\CodeIgniter->handleRequest(null, Object(Config\Cache), false)
 5 FCPATH\index.php(79): CodeIgniter\CodeIgniter->run()
 6 SYSTEMPATH\Commands\Server\rewrite.php(47): require_once('C:\\xampp\\htdocs\\sa_maria\\public\\index.php')
INFO - 2026-04-03 13:56:30 --> Session: Class initialized using 'CodeIgniter\Session\Handlers\DatabaseHandler' driver.
CRITICAL - 2026-04-03 13:56:30 --> ErrorException: Undefined array key "id_produit"
in APPPATH\Controllers\Achat\Achat.php on line 34.
 1 APPPATH\Controllers\Achat\Achat.php(34): CodeIgniter\Debug\Exceptions->errorHandler(2, 'Undefined array key "id_produit"', 'C:\\xampp\\htdocs\\sa_maria\\app\\Controllers\\Achat\\Achat.php', 34)
 2 SYSTEMPATH\CodeIgniter.php(941): App\Controllers\Achat\Achat->save_achat()
 3 SYSTEMPATH\CodeIgniter.php(502): CodeIgniter\CodeIgniter->runController(Object(App\Controllers\Achat\Achat))
 4 SYSTEMPATH\CodeIgniter.php(361): CodeIgniter\CodeIgniter->handleRequest(null, Object(Config\Cache), false)
 5 FCPATH\index.php(79): CodeIgniter\CodeIgniter->run()
 6 SYSTEMPATH\Commands\Server\rewrite.php(47): require_once('C:\\xampp\\htdocs\\sa_maria\\public\\index.php')
INFO - 2026-04-03 13:58:06 --> Session: Class initialized using 'CodeIgniter\Session\Handlers\DatabaseHandler' driver.
CRITICAL - 2026-04-03 13:58:06 --> ErrorException: Undefined array key "qte_bouteilles"
in APPPATH\Controllers\Achat\Achat.php on line 35.
 1 APPPATH\Controllers\Achat\Achat.php(35): CodeIgniter\Debug\Exceptions->errorHandler(2, 'Undefined array key "qte_bouteilles"', 'C:\\xampp\\htdocs\\sa_maria\\app\\Controllers\\Achat\\Achat.php', 35)
 2 SYSTEMPATH\CodeIgniter.php(941): App\Controllers\Achat\Achat->save_achat()
 3 SYSTEMPATH\CodeIgniter.php(502): CodeIgniter\CodeIgniter->runController(Object(App\Controllers\Achat\Achat))
 4 SYSTEMPATH\CodeIgniter.php(361): CodeIgniter\CodeIgniter->handleRequest(null, Object(Config\Cache), false)
 5 FCPATH\index.php(79): CodeIgniter\CodeIgniter->run()
 6 SYSTEMPATH\Commands\Server\rewrite.php(47): require_once('C:\\xampp\\htdocs\\sa_maria\\public\\index.php')
INFO - 2026-04-03 13:58:49 --> Session: Class initialized using 'CodeIgniter\Session\Handlers\DatabaseHandler' driver.
INFO - 2026-04-03 13:58:53 --> Session: Class initialized using 'CodeIgniter\Session\Handlers\DatabaseHandler' driver.
CRITICAL - 2026-04-03 13:58:53 --> ErrorException: Undefined array key "qte_bouteilles"
in APPPATH\Controllers\Achat\Achat.php on line 35.
 1 APPPATH\Controllers\Achat\Achat.php(35): CodeIgniter\Debug\Exceptions->errorHandler(2, 'Undefined array key "qte_bouteilles"', 'C:\\xampp\\htdocs\\sa_maria\\app\\Controllers\\Achat\\Achat.php', 35)
 2 SYSTEMPATH\CodeIgniter.php(941): App\Controllers\Achat\Achat->save_achat()
 3 SYSTEMPATH\CodeIgniter.php(502): CodeIgniter\CodeIgniter->runController(Object(App\Controllers\Achat\Achat))
 4 SYSTEMPATH\CodeIgniter.php(361): CodeIgniter\CodeIgniter->handleRequest(null, Object(Config\Cache), false)
 5 FCPATH\index.php(79): CodeIgniter\CodeIgniter->run()
 6 SYSTEMPATH\Commands\Server\rewrite.php(47): require_once('C:\\xampp\\htdocs\\sa_maria\\public\\index.php')
INFO - 2026-04-03 14:00:06 --> Session: Class initialized using 'CodeIgniter\Session\Handlers\DatabaseHandler' driver.
CRITICAL - 2026-04-03 14:00:06 --> ErrorException: Undefined array key "id_fournisseur"
in APPPATH\Controllers\Achat\Achat.php on line 40.
 1 APPPATH\Controllers\Achat\Achat.php(40): CodeIgniter\Debug\Exceptions->errorHandler(2, 'Undefined array key "id_fournisseur"', 'C:\\xampp\\htdocs\\sa_maria\\app\\Controllers\\Achat\\Achat.php', 40)
 2 SYSTEMPATH\CodeIgniter.php(941): App\Controllers\Achat\Achat->save_achat()
 3 SYSTEMPATH\CodeIgniter.php(502): CodeIgniter\CodeIgniter->runController(Object(App\Controllers\Achat\Achat))
 4 SYSTEMPATH\CodeIgniter.php(361): CodeIgniter\CodeIgniter->handleRequest(null, Object(Config\Cache), false)
 5 FCPATH\index.php(79): CodeIgniter\CodeIgniter->run()
 6 SYSTEMPATH\Commands\Server\rewrite.php(47): require_once('C:\\xampp\\htdocs\\sa_maria\\public\\index.php')
INFO - 2026-04-03 14:00:25 --> Session: Class initialized using 'CodeIgniter\Session\Handlers\DatabaseHandler' driver.
CRITICAL - 2026-04-03 14:00:25 --> ErrorException: Undefined array key "id_fournisseur"
in APPPATH\Controllers\Achat\Achat.php on line 40.
 1 APPPATH\Controllers\Achat\Achat.php(40): CodeIgniter\Debug\Exceptions->errorHandler(2, 'Undefined array key "id_fournisseur"', 'C:\\xampp\\htdocs\\sa_maria\\app\\Controllers\\Achat\\Achat.php', 40)
 2 SYSTEMPATH\CodeIgniter.php(941): App\Controllers\Achat\Achat->save_achat()
 3 SYSTEMPATH\CodeIgniter.php(502): CodeIgniter\CodeIgniter->runController(Object(App\Controllers\Achat\Achat))
 4 SYSTEMPATH\CodeIgniter.php(361): CodeIgniter\CodeIgniter->handleRequest(null, Object(Config\Cache), false)
 5 FCPATH\index.php(79): CodeIgniter\CodeIgniter->run()
 6 SYSTEMPATH\Commands\Server\rewrite.php(47): require_once('C:\\xampp\\htdocs\\sa_maria\\public\\index.php')
